2015 213  0   6.8   3.1 30
2015 213  1   7.0   2.6 30
2015 213  2   7.0   2.5 30
2015 213  3   7.0   2.7 17
2015 213  4   6.8   2.8 17
2015 213  5   6.8   2.9 17
2015 213  6   6.9   2.8 13
2015 213  7   6.8   2.9 13
2015 213  8   6.7   2.9 13
2015 213  9   6.6   2.9 20
2015 213 10   6.2   3.1 20
2015 213 11   6.3   3.1 20
2015 213 12   6.4   3.4 17
2015 213 13   6.3   3.3 17
2015 213 14   5.9   3.4 17
2015 213 15   6.0   3.3 27
2015 213 16   6.1   3.3 27
2015 213 17   6.0   3.2 27
2015 213 18   6.0   2.9 23
2015 213 19   5.9   2.8 23
2015 213 20   5.9   3.1 23
2015 213 21   5.9   2.8 23
2015 213 22   5.8   2.9 23
2015 213 23   5.8   3.0 23
2015 214  0   5.7   2.6 33
2015 214  1   6.6   2.3 33
2015 214  2   6.6   2.5 33
2015 214  3   6.5   2.5 23
2015 214  4   6.2   2.5 23
2015 214  5   6.0   2.4 23
2015 214  6   5.8   2.1 23
2015 214  7   5.9   2.4 23
2015 214  8   4.8   2.8 23
2015 214  9   4.3   2.5 13
2015 214 10   4.9   2.4 13
2015 214 11   4.3   2.4 13
2015 214 12   4.5   2.5 30
2015 214 13   4.7   2.4 30
2015 214 14   4.2   2.3 30
2015 214 15   4.4   2.4 27
2015 214 16   4.6   2.2 27
2015 214 17   4.2   2.4 27
2015 214 18   4.3   2.3 13
2015 214 19   4.1   2.3 13
2015 214 20   4.1   2.2 13
2015 214 21   4.5   2.3 20
2015 214 22   4.4   2.1 20
2015 214 23   4.5   2.1 20
2015 215  0   4.6   2.1 20
2015 215  1   4.5   2.2 20
2015 215  2   3.5   2.6 20
2015 215  3   3.8   2.9 27
2015 215  4   4.5   2.8 27
2015 215  5   4.0   3.0 27
2015 215  6   3.7   3.0 17
2015 215  7   4.2   3.2 17
2015 215  8   4.1   3.2 17
2015 215  9   4.6   3.1 10
2015 215 10   4.5   2.9 10
2015 215 11   4.8   3.0 10
2015 215 12   4.9   2.7 17
2015 215 13   5.1   2.0 17
2015 215 14   4.9   1.7 17
2015 215 15   4.8   1.8 10
2015 215 16   4.7   1.7 10
2015 215 17   5.0   1.7 10
2015 215 18   4.3   2.3 13
2015 215 19   4.2   3.0 13
2015 215 20   4.7   3.3 13
2015 215 21   4.5   3.5 13
2015 215 22   4.4   3.6 13
2015 215 23   4.8   3.7 13
2015 216  0   4.8   3.5 17
2015 216  1   4.9   3.5 17
2015 216  2   4.7   3.7 17
2015 216  3   4.3   3.8 20
2015 216  4   4.3   3.6 20
2015 216  5   4.4   3.5 20
2015 216  6   4.3   3.2 13
2015 216  7   4.4   2.8 13
2015 216  8   3.9   3.3 13
2015 216  9   4.5   3.6 10
2015 216 10   4.7   3.8 10
2015 216 11   4.6   4.0 10
2015 216 12   4.9   4.2 13
2015 216 13   5.2   4.3 13
2015 216 14   5.4   4.0 13
2015 216 15   5.0   4.1 10
2015 216 16   5.1   4.1 10
2015 216 17   5.2   4.2 10
2015 216 18   5.0   4.3 13
2015 216 19   4.8   4.4 13
2015 216 20   5.2   4.1 13
2015 216 21   5.2   4.2 27
2015 216 22   5.4   4.1 27
2015 216 23   5.3   4.1 27
2015 217  0   5.3   3.7 13
2015 217  1   4.9   4.4 13
2015 217  2   4.9   4.6 13
2015 217  3   4.7   4.8  7
2015 217  4   4.9   4.6  7
2015 217  5   5.0   4.0  7
2015 217  6   5.0   3.9  3
2015 217  7   4.9   4.0  3
2015 217  8   4.9   4.1  3
2015 217  9   4.4   4.1  7
2015 217 10   4.7   4.3  7
2015 217 11   4.8   4.3  7
2015 217 12   4.5   4.4 13
2015 217 13   4.7   4.6 13
2015 217 14   4.9   4.9 13
2015 217 15   4.9   4.9 13
2015 217 16   4.6   4.9 13
2015 217 17   4.7   4.8 13
2015 217 18   4.6   4.7 13
2015 217 19   5.1   4.5 13
2015 217 20   5.2   4.6 13
2015 217 21   5.4   4.6 23
2015 217 22   5.3   5.2 23
2015 217 23   5.5   5.2 23
2015 218  0   5.9   6.0 20
2015 218  1   6.6   6.1 20
2015 218  2   7.0   6.8 20
2015 218  3   7.6   7.7 10
2015 218  4   7.7   8.2 10
2015 218  5   8.6   8.0 10
2015 218  6   9.6   9.4 23
2015 218  7  11.1   6.7 23
2015 218  8  11.7   4.0 23
2015 218  9  12.0   2.7 33
2015 218 10  12.0   2.9 33
2015 218 11  11.3   2.8 33
2015 218 12  10.7   2.6 30
2015 218 13  10.3   2.9 30
2015 218 14  10.1   3.6 30
2015 218 15   8.9   3.4 23
2015 218 16   9.0   3.1 23
2015 218 17   8.7   2.9 23
2015 218 18   8.9   4.3 23
2015 218 19   9.0   4.9 23
2015 218 20   8.3   5.2 23
2015 218 21   8.4   5.5 27
2015 218 22   8.6   4.9 27
2015 218 23   7.9   4.3 27
2015 219  0   7.3   3.3 27
2015 219  1   6.7   3.1 27
2015 219  2   7.1   3.0 27
2015 219  3   7.4   3.3 20
2015 219  4   6.7   4.4 20
2015 219  5   6.2   4.7 20
2015 219  6   7.7   6.7 43
2015 219  7   8.7   7.9 43
2015 219  8   8.7   6.6 43
2015 219  9   8.0   6.1 23
2015 219 10   7.6   6.4 23
2015 219 11   8.1   5.6 23
2015 219 12   8.5   5.5 50
2015 219 13   8.0   5.6 50
2015 219 14   7.5   5.6 50
2015 219 15   7.8   5.5 40
2015 219 16   8.5   6.9 40
2015 219 17   9.2   8.5 40
2015 219 18   9.8   6.9 17
2015 219 19   9.6   6.7 17
2015 219 20   9.7   5.9 17
2015 219 21   9.0   4.4 13
2015 219 22   8.3   3.4 13
2015 219 23   8.3   4.1 13
2015 220  0   8.2   4.2 17
2015 220  1   8.2   4.1 17
2015 220  2   8.3   4.1 17
2015 220  3   8.6   4.5 20
2015 220  4   8.8   4.7 20
2015 220  5   9.0   4.8 20
2015 220  6   9.2   5.2 27
2015 220  7   9.9   5.5 27
2015 220  8  10.2   5.2 27
2015 220  9  10.7   4.7 27
2015 220 10  10.4   4.7 27
2015 220 11  10.3   4.8 27
2015 220 12   8.8   4.5 30
2015 220 13   8.1   3.9 30
2015 220 14   7.1   5.2 30
2015 220 15   6.6   5.4 20
2015 220 16   6.1   5.6 20
2015 220 17   6.5   5.8 20
2015 220 18   6.2   5.6 27
2015 220 19   6.8   6.4 27
2015 220 20   5.3   6.6 27
2015 220 21   6.2   5.3 27
2015 220 22   6.0   6.0 27
2015 220 23   6.1   6.5 27
2015 221  0   6.0   6.1 13
2015 221  1   6.1   5.8 13
2015 221  2   5.5   6.4 13
2015 221  3   5.8   6.6 23
2015 221  4   5.8   6.4 23
2015 221  5   7.4   4.3 23
2015 221  6   6.3   5.0 23
2015 221  7   5.6   5.4 23
2015 221  8   5.4   5.1 23
2015 221  9   5.5   4.9 33
2015 221 10   5.6   5.0 33
2015 221 11   4.7   5.7 33
2015 221 12   5.6   5.0 20
2015 221 13   4.3   5.5 20
2015 221 14   4.6   5.8 20
2015 221 15   5.3   5.5 23
2015 221 16   4.9   5.6 23
2015 221 17   5.3   5.1 23
2015 221 18   5.0   5.0 20
2015 221 19   5.0   4.9 20
2015 221 20   5.2   5.1 20
2015 221 21   5.0   5.7 30
2015 221 22   4.8   5.7 30
2015 221 23   4.5   5.5 30
2015 222  0   4.2   5.7 27
2015 222  1   3.9   5.1 27
2015 222  2   3.9   4.7 27
2015 222  3   4.3   4.6 27
2015 222  4   4.0   4.8 27
2015 222  5   4.5   4.8 27
2015 222  6   4.3   5.0 23
2015 222  7   4.7   4.9 23
2015 222  8   3.9   5.0 23
2015 222  9   3.8   5.0 20
2015 222 10   3.6   5.0 20
2015 222 11   4.2   4.9 20
2015 222 12   5.1   5.5 17
2015 222 13   4.5   5.3 17
2015 222 14   4.5   5.2 17
2015 222 15   4.7   5.5 17
2015 222 16   4.7   6.3 17
2015 222 17   5.0   6.8 17
2015 222 18   5.0   6.9 23
2015 222 19   4.9   6.2 23
2015 222 20   5.0   6.4 23
2015 222 21   4.8   6.7 13
2015 222 22   5.2   7.0 13
2015 222 23   5.1   7.2 13
2015 223  0   5.8   7.1 27
2015 223  1   6.9   5.6 27
2015 223  2   7.8   2.7 27
2015 223  3   7.3   2.9 23
2015 223  4   5.8   3.4 23
2015 223  5   5.5   3.4 23
2015 223  6   6.1   3.6 20
2015 223  7   6.9   2.8 20
2015 223  8   7.3   2.2 20
2015 223  9   7.0   2.1 17
2015 223 10   6.9   1.9 17
2015 223 11   6.1   2.3 17
2015 223 12   5.8   2.2 10
2015 223 13   4.7   2.7 10
2015 223 14   4.0   2.8 10
2015 223 15   4.2   3.3 13
2015 223 16   4.1   3.7 13
2015 223 17   4.0   4.1 13
2015 223 18   4.2   4.4  7
2015 223 19   3.4   4.7  7
2015 223 20   4.3   4.6  7
2015 223 21   4.6   5.0 23
2015 223 22   4.6   6.1 23
2015 223 23   5.9   5.7 23
2015 224  0   5.7   7.3 20
2015 224  1   5.6   8.4 20
2015 224  2   6.0   8.9 20
2015 224  3   6.6   7.9 20
2015 224  4   7.2   9.5 20
2015 224  5   6.7   8.3 20
2015 224  6   6.2   7.5 27
2015 224  7   7.3   7.4 27
2015 224  8   8.2   6.7 27
2015 224  9   8.0   6.1 10
2015 224 10   8.2   4.9 10
2015 224 11   7.8   4.8 10
2015 224 12   7.8   5.1 23
2015 224 13   7.4   5.4 23
2015 224 14   7.6   5.4 23
2015 224 15   7.5   5.0 30
2015 224 16   7.5   4.2 30
2015 224 17   7.8   4.6 30
2015 224 18   7.8   4.3 27
2015 224 19   7.9   4.7 27
2015 224 20   7.9   4.8 27
2015 224 21   6.2   7.1 33
2015 224 22   7.5   5.2 33
2015 224 23   7.5   4.5 33
2015 225  0   6.7   5.9 30
2015 225  1   5.4   7.4 30
2015 225  2   5.1   5.9 30
2015 225  3   4.4   5.9 43
2015 225  4   3.6   5.9 43
2015 225  5   4.4   5.5 43
2015 225  6   5.3   4.5 20
2015 225  7   5.6   4.2 20
2015 225  8   6.2   4.5 20
2015 225  9   6.9   4.5 17
2015 225 10   6.2   5.5 17
2015 225 11   6.1   6.7 17
2015 225 12   6.2   7.3 23
2015 225 13   6.7   6.7 23
2015 225 14   5.7   6.3 23
2015 225 15   5.5   6.5 13
2015 225 16   5.9   5.6 13
2015 225 17   6.0   5.4 13
2015 225 18   5.9   5.9 10
2015 225 19   7.1   3.7 10
2015 225 20   6.7   5.1 10
2015 225 21   7.0   4.3 10
2015 225 22   7.4   4.3 10
2015 225 23   7.7   5.0 10
2015 226  0   8.2   5.5  0
2015 226  1   8.4   6.0  0
2015 226  2   8.6   5.7  0
2015 226  3   8.1   6.2  3
2015 226  4   8.2   5.7  3
2015 226  5   8.7   5.3  3
2015 226  6   8.9   5.9  0
2015 226  7   9.0   6.1  0
2015 226  8   8.6   6.1  0
2015 226  9   8.7   6.2  7
2015 226 10   8.4   5.8  7
2015 226 11   8.3   5.7  7
2015 226 12   8.0   5.5  7
2015 226 13   8.0   5.4  7
2015 226 14   8.8   5.6  7
2015 226 15  10.4   4.6  7
2015 226 16  10.5   4.5  7
2015 226 17   9.9   4.3  7
2015 226 18   9.2   5.0  7
2015 226 19   9.5   5.6  7
2015 226 20   9.9   6.2  7
2015 226 21  10.3   7.1 10
2015 226 22   9.6   7.8 10
2015 226 23   9.3   7.5 10
2015 227  0   9.5   8.0 23
2015 227  1   9.2   8.4 23
2015 227  2   9.8   8.0 23
2015 227  3   9.5   8.8 17
2015 227  4  10.7   7.3 17
2015 227  5  10.9   7.3 17
2015 227  6  10.4  10.1 33
2015 227  7  10.8   8.4 33
2015 227  8  12.5  13.5 33
2015 227  9  21.7  21.7 60
2015 227 10  19.2  24.8 60
2015 227 11  19.4  25.6 60
2015 227 12  17.9  30.7 60
2015 227 13  16.1  34.2 60
2015 227 14  15.8  24.1 60
2015 227 15  16.4  10.6 47
2015 227 16  11.3  13.1 47
2015 227 17  11.2  13.2 47
2015 227 18  13.2  11.0 33
2015 227 19  11.9  11.3 33
2015 227 20  10.5  10.2 33
2015 227 21   9.8   9.0 43
2015 227 22  11.1   7.6 43
2015 227 23  12.8   7.2 43
2015 228  0  11.9   6.8 53
2015 228  1  11.5   6.8 53
2015 228  2  12.0   8.2 53
2015 228  3  12.0   4.6 47
2015 228  4  11.4   3.6 47
2015 228  5  10.2   4.1 47
2015 228  6  10.1   4.8 57
2015 228  7  10.4   4.3 57
2015 228  8   9.9   4.5 57
2015 228  9  10.0   5.3 33
2015 228 10   8.9   6.2 33
2015 228 11   8.4   7.0 33
2015 228 12   9.3   7.3 27
2015 228 13   6.5   8.1 27
2015 228 14   8.6   7.3 27
2015 228 15   9.7   7.3 37
2015 228 16  10.1   7.7 37
2015 228 17   9.9   7.9 37
2015 228 18   9.6   8.0 37
2015 228 19   9.5   8.0 37
2015 228 20   7.8   6.5 37
2015 228 21   5.9   4.0 37
2015 228 22   5.8   3.6 37
2015 228 23   5.8   3.6 37
2015 229  0   5.5   3.6 33
2015 229  1   5.5   3.8 33
2015 229  2   6.2   3.9 33
2015 229  3   6.2   3.7 40
2015 229  4   6.3   4.3 40
2015 229  5   6.1   4.3 40
2015 229  6   6.2   4.7 43
2015 229  7   6.8   5.0 43
2015 229  8   6.3   5.0 43
2015 229  9   6.4   5.4 37
2015 229 10   6.9   4.6 37
2015 229 11   6.1   4.9 37
2015 229 12   4.6   5.2 40
2015 229 13   5.6   4.9 40
2015 229 14   5.5   4.9 40
2015 229 15   5.3   4.6 37
2015 229 16   4.7   3.9 37
2015 229 17   4.2   2.8 37
2015 229 18   4.2   2.8 37
2015 229 19   4.2   2.9 37
2015 229 20   4.4   2.9 37
2015 229 21   4.0   2.4 23
2015 229 22   4.1   2.5 23
2015 229 23   4.3   2.3 23
2015 230  0   4.0   2.4 30
2015 230  1   4.0   2.3 30
2015 230  2   3.9   2.0 30
2015 230  3   3.6   2.1 27
2015 230  4   3.5   2.2 27
2015 230  5   3.7   2.2 27
2015 230  6   3.6   2.3 23
2015 230  7   3.5   2.0 23
2015 230  8   3.5   2.1 23
2015 230  9   3.4   2.2 13
2015 230 10   3.1   2.1 13
2015 230 11   3.2   2.1 13
2015 230 12   3.1   2.2  7
2015 230 13   3.6   2.3  7
2015 230 14   3.1   3.0  7
2015 230 15   3.5   3.3 17
2015 230 16   4.1   3.6 17
2015 230 17   4.3   3.9 17
2015 230 18   4.1   4.0 10
2015 230 19   3.7   4.7 10
2015 230 20   4.0   4.9 10
2015 230 21   5.4   4.8 23
2015 230 22   5.7   4.6 23
2015 230 23   6.4   4.0 23
2015 231  0   7.0   4.4 37
2015 231  1   6.8   4.7 37
2015 231  2   7.4   4.4 37
2015 231  3   8.3   3.4 40
2015 231  4   8.4   3.5 40
2015 231  5   7.7   4.3 40
2015 231  6   7.6   5.1 33
2015 231  7   7.7   5.1 33
2015 231  8   7.6   5.1 33
2015 231  9   7.4   4.9 27
2015 231 10   7.6   5.0 27
2015 231 11   8.0   4.3 27
2015 231 12   8.5   4.4 37
2015 231 13   8.8   4.6 37
2015 231 14   8.6   4.6 37
2015 231 15   8.4   4.4 33
2015 231 16   7.8   4.8 33
2015 231 17   7.1   4.8 33
2015 231 18   6.5   4.7 27
2015 231 19   6.9   4.7 27
2015 231 20   6.5   4.5 27
2015 231 21   6.4   4.9 23
2015 231 22   6.1   4.5 23
2015 231 23   6.3   4.3 23
2015 232  0   6.3   3.9 27
2015 232  1   6.3   3.4 27
2015 232  2   6.3   3.8 27
2015 232  3   6.9   4.2 27
2015 232  4   6.8   4.0 27
2015 232  5   6.8   4.0 27
2015 232  6   6.5   4.0 20
2015 232  7   6.5   3.9 20
2015 232  8   6.7   4.0 20
2015 232  9   6.6   4.4 23
2015 232 10   7.0   3.7 23
2015 232 11   7.2   4.4 23
2015 232 12   7.5   4.4 33
2015 232 13   7.3   4.0 33
2015 232 14   7.4   3.9 33
2015 232 15   7.3   3.7 23
2015 232 16   7.3   4.3 23
2015 232 17   7.1   4.2 23
2015 232 18   6.5   4.7 27
2015 232 19   6.2   4.6 27
2015 232 20   5.9   4.4 27
2015 232 21   6.1   4.1 27
2015 232 22   5.9   4.4 27
2015 232 23   6.3   3.3 27
2015 233  0   5.8   3.1 10
2015 233  1   5.6   3.3 10
2015 233  2   5.0   3.0 10
2015 233  3   5.0   2.9 13
2015 233  4   5.2   2.7 13
2015 233  5   5.2   3.0 13
2015 233  6   5.1   2.8 17
2015 233  7   5.0   2.7 17
2015 233  8   4.8   2.7 17
2015 233  9   4.7   2.9 10
2015 233 10   4.9   3.2 10
2015 233 11   4.8   3.1 10
2015 233 12   5.0   3.2 23
2015 233 13   4.9   2.8 23
2015 233 14   4.6   2.7 23
2015 233 15   4.8   3.1 10
2015 233 16   5.2   3.3 10
2015 233 17   4.9   3.3 10
2015 233 18   4.9   3.0 13
2015 233 19   5.1   3.2 13
2015 233 20   5.0   3.6 13
2015 233 21   5.3   3.8 10
2015 233 22   5.5   3.7 10
2015 233 23   5.7   4.2 10
2015 234  0   6.1   4.0 17
2015 234  1   6.4   3.6 17
2015 234  2   6.6   3.4 17
2015 234  3   6.9   3.3  7
2015 234  4   6.9   4.1  7
2015 234  5   7.0   3.9  7
2015 234  6   7.3   4.9 10
2015 234  7   6.3   5.9 10
2015 234  8   6.4   7.1 10
2015 234  9   7.2   7.9 23
2015 234 10   7.6   8.7 23
2015 234 11   8.6  11.1 23
2015 234 12  10.3   8.3 33
2015 234 13   9.3   5.3 33
2015 234 14   7.9   5.9 33
2015 234 15   4.9   6.0 23
2015 234 16   4.4   5.0 23
2015 234 17   3.8   4.7 23
2015 234 18   4.6   5.0 20
2015 234 19   4.9   4.6 20
2015 234 20   6.8   4.2 20
2015 234 21   6.5   7.1 23
2015 234 22   6.9  11.6 23
2015 234 23   8.5  12.5 23
2015 235  0   8.4  13.2 30
2015 235  1   8.2  12.9 30
2015 235  2   9.1  14.1 30
2015 235  3  10.4  15.6 27
2015 235  4   9.6  19.1 27
2015 235  5  12.9  23.8 27
2015 235  6  12.0  22.3 53
2015 235  7  12.9  22.1 53
2015 235  8  13.2  15.3 53
2015 235  9  12.7   8.9 47
2015 235 10  13.0   8.6 47
2015 235 11  10.2   8.5 47
2015 235 12   9.8   8.5 47
2015 235 13   9.2   7.0 47
2015 235 14   6.2   3.9 47
2015 235 15   5.3   3.3 27
2015 235 16   4.7   2.6 27
2015 235 17   4.5   2.6 27
2015 235 18   3.9   2.6 37
2015 235 19   4.2   2.6 37
2015 235 20   4.1   2.7 37
2015 235 21   4.4   2.6 23
2015 235 22   3.9   2.3 23
2015 235 23   4.0   2.2 23
2015 236  0   4.0   2.4 30
2015 236  1   3.8   2.1 30
2015 236  2   4.0   2.2 30
2015 236  3   4.1   2.3 17
2015 236  4   3.9   2.5 17
2015 236  5   3.8   2.5 17
2015 236  6   3.7   2.5 17
2015 236  7   3.6   2.8 17
2015 236  8   3.5   3.1 17
2015 236  9   3.4   3.3 17
2015 236 10   3.9   3.1 17
2015 236 11   3.9   3.5 17
2015 236 12   3.8   3.5 17
2015 236 13   3.7   3.4 17
2015 236 14   4.0   3.6 17
2015 236 15   3.9   3.5 10
2015 236 16   4.0   3.7 10
2015 236 17   4.2   3.8 10
2015 236 18   4.4   4.2 17
2015 236 19   4.1   4.3 17
2015 236 20   4.3   4.3 17
2015 236 21   4.4   3.8  7
2015 236 22   4.0   4.4  7
2015 236 23   4.1   4.1  7
2015 237  0   3.9   4.6 20
2015 237  1   3.9   4.5 20
2015 237  2   4.2   4.6 20
2015 237  3   4.1   4.3 23
2015 237  4   4.3   4.6 23
2015 237  5   4.7   4.7 23
2015 237  6   5.0   5.0 20
2015 237  7   4.5   4.9 20
2015 237  8   4.7   5.0 20
2015 237  9   5.3   4.8 17
2015 237 10   5.2   4.6 17
2015 237 11   5.1   4.1 17
2015 237 12   4.7   4.3 10
2015 237 13   4.4   4.3 10
2015 237 14   4.2   4.5 10
2015 237 15   4.2   4.6 17
2015 237 16   4.8   5.2 17
2015 237 17   5.5   5.6 17
2015 237 18   5.6   6.0 27
2015 237 19   5.2   6.4 27
2015 237 20   5.0   6.9 27
2015 237 21   4.8   6.8 23
2015 237 22   5.5   7.2 23
2015 237 23   6.6   7.4 23
2015 238  0   7.0   7.5 30
2015 238  1   6.8   8.2 30
2015 238  2   7.5   8.6 30
2015 238  3   8.4   8.8 33
2015 238  4   8.5  10.6 33
2015 238  5   7.7  14.5 33
2015 238  6   7.6  17.3 30
2015 238  7   7.5  17.8 30
2015 238  8   7.2  20.7 30
2015 238  9   6.7  23.6 40
2015 238 10   9.6   8.3 40
2015 238 11   9.2  10.4 40
2015 238 12   9.0   9.4 40
2015 238 13   9.1   8.1 40
2015 238 14   8.8   7.5 40
2015 238 15   8.8   6.4 47
2015 238 16   8.4   8.7 47
2015 238 17   8.7   9.7 47
2015 238 18   9.4   7.4 47
2015 238 19   9.5   7.3 47
2015 238 20   9.2   9.4 47
2015 238 21   9.6  10.4 47
2015 238 22  10.2   8.3 47
2015 238 23  10.3   8.6 47
2015 239  0  10.5   8.6 47
2015 239  1  10.8   8.5 47
2015 239  2  11.0   9.2 47
2015 239  3  11.4  10.5 63
2015 239  4  13.2  13.6 63
2015 239  5  10.4  18.1 63
2015 239  6  10.0  16.5 57
2015 239  7  10.6  11.4 57
2015 239  8  11.1   8.2 57
2015 239  9  10.8   8.5 40
2015 239 10  10.6  11.7 40
2015 239 11  11.0  11.1 40
2015 239 12  11.6  10.1 40
2015 239 13  11.8   8.1 40
2015 239 14  11.8   8.0 40
2015 239 15  10.9  13.4 47
2015 239 16  11.2  14.0 47
2015 239 17  11.0  10.6 47
2015 239 18  11.2  12.8 40
2015 239 19  12.1   9.1 40
2015 239 20  11.8  10.8 40
2015 239 21  12.7   9.4 63
2015 239 22  13.3  16.8 63
2015 239 23  13.4  14.8 63
2015 240  0  13.7  11.5 53
2015 240  1  14.2  10.2 53
2015 240  2  13.9  11.7 53
2015 240  3  14.0  11.9 47
2015 240  4  13.8  11.2 47
2015 240  5  13.0  10.9 47
2015 240  6  12.6  12.6 30
2015 240  7  12.4  13.2 30
2015 240  8  11.9  15.6 30
2015 240  9  12.2  13.5 30
2015 240 10  13.4  12.6 30
2015 240 11  13.6  15.1 30
2015 240 12  13.0  14.5 50
2015 240 13  12.0  22.9 50
2015 240 14  11.5  32.1 50
2015 240 15  14.9   8.5 53
2015 240 16  14.9  10.4 53
2015 240 17  15.4  11.7 53
2015 240 18  16.3  10.7 57
2015 240 19  14.6  10.4 57
2015 240 20  11.3  14.0 57
2015 240 21  13.8  13.4 40
2015 240 22  11.7  13.4 40
2015 240 23   9.9  14.3 40
2015 241  0   8.9  13.3 43
2015 241  1  11.1  12.1 43
2015 241  2  10.0  12.2 43
2015 241  3   8.6  11.5 27
2015 241  4   8.4  10.6 27
2015 241  5   8.5   9.9 27
2015 241  6   8.4   9.5 20
2015 241  7   7.9   8.8 20
2015 241  8   6.6   8.9 20
2015 241  9   7.1   7.9 33
2015 241 10   7.1   7.8 33
2015 241 11   7.9   6.8 33
2015 241 12   7.7   6.6 17
2015 241 13   6.7   7.0 17
2015 241 14   7.0   6.8 17
2015 241 15   6.9   7.1 27
2015 241 16   6.8   6.8 27
2015 241 17   6.2   6.6 27
2015 241 18   6.5   5.9 27
2015 241 19   6.5   5.6 27
2015 241 20   6.3   5.5 27
2015 241 21   6.3   5.9 20
2015 241 22   6.6   5.5 20
2015 241 23   7.1   5.5 20
2015 242  0   6.6   5.4 17
2015 242  1   6.2   4.8 17
2015 242  2   6.0   4.7 17
2015 242  3   5.7   4.6  7
2015 242  4   5.6   4.4  7
2015 242  5   6.1   3.9  7
2015 242  6   6.3   3.6 10
2015 242  7   6.1   3.5 10
2015 242  8   6.0   3.8 10
2015 242  9   6.2   3.7  7
2015 242 10   6.0   3.0  7
2015 242 11   5.7   2.8  7
2015 242 12   5.3   3.2  3
2015 242 13   5.5   3.7  3
2015 242 14   5.0   3.7  3
2015 242 15   5.3   4.0  7
2015 242 16   5.1   3.6  7
2015 242 17   5.1   3.7  7
2015 242 18   5.0   3.7 10
2015 242 19   5.0   3.9 10
2015 242 20   5.5   4.1 10
2015 242 21   5.4   3.7 13
2015 242 22   5.2   3.7 13
2015 242 23   5.9   4.1 13
2015 243  0   6.1   4.2 13
2015 243  1   5.9   4.2 13
2015 243  2   5.6   3.7 13
2015 243  3   5.7   3.6 10
2015 243  4   5.5   3.7 10
2015 243  5   5.4   4.0 10
2015 243  6   5.2   3.7  3
2015 243  7   4.8   3.3  3
2015 243  8   5.0   3.7  3
2015 243  9   5.2   3.9  7
2015 243 10   5.2   4.3  7
2015 243 11   4.6   3.9  7
2015 243 12   5.0   4.0  7
2015 243 13   4.8   4.0  7
2015 243 14   4.8   4.3  7
2015 243 15   4.7   4.8 10
2015 243 16   5.3   4.3 10
2015 243 17   5.1   4.2 10
2015 243 18   5.4   4.1 17
2015 243 19   4.8   4.6 17
2015 243 20   4.6   4.4 17
2015 243 21   4.8   4.7 17
2015 243 22   4.8   5.0 17
2015 243 23   5.2   5.6 17
2015 244  0   4.7   5.5 17
2015 244  1   5.1   5.7 17
2015 244  2   5.6   6.2 17
2015 244  3   5.5   6.0 10
2015 244  4   5.4   6.0 10
2015 244  5   5.4   6.4 10
2015 244  6   5.2   6.6  7
2015 244  7   5.2   6.4  7
2015 244  8   5.1   6.4  7
2015 244  9   5.2   6.2 13
2015 244 10   5.1   6.2 13
2015 244 11   4.9   6.0 13
2015 244 12   5.5   5.8 10
2015 244 13   5.9   5.3 10
2015 244 14   5.7   5.4 10
2015 244 15   5.5   5.7  7
2015 244 16   5.8   6.3  7
2015 244 17   6.5   6.9  7
2015 244 18   5.6   7.2 10
2015 244 19   5.8   7.3 10
2015 244 20   6.1   6.4 10
2015 244 21   6.1   6.5 17
2015 244 22   6.1   7.3 17
2015 244 23   6.5   6.5 17
2015 245  0   6.8   6.7 20
2015 245  1   7.3   7.0 20
2015 245  2   9.2   9.1 20
2015 245  3   9.3   9.9 13
2015 245  4   8.7   9.8 13
2015 245  5   7.9   7.2 13
2015 245  6   7.3   6.4  7
2015 245  7   7.6   6.2  7
2015 245  8   7.9   5.2  7
2015 245  9   7.4   5.5  3
2015 245 10   6.5   7.3  3
2015 245 11   5.8   9.3  3
2015 245 12   5.4   9.5 17
2015 245 13   4.7  10.7 17
2015 245 14   5.9   8.3 17
2015 245 15   5.8  11.0 23
2015 245 16   4.4  16.3 23
2015 245 17   5.7  17.6 23
2015 245 18   8.0   4.7 30
2015 245 19   7.7   4.3 30
2015 245 20   7.9   4.9 30
2015 245 21   7.8   4.9 23
2015 245 22   7.9   4.9 23
2015 245 23   7.7   4.9 23
2015 246  0   7.2   4.2 20
2015 246  1   7.3   4.5 20
2015 246  2   7.1   5.2 20
2015 246  3   6.9   5.1 27
2015 246  4   6.7   6.2 27
2015 246  5   6.8   5.4 27
2015 246  6   6.3   5.1 13
2015 246  7   6.6   5.6 13
2015 246  8   6.3   5.0 13
2015 246  9   5.7   4.5 10
2015 246 10   5.0   5.4 10
2015 246 11   4.7   5.9 10
2015 246 12   7.0   4.8 10
2015 246 13   5.9   6.6 10
2015 246 14   5.5  10.5 10
2015 246 15   6.7  11.4 17
2015 246 16   7.1  13.3 17
2015 246 17   7.6  12.5 17
2015 246 18   9.5   9.8 17
2015 246 19  12.4   8.2 17
2015 246 20  13.9   6.7 17
2015 246 21  11.0  12.2 33
2015 246 22  10.5  10.4 33
2015 246 23  11.3   9.4 33
2015 247  0  11.1  12.4 43
2015 247  1  10.4  11.6 43
2015 247  2  11.1   6.5 43
2015 247  3   9.7   5.3 40
2015 247  4   9.2   5.1 40
2015 247  5   9.0   5.3 40
2015 247  6  10.4   6.0 43
2015 247  7  10.4   5.5 43
2015 247  8  10.5   6.5 43
2015 247  9   9.7   8.2 33
2015 247 10   9.9   8.4 33
2015 247 11  10.4   8.2 33
2015 247 12  12.2   8.0 33
2015 247 13  11.4   6.2 33
2015 247 14  11.4   6.3 33
2015 247 15  10.2   6.1 23
2015 247 16   7.6   4.8 23
2015 247 17   6.7   4.5 23
2015 247 18   6.7   4.3 23
2015 247 19   6.0   4.0 23
2015 247 20   5.6   3.9 23
2015 247 21   5.9   4.1 27
2015 247 22   6.4   4.2 27
2015 247 23   6.3   4.3 27
2015 248  0   6.0   4.2 17
2015 248  1   6.1   4.1 17
2015 248  2   5.8   4.1 17
2015 248  3   5.5   4.5 23
2015 248  4   5.1   4.5 23
2015 248  5   5.0   4.6 23
2015 248  6   4.7   4.0 27
2015 248  7   5.0   3.8 27
2015 248  8   5.3   3.8 27
2015 248  9   5.1   4.0 20
2015 248 10   5.2   4.0 20
2015 248 11   5.4   3.7 20
2015 248 12   5.7   3.7 23
2015 248 13   6.2   3.9 23
2015 248 14   6.2   4.2 23
2015 248 15   6.1   4.0 37
2015 248 16   5.7   4.1 37
2015 248 17   5.4   4.2 37
2015 248 18   5.6   4.2 37
2015 248 19   5.4   4.7 37
2015 248 20   5.6   4.5 37
2015 248 21   5.6   4.9 20
2015 248 22   5.7   5.2 20
2015 248 23   5.8   4.7 20
2015 249  0   6.3   5.2 23
2015 249  1   6.2   4.6 23
2015 249  2   6.5   5.7 23
2015 249  3   6.7   5.7 27
2015 249  4   6.8   6.2 27
2015 249  5   6.7   6.3 27
2015 249  6   6.9   6.3 27
2015 249  7   7.2   6.1 27
2015 249  8   8.0   4.8 27
2015 249  9   8.6   4.5 27
2015 249 10   8.7   5.1 27
2015 249 11   8.4   5.4 27
2015 249 12   8.4   5.7 30
2015 249 13   8.3   5.3 30
2015 249 14   8.5   4.9 30
2015 249 15   7.6   5.1 23
2015 249 16   7.5   4.3 23
2015 249 17   7.0   4.9 23
2015 249 18   6.7   5.1 40
2015 249 19   7.0   5.7 40
2015 249 20   7.1   5.7 40
2015 249 21   7.6   6.1 20
2015 249 22   7.6   5.3 20
2015 249 23   8.1   5.6 20
2015 250  0   8.0   5.9 23
2015 250  1   7.6   6.6 23
2015 250  2   6.7   5.8 23
2015 250  3   6.8   5.8 30
2015 250  4   6.5   5.8 30
2015 250  5   6.7   5.4 30
2015 250  6   6.7   5.7 37
2015 250  7   7.0   6.2 37
2015 250  8   7.1   5.8 37
2015 250  9   7.4   6.0 27
2015 250 10   7.0   6.1 27
2015 250 11   6.6   6.2 27
2015 250 12   6.6   6.5 47
2015 250 13   7.4   7.2 47
2015 250 14  11.8   5.5 47
2015 250 15  12.4   4.2 63
2015 250 16  11.2   6.3 63
2015 250 17  10.7   6.0 63
2015 250 18   9.4   6.5 57
2015 250 19   8.1   8.4 57
2015 250 20   7.7   7.8 57
2015 250 21   8.8   5.9 63
2015 250 22   9.4   4.6 63
2015 250 23   9.9   3.8 63
2015 251  0   9.9   7.1 60
2015 251  1  10.1  12.2 60
2015 251  2  11.3  18.2 60
2015 251  3  14.2  10.3 53
2015 251  4  15.4  12.1 53
2015 251  5  16.8  17.2 53
2015 251  6  17.9  12.0 27
2015 251  7  19.6  16.4 27
2015 251  8  21.2   9.9 27
2015 251  9  21.0   8.6 13
2015 251 10  20.9  10.6 13
2015 251 11  21.3  10.9 13
2015 251 12  21.2  14.1 20
2015 251 13  20.4  16.1 20
2015 251 14  19.2  16.0 20
2015 251 15  18.4  13.6 20
2015 251 16  17.6  19.4 20
2015 251 17  17.6  18.2 20
2015 251 18  17.7  13.9 17
2015 251 19  17.3  14.9 17
2015 251 20  16.9  16.2 17
2015 251 21  16.9  13.9 37
2015 251 22  16.5  10.8 37
2015 251 23  15.9  12.2 37
2015 252  0  15.5  10.5 40
2015 252  1  14.9  10.0 40
2015 252  2  13.6   8.9 40
2015 252  3  12.8  10.7 57
2015 252  4  12.2  14.0 57
2015 252  5  11.8   7.3 57
2015 252  6  11.1   6.4 60
2015 252  7  10.0  15.0 60
2015 252  8  10.2   7.5 60
2015 252  9   9.7  14.0 60
2015 252 10   9.3  18.6 60
2015 252 11   9.2  11.0 60
2015 252 12   8.2  12.0 53
2015 252 13   8.3   8.6 53
2015 252 14   8.1   9.3 53
2015 252 15   8.2   9.9 47
2015 252 16   7.4   9.8 47
2015 252 17   8.8   8.3 47
2015 252 18   9.0   9.4 57
2015 252 19   9.0  10.6 57
2015 252 20   9.1  10.6 57
2015 252 21   8.0  11.1 53
2015 252 22   7.3  10.6 53
2015 252 23   6.9  10.5 53
2015 253  0   6.8   9.8 27
2015 253  1   6.0   8.9 27
2015 253  2   5.5   8.1 27
2015 253  3   6.0   7.5 10
2015 253  4   5.9   6.7 10
2015 253  5   5.6   6.5 10
2015 253  6   5.4   6.4 17
2015 253  7   5.6   6.7 17
2015 253  8   6.0   7.0 17
2015 253  9   6.4   8.3 10
2015 253 10   6.6   9.3 10
2015 253 11   6.8  10.2 10
2015 253 12   7.7  12.4 20
2015 253 13   7.9  17.1 20
2015 253 14   8.2  16.1 20
2015 253 15   8.1  17.0 33
2015 253 16   8.1  26.6 33
2015 253 17   6.5  30.0 33
2015 253 18   7.3  34.9 43
2015 253 19  11.2  26.1 43
2015 253 20   9.0  34.5 43
2015 253 21   6.6  44.6 30
2015 253 22   9.5  32.7 30
2015 253 23  11.8  24.8 30
2015 254  0  13.4  21.5 30
2015 254  1  10.9  13.8 30
2015 254  2  11.9  13.1 30
2015 254  3  12.6  12.2 40
2015 254  4  11.1  15.1 40
2015 254  5  10.9  15.7 40
2015 254  6  12.3  16.1 70
2015 254  7  16.1  13.2 70
2015 254  8  17.2   8.5 70
2015 254  9  11.7  11.1 63
2015 254 10   8.8   7.6 63
2015 254 11   7.4   6.5 63
2015 254 12   6.7   5.5 57
2015 254 13   6.5   5.3 57
2015 254 14   6.7   5.6 57
2015 254 15   6.9   6.1 67
2015 254 16   7.4   6.5 67
2015 254 17   7.4   6.1 67
2015 254 18   7.7   6.0 30
2015 254 19   7.5   6.3 30
2015 254 20   7.3   7.9 30
2015 254 21   6.8   8.0 37
2015 254 22   6.7   6.6 37
2015 254 23   4.9   4.3 37
2015 255  0   5.5   3.8 40
2015 255  1   5.9   3.5 40
2015 255  2   5.7   3.3 40
2015 255  3   5.7   3.3 30
2015 255  4   5.9   3.4 30
2015 255  5   5.1   3.6 30
2015 255  6   5.0   3.3 43
2015 255  7   5.0   3.1 43
2015 255  8   5.2   3.7 43
2015 255  9   5.0   3.4 37
2015 255 10   4.5   3.5 37
2015 255 11   4.0   3.6 37
2015 255 12   3.8   3.6 27
2015 255 13   3.8   3.4 27
2015 255 14   3.3   3.5 27
2015 255 15   3.5   3.6 23
2015 255 16   3.5   3.5 23
2015 255 17   3.7   3.4 23
2015 255 18   3.8   3.1 13
2015 255 19   3.8   3.3 13
2015 255 20   3.6   3.4 13
2015 255 21   3.3   3.8 17
2015 255 22   3.3   3.7 17
2015 255 23   3.0   3.8 17
2015 256  0   3.5   3.5 10
2015 256  1   3.4   3.9 10
2015 256  2   2.9   4.0 10
2015 256  3   2.4   4.5 13
2015 256  4   2.4   4.5 13
2015 256  5   2.4   4.5 13
2015 256  6   2.5   5.3 17
2015 256  7   3.2   5.1 17
2015 256  8   4.5   5.0 17
2015 256  9   4.7   5.4 27
2015 256 10   4.5   5.5 27
2015 256 11   4.9   5.6 27
2015 256 12   5.0   5.3 20
2015 256 13   5.3   5.2 20
2015 256 14   5.8   5.2 20
2015 256 15   5.9   5.2 37
2015 256 16   5.5   5.7 37
2015 256 17   4.8   5.3 37
2015 256 18   4.8   4.8 33
2015 256 19   5.3   5.5 33
2015 256 20   4.6   6.2 33
2015 256 21   3.7   5.5 27
2015 256 22   3.9   5.1 27
2015 256 23   4.6   5.1 27
2015 257  0   4.8   5.2 20
2015 257  1   5.4   4.6 20
2015 257  2   5.4   5.2 20
2015 257  3   5.1   6.1 20
2015 257  4   5.5   7.0 20
2015 257  5   6.4   6.8 20
2015 257  6   6.5   6.5 17
2015 257  7   7.3   5.5 17
2015 257  8   7.7   4.7 17
2015 257  9   8.5   6.1 23
2015 257 10   9.0   8.3 23
2015 257 11   7.1   6.9 23
2015 257 12   7.9   6.9 20
2015 257 13   7.3   6.0 20
2015 257 14   7.8   5.5 20
2015 257 15   6.9   4.9 47
2015 257 16   6.9   5.1 47
2015 257 17   6.6   4.3 47
2015 257 18   6.4   3.6 40
2015 257 19   5.5   3.6 40
2015 257 20   4.9   4.3 40
2015 257 21   5.3   3.4 27
2015 257 22   4.5   3.5 27
2015 257 23   5.2   3.4 27
2015 258  0   5.6   3.7 40
2015 258  1   5.6   3.7 40
2015 258  2   6.1   3.8 40
2015 258  3   5.9   4.6 33
2015 258  4   6.4   5.0 33
2015 258  5   7.1   4.3 33
2015 258  6   6.6   4.2 23
2015 258  7   6.3   4.8 23
2015 258  8   5.8   4.7 23
2015 258  9   5.5   5.2 33
2015 258 10   5.5   5.1 33
2015 258 11   5.7   4.9 33
2015 258 12   5.6   5.0 37
2015 258 13   5.3   4.9 37
2015 258 14   5.5   5.0 37
2015 258 15   5.5   5.2 30
2015 258 16   5.8   4.6 30
2015 258 17   5.5   5.0 30
2015 258 18   5.2   4.9 23
2015 258 19   5.2   4.5 23
2015 258 20   5.2   4.6 23
2015 258 21   5.0   4.6 30
2015 258 22   5.2   4.6 30
2015 258 23   4.9   4.6 30
2015 259  0   5.1   4.6 23
2015 259  1   4.9   4.4 23
2015 259  2   4.9   4.8 23
2015 259  3   4.8   4.6 27
2015 259  4   4.8   4.6 27
2015 259  5   4.7   4.5 27
2015 259  6   4.3   4.4 20
2015 259  7   4.4   4.4 20
2015 259  8   4.5   4.3 20
2015 259  9   4.6   4.2 13
2015 259 10   4.6   4.2 13
2015 259 11   4.6   4.4 13
2015 259 12   4.6   4.5 23
2015 259 13   4.5   4.4 23
2015 259 14   4.7   4.1 23
2015 259 15   4.6   4.5 33
2015 259 16   4.9   4.5 33
2015 259 17   5.4   4.1 33
2015 259 18   5.3   4.3 27
2015 259 19   5.3   4.6 27
2015 259 20   5.4   4.9 27
2015 259 21   5.3   4.7 33
2015 259 22   4.9   5.2 33
2015 259 23   5.8   5.1 33
2015 260  0   4.8   5.9 43
2015 260  1   5.0   5.6 43
2015 260  2   4.8   5.1 43
2015 260  3   4.2   4.9 23
2015 260  4   5.1   4.1 23
2015 260  5   4.6   4.1 23
2015 260  6   4.2   4.1 23
2015 260  7   4.3   4.0 23
2015 260  8   4.6   3.5 23
2015 260  9   4.5   3.3 23
2015 260 10   5.0   3.0 23
2015 260 11   4.9   3.1 23
2015 260 12   5.1   2.8 13
2015 260 13   5.7   2.9 13
2015 260 14   5.8   2.7 13
2015 260 15   5.6   2.9  7
2015 260 16   6.0   2.7  7
2015 260 17   6.1   2.9  7
2015 260 18   6.1   3.2  3
2015 260 19   6.3   3.1  3
2015 260 20   5.2   3.7  3
2015 260 21   4.9   3.8 27
2015 260 22   5.5   4.1 27
2015 260 23   5.6   4.8 27
2015 261  0   4.9   5.1 20
2015 261  1   4.3   6.8 20
2015 261  2   4.2   7.7 20
2015 261  3   5.4   7.0 20
2015 261  4   6.3   5.9 20
2015 261  5   6.2   6.1 20
2015 261  6   6.8   6.9 33
2015 261  7   6.6   8.4 33
2015 261  8   6.8   9.4 33
2015 261  9   5.1  10.8 27
2015 261 10   5.1   9.7 27
2015 261 11   6.1   8.2 27
2015 261 12   7.0   5.6 30
2015 261 13   7.2   5.5 30
2015 261 14   6.6   6.3 30
2015 261 15   6.8   5.4 20
2015 261 16   6.8   5.5 20
2015 261 17   6.9   5.6 20
2015 261 18   6.9   5.0 30
2015 261 19   6.6   5.8 30
2015 261 20   6.2   8.7 30
2015 261 21   6.1   8.7 23
2015 261 22   7.5   5.9 23
2015 261 23   7.5   6.0 23
2015 262  0   7.1   6.9 37
2015 262  1   7.2   7.6 37
2015 262  2   7.9   7.4 37
2015 262  3   9.3   5.5 40
2015 262  4   8.0   9.8 40
2015 262  5   7.9   9.9 40
2015 262  6   7.7  11.9 47
2015 262  7   9.2  11.0 47
2015 262  8   9.4  11.6 47
2015 262  9   8.4  11.9 27
2015 262 10   8.0  12.1 27
2015 262 11   8.3  10.7 27
2015 262 12   7.2   9.9 17
2015 262 13   9.2   8.8 17
2015 262 14   8.5   8.8 17
2015 262 15   6.2   9.4  3
2015 262 16   5.8   8.6  3
2015 262 17   5.5   8.0  3
2015 262 18   6.0   5.5 10
2015 262 19   4.1   8.0 10
2015 262 20   3.7   9.3 10
2015 262 21   4.3  10.1 30
2015 262 22   4.9   8.7 30
2015 262 23   5.0   7.8 30
2015 263  0   5.6   9.3 30
2015 263  1   8.4   6.3 30
2015 263  2   7.0   8.0 30
2015 263  3   8.3   7.9 47
2015 263  4   8.4   7.2 47
2015 263  5   9.1   6.8 47
2015 263  6  14.8   9.0 70
2015 263  7  15.8   8.5 70
2015 263  8  14.3   7.6 70
2015 263  9  11.4   8.0 53
2015 263 10  10.9   5.7 53
2015 263 11   9.1   4.2 53
2015 263 12   9.5   3.7 43
2015 263 13   8.9   3.1 43
2015 263 14   9.4   2.9 43
2015 263 15   8.6   2.9 50
2015 263 16   7.3   3.9 50
2015 263 17   7.2   4.7 50
2015 263 18   7.1   4.1 27
2015 263 19   7.4   3.9 27
2015 263 20   8.1   3.2 27
2015 263 21   8.0   2.7 30
2015 263 22   7.7   2.7 30
2015 263 23   7.4   2.5 30
2015 264  0   8.0   2.6 33
2015 264  1   7.7   2.6 33
2015 264  2   7.5   2.5 33
2015 264  3   7.6   3.2 27
2015 264  4   6.9   2.6 27
2015 264  5   6.4   2.7 27
2015 264  6   7.0   2.9 17
2015 264  7   7.0   2.9 17
2015 264  8   7.9   2.6 17
2015 264  9   8.3   2.2 23
2015 264 10   6.4   4.2 23
2015 264 11   6.3   2.4 23
2015 264 12   6.0   2.8 17
2015 264 13   5.3   4.0 17
2015 264 14   4.3   5.5 17
2015 264 15   4.6   4.5 17
2015 264 16   4.4   4.4 17
2015 264 17   4.7   3.9 17
2015 264 18   4.9   3.4 10
2015 264 19   4.6   3.2 10
2015 264 20   4.6   3.4 10
2015 264 21   4.6   3.2 10
2015 264 22   5.0   3.1 10
2015 264 23   5.0   5.3 10
2015 265  0   5.2   8.9 23
2015 265  1   7.6   6.3 23
2015 265  2   7.8   5.2 23
2015 265  3   7.1   4.2 23
2015 265  4   7.6   4.4 23
2015 265  5   8.0   3.7 23
2015 265  6   7.5   4.9 37
2015 265  7   5.8   4.2 37
2015 265  8   4.7   2.9 37
2015 265  9   5.4   3.2 17
2015 265 10   5.2   3.5 17
2015 265 11   5.8   3.7 17
2015 265 12   5.8   3.9 27
2015 265 13   5.7   3.7 27
2015 265 14   5.7   2.7 27
2015 265 15   3.0   3.0 20
2015 265 16   2.8   3.3 20
2015 265 17   2.5   3.2 20
2015 265 18   3.3   2.6 17
2015 265 19   4.3   2.4 17
2015 265 20   4.6   2.2 17
2015 265 21   4.8   2.8 13
2015 265 22   5.7   2.3 13
2015 265 23   5.4   2.3 13
2015 266  0   5.2   2.3 13
2015 266  1   5.1   2.3 13
2015 266  2   4.4   3.6 13
2015 266  3   4.7   6.0 17
2015 266  4   4.8   4.7 17
2015 266  5   6.4   5.5 17
2015 266  6   7.0   6.1 33
2015 266  7   7.4   6.4 33
2015 266  8   7.9   5.8 33
2015 266  9   8.7   4.6 30
2015 266 10   7.3   5.4 30
2015 266 11   5.5   4.1 30
2015 266 12   8.4   4.7 23
2015 266 13   9.0   5.1 23
2015 266 14   9.2   5.3 23
2015 266 15   9.8   3.3 37
2015 266 16   9.6   4.4 37
2015 266 17   8.7   3.2 37
2015 266 18   7.3   5.0 33
2015 266 19   8.6   4.4 33
2015 266 20   8.9   4.5 33
2015 266 21   8.2   4.7 13
2015 266 22   8.9   3.7 13
2015 266 23   7.6   3.6 13
2015 267  0   6.9   6.5 27
2015 267  1   6.7   8.7 27
2015 267  2   7.3   6.3 27
2015 267  3   6.8   7.4 23
2015 267  4   6.7   7.2 23
2015 267  5   6.4   4.1 23
2015 267  6   6.4   3.1 17
2015 267  7   4.9   4.6 17
2015 267  8   6.2   2.9 17
2015 267  9   6.5   2.1 10
2015 267 10   6.5   2.1 10
2015 267 11   6.6   2.0 10
2015 267 12   6.5   2.2 10
2015 267 13   6.5   2.4 10
2015 267 14   6.3   3.5 10
2015 267 15   6.5   3.9 10
2015 267 16   6.1   3.6 10
2015 267 17   6.1   3.3 10
2015 267 18   5.9   3.4 17
2015 267 19   6.2   3.6 17
2015 267 20   6.2   3.7 17
2015 267 21   6.5   4.2 23
2015 267 22   6.5   4.4 23
2015 267 23   5.7   5.2 23
2015 268  0   6.0   5.3 20
2015 268  1   5.8   5.3 20
2015 268  2   6.7   4.5 20
2015 268  3   5.5   5.2 17
2015 268  4   5.3   5.3 17
2015 268  5   4.2   5.8 17
2015 268  6   4.7   5.9 13
2015 268  7   4.8   5.1 13
2015 268  8   5.7   4.9 13
2015 268  9   6.1   5.1 23
2015 268 10   6.4   5.2 23
2015 268 11   5.1   5.2 23
2015 268 12   4.4   4.9 30
2015 268 13   4.3   5.1 30
2015 268 14   4.6   5.1 30
2015 268 15   5.1   5.6  7
2015 268 16   6.0   4.8  7
2015 268 17   5.9   5.2  7
2015 268 18   4.7   3.7  3
2015 268 19   5.0   4.0  3
2015 268 20   5.2   4.2  3
2015 268 21   5.1   4.2 13
2015 268 22   5.8   4.8 13
2015 268 23   5.8   4.4 13
2015 269  0   6.2   4.0 13
2015 269  1   6.2   3.7 13
2015 269  2   5.8   4.1 13
2015 269  3   5.4   4.1  7
2015 269  4   5.1   4.5  7
2015 269  5   4.7   3.9  7
2015 269  6   4.2   3.3  3
2015 269  7   4.2   3.5  3
2015 269  8   5.0   3.8  3
2015 269  9   5.0   4.1  3
2015 269 10   4.2   4.4  3
2015 269 11   4.3   4.5  3
2015 269 12   4.5   5.0  3
2015 269 13   4.5   5.0  3
2015 269 14   4.7   4.6  3
2015 269 15   5.0   5.7 17
2015 269 16   5.2   5.4 17
2015 269 17   5.3   5.3 17
2015 269 18   4.9   4.7 20
2015 269 19   4.3   4.9 20
2015 269 20   3.9   5.5 20
2015 269 21   4.0   5.1 13
2015 269 22   4.6   4.9 13
2015 269 23   4.9   4.5 13
2015 270  0   5.6   3.8  7
2015 270  1   5.6   3.6  7
2015 270  2   6.0   3.6  7
2015 270  3   4.8   4.3 10
2015 270  4   5.3   4.4 10
2015 270  5   5.6   4.6 10
2015 270  6   5.6   4.5  7
2015 270  7   5.4   4.9  7
2015 270  8   5.3   4.8  7
2015 270  9   5.1   4.9  3
2015 270 10   5.1   4.8  3
2015 270 11   5.3   4.9  3
2015 270 12   5.3   4.7  3
2015 270 13   4.9   4.9  3
2015 270 14   4.6   4.7  3
2015 270 15   5.4   4.8  3
2015 270 16   5.0   5.1  3
2015 270 17   5.3   4.9  3
2015 270 18   4.9   5.0 13
2015 270 19   5.4   4.7 13
2015 270 20   4.7   4.7 13
2015 270 21   4.7   5.1 13
2015 270 22   4.3   4.9 13
2015 270 23   4.4   4.9 13
2015 271  0   4.5   4.7 10
2015 271  1   4.5   4.4 10
2015 271  2   4.7   4.2 10
2015 271  3   5.0   4.0  7
2015 271  4   4.9   4.1  7
2015 271  5   4.9   4.5  7
2015 271  6   5.0   4.6  0
2015 271  7   5.2   4.5  0
2015 271  8   5.3   4.5  0
2015 271  9   5.3   4.3  3
2015 271 10   5.2   4.5  3
2015 271 11   5.2   4.6  3
2015 271 12   5.1   4.4  7
2015 271 13   5.4   4.3  7
2015 271 14   5.5   4.2  7
2015 271 15   5.2   3.8 10
2015 271 16   5.3   4.0 10
2015 271 17   5.0   3.9 10
2015 271 18   4.5   3.9 13
2015 271 19   4.6   4.7 13
2015 271 20   4.0   3.6 13
2015 271 21   4.3   3.5 17
2015 271 22   4.6   3.4 17
2015 271 23   4.7   3.4 17
2015 272  0   4.7   3.7 23
2015 272  1   4.5   3.6 23
2015 272  2   4.5   3.6 23
2015 272  3   4.2   3.6 27
2015 272  4   4.0   3.8 27
2015 272  5   3.6   4.0 27
2015 272  6   4.2   4.0 13
2015 272  7   4.4   3.8 13
2015 272  8   4.4   3.7 13
2015 272  9   4.3   3.5 13
2015 272 10   4.2   3.5 13
2015 272 11   4.3   3.2 13
2015 272 12   4.4   3.1  0
2015 272 13   4.4   3.9  0
2015 272 14   4.3   4.4  0
2015 272 15   4.4   4.2  3
2015 272 16   4.4 999.9  3
2015 272 17   4.2 999.9  3
2015 272 18   4.3 999.9  3
2015 272 19   4.3   3.7  3
2015 272 20   4.5   3.5  3
2015 272 21   4.4   3.8  7
2015 272 22   4.3   4.6  7
2015 272 23   4.1   4.6  7
2015 273  0   4.3   5.4  0
2015 273  1   4.3   5.7  0
2015 273  2   4.3   5.6  0
2015 273  3   4.4   5.8  0
2015 273  4   4.3   6.0  0
2015 273  5   4.2   6.3  0
2015 273  6   4.2   6.5  0
2015 273  7   4.1   6.6  0
2015 273  8   3.9   7.0  0
2015 273  9   3.7   7.2  7
2015 273 10   2.9   8.9  7
2015 273 11   3.9   8.2  7
2015 273 12   3.5   9.1  7
2015 273 13   3.3   9.7  7
2015 273 14   2.2  11.0  7
2015 273 15   1.7  11.4  3
2015 273 16   1.1  11.5  3
2015 273 17   2.2  11.0  3
2015 273 18   2.6  11.4  3
2015 273 19   2.4  11.7  3
2015 273 20   2.0  12.2  3
2015 273 21   2.7  11.8  7
2015 273 22   3.0  11.1  7
2015 273 23   3.0  11.5  7
2015 274  0   3.0  11.9 10
2015 274  1   2.4  14.7 10
2015 274  2   3.4  16.1 10
2015 274  3   3.3  17.8 10
2015 274  4   3.5  17.6 10
2015 274  5   3.2  18.0 10
2015 274  6   3.6  19.9 13
2015 274  7   4.2  19.8 13
2015 274  8   5.2  20.4 13
2015 274  9   5.5  21.3 10
2015 274 10   5.1  22.3 10
2015 274 11   6.4  20.4 10
2015 274 12   8.0  20.0 27
2015 274 13   7.3  23.6 27
2015 274 14   8.4   2.6 27
2015 274 15  10.5  16.2 37
2015 274 16  10.8  15.7 37
2015 274 17   9.9   4.7 37
2015 274 18  11.5  11.2 30
2015 274 19  10.7  11.5 30
2015 274 20  11.0   9.7 30
2015 274 21  10.8  10.9 33
2015 274 22  11.1   9.0 33
2015 274 23  12.0  11.4 33
2015 275  0  11.6   6.9 27
2015 275  1  11.3   6.4 27
2015 275  2  11.6   5.9 27
2015 275  3  10.8   6.3 37
2015 275  4   9.9   7.6 37
2015 275  5   7.5   9.4 37
2015 275  6   7.6   7.3 37
2015 275  7   8.1   6.2 37
2015 275  8   8.8   5.5 37
2015 275  9   9.3   4.8 23
2015 275 10   9.1   4.6 23
2015 275 11   9.0   5.3 23
2015 275 12   8.9   5.5 27
2015 275 13   8.6   6.7 27
2015 275 14   9.5   5.6 27
2015 275 15   9.1   5.9 23
2015 275 16   8.8   6.5 23
2015 275 17   8.9   6.5 23
2015 275 18   9.2   6.1 20
2015 275 19   9.5   5.5 20
2015 275 20   9.4   4.0 20
2015 275 21   9.5   4.6 17
2015 275 22   9.2   5.2 17
2015 275 23   9.0   5.8 17
2015 276  0   8.9   5.4 20
2015 276  1   8.3   6.0 20
2015 276  2   8.1   6.7 20
2015 276  3   8.0   6.7 33
2015 276  4   7.9   7.4 33
2015 276  5   9.0   6.8 33
2015 276  6  10.2   5.8 27
2015 276  7  10.6   4.5 27
2015 276  8  10.6   5.6 27
2015 276  9  10.5   6.0 17
2015 276 10   9.8   7.5 17
2015 276 11   8.8  10.8 17
2015 276 12   9.4  10.4 20
2015 276 13   9.8   9.0 20
2015 276 14   8.9   9.2 20
2015 276 15   7.6   9.2 27
2015 276 16   7.3   6.8 27
2015 276 17   6.2   6.1 27
2015 276 18   7.6   9.5 23
2015 276 19   7.6  10.8 23
2015 276 20   7.2  10.0 23
2015 276 21   7.1  10.9 13
2015 276 22   7.7  10.1 13
2015 276 23   8.6   8.5 13
2015 277  0   8.8   7.8 37
2015 277  1   8.5   5.4 37
2015 277  2   9.5   2.1 37
2015 277  3   9.7   1.9 43
2015 277  4   9.6   2.0 43
2015 277  5   9.3   2.3 43
2015 277  6   9.6   2.4 40
2015 277  7   9.4   2.2 40
2015 277  8   8.8   2.7 40
2015 277  9   8.9   2.0 23
2015 277 10   8.6   2.3 23
2015 277 11   8.2   2.4 23
2015 277 12   7.3   2.9 27
2015 277 13   6.4   2.8 27
2015 277 14   8.6   1.8 27
2015 277 15   8.9   0.5 17
2015 277 16   8.7   1.4 17
2015 277 17   8.3   1.2 17
2015 277 18   8.4   1.1 20
2015 277 19   8.6   2.3 20
2015 277 20   9.6   2.8 20
2015 277 21   9.2   4.3 37
2015 277 22   9.0   5.0 37
2015 277 23   8.0   5.6 37
2015 278  0   7.8   4.9 37
2015 278  1   8.5   4.6 37
2015 278  2   8.5   2.9 37
2015 278  3   8.5   4.3 37
2015 278  4   8.0   5.0 37
2015 278  5   7.6   6.3 37
2015 278  6   6.4   6.4 37
2015 278  7   6.6   6.3 37
2015 278  8   7.1   6.2 37
2015 278  9   7.1   6.4 50
2015 278 10   7.0   5.0 50
2015 278 11   5.5   4.9 50
2015 278 12   4.7   5.2 30
2015 278 13   4.8   5.1 30
2015 278 14   4.6   4.1 30
2015 278 15   4.5   4.3 13
2015 278 16   5.0   3.6 13
2015 278 17   4.7   3.3 13
2015 278 18   4.3   3.4 17
2015 278 19   4.6   3.3 17
2015 278 20   4.6   3.4 17
2015 278 21   5.0   3.6 20
2015 278 22   5.0   3.8 20
2015 278 23   5.0   3.6 20
2015 279  0   4.6   4.3 23
2015 279  1   4.1   4.6 23
2015 279  2   4.5   4.5 23
2015 279  3   4.7   4.9 37
2015 279  4   4.5   5.3 37
2015 279  5   4.1   6.2 37
2015 279  6   4.4   6.0 27
2015 279  7   4.6   5.7 27
2015 279  8   4.9   5.5 27
2015 279  9   4.5   6.5 17
2015 279 10   5.0   5.5 17
2015 279 11   5.3   6.3 17
2015 279 12   5.5   5.2 30
2015 279 13   5.2   6.3 30
2015 279 14   4.9   7.0 30
2015 279 15   5.3   7.1 33
2015 279 16   6.2   6.9 33
2015 279 17   6.3   7.7 33
2015 279 18   6.3   9.6 43
2015 279 19   6.9   9.6 43
2015 279 20   7.7  10.8 43
2015 279 21   9.5  12.8 43
2015 279 22  10.0  16.5 43
2015 279 23   9.3  17.6 43
2015 280  0  11.1  14.8 37
2015 280  1  10.6  15.8 37
2015 280  2  10.4  26.2 37
2015 280  3  12.1  24.2 60
2015 280  4  15.2  13.1 60
2015 280  5  15.8  11.0 60
2015 280  6  17.1   9.7 57
2015 280  7  17.9   9.1 57
2015 280  8  17.9  11.6 57
2015 280  9  19.1  10.1 50
2015 280 10  18.4  15.8 50
2015 280 11  15.1  24.4 50
2015 280 12  15.6  25.4 50
2015 280 13  15.4  29.4 50
2015 280 14  18.9  12.0 50
2015 280 15  20.4  13.0 63
2015 280 16  18.8   9.5 63
2015 280 17  16.7  10.4 63
2015 280 18  16.7  11.2 73
2015 280 19  15.8  11.5 73
2015 280 20  10.3   5.1 73
2015 280 21   7.1   2.8 60
2015 280 22   6.7   2.7 60
2015 280 23   6.6   2.7 60
2015 281  0   6.7   2.8 47
2015 281  1   6.7   2.6 47
2015 281  2   6.6   2.6 47
2015 281  3   6.6   2.7 57
2015 281  4   6.8   2.7 57
2015 281  5   6.7   2.6 57
2015 281  6   6.5   2.8 57
2015 281  7   6.0   2.7 57
2015 281  8   5.2   2.2 57
2015 281  9   5.4   2.4 43
2015 281 10   5.5   2.4 43
2015 281 11   5.6   2.3 43
2015 281 12   5.0   2.5 50
2015 281 13   5.4   2.4 50
2015 281 14   4.8   2.3 50
2015 281 15   5.0   2.5 47
2015 281 16   5.3   2.1 47
2015 281 17   5.4   2.0 47
2015 281 18   5.3   2.0 47
2015 281 19   5.0   2.3 47
2015 281 20   4.4   2.8 47
2015 281 21   3.5   2.6 43
2015 281 22   3.6   2.6 43
2015 281 23   3.9   2.4 43
2015 282  0   4.2   2.3 40
2015 282  1   4.7   2.2 40
2015 282  2   4.4   1.9 40
2015 282  3   4.2   1.9 37
2015 282  4   4.0   1.8 37
2015 282  5   3.8   2.2 37
2015 282  6   4.1   2.2 27
2015 282  7   4.2   2.3 27
2015 282  8   4.4   2.2 27
2015 282  9   4.1   2.2 33
2015 282 10   4.5   2.2 33
2015 282 11   4.2   2.6 33
2015 282 12   4.3   2.8 47
2015 282 13   4.7   2.8 47
2015 282 14   4.8   2.4 47
2015 282 15   4.6   2.4 47
2015 282 16   4.4   2.5 47
2015 282 17   4.6   2.7 47
2015 282 18   4.9   2.2 43
2015 282 19   5.4   1.7 43
2015 282 20   5.5   1.6 43
2015 282 21   5.6   1.7 40
2015 282 22   5.5   1.5 40
2015 282 23   5.2   1.5 40
2015 283  0   5.1   1.4 33
2015 283  1   5.5   1.7 33
2015 283  2   5.4   1.4 33
2015 283  3   5.2   1.3 30
2015 283  4   4.9   1.5 30
2015 283  5   4.8   1.1 30
2015 283  6   5.2   1.2 33
2015 283  7   5.7   1.2 33
2015 283  8   5.3   1.3 33
2015 283  9   5.1   1.3 17
2015 283 10   5.1   1.3 17
2015 283 11   4.6   1.4 17
2015 283 12   4.6   1.3 17
2015 283 13   4.8   1.4 17
2015 283 14   4.6   1.5 17
2015 283 15   4.9   1.5 27
2015 283 16   4.6   1.5 27
2015 283 17   4.3   1.5 27
2015 283 18   3.8   1.3 13
2015 283 19   3.1   1.5 13
2015 283 20   3.0   1.5 13
2015 283 21   3.1   1.8 20
2015 283 22   3.7   1.4 20
2015 283 23   3.3   1.2 20
2015 284  0   2.4   1.6 37
2015 284  1   3.1   1.8 37
2015 284  2   3.6   2.2 37
2015 284  3   3.6   2.3 27
2015 284  4   3.0   1.7 27
2015 284  5   3.5   2.6 27
2015 284  6   3.9   2.1 13
2015 284  7   4.2   2.4 13
2015 284  8   4.1   2.6 13
2015 284  9   4.3   2.7 13
2015 284 10   4.1   3.1 13
2015 284 11   4.1   3.5 13
2015 284 12   4.4   3.7 27
2015 284 13   4.2   3.6 27
2015 284 14   4.0   3.9 27
2015 284 15   4.0   4.5 23
2015 284 16   4.2   4.8 23
2015 284 17   3.5   5.3 23
2015 284 18   4.0   5.4 30
2015 284 19   4.9   5.9 30
2015 284 20   5.2   6.3 30
2015 284 21   4.6   6.2 30
2015 284 22   5.0   6.5 30
2015 284 23   5.3   6.0 30
2015 285  0   5.1   6.5 10
2015 285  1   5.2   6.6 10
2015 285  2   4.9   6.4 10
2015 285  3   5.6   6.4 27
2015 285  4   5.8   6.5 27
2015 285  5   5.6   6.9 27
2015 285  6   6.1   7.0 27
2015 285  7   5.4   6.2 27
2015 285  8   5.6   6.8 27
2015 285  9   6.7   6.8 40
2015 285 10   7.5   7.5 40
2015 285 11   6.2   8.4 40
2015 285 12   6.5   6.8 33
2015 285 13   6.7   6.7 33
2015 285 14   6.4   6.9 33
2015 285 15   6.6   7.2 50
2015 285 16   8.0   6.2 50
2015 285 17   6.8   6.8 50
2015 285 18   6.9   6.2 37
2015 285 19   7.1   6.3 37
2015 285 20   6.8   6.4 37
2015 285 21   6.5   6.1 40
2015 285 22   7.1   6.3 40
2015 285 23   6.9   5.9 40
2015 286  0   7.3   5.4 20
2015 286  1   6.9   4.8 20
2015 286  2   6.2   4.4 20
2015 286  3   6.3   4.0 37
2015 286  4   5.9   4.0 37
2015 286  5   6.5   3.9 37
2015 286  6   6.3   3.9 43
2015 286  7   5.7   3.5 43
2015 286  8   5.8   4.0 43
2015 286  9   6.4   3.5 43
2015 286 10   6.4   3.4 43
2015 286 11   6.1   3.8 43
2015 286 12   6.1   3.5 23
2015 286 13   6.1   3.0 23
2015 286 14   6.6   3.5 23
2015 286 15   7.0   4.1 40
2015 286 16   7.2   3.5 40
2015 286 17   7.0   3.4 40
2015 286 18   6.8   3.7 43
2015 286 19   6.9   4.6 43
2015 286 20   6.6   4.4 43
2015 286 21   6.3   4.5 43
2015 286 22   6.9   4.7 43
2015 286 23   6.5   3.0 43
2015 287  0   4.4   3.4 40
2015 287  1   5.8   3.2 40
2015 287  2   6.2   3.9 40
2015 287  3   6.2   3.4 43
2015 287  4   7.9   3.2 43
2015 287  5   7.6   3.2 43
2015 287  6   7.1   2.4 40
2015 287  7   6.5   3.2 40
2015 287  8   6.8   2.4 40
2015 287  9   6.2   2.8 40
2015 287 10   6.4   2.7 40
2015 287 11   6.0   2.7 40
2015 287 12   5.6   2.6 37
2015 287 13   5.2   3.0 37
2015 287 14   4.8   2.9 37
2015 287 15   4.7   2.8 27
2015 287 16   5.3   2.7 27
2015 287 17   5.0   2.7 27
2015 287 18   4.7   2.4 30
2015 287 19   4.5   2.2 30
2015 287 20   4.3   1.8 30
2015 287 21   4.3   1.7 23
2015 287 22   4.1   1.8 23
2015 287 23   4.0   1.9 23
2015 288  0   3.7   1.9 27
2015 288  1   3.7   1.8 27
2015 288  2   4.6   2.4 27
2015 288  3   5.2   2.5 20
2015 288  4   5.4   2.7 20
2015 288  5   5.8   3.1 20
2015 288  6   6.1   3.6 20
2015 288  7   6.1   4.3 20
2015 288  8   6.2   5.2 20
2015 288  9   6.0   6.7 20
2015 288 10   5.7   7.8 20
2015 288 11   5.2   8.5 20
2015 288 12   5.4   7.8 13
2015 288 13   5.4   7.6 13
2015 288 14   6.1   6.4 13
2015 288 15   6.5   6.0 13
2015 288 16   7.2   6.5 13
2015 288 17   7.3   6.7 13
2015 288 18   6.7   7.8 20
2015 288 19   5.8   8.1 20
2015 288 20   6.1   7.5 20
2015 288 21   6.4   7.3 27
2015 288 22   6.3   8.6 27
2015 288 23   6.6   8.3 27
2015 289  0   6.3   8.1 27
2015 289  1   6.2   8.0 27
2015 289  2   6.1   7.5 27
2015 289  3   6.3   6.4 27
2015 289  4   6.1   5.1 27
2015 289  5   5.1   4.9 27
2015 289  6   5.0   4.9 17
2015 289  7   4.3   5.0 17
2015 289  8   3.2   5.7 17
2015 289  9   2.9   5.6 10
2015 289 10   3.1   5.7 10
2015 289 11   2.7   5.6 10
2015 289 12   4.3   5.3 17
2015 289 13   3.1   6.0 17
2015 289 14   3.0   5.5 17
2015 289 15   2.7   5.4 13
2015 289 16   2.8   5.7 13
2015 289 17   2.9   5.8 13
2015 289 18   2.9   6.0  3
2015 289 19   3.5   6.1  3
2015 289 20   3.5   6.3  3
2015 289 21   3.4   6.6 13
2015 289 22   3.5   7.0 13
2015 289 23   3.2   8.1 13
2015 290  0   4.1   8.0 20
2015 290  1   4.6   7.2 20
2015 290  2   4.8   7.2 20
2015 290  3   4.2  11.0 27
2015 290  4   4.2  10.9 27
2015 290  5   4.8  12.9 27
2015 290  6   4.7  13.1 17
2015 290  7   4.1  13.7 17
2015 290  8   4.4  14.9 17
2015 290  9   5.3  13.8 20
2015 290 10   6.1  12.0 20
2015 290 11   7.4   9.2 20
2015 290 12   7.6  11.0 23
2015 290 13   6.7  13.4 23
2015 290 14   5.4  16.1 23
2015 290 15   5.1  17.5 23
2015 290 16   5.7  14.3 23
2015 290 17   6.0  14.3 23
2015 290 18   5.2  15.7 37
2015 290 19   5.1  16.5 37
2015 290 20   6.1  18.6 37
2015 290 21   5.1  19.7 17
2015 290 22   4.7  19.8 17
2015 290 23   4.8  17.0 17
2015 291  0   5.4  17.2 30
2015 291  1   9.5  16.3 30
2015 291  2   8.7  17.2 30
2015 291  3   8.3  21.6 30
2015 291  4   7.5  24.8 30
2015 291  5  10.5  23.1 30
2015 291  6  11.0  19.8 37
2015 291  7  11.5  16.7 37
2015 291  8  12.6  12.6 37
2015 291  9  10.8  11.9 47
2015 291 10  10.1  10.5 47
2015 291 11   9.2  10.4 47
2015 291 12   9.5   8.9 33
2015 291 13   9.0   7.4 33
2015 291 14   8.0   7.5 33
2015 291 15   4.8   4.7 37
2015 291 16   4.5   3.8 37
2015 291 17   4.4   3.7 37
2015 291 18   4.3   3.5 23
2015 291 19   3.8   3.2 23
2015 291 20   3.6   3.1 23
2015 291 21   3.4   2.9 23
2015 291 22   3.2   2.7 23
2015 291 23   3.2   2.8 23
2015 292  0   2.8   2.4  0
2015 292  1   2.6   2.4  0
2015 292  2   2.8   2.3  0
2015 292  3   3.3   2.2 17
2015 292  4   3.0   2.3 17
2015 292  5   2.7   2.4 17
2015 292  6   3.0   2.5 10
2015 292  7   3.0   2.7 10
2015 292  8   3.0   3.2 10
2015 292  9   3.3   3.7 10
2015 292 10   3.3   3.8 10
2015 292 11   3.4   4.1 10
2015 292 12   3.2   4.2 10
2015 292 13   3.5   4.1 10
2015 292 14   3.6   4.8 10
2015 292 15   3.9   5.4  7
2015 292 16   4.1   5.5  7
2015 292 17   4.0   5.8  7
2015 292 18   3.9   5.9 10
2015 292 19   4.3   6.7 10
2015 292 20   4.2   6.3 10
2015 292 21   4.2   6.9 10
2015 292 22   4.0   6.6 10
2015 292 23   4.0   6.4 10
2015 293  0   4.0   6.5 20
2015 293  1   3.6   6.6 20
2015 293  2   3.4   6.7 20
2015 293  3   4.0   6.2 27
2015 293  4   3.9   6.0 27
2015 293  5   4.5   6.0 27
2015 293  6   4.3   6.6 17
2015 293  7   3.5   6.7 17
2015 293  8   3.5   7.2 17
2015 293  9   4.3   8.0 17
2015 293 10   4.3   9.6 17
2015 293 11   5.1   8.6 17
2015 293 12   5.7   7.1 23
2015 293 13   6.1   8.3 23
2015 293 14   6.6   9.2 23
2015 293 15   6.1  10.7 20
2015 293 16   5.9  13.5 20
2015 293 17   5.2  15.5 20
2015 293 18   3.5  15.9 23
2015 293 19   4.5  15.1 23
2015 293 20   4.9  14.7 23
2015 293 21   3.7  16.5 23
2015 293 22   4.1  16.7 23
2015 293 23   4.1  17.8 23
2015 294  0   4.3  19.0 10
2015 294  1   4.6  17.6 10
2015 294  2   4.3  16.9 10
2015 294  3   4.4  14.9 23
2015 294  4   4.6  13.7 23
2015 294  5   6.3  19.2 23
2015 294  6   7.8  18.1 17
2015 294  7   7.4  18.9 17
2015 294  8   7.1  20.4 17
2015 294  9   6.9  25.9 33
2015 294 10   7.4  29.6 33
2015 294 11  10.9   8.8 33
2015 294 12   9.7  11.5 37
2015 294 13  10.3   9.3 37
2015 294 14   7.8   8.0 37
2015 294 15   5.7   7.0 20
2015 294 16   5.2   6.3 20
2015 294 17   4.4   5.5 20
2015 294 18   3.2   4.8 20
2015 294 19   3.5   4.3 20
2015 294 20   3.5   4.6 20
2015 294 21   3.6   4.9 13
2015 294 22   3.8   4.9 13
2015 294 23   3.3   4.9 13
2015 295  0   3.6   5.0 10
2015 295  1   3.7   5.1 10
2015 295  2   3.7   5.5 10
2015 295  3   3.8   5.3  7
2015 295  4   4.1   5.5  7
2015 295  5   4.4   5.7  7
2015 295  6   4.7   6.0 17
2015 295  7   5.4   5.4 17
2015 295  8   5.5   5.3 17
2015 295  9   5.1   5.4  3
2015 295 10   5.0   5.8  3
2015 295 11   4.8   5.5  3
2015 295 12   4.8   5.5  7
2015 295 13   5.2   5.7  7
2015 295 14   5.5   5.6  7
2015 295 15   5.7   5.5 17
2015 295 16   5.7   5.7 17
2015 295 17   5.5   6.5 17
2015 295 18   6.0   6.2 20
2015 295 19   6.1   7.0 20
2015 295 20   6.4   6.2 20
2015 295 21   5.9   6.3 13
2015 295 22   6.3   7.4 13
2015 295 23   6.9   6.3 13
2015 296  0   5.6   5.7 23
2015 296  1   5.1   5.4 23
2015 296  2   4.8   5.0 23
2015 296  3   6.5   4.6  7
2015 296  4   6.2   5.0  7
2015 296  5   5.3   4.9  7
2015 296  6   5.4   4.7  7
2015 296  7   5.5   4.3  7
2015 296  8   5.7   3.9  7
2015 296  9   5.3   4.4 10
2015 296 10   5.1   4.9 10
2015 296 11   5.3   5.1 10
2015 296 12   6.3   4.8 17
2015 296 13   6.1   4.6 17
2015 296 14   6.2   4.4 17
2015 296 15   6.0   5.2 20
2015 296 16   6.2   5.5 20
2015 296 17   6.4   5.6 20
2015 296 18   6.3   6.5 13
2015 296 19   6.1   6.6 13
2015 296 20   5.8   6.6 13
2015 296 21   5.5   5.9 20
2015 296 22   5.6   5.7 20
2015 296 23   6.1   5.3 20
2015 297  0   5.7   5.6 23
2015 297  1   5.1   5.4 23
2015 297  2   5.2   5.0 23
2015 297  3   5.5   5.3 27
2015 297  4   5.6   5.2 27
2015 297  5   5.9   5.0 27
2015 297  6   6.2   5.3 23
2015 297  7   6.3   5.1 23
2015 297  8   6.2   4.8 23
2015 297  9   5.9   4.7  7
2015 297 10   5.6   5.3  7
2015 297 11   5.6   5.3  7
2015 297 12   5.4   5.0  7
2015 297 13   4.8   5.4  7
2015 297 14   4.3   5.4  7
2015 297 15   3.9   5.6  7
2015 297 16   4.9   5.9  7
2015 297 17   5.4   5.7  7
2015 297 18   5.2   6.6 37
2015 297 19  10.8  17.0 37
2015 297 20   8.8  17.4 37
2015 297 21   7.7  17.4 27
2015 297 22   8.3  14.9 27
2015 297 23   9.4  13.7 27
2015 298  0   7.5  15.9 20
2015 298  1   8.5  15.9 20
2015 298  2   7.2  15.3 20
2015 298  3   6.6  14.3 17
2015 298  4   7.2  13.5 17
2015 298  5   7.0  12.3 17
2015 298  6   6.1  13.2 23
2015 298  7   6.6  12.5 23
2015 298  8   6.2  12.6 23
2015 298  9   6.2  12.6 13
2015 298 10   7.4  11.4 13
2015 298 11   8.5   9.8 13
2015 298 12   8.5   9.6 27
2015 298 13  10.1   6.5 27
2015 298 14  11.3   2.8 27
2015 298 15  10.7   7.3 17
2015 298 16   9.9   6.8 17
2015 298 17   9.3   6.9 17
2015 298 18   9.2   7.5  7
2015 298 19   8.7   8.3  7
2015 298 20   8.7   8.4  7
2015 298 21   8.8   5.2  7
2015 298 22   8.6   1.7  7
2015 298 23   8.2   1.8  7
2015 299  0   8.2   3.0  3
2015 299  1   7.8   4.9  3
2015 299  2   7.2   3.8  3
2015 299  3   7.0   4.4  0
2015 299  4   7.3   3.7  0
2015 299  5   7.0   3.6  0
2015 299  6   6.9   3.4  7
2015 299  7   6.8   2.9  7
2015 299  8   6.7   2.8  7
2015 299  9   6.2   2.6  3
2015 299 10   6.2   2.1  3
2015 299 11   6.3   1.3  3
2015 299 12   6.2   1.3  3
2015 299 13   5.8   2.2  3
2015 299 14   5.7   2.6  3
2015 299 15   5.7   2.9  0
2015 299 16   5.9   2.8  0
2015 299 17   5.8   2.4  0
2015 299 18   5.6   2.0  3
2015 299 19   5.5   2.0  3
2015 299 20   5.3   1.8  3
2015 299 21   5.4   2.0  0
2015 299 22   5.4   1.8  0
2015 299 23   5.8   1.4  0
2015 300  0   5.5   2.0  0
2015 300  1   5.6   1.9  0
2015 300  2   5.7   2.0  0
2015 300  3   5.7   2.1  3
2015 300  4   5.6   2.0  3
2015 300  5   5.4   1.8  3
2015 300  6   5.4   1.7  3
2015 300  7   5.3   1.7  3
2015 300  8   5.2   1.6  3
2015 300  9   5.2   1.6  7
2015 300 10   5.1   1.6  7
2015 300 11   5.1   1.7  7
2015 300 12   5.0   1.6 13
2015 300 13   4.8   1.8 13
2015 300 14   4.7   2.0 13
2015 300 15   4.3   2.4  3
2015 300 16   4.4   2.6  3
2015 300 17   3.9   3.4  3
2015 300 18   4.0   3.4 10
2015 300 19   4.0   3.4 10
2015 300 20   4.7   1.8 10
2015 300 21   4.9   1.9 20
2015 300 22   4.6   2.4 20
2015 300 23   4.2   2.8 20
2015 301  0   4.3   2.7  0
2015 301  1   4.3   2.3  0
2015 301  2   4.1   2.5  0
2015 301  3   4.0   3.0 10
2015 301  4   3.8   3.3 10
2015 301  5   4.2   2.0 10
2015 301  6   4.4   2.1  0
2015 301  7   4.3   2.3  0
2015 301  8   4.3   2.2  0
2015 301  9   4.2   2.4  0
2015 301 10   4.0   2.7  0
2015 301 11   2.9   5.1  0
2015 301 12   3.0   5.9  0
2015 301 13   2.9   6.6  0
2015 301 14   2.8   7.3  0
2015 301 15   3.3   8.6  3
2015 301 16   3.5   9.7  3
2015 301 17   2.7   9.4  3
2015 301 18   2.0  10.3  0
2015 301 19   2.9  10.0  0
2015 301 20   2.4  10.7  0
2015 301 21   2.9  11.1  0
2015 301 22   4.0  11.9  0
2015 301 23   4.6  12.7  0
2015 302  0   6.0  10.8  3
2015 302  1   6.0   9.8  3
2015 302  2   5.2  11.0  3
2015 302  3   5.4  11.8  0
2015 302  4   6.3  11.9  0
2015 302  5   7.1  11.4  0
2015 302  6   6.0  14.9  7
2015 302  7   6.2  14.8  7
2015 302  8   6.0  14.0  7
2015 302  9   5.6  14.3 10
2015 302 10   5.3  12.9 10
2015 302 11   5.2  13.9 10
2015 302 12   5.0  14.0  7
2015 302 13   3.6  15.0  7
2015 302 14   3.7  13.9  7
2015 302 15   3.8  12.9  7
2015 302 16   4.8  11.3  7
2015 302 17   5.7   9.5  7
2015 302 18   6.2   9.2 13
2015 302 19   6.6   9.4 13
2015 302 20   6.4  10.0 13
2015 302 21   6.2   9.4 23
2015 302 22   6.6   9.0 23
2015 302 23   7.0   8.1 23
2015 303  0   7.6   8.2 23
2015 303  1   7.4   9.8 23
2015 303  2   7.4   9.0 23
2015 303  3   7.0   7.6  7
2015 303  4   7.2   8.0  7
2015 303  5   8.3   8.6  7
2015 303  6   7.8   9.1  3
2015 303  7   7.6   9.5  3
2015 303  8   7.9   8.4  3
2015 303  9   8.7   7.7 13
2015 303 10   8.4   8.7 13
2015 303 11   8.3   9.0 13
2015 303 12   8.0   8.9 27
2015 303 13   7.8   9.7 27
2015 303 14   7.5  10.5 27
2015 303 15   7.3   8.8 30
2015 303 16   6.7   7.7 30
2015 303 17   7.5   6.7 30
2015 303 18   5.5   9.6 17
2015 303 19   6.0  10.4 17
2015 303 20   6.7  12.2 17
2015 303 21   7.3  12.5 30
2015 303 22   7.9  11.4 30
2015 303 23   7.9   9.2 30
2015 304  0   8.4   7.8  3
2015 304  1   8.0   6.2  3
2015 304  2   8.1   5.4  3
2015 304  3   8.3   5.2  3
2015 304  4   8.1   6.0  3
2015 304  5   8.2   5.4  3
2015 304  6   8.1   4.3  7
2015 304  7   7.8   4.7  7
2015 304  8   8.0   6.1  7
2015 304  9   8.3   5.2 13
2015 304 10   7.7   5.6 13
2015 304 11   7.1   7.1 13
2015 304 12   7.3   7.1 20
2015 304 13   7.0   7.3 20
2015 304 14   7.2   7.0 20
2015 304 15   7.6   7.8 17
2015 304 16   7.2   7.6 17
2015 304 17   7.3   7.7 17
2015 304 18   7.0   7.6 20
2015 304 19   7.1   8.3 20
2015 304 20   6.9   7.5 20
2015 304 21   7.3   8.7 27
2015 304 22   7.4   8.8 27
2015 304 23   7.5   8.6 27
