2015 305  0   7.8   7.8 13
2015 305  1   8.1   7.4 13
2015 305  2   8.3   9.0 13
2015 305  3   8.4   9.7 33
2015 305  4   7.5  11.3 33
2015 305  5   7.5  13.8 33
2015 305  6   7.5  11.2 23
2015 305  7   8.0   9.8 23
2015 305  8   6.6  10.7 23
2015 305  9   6.1   9.5 23
2015 305 10   6.3   9.0 23
2015 305 11   6.0   8.5 23
2015 305 12   5.7   8.3 30
2015 305 13   5.3   9.3 30
2015 305 14   5.7   8.7 30
2015 305 15   5.6   8.6 17
2015 305 16   5.2   9.5 17
2015 305 17   6.1   7.8 17
2015 305 18   6.2   8.7 23
2015 305 19   4.2  14.5 23
2015 305 20   3.3  17.0 23
2015 305 21   5.3  12.7  7
2015 305 22   5.5  11.6  7
2015 305 23   4.1  15.9  7
2015 306  0   3.3  16.7  3
2015 306  1   4.6  13.8  3
2015 306  2   5.1  16.5  3
2015 306  3   5.3  13.2  0
2015 306  4   5.5  11.4  0
2015 306  5   5.5  10.1  0
2015 306  6   5.1  10.5  3
2015 306  7   4.7  10.7  3
2015 306  8   4.4   9.9  3
2015 306  9   4.8   9.8  3
2015 306 10   3.7  10.5  3
2015 306 11   4.8  10.5  3
2015 306 12   6.4  16.0 27
2015 306 13   6.4  16.5 27
2015 306 14   6.2  14.7 27
2015 306 15   5.6  14.4 23
2015 306 16   5.7  13.9 23
2015 306 17   5.8  12.8 23
2015 306 18   5.6  12.4  0
2015 306 19   5.5  12.2  0
2015 306 20   5.1  12.4  0
2015 306 21   4.2  13.7 13
2015 306 22   3.5  14.6 13
2015 306 23   3.2  20.4 13
2015 307  0   8.9  28.6 23
2015 307  1  10.2  39.4 23
2015 307  2   9.8  72.8 23
2015 307  3   8.1  78.9 33
2015 307  4   8.7  93.7 33
2015 307  5  12.7  93.4 33
2015 307  6  14.3 111.3 50
2015 307  7  21.4 137.2 50
2015 307  8  19.0  14.1 50
2015 307  9  20.3  14.7 47
2015 307 10  21.6  12.2 47
2015 307 11  16.3  12.8 47
2015 307 12   9.1   5.4 43
2015 307 13   9.5   5.7 43
2015 307 14  10.0   5.6 43
2015 307 15  10.5   5.9 43
2015 307 16  10.3   5.8 43
2015 307 17  11.0   5.6 43
2015 307 18  10.4   5.2 47
2015 307 19   7.6   3.4 47
2015 307 20   7.0   3.1 47
2015 307 21   6.8   3.3 33
2015 307 22   5.9   2.6 33
2015 307 23   5.4   2.5 33
2015 308  0   4.8   2.5 43
2015 308  1   4.7   2.6 43
2015 308  2   5.3   2.6 43
2015 308  3   6.1   3.2 53
2015 308  4   7.7   6.7 53
2015 308  5   8.9   5.8 53
2015 308  6   8.6   5.1 50
2015 308  7   8.0   5.0 50
2015 308  8   8.2   4.5 50
2015 308  9   8.3   3.7 43
2015 308 10   8.1   3.2 43
2015 308 11   8.4   3.2 43
2015 308 12   8.7   3.2 50
2015 308 13   8.7   3.3 50
2015 308 14   7.9   3.9 50
2015 308 15   7.3   6.3 27
2015 308 16   7.5   6.0 27
2015 308 17   7.3   6.5 27
2015 308 18   6.8   7.0 23
2015 308 19   6.5   9.2 23
2015 308 20   8.0   4.5 23
2015 308 21   8.2   3.7 20
2015 308 22   7.5   3.4 20
2015 308 23   7.1   3.1 20
2015 309  0   6.2   2.7 23
2015 309  1   5.6   2.3 23
2015 309  2   5.3   2.3 23
2015 309  3   5.3   2.3 17
2015 309  4   5.0   2.2 17
2015 309  5   5.0   2.1 17
2015 309  6   5.1   1.9 37
2015 309  7   4.9   2.2 37
2015 309  8   5.0   2.4 37
2015 309  9   5.2   2.7 33
2015 309 10   4.9   2.7 33
2015 309 11   4.9   2.9 33
2015 309 12   4.9   2.7 27
2015 309 13   5.1   3.2 27
2015 309 14   5.0   3.6 27
2015 309 15   4.6   3.7 40
2015 309 16   4.9   3.6 40
2015 309 17   5.2   3.3 40
2015 309 18   5.5   2.9 30
2015 309 19   6.0   1.8 30
2015 309 20   5.6   2.1 30
2015 309 21   5.3   2.2 30
2015 309 22   5.5   2.0 30
2015 309 23   5.7   2.2 30
2015 310  0   5.6   2.1 37
2015 310  1   5.6   2.0 37
2015 310  2   6.0   1.9 37
2015 310  3   6.5   1.5 20
2015 310  4   6.4   1.7 20
2015 310  5   6.2   1.7 20
2015 310  6   6.3   2.0 20
2015 310  7   6.5   2.3 20
2015 310  8   6.3   2.2 20
2015 310  9   6.4   2.4 23
2015 310 10   6.7   2.6 23
2015 310 11   6.6   2.5 23
2015 310 12   6.6   2.8 20
2015 310 13   6.5   3.2 20
2015 310 14   6.7   3.5 20
2015 310 15   6.8   3.1 13
2015 310 16   6.6   3.8 13
2015 310 17   7.1   3.1 13
2015 310 18  13.4   5.0 40
2015 310 19  17.7   5.5 40
2015 310 20  18.2   5.5 40
2015 310 21  19.1   7.8 43
2015 310 22  18.4   7.5 43
2015 310 23  17.1   6.7 43
2015 311  0  16.4   6.7 47
2015 311  1  16.4   6.5 47
2015 311  2  14.4   5.1 47
2015 311  3  14.6   4.1 60
2015 311  4  12.5   4.6 60
2015 311  5  10.7   4.4 60
2015 311  6   9.7   6.4 60
2015 311  7  10.6   3.5 60
2015 311  8  12.1   1.5 60
2015 311  9  12.8   1.5 47
2015 311 10  12.5   2.8 47
2015 311 11  12.7   2.4 47
2015 311 12  13.9   2.2 40
2015 311 13  15.4   1.6 40
2015 311 14  16.4   1.6 40
2015 311 15  17.4   1.5 33
2015 311 16  17.9   2.0 33
2015 311 17  18.7   2.1 33
2015 311 18  19.1   1.8 33
2015 311 19  19.4   2.3 33
2015 311 20  19.3   1.6 33
2015 311 21  18.4   1.5 10
2015 311 22  17.5   1.8 10
2015 311 23  16.6   2.2 10
2015 312  0  16.0   2.2 13
2015 312  1  15.4   1.8 13
2015 312  2  14.5   3.3 13
2015 312  3  13.8   3.4  7
2015 312  4  13.5   2.2  7
2015 312  5  12.7   2.3  7
2015 312  6  11.9   2.7  7
2015 312  7  11.2   2.5  7
2015 312  8  10.7   2.8  7
2015 312  9  10.7   2.7 20
2015 312 10  10.7   2.3 20
2015 312 11  10.2   2.7 20
2015 312 12   9.8   2.2 33
2015 312 13   9.8   3.0 33
2015 312 14   9.9   3.0 33
2015 312 15   9.8   2.3 30
2015 312 16   9.4   1.4 30
2015 312 17   8.6   2.3 30
2015 312 18   7.2   3.1 43
2015 312 19   6.3   3.3 43
2015 312 20   5.8   3.7 43
2015 312 21   5.4   3.6 40
2015 312 22   5.4   3.2 40
2015 312 23   4.9   3.5 40
2015 313  0   5.1   3.5 40
2015 313  1   4.6   2.6 40
2015 313  2   5.0   2.5 40
2015 313  3   5.4   3.6 37
2015 313  4   6.0   3.6 37
2015 313  5   6.0   4.1 37
2015 313  6   6.3   4.2 40
2015 313  7   6.8   4.1 40
2015 313  8   6.6   4.3 40
2015 313  9   6.8   4.2 37
2015 313 10   6.6   5.0 37
2015 313 11   7.2   5.1 37
2015 313 12   6.6   5.9 30
2015 313 13   6.5   6.5 30
2015 313 14   7.3   5.6 30
2015 313 15   8.2   5.2 37
2015 313 16   8.7   4.8 37
2015 313 17  10.7   3.0 37
2015 313 18  11.3   3.0 40
2015 313 19  11.4   3.3 40
2015 313 20  11.8   4.2 40
2015 313 21  11.4   4.0 47
2015 313 22  11.2   4.2 47
2015 313 23  11.2   4.0 47
2015 314  0   9.8   5.6 43
2015 314  1   9.6   5.0 43
2015 314  2   9.5   4.9 43
2015 314  3   9.4   5.0 40
2015 314  4   9.2   4.1 40
2015 314  5   9.7   4.1 40
2015 314  6   9.4   4.0 50
2015 314  7   8.9   3.4 50
2015 314  8   7.7   3.2 50
2015 314  9   7.5   3.0 53
2015 314 10   7.6   3.3 53
2015 314 11   7.5   3.1 53
2015 314 12   6.5   2.7 53
2015 314 13   6.1   2.7 53
2015 314 14   5.9   2.4 53
2015 314 15   5.3   2.6 43
2015 314 16   5.2   2.4 43
2015 314 17   5.0   2.2 43
2015 314 18   5.5   1.7 37
2015 314 19   6.2   1.9 37
2015 314 20   5.7   2.3 37
2015 314 21   5.3   2.4 37
2015 314 22   5.0   2.6 37
2015 314 23   5.2   2.9 37
2015 315  0   4.8   2.8 47
2015 315  1   5.1   2.7 47
2015 315  2   5.1   2.5 47
2015 315  3   5.1   2.1 30
2015 315  4   4.4   2.1 30
2015 315  5   4.3   2.1 30
2015 315  6   3.7   2.0 40
2015 315  7   3.7   2.0 40
2015 315  8   4.2   2.0 40
2015 315  9   4.1   2.1 30
2015 315 10   3.4   2.2 30
2015 315 11   3.4   2.1 30
2015 315 12   3.4   2.0 37
2015 315 13   3.5   2.0 37
2015 315 14   3.4   2.2 37
2015 315 15   3.4   2.0 43
2015 315 16   3.3   2.0 43
2015 315 17   3.3   1.6 43
2015 315 18   3.8   1.3 37
2015 315 19   3.9   1.4 37
2015 315 20   3.8   1.5 37
2015 315 21   3.4   1.3 13
2015 315 22   3.3   1.2 13
2015 315 23   3.2   0.9 13
2015 316  0   3.1   0.9 10
2015 316  1   3.0   1.0 10
2015 316  2   2.9   1.5 10
2015 316  3   2.7   1.7  3
2015 316  4   2.6   1.8  3
2015 316  5   2.8   1.7  3
2015 316  6   2.9   1.8 13
2015 316  7   3.1   1.7 13
2015 316  8   3.2   2.2 13
2015 316  9   3.0   2.4 17
2015 316 10   2.3   1.8 17
2015 316 11   2.1   1.5 17
2015 316 12   2.2   1.5  7
2015 316 13   1.4   1.9  7
2015 316 14   1.5   2.0  7
2015 316 15   1.7   2.0 10
2015 316 16   1.9   2.1 10
2015 316 17   2.0   2.4 10
2015 316 18   2.7   2.9  7
2015 316 19   3.1   2.9  7
2015 316 20   3.5   2.5  7
2015 316 21   3.4   3.0 10
2015 316 22   3.7   3.1 10
2015 316 23   3.8   3.3 10
2015 317  0   3.9   3.5 17
2015 317  1   3.5   4.0 17
2015 317  2   3.7   3.9 17
2015 317  3   3.3   4.4 13
2015 317  4   3.2   4.6 13
2015 317  5   3.2   4.8 13
2015 317  6   3.1   4.5 10
2015 317  7   3.0   5.2 10
2015 317  8   3.0   6.5 10
2015 317  9   4.8   9.5 23
2015 317 10   6.0  13.5 23
2015 317 11   6.9  17.6 23
2015 317 12   8.4  24.8 30
2015 317 13   8.6  25.8 30
2015 317 14   9.8  18.9 30
2015 317 15   9.9  12.8 37
2015 317 16   9.6  10.4 37
2015 317 17   9.6   9.3 37
2015 317 18   8.4   7.7 37
2015 317 19   7.6   7.1 37
2015 317 20   6.5   7.4 37
2015 317 21   7.2   6.6 37
2015 317 22   5.9   6.3 37
2015 317 23   5.4   6.3 37
2015 318  0   6.0   5.9 30
2015 318  1   5.9   5.0 30
2015 318  2   5.0   4.7 30
2015 318  3   5.7   4.3 23
2015 318  4   5.9   3.9 23
2015 318  5   5.7   4.0 23
2015 318  6   5.7   3.9 20
2015 318  7   5.1   3.7 20
2015 318  8   4.7   3.5 20
2015 318  9   4.2   3.3 20
2015 318 10   4.0   3.2 20
2015 318 11   4.3   3.3 20
2015 318 12   4.8   4.2 20
2015 318 13   4.2   5.7 20
2015 318 14   3.1   5.6 20
2015 318 15   4.4   4.4 13
2015 318 16   3.8   4.5 13
2015 318 17   3.9   4.4 13
2015 318 18   3.5   5.4 13
2015 318 19   3.3   5.7 13
2015 318 20   3.6   6.8 13
2015 318 21   4.6   9.2 23
2015 318 22   4.8   9.4 23
2015 318 23   5.8   7.4 23
2015 319  0   6.2   6.8 20
2015 319  1   5.7   6.4 20
2015 319  2   5.8   7.0 20
2015 319  3   5.4   6.1 23
2015 319  4   4.9   5.8 23
2015 319  5   4.5   6.8 23
2015 319  6   4.4   6.1 13
2015 319  7   4.4   5.0 13
2015 319  8   4.7   6.2 13
2015 319  9   5.7   8.4 20
2015 319 10   6.2  10.1 20
2015 319 11   6.4   9.8 20
2015 319 12   6.7   9.7 13
2015 319 13   7.5   9.1 13
2015 319 14   7.1  10.1 13
2015 319 15   7.1  10.8 13
2015 319 16   8.4  10.2 13
2015 319 17   9.1   7.3 13
2015 319 18   9.0   6.1 20
2015 319 19   8.4   7.0 20
2015 319 20   7.7   7.7 20
2015 319 21   7.8   6.4 30
2015 319 22   7.6   5.8 30
2015 319 23   7.5   5.1 30
2015 320  0   7.5   4.7 33
2015 320  1   7.4   4.9 33
2015 320  2   7.3   5.3 33
2015 320  3   7.5   5.8 27
2015 320  4   8.0   6.0 27
2015 320  5   7.6   6.2 27
2015 320  6   7.6   7.3 23
2015 320  7   7.0   8.2 23
2015 320  8   6.9   7.2 23
2015 320  9   7.3   8.0 23
2015 320 10   7.6   7.6 23
2015 320 11   7.1   9.2 23
2015 320 12   7.8   6.0 30
2015 320 13   7.7   6.0 30
2015 320 14   7.2   6.2 30
2015 320 15   6.5   7.7 27
2015 320 16   6.5   6.9 27
2015 320 17   7.0   6.1 27
2015 320 18   6.8   6.5 23
2015 320 19   6.8   7.5 23
2015 320 20   6.5   7.2 23
2015 320 21   6.5   6.3 27
2015 320 22   6.9   5.6 27
2015 320 23   6.2   6.0 27
2015 321  0   6.7   5.3 17
2015 321  1   6.2   6.2 17
2015 321  2   5.3   8.3 17
2015 321  3   5.4   8.2 30
2015 321  4   6.2   6.8 30
2015 321  5   6.7   5.7 30
2015 321  6   6.8   6.1 10
2015 321  7   6.5   7.3 10
2015 321  8   6.6   7.0 10
2015 321  9   6.1   8.5 13
2015 321 10   5.9  10.1 13
2015 321 11   6.1  10.3 13
2015 321 12   5.5  10.9  7
2015 321 13   6.8   8.0  7
2015 321 14   6.4   8.7  7
2015 321 15   5.6  10.1 27
2015 321 16   6.1  10.1 27
2015 321 17   6.2  10.3 27
2015 321 18   6.2  10.0 27
2015 321 19   5.3  12.2 27
2015 321 20   5.6  10.2 27
2015 321 21   4.8  12.0 17
2015 321 22   5.0  12.0 17
2015 321 23   5.9   9.3 17
2015 322  0   6.2   6.9  7
2015 322  1   6.8   6.9  7
2015 322  2   6.5   9.1  7
2015 322  3   6.6   9.0 27
2015 322  4   6.3   8.8 27
2015 322  5   6.1   9.3 27
2015 322  6   6.0   9.8 17
2015 322  7   5.6  10.3 17
2015 322  8   7.0   7.8 17
2015 322  9   7.5   7.4 23
2015 322 10   8.1   7.6 23
2015 322 11   7.6   8.1 23
2015 322 12   7.2   7.8 20
2015 322 13   7.5   7.2 20
2015 322 14   7.4   6.8 20
2015 322 15   7.0   6.9 30
2015 322 16   6.8   5.8 30
2015 322 17   7.1   6.7 30
2015 322 18   7.7   7.6 37
2015 322 19   6.8   8.8 37
2015 322 20  11.4  12.9 37
2015 322 21  12.7  14.2 50
2015 322 22  12.4  14.5 50
2015 322 23   9.6  13.9 50
2015 323  0   6.9  14.9 37
2015 323  1   7.1  15.0 37
2015 323  2   6.5  13.6 37
2015 323  3   6.6  11.5 20
2015 323  4   5.4  10.5 20
2015 323  5   4.4   8.9 20
2015 323  6   5.7   7.9 17
2015 323  7   5.1   8.3 17
2015 323  8   4.5   8.4 17
2015 323  9   4.2   8.1 30
2015 323 10   3.6   7.6 30
2015 323 11   4.0   7.3 30
2015 323 12   3.8   7.7 17
2015 323 13   4.2   8.5 17
2015 323 14   4.7   8.8 17
2015 323 15   5.4   8.6  3
2015 323 16   5.2   8.2  3
2015 323 17   5.2   8.1  3
2015 323 18   5.8   8.8 10
2015 323 19   5.6   8.9 10
2015 323 20   5.6   7.9 10
2015 323 21   6.2   7.4  3
2015 323 22   6.0   8.4  3
2015 323 23   6.2   7.5  3
2015 324  0   5.7   9.3  3
2015 324  1   4.6  11.8  3
2015 324  2   4.1  12.5  3
2015 324  3   5.9  10.6 10
2015 324  4   7.2   6.9 10
2015 324  5   5.8   8.9 10
2015 324  6   6.5  11.0 23
2015 324  7   5.9  21.9 23
2015 324  8   6.5  12.6 23
2015 324  9   6.4  11.8 23
2015 324 10   6.5   9.2 23
2015 324 11   6.5   7.3 23
2015 324 12   6.6   8.2  3
2015 324 13   6.4   8.3  3
2015 324 14   6.3   9.4  3
2015 324 15   6.4   8.3  0
2015 324 16   6.7   8.5  0
2015 324 17   6.7   8.9  0
2015 324 18   7.8  10.4  0
2015 324 19   8.3  12.3  0
2015 324 20   9.2  12.0  0
2015 324 21   9.3  11.3 10
2015 324 22   9.0   8.9 10
2015 324 23   7.9   8.9 10
2015 325  0   8.0   6.4 20
2015 325  1   7.1   4.6 20
2015 325  2   6.6   4.8 20
2015 325  3   5.4   6.7 10
2015 325  4   4.7   6.4 10
2015 325  5   4.7   6.5 10
2015 325  6   4.9   6.5  3
2015 325  7   4.8   6.5  3
2015 325  8   4.7   6.7  3
2015 325  9   5.1   6.2  3
2015 325 10   5.2   6.4  3
2015 325 11   5.2   6.1  3
2015 325 12   5.3   5.7  0
2015 325 13   5.1   5.7  0
2015 325 14   4.8   6.4  0
2015 325 15   4.8   6.5  0
2015 325 16   5.2   6.5  0
2015 325 17   5.2   6.6  0
2015 325 18   5.1   6.8  3
2015 325 19   5.1   7.0  3
2015 325 20   5.2   7.0  3
2015 325 21   5.3   7.0  3
2015 325 22   5.3   7.0  3
2015 325 23   5.4   6.6  3
2015 326  0   5.2   6.4  7
2015 326  1   5.2   6.0  7
2015 326  2   4.9   5.9  7
2015 326  3   4.5   6.5  7
2015 326  4   4.5   6.4  7
2015 326  5   4.4   6.2  7
2015 326  6   4.4   6.6  7
2015 326  7   4.5   6.9  7
2015 326  8   3.9   6.4  7
2015 326  9   3.8   6.5  0
2015 326 10   3.9   6.3  0
2015 326 11   4.1   5.9  0
2015 326 12   4.1   5.9  0
2015 326 13   4.1   5.4  0
2015 326 14   3.9   5.6  0
2015 326 15   4.0   5.9  3
2015 326 16   4.1   6.2  3
2015 326 17   4.3   6.4  3
2015 326 18   4.2   6.6  3
2015 326 19   4.2   6.4  3
2015 326 20   4.5   5.9  3
2015 326 21   4.1   6.5  0
2015 326 22   4.5   6.8  0
2015 326 23   4.5   6.8  0
2015 327  0   4.5   6.7  0
2015 327  1   4.4   6.5  0
2015 327  2   4.4   6.0  0
2015 327  3   3.6   6.2  0
2015 327  4   3.7   5.9  0
2015 327  5   3.8   6.2  0
2015 327  6   4.3   6.2  7
2015 327  7   4.5   6.2  7
2015 327  8   4.4   6.4  7
2015 327  9   4.2   6.2  0
2015 327 10   3.8   6.1  0
2015 327 11   3.3   6.1  0
2015 327 12   3.9   6.1  7
2015 327 13   3.5   6.1  7
2015 327 14   2.6   5.8  7
2015 327 15   3.2   5.6  0
2015 327 16   3.5   5.6  0
2015 327 17   3.6   5.4  0
2015 327 18   3.6   5.4  3
2015 327 19   3.9   5.4  3
2015 327 20   3.9   5.5  3
2015 327 21   3.8   5.5  3
2015 327 22   3.5   5.3  3
2015 327 23   3.7   5.0  3
2015 328  0   3.7   4.7  0
2015 328  1   3.7   5.4  0
2015 328  2   3.7   5.5  0
2015 328  3   3.8   5.1  0
2015 328  4   3.9   4.8  0
2015 328  5   4.0   4.8  0
2015 328  6   4.0   5.0  0
2015 328  7   3.8   5.6  0
2015 328  8   3.8   5.6  0
2015 328  9   3.9   5.7  0
2015 328 10   3.9   6.0  0
2015 328 11   3.8   6.0  0
2015 328 12   3.9   6.1  0
2015 328 13   3.9   5.9  0
2015 328 14   4.0   6.0  0
2015 328 15   4.0   6.1  0
2015 328 16   4.2   6.1  0
2015 328 17   4.1   6.4  0
2015 328 18   3.9   6.5  0
2015 328 19   4.0   5.9  0
2015 328 20   3.4   7.0  0
2015 328 21   3.2   7.4  0
2015 328 22   3.2   7.8  0
2015 328 23   3.3   7.6  0
2015 329  0   3.4   7.9  0
2015 329  1   3.5   7.6  0
2015 329  2   3.4   7.9  0
2015 329  3   3.4   8.1  0
2015 329  4   3.4   8.5  0
2015 329  5   3.3   8.9  0
2015 329  6   3.4   9.2  0
2015 329  7   3.5   9.8  0
2015 329  8   3.8  10.7  0
2015 329  9   3.7  11.0  0
2015 329 10   3.5  10.9  0
2015 329 11   3.7  10.7  0
2015 329 12   4.0  11.7  0
2015 329 13   3.8  12.3  0
2015 329 14   3.1  12.1  0
2015 329 15   3.7  10.9  0
2015 329 16   4.0  11.0  0
2015 329 17   3.6  11.8  0
2015 329 18   4.2  10.9  0
2015 329 19   4.2  10.6  0
2015 329 20   4.6  10.2  0
2015 329 21   3.2  12.6  0
2015 329 22   3.3  13.0  0
2015 329 23   3.3  13.1  0
2015 330  0   3.3  13.1  0
2015 330  1   2.8  13.9  0
2015 330  2   2.3  14.3  0
2015 330  3   2.4  14.4  0
2015 330  4   2.4  14.0  0
2015 330  5   4.1  11.3  0
2015 330  6   3.3  11.9  0
2015 330  7   3.2  11.2  0
2015 330  8   3.7  11.1  0
2015 330  9   3.6  11.3  0
2015 330 10   4.2  10.9  0
2015 330 11   3.7  12.5  0
2015 330 12   3.7  13.0  0
2015 330 13   3.4  13.9  0
2015 330 14   3.1  15.7  0
2015 330 15   4.9  13.5  3
2015 330 16   5.4  13.6  3
2015 330 17   5.6  13.5  3
2015 330 18   5.6  13.9 13
2015 330 19   6.3  13.3 13
2015 330 20   6.6  16.2 13
2015 330 21   7.5  16.8 10
2015 330 22   7.5  16.9 10
2015 330 23   6.9  18.6 10
2015 331  0   7.1  17.6 23
2015 331  1   8.0  15.8 23
2015 331  2   7.4  17.0 23
2015 331  3   8.0  17.4 30
2015 331  4   7.8  19.6 30
2015 331  5   8.2  18.1 30
2015 331  6   5.8  19.7 17
2015 331  7   6.9  20.7 17
2015 331  8   8.3  17.4 17
2015 331  9   8.6  16.8 13
2015 331 10   7.4  21.4 13
2015 331 11   4.5  31.1 13
2015 331 12   5.6  28.7 10
2015 331 13   7.6  24.4 10
2015 331 14   8.3  21.5 10
2015 331 15   8.9  20.0 10
2015 331 16   8.8  18.9 10
2015 331 17   9.5  18.1 10
2015 331 18  10.1  12.3  7
2015 331 19   9.6  12.6  7
2015 331 20   9.4  12.5  7
2015 331 21   9.6  12.8 13
2015 331 22   9.7  13.3 13
2015 331 23   9.8  13.4 13
2015 332  0   9.8  13.5 10
2015 332  1   9.8  14.8 10
2015 332  2   9.9  15.4 10
2015 332  3  11.6  14.8 10
2015 332  4  12.5  15.8 10
2015 332  5  12.4  16.3 10
2015 332  6  12.0  15.7  7
2015 332  7  11.7  18.1  7
2015 332  8  11.4  18.9  7
2015 332  9  11.6  18.2 13
2015 332 10  11.9  19.7 13
2015 332 11  12.3  21.8 13
2015 332 12  12.5  21.8 23
2015 332 13  11.5  21.6 23
2015 332 14  10.6  23.2 23
2015 332 15  10.2  25.1 10
2015 332 16   9.5  26.4 10
2015 332 17  10.1  26.1 10
2015 332 18  10.5  23.8 23
2015 332 19   9.3  26.0 23
2015 332 20  10.2  26.8 23
2015 332 21  11.7  26.6 27
2015 332 22  12.5  15.7 27
2015 332 23  10.9  12.0 27
2015 333  0  10.5  12.1 10
2015 333  1  10.1  13.5 10
2015 333  2  10.1  12.2 10
2015 333  3  10.2  10.9 10
2015 333  4  10.3   9.9 10
2015 333  5  13.2  12.2 10
2015 333  6  15.1  11.3 17
2015 333  7  14.4  10.6 17
2015 333  8  12.5  10.6 17
2015 333  9  11.2  11.6 17
2015 333 10   9.5  15.9 17
2015 333 11   7.3  18.2 17
2015 333 12   7.2  18.1 20
2015 333 13   7.6  17.0 20
2015 333 14   7.1  15.7 20
2015 333 15   9.0  12.0 17
2015 333 16   9.8  10.6 17
2015 333 17   9.4  11.3 17
2015 333 18   9.6  13.5 30
2015 333 19   9.0  20.1 30
2015 333 20   9.7  16.9 30
2015 333 21  10.1  16.1 30
2015 333 22   9.2  15.8 30
2015 333 23   8.8  19.1 30
2015 334  0   7.8  18.7 30
2015 334  1   6.8  15.6 30
2015 334  2   3.9  20.1 30
2015 334  3   4.9  20.0 33
2015 334  4   4.9  21.8 33
2015 334  5   5.8  26.6 33
2015 334  6   9.0  30.0 50
2015 334  7   9.1  31.0 50
2015 334  8  11.9  15.1 50
2015 334  9  10.5  10.9 37
2015 334 10   9.1   8.1 37
2015 334 11   8.2   5.9 37
2015 334 12   6.6   4.1 23
2015 334 13   5.6   2.9 23
2015 334 14   5.2   3.0 23
2015 334 15   4.4   3.7 17
2015 334 16   4.0   4.3 17
2015 334 17   4.4   4.1 17
2015 334 18   5.2   5.1 23
2015 334 19   5.7   3.6 23
2015 334 20   4.4   3.3 23
2015 334 21   4.1   3.6 23
2015 334 22   5.6   5.1 23
2015 334 23   4.7   6.3 23
2015 335  0   4.6   4.2 23
2015 335  1   4.5   4.7 23
2015 335  2   5.3   4.0 23
2015 335  3   4.7   5.1 30
2015 335  4   3.6   3.8 30
2015 335  5   3.4   3.4 30
2015 335  6   4.0   3.8 10
2015 335  7   4.5   4.8 10
2015 335  8   6.5   7.3 10
2015 335  9   5.9   6.6 20
2015 335 10   7.4   5.6 20
2015 335 11   7.4   4.0 20
2015 335 12   5.5   3.0 30
2015 335 13   4.9   3.4 30
2015 335 14   5.9   3.5 30
2015 335 15   6.3   3.1 37
2015 335 16   5.2   4.4 37
2015 335 17   4.8   5.0 37
2015 335 18   5.5   5.5 27
2015 335 19   8.2   3.6 27
2015 335 20   8.8   3.4 27
2015 335 21   7.6   3.8 37
2015 335 22   7.6   4.0 37
2015 335 23   7.6   3.9 37
2015 336  0   7.6   3.4 20
2015 336  1   6.8   3.9 20
2015 336  2   6.0   5.4 20
2015 336  3   5.9   3.3 20
2015 336  4   5.4   3.1 20
2015 336  5   5.4   2.7 20
2015 336  6   5.3   2.4 27
2015 336  7   5.4   2.4 27
2015 336  8   5.5   2.2 27
2015 336  9   5.6   1.9 13
2015 336 10   5.8   1.3 13
2015 336 11   5.8   1.0 13
2015 336 12   5.5   2.0 23
2015 336 13   5.8   1.7 23
2015 336 14   5.9   2.0 23
2015 336 15   5.8   1.9 23
2015 336 16   5.5   3.1 23
2015 336 17   5.6   3.2 23
2015 336 18   5.4   3.0 17
2015 336 19   5.6   3.0 17
2015 336 20   5.6   3.1 17
2015 336 21   5.7   3.5 17
2015 336 22   5.5   3.2 17
2015 336 23   5.3   3.1 17
2015 337  0   5.3   3.3 10
2015 337  1   5.3   3.0 10
2015 337  2   4.9   3.2 10
2015 337  3   4.3   3.1 13
2015 337  4   5.1   3.1 13
2015 337  5   5.3   2.7 13
2015 337  6   5.5   2.9 10
2015 337  7   5.7   3.4 10
2015 337  8   5.7   3.5 10
2015 337  9   5.5   3.1  3
2015 337 10   5.7   3.0  3
2015 337 11   5.7   3.4  3
2015 337 12   5.8   3.2  3
2015 337 13   5.7   3.5  3
2015 337 14   5.4   2.9  3
2015 337 15   5.5   2.8  3
2015 337 16   5.4   2.8  3
2015 337 17   5.5   2.4  3
2015 337 18   5.5   2.4 10
2015 337 19   5.8   2.8 10
2015 337 20   5.9   2.7 10
2015 337 21   5.7   2.8 13
2015 337 22   5.3   3.2 13
2015 337 23   5.5   3.1 13
2015 338  0   5.3   4.2 10
2015 338  1   5.3   4.4 10
2015 338  2   5.5   4.1 10
2015 338  3   5.2   5.5 23
2015 338  4   5.8   4.4 23
2015 338  5   6.3   4.5 23
2015 338  6   6.6   4.3 13
2015 338  7   6.5   4.1 13
2015 338  8   6.6   4.4 13
2015 338  9   6.6   4.5  3
2015 338 10   6.6   4.4  3
2015 338 11   6.4   4.0  3
2015 338 12   6.4   3.9  3
2015 338 13   6.5   4.4  3
2015 338 14   6.5   4.6  3
2015 338 15   6.4   4.4  7
2015 338 16   6.3   3.8  7
2015 338 17   6.5   3.2  7
2015 338 18   6.9   3.3  3
2015 338 19   7.1   3.5  3
2015 338 20   7.3   3.6  3
2015 338 21   7.1   3.5 17
2015 338 22   6.9   4.3 17
2015 338 23   7.3   4.6 17
2015 339  0   7.7   5.0 13
2015 339  1   7.7   6.0 13
2015 339  2   7.9   6.1 13
2015 339  3   8.1   7.1 13
2015 339  4   8.1   7.7 13
2015 339  5   8.9   7.4 13
2015 339  6   9.0   8.5 37
2015 339  7   9.2   8.5 37
2015 339  8   9.5   8.4 37
2015 339  9   7.7  12.6 37
2015 339 10   8.8   8.4 37
2015 339 11   9.6   7.8 37
2015 339 12   9.0   8.1 23
2015 339 13   9.0   9.1 23
2015 339 14   8.5   9.4 23
2015 339 15   8.0   8.9 33
2015 339 16   7.2   8.6 33
2015 339 17   7.0   8.9 33
2015 339 18   6.5   7.9 33
2015 339 19   7.5   5.9 33
2015 339 20   7.5   5.2 33
2015 339 21   7.1   5.7 30
2015 339 22   7.1   6.2 30
2015 339 23   7.4   6.2 30
2015 340  0   8.3   5.6 20
2015 340  1   7.3   7.7 20
2015 340  2   8.2   8.9 20
2015 340  3   7.9   9.2 40
2015 340  4   7.8   8.6 40
2015 340  5   6.1   6.5 40
2015 340  6   5.9   6.1 27
2015 340  7   6.4   6.1 27
2015 340  8   7.2   6.4 27
2015 340  9   9.4   5.4 43
2015 340 10   9.3   4.8 43
2015 340 11   9.6   5.7 43
2015 340 12   9.7   5.7 43
2015 340 13   9.4   6.1 43
2015 340 14   8.8   5.7 43
2015 340 15   8.6   4.8 37
2015 340 16   9.0   4.6 37
2015 340 17   7.9   3.9 37
2015 340 18   6.8   3.3 37
2015 340 19   6.4   2.8 37
2015 340 20   6.8   3.4 37
2015 340 21   7.3   3.6 37
2015 340 22   7.5   4.6 37
2015 340 23   8.4   5.0 37
2015 341  0   9.0   4.5 33
2015 341  1   9.0   4.8 33
2015 341  2  10.0   4.8 33
2015 341  3  10.4   3.7 37
2015 341  4  10.1   4.3 37
2015 341  5   9.8   5.6 37
2015 341  6   9.8   6.4 33
2015 341  7  10.2   7.6 33
2015 341  8  11.3   6.4 33
2015 341  9  10.8   7.1 33
2015 341 10  11.1   6.2 33
2015 341 11  11.9   6.4 33
2015 341 12  11.6   5.6 37
2015 341 13   8.0   3.7 37
2015 341 14   7.6   3.5 37
2015 341 15   6.9   2.7 37
2015 341 16   6.5   2.8 37
2015 341 17   5.7   2.6 37
2015 341 18   5.2   2.6 37
2015 341 19   5.3   2.2 37
2015 341 20   5.5   1.8 37
2015 341 21   5.4   2.2 23
2015 341 22   5.2   2.3 23
2015 341 23   5.1   2.2 23
2015 342  0   5.2   2.6 37
2015 342  1   5.5   2.2 37
2015 342  2   5.3   2.2 37
2015 342  3   5.0   2.2 27
2015 342  4   4.7   2.4 27
2015 342  5   4.8   2.2 27
2015 342  6   4.8   2.4 17
2015 342  7   4.8   2.2 17
2015 342  8   4.5   2.4 17
2015 342  9   4.5   2.1 27
2015 342 10   4.5   2.7 27
2015 342 11   4.9   2.3 27
2015 342 12   5.1   2.0 27
2015 342 13   4.8   2.3 27
2015 342 14   4.9   2.6 27
2015 342 15   4.3   2.2 13
2015 342 16   4.7   2.1 13
2015 342 17   4.9   2.5 13
2015 342 18   4.9   2.6 10
2015 342 19   4.7   2.6 10
2015 342 20   4.8   2.7 10
2015 342 21   4.7   2.6 23
2015 342 22   4.7   2.7 23
2015 342 23   4.8   2.7 23
2015 343  0   4.8   2.9 23
2015 343  1   4.8   3.3 23
2015 343  2   5.0   3.2 23
2015 343  3   4.6   3.4 27
2015 343  4   4.7   3.5 27
2015 343  5   4.8   3.8 27
2015 343  6   5.3   3.8  3
2015 343  7   5.2   4.0  3
2015 343  8   5.7   3.8  3
2015 343  9   5.4   4.1 10
2015 343 10   5.2   4.5 10
2015 343 11   4.8   4.6 10
2015 343 12   4.7   4.6 13
2015 343 13   4.5   4.7 13
2015 343 14   4.9   4.8 13
2015 343 15   5.3   5.0 23
2015 343 16   5.1   4.6 23
2015 343 17   5.3   5.2 23
2015 343 18   5.8   5.0 33
2015 343 19   6.1   4.7 33
2015 343 20   4.8   6.1 33
2015 343 21   6.0   5.9 17
2015 343 22   6.8   6.2 17
2015 343 23   7.2   7.6 17
2015 344  0   7.6   7.5 33
2015 344  1   6.8   9.1 33
2015 344  2   8.3   8.9 33
2015 344  3   7.7  11.2 50
2015 344  4   8.8  11.6 50
2015 344  5   9.3  10.7 50
2015 344  6   9.4   7.2 37
2015 344  7  10.4   6.2 37
2015 344  8   9.5   6.7 37
2015 344  9   7.0   7.3 33
2015 344 10   6.4   5.8 33
2015 344 11   5.9   4.2 33
2015 344 12   6.4   4.5 27
2015 344 13   6.8   3.8 27
2015 344 14   7.4   4.3 27
2015 344 15   7.8   4.8 37
2015 344 16   7.7   4.5 37
2015 344 17   7.3   4.6 37
2015 344 18   7.2   4.3 37
2015 344 19   6.8   4.1 37
2015 344 20   7.0   4.4 37
2015 344 21   7.2   4.2 40
2015 344 22   7.0   4.6 40
2015 344 23   6.0   4.0 40
2015 345  0   5.5   3.7 40
2015 345  1   5.3   3.9 40
2015 345  2   4.8   3.9 40
2015 345  3   5.1   3.8 30
2015 345  4   5.5   4.1 30
2015 345  5   6.2   4.3 30
2015 345  6   5.9   3.4 27
2015 345  7   6.0   3.5 27
2015 345  8   6.0   3.3 27
2015 345  9   5.7   3.5 33
2015 345 10   5.8   3.5 33
2015 345 11   5.7   3.9 33
2015 345 12   5.5   4.0 30
2015 345 13   5.8   4.1 30
2015 345 14   6.0   4.0 30
2015 345 15   6.0   3.9 43
2015 345 16   6.4   3.7 43
2015 345 17   6.0   4.0 43
2015 345 18   5.5   4.0 33
2015 345 19   5.4   3.9 33
2015 345 20   5.1   3.4 33
2015 345 21   5.0   3.3 30
2015 345 22   5.2   3.0 30
2015 345 23   5.7   3.1 30
2015 346  0   5.2   3.3 27
2015 346  1   5.2   3.0 27
2015 346  2   5.1   2.7 27
2015 346  3   5.0   2.5 33
2015 346  4   4.6   2.7 33
2015 346  5   4.2   2.7 33
2015 346  6   4.1   2.5 27
2015 346  7   3.9   2.2 27
2015 346  8   3.9   2.2 27
2015 346  9   3.7   2.0 17
2015 346 10   3.7   1.7 17
2015 346 11   3.8   1.7 17
2015 346 12   3.9   1.6 20
2015 346 13   3.4   1.9 20
2015 346 14   4.1   1.9 20
2015 346 15   4.3   2.0 23
2015 346 16   4.0   2.1 23
2015 346 17   3.6   2.1 23
2015 346 18   3.9   2.1 20
2015 346 19   3.9   2.0 20
2015 346 20   3.8   2.2 20
2015 346 21   3.7   2.3 20
2015 346 22   3.6   2.4 20
2015 346 23   4.1   2.4 20
2015 347  0   4.2   2.4 27
2015 347  1   4.1   2.3 27
2015 347  2   4.0   2.4 27
2015 347  3   4.0   2.3 27
2015 347  4   4.3   2.2 27
2015 347  5   4.2   2.5 27
2015 347  6   4.1   2.5 20
2015 347  7   3.8   2.5 20
2015 347  8   3.7   2.7 20
2015 347  9   3.9   2.6 20
2015 347 10   3.9   2.5 20
2015 347 11   4.0   2.5 20
2015 347 12   3.9   2.3 17
2015 347 13   3.7   2.1 17
2015 347 14   3.6   2.5 17
2015 347 15   3.5   2.6 10
2015 347 16   3.5   2.7 10
2015 347 17   3.3   2.7 10
2015 347 18   3.3   2.9  3
2015 347 19   3.1   2.9  3
2015 347 20   3.0   3.0  3
2015 347 21   2.9   3.1  7
2015 347 22   2.8   3.0  7
2015 347 23   3.3   2.6  7
2015 348  0   3.4   2.5 20
2015 348  1   3.2   2.8 20
2015 348  2   3.6   2.8 20
2015 348  3   3.6   2.6 20
2015 348  4   3.5   2.5 20
2015 348  5   3.7   2.4 20
2015 348  6   3.9   2.5  7
2015 348  7   3.5   2.7  7
2015 348  8   3.1   2.9  7
2015 348  9   2.9   3.8 10
2015 348 10   2.8   4.1 10
2015 348 11   2.9   4.8 10
2015 348 12   3.5   6.0 30
2015 348 13   6.6  10.2 30
2015 348 14   9.1  17.4 30
2015 348 15   8.1  32.2 43
2015 348 16  12.5  29.3 43
2015 348 17  13.8  23.6 43
2015 348 18  13.3  37.9 47
2015 348 19  13.8  11.0 47
2015 348 20  13.2  13.2 47
2015 348 21  11.2  12.1 53
2015 348 22   9.6   9.0 53
2015 348 23   9.2   8.2 53
2015 349  0   9.4   7.5 47
2015 349  1   8.6   7.5 47
2015 349  2   8.3   7.8 47
2015 349  3   8.0   7.2 37
2015 349  4   8.5   6.2 37
2015 349  5   8.4   7.4 37
2015 349  6   8.3   7.4 23
2015 349  7   7.6   6.1 23
2015 349  8   8.1   3.8 23
2015 349  9   7.8   3.1 17
2015 349 10   7.0   3.6 17
2015 349 11   6.5   3.1 17
2015 349 12   5.9   3.2 30
2015 349 13   6.1   3.1 30
2015 349 14   6.5   3.1 30
2015 349 15   5.8   3.6 33
2015 349 16   5.7   3.9 33
2015 349 17   6.3   4.0 33
2015 349 18   7.2   4.2 13
2015 349 19   7.8   4.1 13
2015 349 20   8.7   2.6 13
2015 349 21   8.8   1.9 27
2015 349 22   8.4   2.3 27
2015 349 23   8.2   2.3 27
2015 350  0   8.1   2.4 37
2015 350  1   7.4   1.9 37
2015 350  2   6.3   1.9 37
2015 350  3   5.5   2.1 30
2015 350  4   5.5   2.1 30
2015 350  5   5.4   2.1 30
2015 350  6   4.9   1.9  3
2015 350  7   4.7   1.5  3
2015 350  8   4.5   1.0  3
2015 350  9   4.4   0.8  3
2015 350 10   4.3   0.9  3
2015 350 11   4.4   1.0  3
2015 350 12   4.8   0.9  0
2015 350 13   4.8   0.8  0
2015 350 14   4.8   0.8  0
2015 350 15   4.8   0.8  3
2015 350 16   4.8   1.0  3
2015 350 17   5.0   0.8  3
2015 350 18   4.9   1.0  3
2015 350 19   4.4   1.8  3
2015 350 20   3.8   2.6  3
2015 350 21   4.3   2.4  3
2015 350 22   4.3   4.1  3
2015 350 23   4.3   4.3  3
2015 351  0   5.3   3.6  3
2015 351  1   5.5   3.2  3
2015 351  2   5.5   3.0  3
2015 351  3   5.3   4.1  3
2015 351  4   5.8   4.9  3
2015 351  5   5.5   6.1  3
2015 351  6   4.9   6.8  3
2015 351  7   5.6   5.0  3
2015 351  8   6.1   4.2  3
2015 351  9   4.1   3.8 10
2015 351 10   5.9   3.0 10
2015 351 11   6.0   2.3 10
2015 351 12   6.2   2.4 13
2015 351 13   6.5   3.4 13
2015 351 14   6.4   3.3 13
2015 351 15   6.8   2.9 20
2015 351 16   6.6   3.1 20
2015 351 17   6.6   3.2 20
2015 351 18   6.6   3.0 37
2015 351 19   6.6   3.5 37
2015 351 20   6.2   3.2 37
2015 351 21   5.8   3.8 20
2015 351 22   5.5   3.7 20
2015 351 23   5.7   2.9 20
2015 352  0   5.6   3.3 17
2015 352  1   5.3   3.8 17
2015 352  2   5.1   4.1 17
2015 352  3   5.3   4.3  7
2015 352  4   5.6   3.7  7
2015 352  5   5.6   3.3  7
2015 352  6   5.8   3.0 13
2015 352  7   3.6   4.4 13
2015 352  8   3.4   4.6 13
2015 352  9   4.1   4.6  7
2015 352 10   4.0   4.8  7
2015 352 11   4.3   4.9  7
2015 352 12   4.3   5.2  7
2015 352 13   4.7   4.3  7
2015 352 14   5.3   4.2  7
2015 352 15   5.4   4.4  7
2015 352 16   5.6   4.5  7
2015 352 17   5.5   4.3  7
2015 352 18   5.2   4.4  7
2015 352 19   5.2   4.1  7
2015 352 20   5.3   4.4  7
2015 352 21   5.2   4.6 27
2015 352 22   3.9   5.5 27
2015 352 23   3.8   5.1 27
2015 353  0   4.5   5.5 10
2015 353  1   3.8   5.3 10
2015 353  2   3.8   5.1 10
2015 353  3   3.2   4.7  7
2015 353  4   3.2   4.6  7
2015 353  5   3.7   4.0  7
2015 353  6   3.4   4.2  3
2015 353  7   3.1   4.4  3
2015 353  8   2.7   4.6  3
2015 353  9   3.6   4.7  7
2015 353 10   4.4   4.1  7
2015 353 11   4.6   4.0  7
2015 353 12   4.7   4.0 10
2015 353 13   4.5   5.0 10
2015 353 14   5.9   5.3 10
2015 353 15   5.5   6.2 33
2015 353 16   9.6  12.2 33
2015 353 17  14.1  18.5 33
2015 353 18   7.2  36.0 37
2015 353 19   6.1  39.3 37
2015 353 20   9.0  40.4 37
2015 353 21   7.5  44.6 40
2015 353 22   7.7  40.5 40
2015 353 23  11.1  37.4 40
2015 354  0  12.2  29.8 40
2015 354  1  15.3  21.5 40
2015 354  2  17.4  15.9 40
2015 354  3  16.9  27.7 60
2015 354  4  16.0  36.7 60
2015 354  5  15.7  30.9 60
2015 354  6  14.8  47.9 57
2015 354  7  14.6  49.8 57
2015 354  8  11.7  60.1 57
2015 354  9  10.6  62.7 43
2015 354 10   9.9  53.2 43
2015 354 11   7.6  60.2 43
2015 354 12   9.6  51.1 53
2015 354 13  11.9  36.8 53
2015 354 14  12.0  28.0 53
2015 354 15  15.1  13.4 63
2015 354 16  15.2  22.5 63
2015 354 17  14.2  22.7 63
2015 354 18  14.5  20.5 67
2015 354 19  15.8  14.9 67
2015 354 20  16.5  11.6 67
2015 354 21  17.8  10.6 63
2015 354 22  18.7   6.6 63
2015 354 23  19.5   1.8 63
2015 355  0  18.7   3.1 67
2015 355  1  18.3   3.3 67
2015 355  2  18.1   3.1 67
2015 355  3  17.6   3.7 60
2015 355  4  16.8   5.2 60
2015 355  5  15.6   6.9 60
2015 355  6  16.6   6.1 50
2015 355  7  16.4   5.6 50
2015 355  8  16.8   4.2 50
2015 355  9  16.9   4.5 37
2015 355 10  17.2   4.9 37
2015 355 11  17.5   2.8 37
2015 355 12  17.4   2.1 30
2015 355 13  15.9   4.1 30
2015 355 14  14.8   5.9 30
2015 355 15  14.5   7.0 23
2015 355 16  14.5   6.6 23
2015 355 17  14.2   5.5 23
2015 355 18  13.3   5.3 13
2015 355 19  12.8   4.1 13
2015 355 20  12.6   3.9 13
2015 355 21  11.3  12.8 30
2015 355 22  12.4  13.2 30
2015 355 23  10.8  16.4 30
2015 356  0   8.8  16.7 27
2015 356  1   8.1  14.3 27
2015 356  2   7.0  14.7 27
2015 356  3   5.8  13.1 20
2015 356  4   5.0  12.0 20
2015 356  5   8.0   8.9 20
2015 356  6   7.4  12.2 33
2015 356  7   7.9  12.0 33
2015 356  8   8.2   7.9 33
2015 356  9   8.5   8.5 43
2015 356 10   6.1  20.6 43
2015 356 11   8.4   7.1 43
2015 356 12   8.6   4.4 23
2015 356 13   7.8   4.6 23
2015 356 14   6.8   4.8 23
2015 356 15   6.9   5.2 10
2015 356 16   6.5   5.4 10
2015 356 17   6.7   5.5 10
2015 356 18   6.8   5.3 23
2015 356 19   6.5   5.1 23
2015 356 20   6.6   5.1 23
2015 356 21   7.0   4.8 23
2015 356 22   6.7   5.3 23
2015 356 23   6.6   5.4 23
2015 357  0   6.8   5.5 20
2015 357  1   6.9   5.5 20
2015 357  2   6.2   6.3 20
2015 357  3   5.5   6.5 23
2015 357  4   5.8   6.4 23
2015 357  5   6.9   6.4 23
2015 357  6   7.5   6.9 17
2015 357  7   7.6   7.0 17
2015 357  8   7.6   7.0 17
2015 357  9   7.4   7.2 20
2015 357 10   7.4   7.3 20
2015 357 11   7.2   7.1 20
2015 357 12   8.4   8.0 23
2015 357 13   9.7   7.3 23
2015 357 14   8.2   5.6 23
2015 357 15   8.0   5.0 20
2015 357 16   8.1   5.4 20
2015 357 17   8.1   7.4 20
2015 357 18   8.2   7.7 27
2015 357 19   9.0   7.3 27
2015 357 20   9.2   6.8 27
2015 357 21   8.4   8.1 33
2015 357 22   7.2   7.4 33
2015 357 23   7.5   7.6 33
2015 358  0   7.6   7.9 23
2015 358  1   7.8   6.8 23
2015 358  2   7.5   7.3 23
2015 358  3   8.2   7.5 27
2015 358  4   9.1   6.8 27
2015 358  5   9.3   7.1 27
2015 358  6   7.9   8.0 33
2015 358  7   8.2   8.7 33
2015 358  8   8.3   8.8 33
2015 358  9   8.5   8.5 17
2015 358 10   7.6   9.8 17
2015 358 11   6.8   9.6 17
2015 358 12   7.2   9.6 27
2015 358 13   7.4   9.5 27
2015 358 14   6.9   8.9 27
2015 358 15   7.4   8.0 20
2015 358 16   8.2   7.0 20
2015 358 17   8.2   6.1 20
2015 358 18   8.1   6.3 27
2015 358 19   8.3   6.3 27
2015 358 20   8.3   6.4 27
2015 358 21   7.9   6.0 23
2015 358 22   7.9   5.8 23
2015 358 23   7.6   5.3 23
2015 359  0   7.3   5.2 23
2015 359  1   6.8   4.8 23
2015 359  2   6.4   4.9 23
2015 359  3   6.0   4.8 20
2015 359  4   5.7   4.7 20
2015 359  5   5.7   4.1 20
2015 359  6   5.7   3.8 23
2015 359  7   6.3   5.0 23
2015 359  8   5.8   6.9 23
2015 359  9   5.4   6.5 20
2015 359 10   5.9   6.6 20
2015 359 11   5.4   6.5 20
2015 359 12   4.9   7.6 17
2015 359 13   6.6   9.0 17
2015 359 14   7.6   8.6 17
2015 359 15   7.9   7.9 17
2015 359 16   9.5   3.8 17
2015 359 17   9.8   4.4 17
2015 359 18   9.1   5.0 20
2015 359 19   8.7   5.5 20
2015 359 20   8.4   5.5 20
2015 359 21   8.5   5.6 17
2015 359 22   8.3   5.8 17
2015 359 23   8.6   5.6 17
2015 360  0   9.1   4.7 27
2015 360  1   9.0   4.6 27
2015 360  2   8.3   4.5 27
2015 360  3   7.2   4.3 20
2015 360  4   5.2   4.7 20
2015 360  5   5.9   4.8 20
2015 360  6   5.7   4.8 20
2015 360  7   5.6   4.7 20
2015 360  8   6.2   4.2 20
2015 360  9   6.6   4.0 23
2015 360 10   6.7   4.5 23
2015 360 11   5.8   4.5 23
2015 360 12   5.7   4.4 33
2015 360 13   5.2   4.7 33
2015 360 14   5.1   4.3 33
2015 360 15   5.4   4.4 30
2015 360 16   5.4   4.3 30
2015 360 17   5.7   5.7 30
2015 360 18   7.1   6.7 23
2015 360 19   7.6   6.8 23
2015 360 20   7.4   5.8 23
2015 360 21   7.4   5.5 43
2015 360 22   7.3   5.5 43
2015 360 23   7.3   5.0 43
2015 361  0   7.1   4.1 27
2015 361  1   6.9   4.4 27
2015 361  2   7.3   3.5 27
2015 361  3   7.3   2.9 20
2015 361  4   7.0   3.0 20
2015 361  5   7.1   3.2 20
2015 361  6   7.0   3.0 23
2015 361  7   6.6   2.9 23
2015 361  8   5.9   3.0 23
2015 361  9   5.9   3.1 23
2015 361 10   5.8   2.8 23
2015 361 11   5.7   2.7 23
2015 361 12   6.2   3.9 30
2015 361 13   3.9   8.0 30
2015 361 14   4.2   8.2 30
2015 361 15   3.8   7.2 23
2015 361 16   3.1   8.1 23
2015 361 17   3.7   6.8 23
2015 361 18   3.5   7.4 20
2015 361 19   3.5   8.1 20
2015 361 20   3.8   9.9 20
2015 361 21   3.8   9.4 20
2015 361 22   3.1  10.5 20
2015 361 23   2.4   9.1 20
2015 362  0   4.0   5.4 13
2015 362  1   3.6   6.0 13
2015 362  2   2.7   9.0 13
2015 362  3   2.8   9.9  7
2015 362  4   2.9   8.8  7
2015 362  5   2.9   8.3  7
2015 362  6   2.8   7.1 13
2015 362  7   3.1   6.4 13
2015 362  8   3.3   6.9 13
2015 362  9   3.3   7.3 20
2015 362 10   2.6   9.2 20
2015 362 11   3.0   8.0 20
2015 362 12   3.7   6.5 17
2015 362 13   2.4   5.6 17
2015 362 14   2.4   5.5 17
2015 362 15   2.3   4.7  7
2015 362 16   2.8   4.1  7
2015 362 17   3.2   4.6  7
2015 362 18   3.2   4.8  3
2015 362 19   3.2   4.8  3
2015 362 20   2.8   5.7  3
2015 362 21   3.5   6.8 13
2015 362 22   4.9   9.1 13
2015 362 23   5.6   8.9 13
2015 363  0   5.6   6.5 23
2015 363  1   4.7   7.2 23
2015 363  2   4.7   6.6 23
2015 363  3   5.7   4.3  7
2015 363  4   5.6   4.6  7
2015 363  5   5.3   4.4  7
2015 363  6   5.5   4.9  3
2015 363  7   5.4   5.3  3
2015 363  8   4.7   5.8  3
2015 363  9   4.9   5.5  7
2015 363 10   4.4   7.0  7
2015 363 11   5.1   7.4  7
2015 363 12   4.7   7.1 20
2015 363 13   5.1   6.7 20
2015 363 14   4.6   6.7 20
2015 363 15   4.3   7.0 17
2015 363 16   4.1   6.6 17
2015 363 17   3.7   6.1 17
2015 363 18   4.2   6.3 20
2015 363 19   4.6   6.0 20
2015 363 20   4.8   6.4 20
2015 363 21   4.8   6.1 23
2015 363 22   4.3   5.7 23
2015 363 23   4.7   5.1 23
2015 364  0   4.7   5.2  0
2015 364  1   4.9   5.3  0
2015 364  2   4.1   5.9  0
2015 364  3   2.8   7.7  0
2015 364  4   3.8   7.8  0
2015 364  5   4.1   8.2  0
2015 364  6   4.4   7.7  3
2015 364  7   4.6   8.0  3
2015 364  8   4.4   8.8  3
2015 364  9   4.2   8.9  7
2015 364 10   3.6   9.3  7
2015 364 11   4.3   8.9  7
2015 364 12   4.5   8.4 10
2015 364 13   5.0   7.9 10
2015 364 14   4.9   7.5 10
2015 364 15   4.7   7.0  7
2015 364 16   4.6   6.5  7
2015 364 17   4.8   6.8  7
2015 364 18   4.7   7.2  7
2015 364 19   4.9   6.9  7
2015 364 20   5.1   6.8  7
2015 364 21   5.2   6.7 13
2015 364 22   5.6   6.7 13
2015 364 23   5.5   6.8 13
2015 365  0   5.5   7.0 33
2015 365  1  10.9   9.6 33
2015 365  2  11.3  13.4 33
2015 365  3   9.6  14.7 30
2015 365  4   9.5  12.6 30
2015 365  5  12.0  11.7 30
2015 365  6  11.2  13.4 37
2015 365  7  11.7  12.5 37
2015 365  8  13.3  11.3 37
2015 365  9  12.8  13.1 40
2015 365 10  12.5  19.3 40
2015 365 11  13.2  25.5 40
2015 365 12  13.7  23.5 53
2015 365 13  12.5  22.0 53
2015 365 14  13.7  24.1 53
2015 365 15  14.0  22.9 40
2015 365 16  14.0  19.7 40
2015 365 17  12.2  15.4 40
2015 365 18  12.8  15.0 50
2015 365 19  15.7   6.3 50
2015 365 20  16.9   2.9 50
2015 365 21  16.4   2.9 57
2015 365 22  16.0   1.9 57
2015 365 23  15.5   2.5 57
2016   1  0  15.0   2.0 60
2016   1  1  14.6   0.8 60
2016   1  2  13.9   1.1 60
2016   1  3  13.5   1.7 53
2016   1  4  13.1   0.9 53
2016   1  5  12.0   1.7 53
2016   1  6  10.1   2.6 50
2016   1  7  10.9   1.4 50
2016   1  8  10.1   1.8 50
2016   1  9  10.0   1.0 33
2016   1 10  10.2   0.6 33
2016   1 11   9.5   0.9 33
2016   1 12   9.2   1.6 17
2016   1 13   9.6   1.2 17
2016   1 14   9.1   1.0 17
2016   1 15   9.1   1.6 10
2016   1 16   8.9   1.8 10
2016   1 17   8.2   1.8 10
2016   1 18   8.0   1.7 20
2016   1 19   7.2   3.3 20
2016   1 20   5.6   6.9 20
2016   1 21   4.9   8.8 17
2016   1 22   5.4   6.9 17
2016   1 23   7.8   3.5 17
2016   2  0   6.8   5.9 30
2016   2  1   4.3  11.4 30
2016   2  2   9.8   1.8 30
2016   2  3   9.6   1.6 23
2016   2  4   9.2   2.6 23
2016   2  5   8.7   4.2 23
2016   2  6   7.4   8.0 30
2016   2  7   6.3   7.7 30
2016   2  8   5.6   8.5 30
2016   2  9   5.8   9.7 23
2016   2 10   4.9  11.0 23
2016   2 11   3.4   8.5 23
2016   2 12   5.5   7.6 23
2016   2 13   4.5   7.0 23
2016   2 14   4.5   7.0 23
2016   2 15   5.5   6.1 17
2016   2 16   5.6   5.9 17
2016   2 17   5.8   5.5 17
2016   2 18   5.8   5.7 17
2016   2 19   5.7   5.4 17
2016   2 20   5.8   5.5 17
2016   2 21   6.2   6.0 13
2016   2 22   6.7   5.9 13
2016   2 23   6.6   5.7 13
2016   3  0   6.6   6.1  3
2016   3  1   7.4   6.3  3
2016   3  2   7.3   6.9  3
2016   3  3   8.1   6.4 17
2016   3  4   8.2   5.2 17
2016   3  5   6.9   5.3 17
2016   3  6   6.8   4.9 20
2016   3  7   6.5   4.7 20
2016   3  8   6.2   4.2 20
2016   3  9   6.0   4.0  7
2016   3 10   5.9   3.8  7
2016   3 11   6.0   4.1  7
2016   3 12   6.0   4.0 13
2016   3 13   5.3   4.1 13
2016   3 14   4.7   4.8 13
2016   3 15   4.8   5.4 23
2016   3 16   4.6   5.8 23
2016   3 17   4.2   5.4 23
2016   3 18   4.5   4.9 17
2016   3 19   4.5   4.6 17
2016   3 20   4.3   4.3 17
2016   3 21   3.6   4.4 27
2016   3 22   4.7   2.6 27
2016   3 23   4.8   2.4 27
2016   4  0   4.7   2.3  3
2016   4  1   4.3   2.8  3
2016   4  2   4.0   2.8  3
2016   4  3   4.2   2.6 17
2016   4  4   4.3   3.0 17
2016   4  5   4.2   3.6 17
2016   4  6   4.1   4.8 17
2016   4  7   3.9   5.3 17
2016   4  8   4.4   5.0 17
2016   4  9   4.8   5.0  7
2016   4 10   4.0   5.0  7
2016   4 11   6.4   5.6  7
2016   4 12   5.9   5.8  7
2016   4 13   4.8   5.8  7
2016   4 14   4.6   4.9  7
2016   4 15   4.5   4.8 20
2016   4 16   5.2   5.3 20
2016   4 17   4.8   5.7 20
2016   4 18   5.2   5.6 17
2016   4 19   4.8   6.2 17
2016   4 20   5.5   5.7 17
2016   4 21   5.5   5.4  7
2016   4 22   5.2   5.5  7
2016   4 23   5.4   5.8  7
2016   5  0   4.9   6.3  3
2016   5  1   4.8   7.5  3
2016   5  2   6.6   7.9  3
2016   5  3   5.2   9.3 10
2016   5  4   7.0   9.6 10
2016   5  5   6.7  14.3 10
2016   5  6   7.0  15.6 10
2016   5  7   7.1  14.4 10
2016   5  8   6.7  18.4 10
2016   5  9   8.4  18.8 17
2016   5 10  10.0  15.0 17
2016   5 11  11.1   9.1 17
2016   5 12  10.7   8.5 10
2016   5 13  10.4   8.8 10
2016   5 14   9.9  11.1 10
2016   5 15  10.3  10.3 20
2016   5 16  11.8  11.7 20
2016   5 17  13.6   8.5 20
2016   5 18  16.1   4.6 23
2016   5 19  14.3   4.4 23
2016   5 20  11.7   6.7 23
2016   5 21  12.1   7.5 20
2016   5 22  13.7   6.8 20
2016   5 23  13.7   9.2 20
2016   6  0  12.3  10.7 47
2016   6  1  10.2   8.5 47
2016   6  2   5.8   4.3 47
2016   6  3   5.8   4.5 27
2016   6  4   6.5   4.6 27
2016   6  5   5.7   4.4 27
2016   6  6   5.5   4.1 30
2016   6  7   6.0   4.0 30
2016   6  8   6.6   3.9 30
2016   6  9   7.0   3.6 33
2016   6 10   5.7   3.1 33
2016   6 11   5.5   3.2 33
2016   6 12   5.4   3.6 27
2016   6 13   5.7   2.6 27
2016   6 14   5.6   2.8 27
2016   6 15   5.4   3.9 23
2016   6 16   5.1   4.4 23
2016   6 17   4.7   4.2 23
2016   6 18   4.3   4.2 23
2016   6 19   4.2   4.4 23
2016   6 20   5.3   4.2 23
2016   6 21   5.5   4.7 33
2016   6 22   5.8   4.4 33
2016   6 23   6.7   4.2 33
2016   7  0   7.3   4.8 40
2016   7  1   7.0   5.0 40
2016   7  2   6.6   5.2 40
2016   7  3   5.5   4.6 27
2016   7  4   4.9   4.0 27
2016   7  5   4.8   4.0 27
2016   7  6   5.1   4.0 27
2016   7  7   5.5   3.9 27
2016   7  8   5.1   3.8 27
2016   7  9   4.7   4.0 33
2016   7 10   5.3   4.0 33
2016   7 11   5.6   3.5 33
2016   7 12   5.4   3.4 27
2016   7 13   5.1   3.6 27
2016   7 14   4.8   3.8 27
2016   7 15   4.4   3.7 27
2016   7 16   4.5   3.9 27
2016   7 17   4.6   3.7 27
2016   7 18   5.5   3.5 23
2016   7 19   5.2   3.6 23
2016   7 20   4.9   3.4 23
2016   7 21   4.9   3.4 13
2016   7 22   4.9   3.5 13
2016   7 23   4.4   3.8 13
2016   8  0   4.4   3.0 10
2016   8  1   4.6   3.2 10
2016   8  2   4.7   3.4 10
2016   8  3   4.7   3.5 23
2016   8  4   4.9   3.5 23
2016   8  5   4.6   3.6 23
2016   8  6   4.9   3.6 17
2016   8  7   5.0   3.5 17
2016   8  8   4.8   3.3 17
2016   8  9   4.5   3.4 23
2016   8 10   4.7   3.3 23
2016   8 11   4.4   3.0 23
2016   8 12   4.4   3.2 30
2016   8 13   4.5   3.3 30
2016   8 14   4.7   3.4 30
2016   8 15   4.7   3.5 13
2016   8 16   4.7   3.3 13
2016   8 17   4.7   3.4 13
2016   8 18   4.4   3.6 13
2016   8 19   4.4   3.3 13
2016   8 20   4.7   3.6 13
2016   8 21   4.6   3.9 13
2016   8 22   4.8   3.9 13
2016   8 23   5.0   3.6 13
2016   9  0   5.1   4.2 17
2016   9  1   5.4   4.4 17
2016   9  2   5.6   4.3 17
2016   9  3   5.2   4.3 10
2016   9  4   5.4   4.5 10
2016   9  5   5.5   4.9 10
2016   9  6   5.4   5.2 13
2016   9  7   5.3   5.1 13
2016   9  8   5.4   4.7 13
2016   9  9   5.2   4.5 10
2016   9 10   5.5   4.8 10
2016   9 11   5.3   4.7 10
2016   9 12   5.1   4.1 20
2016   9 13   5.6   4.2 20
2016   9 14   5.7   4.6 20
2016   9 15   5.7   4.5 17
2016   9 16   5.6   4.5 17
2016   9 17   5.6   4.3 17
2016   9 18   5.6   4.3 10
2016   9 19   5.7   4.9 10
2016   9 20   6.0   5.4 10
2016   9 21   6.5   5.7 13
2016   9 22   6.8   5.8 13
2016   9 23   6.3   6.5 13
2016  10  0   6.0   7.2 23
2016  10  1   5.4   6.7 23
2016  10  2   6.2   7.1 23
2016  10  3   6.5   7.5 17
2016  10  4   7.5   7.5 17
2016  10  5   6.4   8.5 17
2016  10  6   4.3   8.0 10
2016  10  7   4.9   7.4 10
2016  10  8   4.5   7.3 10
2016  10  9   5.4   7.2 20
2016  10 10   5.3   7.2 20
2016  10 11   5.1   6.6 20
2016  10 12   5.0   6.0 23
2016  10 13   5.9   5.2 23
2016  10 14   4.2   5.8 23
2016  10 15   3.7   5.8 13
2016  10 16   3.4   5.3 13
2016  10 17   3.8   4.8 13
2016  10 18   4.9   4.3 23
2016  10 19   4.9   4.6 23
2016  10 20   4.3   5.0 23
2016  10 21   4.3   5.4 27
2016  10 22   3.4   6.4 27
2016  10 23   2.6   7.1 27
2016  11  0   3.9   8.1 13
2016  11  1   3.9   9.0 13
2016  11  2   4.3   9.5 13
2016  11  3   5.5   8.8 27
2016  11  4   6.4   8.9 27
2016  11  5   6.7  11.7 27
2016  11  6   7.4   7.6 23
2016  11  7   9.0   2.5 23
2016  11  8   9.2   2.0 23
2016  11  9   9.5   1.3 17
2016  11 10   8.8   1.7 17
2016  11 11   7.8   1.7 17
2016  11 12   7.8   1.7 20
2016  11 13   7.2   1.3 20
2016  11 14   6.9   1.4 20
2016  11 15   7.7   1.3 30
2016  11 16   7.9   2.2 30
2016  11 17   8.7   2.3 30
2016  11 18   9.1   2.6 40
2016  11 19  10.5   2.2 40
2016  11 20  10.0   2.6 40
2016  11 21   9.8   2.9 37
2016  11 22   7.5   3.3 37
2016  11 23   7.7   3.4 37
2016  12  0   7.5   3.3 40
2016  12  1   6.8   3.5 40
2016  12  2   6.3   3.4 40
2016  12  3   7.2   3.0 20
2016  12  4   6.9   2.5 20
2016  12  5   7.3   2.8 20
2016  12  6   6.3   2.4 27
2016  12  7   6.3   2.1 27
2016  12  8   6.6   2.1 27
2016  12  9   7.1   2.2 23
2016  12 10   7.5   2.9 23
2016  12 11   7.5   3.0 23
2016  12 12   8.0   3.3 23
2016  12 13   8.4   3.7 23
2016  12 14   7.9   4.1 23
2016  12 15   7.7   4.6 20
2016  12 16   7.5   4.6 20
2016  12 17   8.1   4.4 20
2016  12 18   7.9   2.4 30
2016  12 19   7.3   3.2 30
2016  12 20   6.8   3.2 30
2016  12 21   6.5   2.5 30
2016  12 22   5.8   4.1 30
2016  12 23   6.6   4.3 30
2016  13  0   7.5   4.5 40
2016  13  1   7.8   4.2 40
2016  13  2   7.4   4.1 40
2016  13  3   7.0   3.8 40
2016  13  4   7.4   3.4 40
2016  13  5   6.6   3.2 40
2016  13  6   5.6   2.7 20
2016  13  7   5.5   2.9 20
2016  13  8   5.5   2.8 20
2016  13  9   5.0   2.6 17
2016  13 10   5.4   2.4 17
2016  13 11   5.7   2.4 17
2016  13 12   6.0   2.6 23
2016  13 13   5.9   2.6 23
2016  13 14   5.8   2.7 23
2016  13 15   5.9   3.0 23
2016  13 16   5.9   2.7 23
2016  13 17   5.8   2.4 23
2016  13 18   5.9   2.8 30
2016  13 19   5.8   2.7 30
2016  13 20   5.9   2.7 30
2016  13 21   5.9   2.8 10
2016  13 22   5.8   2.7 10
2016  13 23   5.7   2.3 10
2016  14  0   5.8   2.5 13
2016  14  1   5.8   2.7 13
2016  14  2   5.6   2.7 13
2016  14  3   5.6   2.6 20
2016  14  4   5.2   2.8 20
2016  14  5   5.5   2.4 20
2016  14  6   5.5   2.8 23
2016  14  7   5.5   2.6 23
2016  14  8   5.4   2.6 23
2016  14  9   4.9   2.7 20
2016  14 10   4.7   2.9 20
2016  14 11   4.7   2.8 20
2016  14 12   4.5   2.8 17
2016  14 13   4.3   2.3 17
2016  14 14   4.6   2.6 17
2016  14 15   4.6   2.5 17
2016  14 16   4.5   2.7 17
2016  14 17   4.5   3.0 17
2016  14 18   4.2   2.8 17
2016  14 19   4.4   2.7 17
2016  14 20   4.3   2.7 17
2016  14 21   4.1   2.7 27
2016  14 22   3.8   2.8 27
2016  14 23   4.2   2.6 27
2016  15  0   4.0   2.7 20
2016  15  1   4.3   2.7 20
2016  15  2   4.0   2.7 20
2016  15  3   3.8   2.5 20
2016  15  4   3.8   2.3 20
2016  15  5   3.9   2.3 20
2016  15  6   4.0   2.3 10
2016  15  7   4.0   2.0 10
2016  15  8   4.1   2.2 10
2016  15  9   4.0   2.5  7
2016  15 10   3.8   2.9  7
2016  15 11   3.8   2.8  7
2016  15 12   3.7   2.6  7
2016  15 13   3.9   2.4  7
2016  15 14   3.6   2.8  7
2016  15 15   3.8   2.8 10
2016  15 16   3.9   2.7 10
2016  15 17   4.0   3.0 10
2016  15 18   4.0   2.4 10
2016  15 19   3.9   2.0 10
2016  15 20   3.9   2.1 10
2016  15 21   4.0   2.4 10
2016  15 22   4.0   3.0 10
2016  15 23   4.1   2.7 10
2016  16  0   4.1   2.8  0
2016  16  1   4.4   3.5  0
2016  16  2   4.9   4.0  0
2016  16  3   5.0   4.4 10
2016  16  4   5.0   4.1 10
2016  16  5   5.0   5.2 10
2016  16  6   5.1   5.6  7
2016  16  7   5.3   6.2  7
2016  16  8   5.0   6.4  7
2016  16  9   4.9   7.6 13
2016  16 10   5.1   9.5 13
2016  16 11   4.7  11.7 13
2016  16 12   4.8  12.2 10
2016  16 13   4.1  14.3 10
2016  16 14   4.7  10.4 10
2016  16 15   6.8   4.2  3
2016  16 16   6.7   4.6  3
2016  16 17   6.4   4.7  3
2016  16 18   6.3   5.0  3
2016  16 19   6.1   6.0  3
2016  16 20   5.7   7.4  3
2016  16 21   6.4   5.9  3
2016  16 22   6.7   4.8  3
2016  16 23   7.0   3.8  3
2016  17  0   6.7   5.2  3
2016  17  1   6.8   5.7  3
2016  17  2   6.7   5.5  3
2016  17  3   6.9   5.2  0
2016  17  4   7.0   5.6  0
2016  17  5   5.8   6.7  0
2016  17  6   6.1   6.5 13
2016  17  7   6.9   5.4 13
2016  17  8   6.1   5.5 13
2016  17  9   6.7   3.9  7
2016  17 10   6.2   6.2  7
2016  17 11   5.7   6.6  7
2016  17 12   4.8   6.7 10
2016  17 13   4.7   6.4 10
2016  17 14   4.6   7.1 10
2016  17 15   4.7   7.3 10
2016  17 16   4.6   7.1 10
2016  17 17   4.6   7.2 10
2016  17 18   4.6   7.0  7
2016  17 19   4.2   6.4  7
2016  17 20   3.8   6.4  7
2016  17 21   3.6   6.6  3
2016  17 22   3.8   6.5  3
2016  17 23   4.1   6.3  3
2016  18  0   4.0   6.3  0
2016  18  1   3.8   6.3  0
2016  18  2   3.9   6.2  0
2016  18  3   4.0   6.1  0
2016  18  4   3.9   6.2  0
2016  18  5   4.2   5.9  0
2016  18  6   4.5   7.0  0
2016  18  7   4.9   7.1  0
2016  18  8   4.8   7.3  0
2016  18  9   5.2   5.3  3
2016  18 10   5.7   5.5  3
2016  18 11   5.7   5.8  3
2016  18 12   5.8   6.1 10
2016  18 13   5.9   6.1 10
2016  18 14   6.0   6.7 10
2016  18 15   6.2   7.0 17
2016  18 16   6.1   6.6 17
2016  18 17   5.8   6.3 17
2016  18 18   5.7   6.2  7
2016  18 19   5.7   6.6  7
2016  18 20   5.8   6.8  7
2016  18 21   5.7   6.6 30
2016  18 22   7.8  10.7 30
2016  18 23  10.7  10.8 30
2016  19  0  13.0  18.5 43
2016  19  1  10.5  19.2 43
2016  19  2   8.7  20.0 43
2016  19  3   8.5  22.7 27
2016  19  4   8.0  21.2 27
2016  19  5   8.6  19.7 27
2016  19  6   9.0  19.7 23
2016  19  7   9.1  19.5 23
2016  19  8   9.4  19.9 23
2016  19  9   9.3  20.6 27
2016  19 10  11.0  19.2 27
2016  19 11  11.2  24.9 27
2016  19 12  13.2  12.9 13
2016  19 13  13.5   9.8 13
2016  19 14  12.5  16.2 13
2016  19 15  12.7   9.8 13
2016  19 16  11.1  12.5 13
2016  19 17  11.0  10.0 13
2016  19 18  12.1   9.5  3
2016  19 19  12.4  11.1  3
2016  19 20  11.5  15.0  3
2016  19 21  12.4  12.1 10
2016  19 22  13.5  11.1 10
2016  19 23  13.6  13.6 10
2016  20  0  14.1  12.8  3
2016  20  1  14.6  14.0  3
2016  20  2  15.2  12.7  3
2016  20  3  15.4  11.7 20
2016  20  4  16.6   8.6 20
2016  20  5  16.9   9.4 20
2016  20  6  16.9  11.0 33
2016  20  7  16.6  12.6 33
2016  20  8  16.0  14.9 33
2016  20  9  15.7  17.1 43
2016  20 10  15.6  16.8 43
2016  20 11  14.8  18.8 43
2016  20 12  14.5  18.8 47
2016  20 13  15.2  18.9 47
2016  20 14  14.2  19.6 47
2016  20 15  14.8  15.1 47
2016  20 16  14.3  14.4 47
2016  20 17  14.4  14.5 47
2016  20 18  13.5  17.6 47
2016  20 19  13.0  18.9 47
2016  20 20  12.3  20.1 47
2016  20 21  11.5  21.5 43
2016  20 22  12.3  21.6 43
2016  20 23  12.9  25.4 43
2016  21  0  13.8  26.3 37
2016  21  1  16.1  21.2 37
2016  21  2  13.6  22.9 37
2016  21  3  16.3  23.8 57
2016  21  4  18.1  25.0 57
2016  21  5  18.5  28.3 57
2016  21  6  19.2  21.6 53
2016  21  7  16.9  16.0 53
2016  21  8  14.9  16.2 53
2016  21  9  16.0  13.6 33
2016  21 10  14.4  11.4 33
2016  21 11   8.5   5.9 33
2016  21 12   7.8   5.1 27
2016  21 13   7.5   5.6 27
2016  21 14   7.5   5.8 27
2016  21 15   7.5   5.2 37
2016  21 16   6.3   5.4 37
2016  21 17   6.5   6.1 37
2016  21 18   6.8   6.3 40
2016  21 19   6.4   5.8 40
2016  21 20   6.6   6.2 40
2016  21 21   6.0   6.2 47
2016  21 22   5.9   6.0 47
2016  21 23   6.1   6.3 47
2016  22  0   5.5   5.8 33
2016  22  1   5.8   5.9 33
2016  22  2   5.7   5.6 33
2016  22  3   6.0   5.4 33
2016  22  4   6.0   5.1 33
2016  22  5   6.2   5.0 33
2016  22  6   5.9   4.6 33
2016  22  7   5.9   4.1 33
2016  22  8   6.3   3.7 33
2016  22  9   6.4   3.5 30
2016  22 10   6.2   3.4 30
2016  22 11   6.0   3.5 30
2016  22 12   6.3   3.0 23
2016  22 13   6.1   3.3 23
2016  22 14   6.3   3.5 23
2016  22 15   6.3   3.7 17
2016  22 16   7.2   2.6 17
2016  22 17   7.1   2.4 17
2016  22 18   7.2   2.0 27
2016  22 19   7.0   2.5 27
2016  22 20   6.6   3.0 27
2016  22 21   6.8   3.3 23
2016  22 22   6.7   3.6 23
2016  22 23   7.0   3.9 23
2016  23  0   7.3   4.1 13
2016  23  1   7.5   4.2 13
2016  23  2   7.2   5.3 13
2016  23  3   6.2   5.6 33
2016  23  4   5.4   6.2 33
2016  23  5   6.2   7.0 33
2016  23  6   6.7   6.9 37
2016  23  7   7.3   4.6 37
2016  23  8   5.7   4.3 37
2016  23  9   5.6   4.0 20
2016  23 10   5.2   4.3 20
2016  23 11   4.0   3.9 20
2016  23 12   3.9   3.5 30
2016  23 13   3.9   2.7 30
2016  23 14   3.4   2.3 30
2016  23 15   3.1   2.2 27
2016  23 16   3.6   2.1 27
2016  23 17   3.9   2.2 27
2016  23 18   3.7   2.9 17
2016  23 19   3.9   3.0 17
2016  23 20   4.0   2.8 17
2016  23 21   4.4   2.3 13
2016  23 22   3.4   4.3 13
2016  23 23   4.0   4.8 13
2016  24  0   4.2   5.1 27
2016  24  1   4.9   5.4 27
2016  24  2   5.2   5.5 27
2016  24  3   4.6   5.8 23
2016  24  4   4.7   5.6 23
2016  24  5   4.6   5.7 23
2016  24  6   4.8   5.3 17
2016  24  7   5.6   6.2 17
2016  24  8   6.4   5.2 17
2016  24  9   6.5   5.9 10
2016  24 10   6.7   6.0 10
2016  24 11   7.0   6.3 10
2016  24 12   7.1   6.3 13
2016  24 13   7.3   6.0 13
2016  24 14   7.3   5.8 13
2016  24 15   4.9   9.5 23
2016  24 16   6.1   9.7 23
2016  24 17   6.3  11.9 23
2016  24 18   7.6   8.9 40
2016  24 19   7.0  10.5 40
2016  24 20   4.9  20.0 40
2016  24 21   3.7  17.4 10
2016  24 22   4.6   9.7 10
2016  24 23   5.1   7.3 10
2016  25  0   5.3   5.4  3
2016  25  1   5.3   3.7  3
2016  25  2   4.9   3.5  3
2016  25  3   5.0   3.0  3
2016  25  4   5.2   4.1  3
2016  25  5   5.4   4.2  3
2016  25  6   5.7   4.3  7
2016  25  7   5.9   3.9  7
2016  25  8   5.8   4.0  7
2016  25  9   6.0   3.6  3
2016  25 10   6.2   3.7  3
2016  25 11   6.3   4.1  3
2016  25 12   6.4   4.1  3
2016  25 13   6.5   4.3  3
2016  25 14   6.6   3.7  3
2016  25 15   6.7   3.5  3
2016  25 16   6.6   3.9  3
2016  25 17   6.5   4.0  3
2016  25 18   6.3   4.3  0
2016  25 19   6.2   3.9  0
2016  25 20   6.0   4.3  0
2016  25 21   6.0   4.3  0
2016  25 22   5.9   4.0  0
2016  25 23   5.8   4.0  0
2016  26  0   5.8   4.2  0
2016  26  1   6.0   3.8  0
2016  26  2   6.1   4.6  0
2016  26  3   5.9   5.9  0
2016  26  4   5.0  10.0  0
2016  26  5   4.8  11.4  0
2016  26  6   5.0  10.5  7
2016  26  7   4.5  12.0  7
2016  26  8   4.5  13.0  7
2016  26  9   4.6  11.7 10
2016  26 10   4.9  11.0 10
2016  26 11   5.8   9.3 10
2016  26 12   5.2  11.4 10
2016  26 13   5.3  11.7 10
2016  26 14   6.1   9.8 10
2016  26 15   5.1  13.9 13
2016  26 16   5.0  14.3 13
2016  26 17   5.1  12.5 13
2016  26 18   4.9  12.0 17
2016  26 19   5.8   9.7 17
2016  26 20   4.6  10.6 17
2016  26 21   4.2   5.8 10
2016  26 22   4.4   5.6 10
2016  26 23   3.6   5.9 10
2016  27  0   3.8   8.3 10
2016  27  1   4.2  13.3 10
2016  27  2   4.0  18.9 10
2016  27  3   4.7  22.3 20
2016  27  4   5.3  18.6 20
2016  27  5   6.0  16.7 20
2016  27  6   6.2  16.1 10
2016  27  7   5.9  16.9 10
2016  27  8   6.9  14.7 10
2016  27  9   8.2   7.2 13
2016  27 10   8.8   3.9 13
2016  27 11   8.9   4.0 13
2016  27 12   8.6   4.2 10
2016  27 13   7.9   4.9 10
2016  27 14   7.4   5.5 10
2016  27 15   7.1   5.6  7
2016  27 16   7.2   5.7  7
2016  27 17   6.8   5.9  7
2016  27 18   6.6   5.7  0
2016  27 19   6.4   5.8  0
2016  27 20   6.5   5.4  0
2016  27 21   6.7   4.9  3
2016  27 22   6.6   5.4  3
2016  27 23   6.6   5.9  3
2016  28  0   7.1   5.9  3
2016  28  1   7.6   7.3  3
2016  28  2   8.1   8.3  3
2016  28  3   8.4   8.9  0
2016  28  4   8.6   9.1  0
2016  28  5   8.6  10.3  0
2016  28  6   8.0  10.6 23
2016  28  7   7.5   9.9 23
2016  28  8   8.1   8.9 23
2016  28  9   8.5   6.2 23
2016  28 10   7.6   7.6 23
2016  28 11   6.3   7.9 23
2016  28 12   6.4   7.9 10
2016  28 13   6.7   7.7 10
2016  28 14   5.8   7.6 10
2016  28 15   5.7   6.5 10
2016  28 16   6.1   5.9 10
2016  28 17   6.4   5.4 10
2016  28 18   5.8   5.1  7
2016  28 19   5.6   4.8  7
2016  28 20   5.6   4.4  7
2016  28 21   5.6   4.5  7
2016  28 22   5.4   3.7  7
2016  28 23   5.3   4.2  7
2016  29  0   5.5   3.6  3
2016  29  1   5.7   3.1  3
2016  29  2   5.8   2.0  3
2016  29  3   5.8   2.1  7
2016  29  4   5.7   1.8  7
2016  29  5   5.6   1.9  7
2016  29  6   5.4   1.9  7
2016  29  7   5.0   3.0  7
2016  29  8   4.8   3.6  7
2016  29  9   4.7   3.9  7
2016  29 10   4.8   3.3  7
2016  29 11   4.6   3.8  7
2016  29 12   4.4   4.8  7
2016  29 13   4.5   4.7  7
2016  29 14   4.5   5.1  7
2016  29 15   4.9   3.9  7
2016  29 16   4.8   4.2  7
2016  29 17   4.5   4.7  7
2016  29 18   4.2   5.8  3
2016  29 19   4.2   5.9  3
2016  29 20   4.2   6.1  3
2016  29 21   3.5   7.2  7
2016  29 22   3.0   8.0  7
2016  29 23   2.8   8.6  7
2016  30  0   2.6   9.0  3
2016  30  1   2.6   9.3  3
2016  30  2   3.1   9.1  3
2016  30  3   3.2   9.8  0
2016  30  4   3.5   9.2  0
2016  30  5   3.3   9.6  0
2016  30  6   2.8  10.8  3
2016  30  7   2.6  12.0  3
2016  30  8   2.4  12.8  3
2016  30  9   2.4  12.6  3
2016  30 10   3.1  12.6  3
2016  30 11   3.2  12.7  3
2016  30 12   3.3  12.0  3
2016  30 13   4.0  11.6  3
2016  30 14   5.3   9.2  3
2016  30 15   4.8  11.1  7
2016  30 16   4.9  11.0  7
2016  30 17   4.9  12.4  7
2016  30 18   4.7  13.6  0
2016  30 19   5.0  14.3  0
2016  30 20   4.9  16.5  0
2016  30 21   4.8  18.7  7
2016  30 22   4.6  20.3  7
2016  30 23   5.4  17.7  7
2016  31  0   6.4  15.9 10
2016  31  1   6.6  17.4 10
2016  31  2   6.4  21.5 10
2016  31  3   7.3  21.6 17
2016  31  4   7.3  19.9 17
2016  31  5   7.3  19.5 17
2016  31  6   8.3  15.4 23
2016  31  7   7.9  15.2 23
2016  31  8   6.8  18.5 23
2016  31  9   6.0  19.9 23
2016  31 10   8.6  11.2 23
2016  31 11   8.7  10.8 23
2016  31 12   7.6  10.8 20
2016  31 13   6.0  16.4 20
2016  31 14   6.7  17.4 20
2016  31 15   7.0  16.4 20
2016  31 16   8.1  12.1 20
2016  31 17   8.5  10.4 20
2016  31 18   8.6  10.0 17
2016  31 19   9.3  10.3 17
2016  31 20   9.9  10.6 17
2016  31 21  10.0  10.8 37
2016  31 22   7.6  13.2 37
2016  31 23  10.4  14.7 37
