2015  32  0  10.0  18.2 40
2015  32  1  10.9  15.9 40
2015  32  2   8.4  10.4 40
2015  32  3   4.5  11.2 27
2015  32  4   8.1   8.0 27
2015  32  5  11.2   7.2 27
2015  32  6  12.4  10.9 30
2015  32  7  12.7  14.5 30
2015  32  8  11.6  14.4 30
2015  32  9  13.0  10.6 20
2015  32 10  11.9   8.2 20
2015  32 11   6.6   7.7 20
2015  32 12   6.8   7.7 20
2015  32 13   6.6   6.4 20
2015  32 14   6.3   6.9 20
2015  32 15   5.1   8.1 30
2015  32 16   7.8   9.0 30
2015  32 17   7.0   8.5 30
2015  32 18   8.5   6.2 43
2015  32 19   9.0   5.9 43
2015  32 20   9.3   6.4 43
2015  32 21  10.6   6.2 50
2015  32 22  10.2   6.1 50
2015  32 23  11.3   6.8 50
2015  33  0  13.6   7.9 50
2015  33  1  13.9   7.5 50
2015  33  2  13.4   8.9 50
2015  33  3  13.5   9.2 47
2015  33  4  11.5   9.5 47
2015  33  5   6.4   4.7 47
2015  33  6   6.7   4.6 40
2015  33  7   6.7   4.7 40
2015  33  8   6.4   4.6 40
2015  33  9   6.8   3.7 37
2015  33 10   6.7   3.6 37
2015  33 11   6.1   3.6 37
2015  33 12   5.8   3.2 30
2015  33 13   5.8   3.0 30
2015  33 14   5.3   2.7 30
2015  33 15   4.8   2.8 37
2015  33 16   4.8   2.7 37
2015  33 17   5.0   2.7 37
2015  33 18   5.1   2.6 40
2015  33 19   5.2   2.7 40
2015  33 20   5.3   2.6 40
2015  33 21   5.2   2.3 30
2015  33 22   5.2   2.3 30
2015  33 23   5.3   2.4 30
2015  34  0   5.7   2.7 40
2015  34  1   5.3   2.6 40
2015  34  2   4.8   2.5 40
2015  34  3   4.8   2.7 40
2015  34  4   4.5   2.7 40
2015  34  5   4.5   2.8 40
2015  34  6   4.0   2.9 27
2015  34  7   3.9   2.8 27
2015  34  8   4.3   2.7 27
2015  34  9   5.1   2.6 23
2015  34 10   5.5   2.3 23
2015  34 11   5.2   2.4 23
2015  34 12   4.6   2.3 27
2015  34 13   4.3   2.0 27
2015  34 14   4.0   2.1 27
2015  34 15   3.8   2.7 30
2015  34 16   4.1   2.9 30
2015  34 17   4.4   2.7 30
2015  34 18   4.2   2.8 23
2015  34 19   4.0   3.1 23
2015  34 20   4.1   3.1 23
2015  34 21   4.0   3.3 30
2015  34 22   4.0   3.6 30
2015  34 23   4.0   3.7 30
2015  35  0   3.8   3.7 23
2015  35  1   3.5   3.6 23
2015  35  2   3.5   3.6 23
2015  35  3   3.7   3.7 17
2015  35  4   3.4   3.8 17
2015  35  5   3.2   3.8 17
2015  35  6   3.0   3.6 10
2015  35  7   3.0   3.8 10
2015  35  8   3.3   3.6 10
2015  35  9   3.5   3.6 17
2015  35 10   3.9   3.2 17
2015  35 11   3.7   3.4 17
2015  35 12   3.7   3.2 27
2015  35 13   4.0   3.5 27
2015  35 14   4.1   3.7 27
2015  35 15   4.0   3.7 30
2015  35 16   4.0   3.4 30
2015  35 17   3.8   3.8 30
2015  35 18   3.5   3.5 13
2015  35 19   3.6   3.3 13
2015  35 20   3.5   3.1 13
2015  35 21   3.4   3.1 13
2015  35 22   3.3   3.2 13
2015  35 23   3.1   3.5 13
2015  36  0   3.5   3.2 17
2015  36  1   3.6   3.3 17
2015  36  2   3.7   4.0 17
2015  36  3   3.4   5.1 30
2015  36  4   1.4   8.3 30
2015  36  5   0.9  10.2 30
2015  36  6   2.6   9.4 13
2015  36  7   3.1   8.6 13
2015  36  8   2.8   9.6 13
2015  36  9   4.9   8.4 23
2015  36 10   3.4  10.3 23
2015  36 11   4.2  11.7 23
2015  36 12   6.0  12.9 33
2015  36 13   4.7  17.2 33
2015  36 14   8.1   7.3 33
2015  36 15   6.5  11.4 33
2015  36 16   5.8  12.6 33
2015  36 17   5.5  10.0 33
2015  36 18   4.4  12.2 27
2015  36 19   5.2  10.4 27
2015  36 20   6.8   5.5 27
2015  36 21   6.4   6.0 23
2015  36 22   7.1   4.5 23
2015  36 23   7.2   4.6 23
2015  37  0   6.9   4.9  0
2015  37  1   6.9   5.1  0
2015  37  2   6.5   4.7  0
2015  37  3   5.7   5.3 13
2015  37  4   6.2   5.1 13
2015  37  5   6.5   5.3 13
2015  37  6   6.6   4.5 23
2015  37  7   7.0   3.8 23
2015  37  8   6.5   4.3 23
2015  37  9   6.4   4.4 27
2015  37 10   6.4   4.8 27
2015  37 11   6.3   4.6 27
2015  37 12   6.3   4.2 17
2015  37 13   6.1   4.3 17
2015  37 14   6.2   4.0 17
2015  37 15   6.3   3.8 13
2015  37 16   6.2   3.8 13
2015  37 17   6.3   3.5 13
2015  37 18   6.3   3.8 10
2015  37 19   6.6   3.6 10
2015  37 20   6.9   3.9 10
2015  37 21   7.2   4.0  0
2015  37 22   7.2   4.2  0
2015  37 23   7.0   5.0  0
2015  38  0   6.8   4.9  7
2015  38  1   6.6   5.0  7
2015  38  2   6.7   5.1  7
2015  38  3   6.7   5.1  7
2015  38  4   6.9   5.4  7
2015  38  5   6.9   5.7  7
2015  38  6   7.1   6.4 30
2015  38  7   7.1   6.8 30
2015  38  8   7.0   6.7 30
2015  38  9   6.7   6.3 33
2015  38 10   6.9   6.1 33
2015  38 11   7.3   6.2 33
2015  38 12   7.1   6.8 23
2015  38 13   7.6   7.7 23
2015  38 14   7.6   7.0 23
2015  38 15   7.9   7.3 27
2015  38 16   7.5   7.4 27
2015  38 17   7.5   7.6 27
2015  38 18   8.5   7.5 23
2015  38 19   8.6   7.2 23
2015  38 20   8.7   6.7 23
2015  38 21   7.0   7.7 13
2015  38 22   7.9   7.2 13
2015  38 23   8.6   6.5 13
2015  39  0   8.8   6.7 20
2015  39  1   8.5   6.2 20
2015  39  2   8.6   5.9 20
2015  39  3   8.6   6.3 27
2015  39  4   8.4   5.2 27
2015  39  5   9.4   3.6 27
2015  39  6   9.6   3.7 27
2015  39  7   9.5   2.9 27
2015  39  8   9.2   2.0 27
2015  39  9   8.9   2.2 20
2015  39 10   8.6   2.4 20
2015  39 11   9.0   2.5 20
2015  39 12   9.1   2.3 13
2015  39 13   9.2   1.5 13
2015  39 14   8.5   1.6 13
2015  39 15   8.4   1.6 23
2015  39 16   8.7   1.5 23
2015  39 17   8.3   1.4 23
2015  39 18   8.2   1.7 30
2015  39 19   8.4   1.8 30
2015  39 20   7.5 999.9 30
2015  39 21   6.7   2.5 27
2015  39 22   6.4   2.4 27
2015  39 23   6.3   2.7 27
2015  40  0   6.3   2.6 30
2015  40  1   5.8   2.2 30
2015  40  2   4.6   3.4 30
2015  40  3   5.3   3.4  7
2015  40  4   5.1   3.0  7
2015  40  5   5.2   2.6  7
2015  40  6   5.0   3.5 10
2015  40  7   5.0   3.2 10
2015  40  8   4.6   3.1 10
2015  40  9   4.3   2.6  3
2015  40 10   4.2   3.2  3
2015  40 11   4.5   3.4  3
2015  40 12   4.5   3.1 23
2015  40 13   4.8   2.8 23
2015  40 14   4.7   3.1 23
2015  40 15   5.2   3.5 20
2015  40 16   5.1   3.5 20
2015  40 17   5.0   3.7 20
2015  40 18   5.0   3.4 20
2015  40 19   4.8   4.3 20
2015  40 20   5.5   4.4 20
2015  40 21   5.8   4.8 23
2015  40 22   6.1   4.7 23
2015  40 23   5.8   4.6 23
2015  41  0   5.7   4.4  7
2015  41  1   5.6   4.1  7
2015  41  2   5.9   4.1  7
2015  41  3   6.0   3.8 23
2015  41  4   6.1   3.7 23
2015  41  5   5.9   3.3 23
2015  41  6   5.9   3.0 10
2015  41  7   6.0   2.9 10
2015  41  8   6.0   3.2 10
2015  41  9   5.9   3.1  3
2015  41 10   6.1   3.1  3
2015  41 11   6.1   3.4  3
2015  41 12   6.1   3.5 10
2015  41 13   6.2   3.7 10
2015  41 14   6.3   3.5 10
2015  41 15   6.4   3.6 17
2015  41 16   5.8   3.5 17
2015  41 17   5.4   3.5 17
2015  41 18   5.5   3.9 17
2015  41 19   5.6   4.4 17
2015  41 20   5.7   4.2 17
2015  41 21   5.5   4.2 30
2015  41 22   5.8   4.1 30
2015  41 23   5.6   3.9 30
2015  42  0   5.9   4.0 13
2015  42  1   6.0   4.4 13
2015  42  2   5.8   4.2 13
2015  42  3   5.8   3.8 30
2015  42  4   5.9   3.4 30
2015  42  5   6.3   2.9 30
2015  42  6   6.4   3.6  7
2015  42  7   6.4   3.8  7
2015  42  8   6.3   4.1  7
2015  42  9   6.2   4.1 17
2015  42 10   5.9   3.9 17
2015  42 11   5.8   4.7 17
2015  42 12   5.8   4.0 23
2015  42 13   5.8   4.6 23
2015  42 14   6.3   4.4 23
2015  42 15   6.7   4.6  7
2015  42 16   6.9   4.6  7
2015  42 17   6.9   4.5  7
2015  42 18   6.3 999.9  0
2015  42 19   6.4 999.9  0
2015  42 20   6.3 999.9  0
2015  42 21   6.2 999.9  3
2015  42 22   5.9 999.9  3
2015  42 23   5.0 999.9  3
2015  43  0   5.4 999.9 13
2015  43  1   5.7 999.9 13
2015  43  2   5.5 999.9 13
2015  43  3   5.8 999.9  7
2015  43  4   5.5 999.9  7
2015  43  5   6.1 999.9  7
2015  43  6   5.9 999.9  0
2015  43  7   5.9 999.9  0
2015  43  8   5.9 999.9  0
2015  43  9   5.9 999.9  7
2015  43 10   5.7   5.8  7
2015  43 11   6.2   5.9  7
2015  43 12   5.8   5.7 20
2015  43 13   5.9   6.5 20
2015  43 14   5.5   6.5 20
2015  43 15   5.5   6.0 13
2015  43 16   5.4   5.7 13
2015  43 17   5.2   5.6 13
2015  43 18   5.5   5.7 13
2015  43 19   5.3   5.8 13
2015  43 20   5.0   5.3 13
2015  43 21   5.0   5.5 10
2015  43 22   4.8   5.4 10
2015  43 23   5.0   5.1 10
2015  44  0   5.1   5.5  0
2015  44  1   5.4   5.2  0
2015  44  2   5.3   5.5  0
2015  44  3   5.6   5.4  0
2015  44  4   5.5   5.0  0
2015  44  5   5.6   5.0  0
2015  44  6   5.6   4.8  0
2015  44  7   5.5   5.0  0
2015  44  8   5.5   4.9  0
2015  44  9   5.5   5.0 10
2015  44 10   5.4   5.8 10
2015  44 11   5.1   6.0 10
2015  44 12   5.0   6.5 10
2015  44 13   5.1   6.7 10
2015  44 14   5.1   7.0 10
2015  44 15   5.0   6.8  7
2015  44 16   5.2   6.9  7
2015  44 17   5.3   6.3  7
2015  44 18   5.2   6.4  3
2015  44 19   5.3   6.1  3
2015  44 20   5.5   6.3  3
2015  44 21   5.5   6.4  3
2015  44 22   5.3   6.6  3
2015  44 23   5.4   6.8  3
2015  45  0   6.5   8.6  0
2015  45  1   7.2   9.4  0
2015  45  2   7.2   9.6  0
2015  45  3   7.2   9.1 17
2015  45  4   7.0   9.7 17
2015  45  5   7.1   8.7 17
2015  45  6   6.9   8.2  3
2015  45  7   6.6   8.3  3
2015  45  8   6.4   8.8  3
2015  45  9   6.5   9.4  3
2015  45 10   6.6   9.4  3
2015  45 11   6.5   9.9  3
2015  45 12   6.6   7.7  3
2015  45 13   6.8   9.4  3
2015  45 14   7.1   9.8  3
2015  45 15   6.8   9.6  3
2015  45 16   6.9   8.9  3
2015  45 17   7.0   8.6  3
2015  45 18   7.6   9.0  0
2015  45 19   7.7   9.7  0
2015  45 20   8.0  10.6  0
2015  45 21   8.2  10.4 10
2015  45 22   8.0  10.5 10
2015  45 23   7.0  12.8 10
2015  46  0   6.8  13.7  3
2015  46  1   7.2  12.7  3
2015  46  2   6.7  13.8  3
2015  46  3   4.8  19.6 17
2015  46  4   4.0  21.9 17
2015  46  5   6.3  17.5 17
2015  46  6   7.2  15.2 17
2015  46  7   8.8   6.9 17
2015  46  8   8.7   7.9 17
2015  46  9   7.9   7.2 10
2015  46 10   7.5   8.9 10
2015  46 11   8.3   8.2 10
2015  46 12   9.9   5.5 30
2015  46 13  10.9   3.9 30
2015  46 14  10.8   3.3 30
2015  46 15  10.3   4.4 17
2015  46 16  10.2   4.8 17
2015  46 17   9.9   5.2 17
2015  46 18   9.4   5.9 17
2015  46 19   8.9   6.4 17
2015  46 20   8.4   7.2 17
2015  46 21   8.4   8.1 10
2015  46 22   9.3   7.9 10
2015  46 23   9.0   8.4 10
2015  47  0   7.9   9.4  0
2015  47  1   6.9  10.8  0
2015  47  2   7.0  11.2  0
2015  47  3   7.3  10.6  3
2015  47  4   7.3  11.6  3
2015  47  5   7.7  11.8  3
2015  47  6   7.2  13.5 10
2015  47  7   6.6  14.4 10
2015  47  8   6.5  14.3 10
2015  47  9   6.4  14.9 10
2015  47 10   5.6  15.5 10
2015  47 11   6.0  13.9 10
2015  47 12   6.3  14.0 17
2015  47 13   7.4  15.5 17
2015  47 14  11.6   5.0 17
2015  47 15  12.6   5.7 10
2015  47 16  12.8   5.1 10
2015  47 17  13.0   4.6 10
2015  47 18  13.1   5.7 23
2015  47 19  13.8   7.1 23
2015  47 20  13.2  14.3 23
2015  47 21  13.5  13.7 27
2015  47 22  13.5  13.4 27
2015  47 23  14.0   7.5 27
2015  48  0  14.2  10.2 37
2015  48  1  14.3  11.6 37
2015  48  2  15.0  12.0 37
2015  48  3  15.3  15.5 33
2015  48  4  14.5  16.8 33
2015  48  5  14.7  14.3 33
2015  48  6  14.1  10.8 33
2015  48  7  14.8  10.5 33
2015  48  8  15.2   9.6 33
2015  48  9  15.4   8.1 37
2015  48 10  13.2  11.9 37
2015  48 11  12.4  11.8 37
2015  48 12  13.4  11.7 30
2015  48 13  12.8  10.5 30
2015  48 14  13.2  10.9 30
2015  48 15  12.6  10.8 27
2015  48 16  12.3   9.8 27
2015  48 17  12.6   9.2 27
2015  48 18  11.9   9.0 37
2015  48 19   9.7   9.2 37
2015  48 20  11.7   8.5 37
2015  48 21  13.2   7.5 50
2015  48 22  12.7   7.1 50
2015  48 23  11.8   7.4 50
2015  49  0  10.1   9.7 50
2015  49  1  10.8   8.9 50
2015  49  2  10.0   8.1 50
2015  49  3   9.0   8.0 40
2015  49  4   8.7   6.4 40
2015  49  5   8.1   6.9 40
2015  49  6   7.3   7.3 33
2015  49  7   7.1   7.3 33
2015  49  8   6.7   6.7 33
2015  49  9   6.5   6.2 27
2015  49 10   6.2   6.2 27
2015  49 11   4.8   6.4 27
2015  49 12   4.1   6.4 20
2015  49 13   4.3   6.4 20
2015  49 14   4.5   6.3 20
2015  49 15   5.3   5.8 20
2015  49 16   5.7   5.3 20
2015  49 17   5.8   5.0 20
2015  49 18   5.8   4.6 27
2015  49 19   5.7   4.9 27
2015  49 20   6.0   5.0 27
2015  49 21   6.1   5.3 30
2015  49 22   5.9   6.1 30
2015  49 23   6.1   6.1 30
2015  50  0   6.1   6.0 30
2015  50  1   6.1   6.0 30
2015  50  2   5.9   5.9 30
2015  50  3   6.0   5.6 27
2015  50  4   5.3   5.8 27
2015  50  5   5.3   5.9 27
2015  50  6   4.8   5.9 23
2015  50  7   5.2   5.9 23
2015  50  8   5.2   5.9 23
2015  50  9   4.9   5.9 17
2015  50 10   4.8   5.8 17
2015  50 11   4.6   5.6 17
2015  50 12   5.0   5.6 17
2015  50 13   5.2   5.0 17
2015  50 14   5.5   5.1 17
2015  50 15   5.5   5.1 17
2015  50 16   5.6   4.6 17
2015  50 17   5.5   5.2 17
2015  50 18   5.7   5.4 17
2015  50 19   5.9   5.1 17
2015  50 20   5.6   5.1 17
2015  50 21   5.6   4.9 17
2015  50 22   5.5   4.8 17
2015  50 23   5.4   4.7 17
2015  51  0   5.3   4.7  7
2015  51  1   5.4   5.0  7
2015  51  2   5.5   5.3  7
2015  51  3   5.6   5.2 17
2015  51  4   5.7   5.3 17
2015  51  5   5.6   5.0 17
2015  51  6   5.9   5.6 17
2015  51  7   5.9   5.5 17
2015  51  8   6.0   5.8 17
2015  51  9   6.0   6.5 17
2015  51 10   5.9   6.2 17
2015  51 11   6.0   6.6 17
2015  51 12   5.9   6.7 17
2015  51 13   5.8   6.6 17
2015  51 14   5.6   7.1 17
2015  51 15   5.7   7.1  7
2015  51 16   5.6   7.4  7
2015  51 17   5.6   7.5  7
2015  51 18   5.8   6.7  7
2015  51 19   6.0   7.6  7
2015  51 20   6.3   8.0  7
2015  51 21   6.4   8.4 20
2015  51 22   6.5   8.6 20
2015  51 23   6.9   8.7 20
2015  52  0   7.0   8.9 27
2015  52  1   6.5   8.8 27
2015  52  2   7.2   8.1 27
2015  52  3   7.2   7.5 27
2015  52  4   6.9   7.4 27
2015  52  5   6.8   7.4 27
2015  52  6   6.6   7.2 10
2015  52  7   7.0   7.4 10
2015  52  8   6.5   6.7 10
2015  52  9   6.1   7.7 13
2015  52 10   6.1   6.2 13
2015  52 11   6.3   5.4 13
2015  52 12   6.2   5.9 17
2015  52 13   6.2   6.8 17
2015  52 14   7.3   8.1 17
2015  52 15   8.1   8.9 10
2015  52 16   7.7   8.9 10
2015  52 17   8.0   8.4 10
2015  52 18   8.3   8.7 10
2015  52 19   8.2   9.4 10
2015  52 20   8.6   8.4 10
2015  52 21   8.7   8.4 23
2015  52 22   8.1   9.6 23
2015  52 23   7.6  11.0 23
2015  53  0   7.5  10.6 23
2015  53  1   7.3  10.8 23
2015  53  2   6.9  10.4 23
2015  53  3   6.6   9.7 23
2015  53  4   6.5   9.3 23
2015  53  5   6.1   9.3 23
2015  53  6   5.8   9.7 10
2015  53  7   5.3  10.6 10
2015  53  8   4.9  11.6 10
2015  53  9   5.0  12.2 17
2015  53 10   5.1  12.6 17
2015  53 11   4.9  13.3 17
2015  53 12   5.2  13.2 13
2015  53 13   5.3  13.8 13
2015  53 14   4.6  14.3 13
2015  53 15   4.8  14.6 13
2015  53 16   4.8  14.0 13
2015  53 17   5.3  12.6 13
2015  53 18   5.8  11.0  7
2015  53 19   5.6  10.5  7
2015  53 20   5.3  12.2  7
2015  53 21   5.7  11.9 23
2015  53 22   7.2  12.7 23
2015  53 23   7.5  14.0 23
2015  54  0   7.5  13.5 30
2015  54  1   7.1  15.2 30
2015  54  2   7.0  15.4 30
2015  54  3   6.9  20.3 27
2015  54  4   7.7  17.8 27
2015  54  5   9.1  12.7 27
2015  54  6  11.1  11.8 27
2015  54  7  11.2  13.0 27
2015  54  8  10.8  20.0 27
2015  54  9  10.4  22.5 33
2015  54 10  12.9  20.0 33
2015  54 11  12.1  25.5 33
2015  54 12  10.1  31.7 33
2015  54 13  12.2  22.0 33
2015  54 14  13.9  15.4 33
2015  54 15  10.5  12.5 33
2015  54 16   8.8  12.4 33
2015  54 17  11.0  15.2 33
2015  54 18   9.9  25.0 30
2015  54 19   5.7  22.6 30
2015  54 20   6.7  26.3 30
2015  54 21  10.4  26.7 37
2015  54 22  11.6  23.9 37
2015  54 23  11.8  24.3 37
2015  55  0  11.8  22.2 53
2015  55  1  12.9  11.6 53
2015  55  2  12.0  11.5 53
2015  55  3  12.1  12.3 53
2015  55  4  11.4   9.8 53
2015  55  5  10.4   8.9 53
2015  55  6  10.1   8.9 40
2015  55  7   9.7   9.4 40
2015  55  8   8.8   9.2 40
2015  55  9   9.0   9.4 37
2015  55 10   8.6   8.6 37
2015  55 11   8.9   8.8 37
2015  55 12  11.1   7.5 27
2015  55 13  10.1   9.5 27
2015  55 14  10.4   8.9 27
2015  55 15   9.1   8.6 23
2015  55 16   7.9   6.9 23
2015  55 17   5.2   5.7 23
2015  55 18   6.7   6.1 13
2015  55 19   7.9   4.0 13
2015  55 20   7.1   4.2 13
2015  55 21   7.0   3.6 27
2015  55 22   7.6   3.2 27
2015  55 23   7.6   3.2 27
2015  56  0   7.3   3.4  7
2015  56  1   7.3   3.3  7
2015  56  2   7.3   3.3  7
2015  56  3   7.0   3.6 13
2015  56  4   7.0   4.0 13
2015  56  5   7.6   3.4 13
2015  56  6   7.6   3.6 30
2015  56  7   7.0   3.8 30
2015  56  8   7.0   3.4 30
2015  56  9   5.5   4.5 20
2015  56 10   4.2   4.9 20
2015  56 11   5.3   4.5 20
2015  56 12   6.0   4.3 30
2015  56 13   6.1   4.3 30
2015  56 14   6.1   4.4 30
2015  56 15   6.5   4.3 27
2015  56 16   6.5   4.2 27
2015  56 17   5.3   4.2 27
2015  56 18   5.1   3.9 20
2015  56 19   5.7   4.1 20
2015  56 20   5.8   3.9 20
2015  56 21   5.4   3.8  3
2015  56 22   5.4   3.7  3
2015  56 23   5.7   3.6  3
2015  57  0   6.2   4.2 17
2015  57  1   6.3   4.0 17
2015  57  2   6.0   4.0 17
2015  57  3   5.8   4.2  3
2015  57  4   6.0   3.7  3
2015  57  5   5.7   4.0  3
2015  57  6   5.6   3.6 13
2015  57  7   4.9   3.8 13
2015  57  8   5.0   3.8 13
2015  57  9   4.9   4.0 13
2015  57 10   5.2   3.9 13
2015  57 11   5.3   3.8 13
2015  57 12   5.1   3.9 10
2015  57 13   5.3   3.8 10
2015  57 14   5.3   3.8 10
2015  57 15   5.4   3.6  0
2015  57 16   5.6   3.4  0
2015  57 17   5.4   3.8  0
2015  57 18   5.4   3.6  3
2015  57 19   5.2   4.2  3
2015  57 20   5.2   4.0  3
2015  57 21   5.1   4.4 10
2015  57 22   4.9   5.0 10
2015  57 23   5.1   5.8 10
2015  58  0   5.1   6.2  0
2015  58  1   4.9   7.0  0
2015  58  2   4.9   6.8  0
2015  58  3   5.1   6.8  0
2015  58  4   5.3   6.8  0
2015  58  5   5.1   7.3  0
2015  58  6   4.7   8.2  3
2015  58  7   4.6   8.2  3
2015  58  8   4.4   8.9  3
2015  58  9   3.8  10.6  3
2015  58 10   3.9  10.6  3
2015  58 11   2.8  12.2  3
2015  58 12   2.0  13.1  7
2015  58 13   1.2  13.7  7
2015  58 14   2.8  12.6  7
2015  58 15   3.3  11.4 10
2015  58 16   3.0  12.1 10
2015  58 17   3.0  11.3 10
2015  58 18   3.8   9.5  3
2015  58 19   3.9  10.3  3
2015  58 20   3.9  10.8  3
2015  58 21   3.4  11.3 13
2015  58 22   3.2  11.6 13
2015  58 23   4.4  12.5 13
2015  59  0   5.0  13.7  7
2015  59  1   5.6  13.7  7
2015  59  2   5.3  14.9  7
2015  59  3   6.5  14.5 27
2015  59  4   7.0  14.9 27
2015  59  5   5.9  16.7 27
2015  59  6   4.4  18.4 23
2015  59  7   5.3  18.5 23
2015  59  8   5.7  19.0 23
2015  59  9   6.0  17.7 20
2015  59 10   5.0  21.1 20
2015  59 11   5.6  23.8 20
2015  59 12   6.9  21.2 20
2015  59 13   7.6  18.0 20
2015  59 14   9.3  15.8 20
2015  59 15   7.9  18.7 30
2015  59 16   6.8  20.8 30
2015  59 17   8.5  18.3 30
2015  59 18  10.2  16.5 37
2015  59 19  11.4  14.3 37
2015  59 20  11.2  17.0 37
2015  59 21   6.7  19.7 30
2015  59 22   9.7  14.4 30
2015  59 23  10.6  11.2 30
2015  60  0  11.1   9.8 50
2015  60  1  12.6   9.1 50
2015  60  2  10.9   8.8 50
2015  60  3   9.7   9.2 50
2015  60  4   9.0   9.6 50
2015  60  5  10.2   8.5 50
2015  60  6  10.9   7.3 53
2015  60  7  10.6   8.1 53
2015  60  8   7.9   7.8 53
2015  60  9   5.9   7.2 37
2015  60 10   5.9   6.8 37
2015  60 11   6.8   6.1 37
2015  60 12   9.0   5.3 20
2015  60 13   9.3   5.6 20
2015  60 14   9.5   5.9 20
2015  60 15  10.1   6.0 13
2015  60 16  11.4   5.6 13
2015  60 17  11.4   5.5 13
2015  60 18  11.4   4.7 23
2015  60 19  10.7   5.0 23
2015  60 20   8.4   8.0 23
2015  60 21   7.1   8.6 27
2015  60 22  10.8   7.0 27
2015  60 23   8.7   9.4 27
2015  61  0   8.6   9.3 40
2015  61  1   9.1  10.6 40
2015  61  2  11.0  11.2 40
2015  61  3  11.8   9.6 43
2015  61  4  12.0  10.6 43
2015  61  5  10.7   9.3 43
2015  61  6  10.4   7.4 53
2015  61  7   9.8   7.4 53
2015  61  8   9.6   7.2 53
2015  61  9   9.7   6.8 47
2015  61 10   8.0   5.7 47
2015  61 11   6.4   4.9 47
2015  61 12   6.3   4.4 37
2015  61 13   6.0   4.6 37
2015  61 14   5.1   4.0 37
2015  61 15   4.4   3.5 37
2015  61 16   3.9   2.9 37
2015  61 17   3.7   2.7 37
2015  61 18   3.6   3.6 30
2015  61 19   3.6   3.8 30
2015  61 20   4.4   4.6 30
2015  61 21   3.7   3.6 20
2015  61 22   4.0   3.1 20
2015  61 23   2.4   3.7 20
2015  62  0   3.1   3.6 30
2015  62  1   3.7   3.7 30
2015  62  2   4.2   3.7 30
2015  62  3   3.9   3.7 30
2015  62  4   3.9   3.6 30
2015  62  5   3.2   3.2 30
2015  62  6   4.7   3.0 20
2015  62  7   4.0   2.9 20
2015  62  8   3.7   3.1 20
2015  62  9   3.6   3.5 20
2015  62 10   3.6   3.6 20
2015  62 11   3.6   3.7 20
2015  62 12   3.5   3.6 17
2015  62 13   4.0   3.3 17
2015  62 14   3.7   3.6 17
2015  62 15   3.5   3.8 13
2015  62 16   4.1   3.7 13
2015  62 17   3.3   5.0 13
2015  62 18   3.6   4.9 23
2015  62 19   3.9   5.3 23
2015  62 20   3.9   6.0 23
2015  62 21   4.3   5.8 33
2015  62 22   4.4   6.1 33
2015  62 23   4.4   5.9 33
2015  63  0   3.8   5.5 20
2015  63  1   3.8   5.8 20
2015  63  2   3.6   6.0 20
2015  63  3   3.4   6.4 13
2015  63  4   3.6   6.7 13
2015  63  5   4.0   6.6 13
2015  63  6   4.4   6.6 17
2015  63  7   4.7   6.8 17
2015  63  8   4.9   8.3 17
2015  63  9   5.9  10.6 33
2015  63 10   4.9  18.4 33
2015  63 11   8.6  14.7 33
2015  63 12   7.5   9.8 30
2015  63 13   5.6   5.8 30
2015  63 14   5.2   4.3 30
2015  63 15   4.3   4.1  3
2015  63 16   4.5   4.6  3
2015  63 17   4.6   5.1  3
2015  63 18   5.4   6.2 17
2015  63 19   5.4   6.6 17
2015  63 20   5.2   5.7 17
2015  63 21   4.7   4.9 27
2015  63 22   3.6   4.8 27
2015  63 23   3.6   4.7 27
2015  64  0   3.6   5.0 13
2015  64  1   4.7   4.8 13
2015  64  2   5.3   4.9 13
2015  64  3   6.2   5.0  3
2015  64  4   6.3   5.0  3
2015  64  5   6.1   4.6  3
2015  64  6   6.2   4.6  3
2015  64  7   6.6   5.3  3
2015  64  8   6.9   4.7  3
2015  64  9   7.1   3.9 13
2015  64 10   7.7   4.3 13
2015  64 11   8.0   3.9 13
2015  64 12   7.2   4.0 20
2015  64 13   5.5   6.0 20
2015  64 14   4.8   6.2 20
2015  64 15   4.8   6.5 23
2015  64 16   4.1   6.6 23
2015  64 17   6.0   5.3 23
2015  64 18   6.4   4.5 17
2015  64 19   5.9   5.2 17
2015  64 20   6.4   7.5 17
2015  64 21   5.9   7.7 13
2015  64 22   4.8   8.3 13
2015  64 23   5.2   8.4 13
2015  65  0   6.9   7.4 13
2015  65  1   7.3   8.1 13
2015  65  2   7.4   8.2 13
2015  65  3   7.4   7.7 27
2015  65  4   8.4   6.9 27
2015  65  5   7.7   8.9 27
2015  65  6   8.9   8.0 37
2015  65  7   8.8   8.1 37
2015  65  8   9.3   8.0 37
2015  65  9   8.4   8.1 20
2015  65 10   8.1   8.3 20
2015  65 11   8.5   7.1 20
2015  65 12   8.2   6.8 17
2015  65 13   7.5   6.8 17
2015  65 14   6.7   6.6 17
2015  65 15   6.6   6.4 17
2015  65 16   6.5   6.8 17
2015  65 17   7.5   7.7 17
2015  65 18   8.7   8.3 20
2015  65 19   9.5   7.1 20
2015  65 20   9.9   6.2 20
2015  65 21   9.2   7.1 30
2015  65 22  10.0   6.1 30
2015  65 23  10.4   6.0 30
2015  66  0   9.3   5.4 37
2015  66  1   9.3   6.1 37
2015  66  2   8.9   6.1 37
2015  66  3   8.4   6.6 43
2015  66  4   8.3   6.2 43
2015  66  5   8.3   7.0 43
2015  66  6   8.0   7.1 33
2015  66  7   7.4   7.5 33
2015  66  8   7.8   7.2 33
2015  66  9   7.7   6.2 33
2015  66 10   5.9   5.5 33
2015  66 11   6.3   5.3 33
2015  66 12   6.6   5.3 30
2015  66 13   6.6   5.3 30
2015  66 14   6.9   5.5 30
2015  66 15   6.2   5.2 37
2015  66 16   6.3   5.1 37
2015  66 17   6.4   5.0 37
2015  66 18   6.4   5.0 33
2015  66 19   6.1   4.9 33
2015  66 20   5.9   4.7 33
2015  66 21   6.0   4.6 37
2015  66 22   5.5   4.4 37
2015  66 23   5.7   4.1 37
2015  67  0   5.8   4.4 27
2015  67  1   5.5   4.2 27
2015  67  2   5.8   4.0 27
2015  67  3   6.0   3.8 23
2015  67  4   5.9   4.2 23
2015  67  5   5.6   4.7 23
2015  67  6   5.1   5.4 27
2015  67  7   5.0   5.4 27
2015  67  8   3.8   5.8 27
2015  67  9   5.5   5.4 30
2015  67 10   5.3   5.2 30
2015  67 11   5.0   5.3 30
2015  67 12   5.9   4.6 37
2015  67 13   5.2   4.5 37
2015  67 14   5.2   4.1 37
2015  67 15   5.8   3.3 20
2015  67 16   5.5   3.5 20
2015  67 17   4.7   3.7 20
2015  67 18   4.9   3.5 17
2015  67 19   5.2   3.3 17
2015  67 20   5.2   3.3 17
2015  67 21   4.6   3.4  3
2015  67 22   4.3   3.2  3
2015  67 23   4.7   3.1  3
2015  68  0   4.6   2.7 33
2015  68  1   3.9   2.3 33
2015  68  2   4.1   1.9 33
2015  68  3   4.4   1.8 23
2015  68  4   4.3   1.9 23
2015  68  5   4.3   2.2 23
2015  68  6   3.4   2.6  3
2015  68  7   2.9   3.0  3
2015  68  8   3.5   2.7  3
2015  68  9   3.5   2.9  0
2015  68 10   3.5   3.0  0
2015  68 11   3.3   3.2  0
2015  68 12   3.2   3.4  7
2015  68 13   2.7   3.3  7
2015  68 14   3.3   3.2  7
2015  68 15   3.4   3.3 10
2015  68 16   3.1   3.5 10
2015  68 17   3.2   3.5 10
2015  68 18   4.9   5.7  3
2015  68 19   5.4   6.5  3
2015  68 20   4.9   6.2  3
2015  68 21   4.8   5.9 10
2015  68 22   5.4   5.2 10
2015  68 23   5.1   5.4 10
2015  69  0   4.9   5.6 13
2015  69  1   4.8   5.7 13
2015  69  2   4.9   6.0 13
2015  69  3   4.7   5.9 13
2015  69  4   4.8   6.0 13
2015  69  5   4.9   5.9 13
2015  69  6   5.0   5.6 17
2015  69  7   4.9   5.0 17
2015  69  8   5.2   5.2 17
2015  69  9   5.2   5.4 13
2015  69 10   5.2   5.3 13
2015  69 11   5.2   5.2 13
2015  69 12   5.5   4.9  7
2015  69 13   6.1   4.3  7
2015  69 14   5.9   4.4  7
2015  69 15   5.9   4.1  3
2015  69 16   5.7   3.8  3
2015  69 17   5.6   4.0  3
2015  69 18   5.6   3.7 10
2015  69 19   6.0   4.2 10
2015  69 20   6.3   4.6 10
2015  69 21   5.9   4.7  3
2015  69 22   5.9   4.5  3
2015  69 23   5.9   4.5  3
2015  70  0   6.3   4.5  3
2015  70  1   5.3   4.9  3
2015  70  2   5.0   5.1  3
2015  70  3   5.0   5.0 30
2015  70  4   4.6   5.3 30
2015  70  5   6.1   7.2 30
2015  70  6   8.6  10.1 27
2015  70  7   9.3   9.4 27
2015  70  8   9.6   9.3 27
2015  70  9   7.5  10.6 17
2015  70 10   7.3  10.6 17
2015  70 11   6.1  11.4 17
2015  70 12   6.4  10.7 23
2015  70 13   6.6   9.5 23
2015  70 14   6.5  10.1 23
2015  70 15   6.1   9.9 27
2015  70 16   6.3   9.8 27
2015  70 17   7.4   9.4 27
2015  70 18   7.5   9.4 23
2015  70 19   7.3   9.1 23
2015  70 20   7.3   8.6 23
2015  70 21   7.0   8.4 10
2015  70 22   7.3   7.3 10
2015  70 23   7.5   7.4 10
2015  71  0   7.9   7.7 17
2015  71  1   8.1   7.8 17
2015  71  2   8.1   8.0 17
2015  71  3   7.5   7.9 33
2015  71  4   6.3   7.8 33
2015  71  5   6.5   7.4 33
2015  71  6   6.4   7.7 23
2015  71  7   5.6   7.8 23
2015  71  8   5.7   8.0 23
2015  71  9   5.2   8.3 23
2015  71 10   5.4   8.1 23
2015  71 11   4.4   7.9 23
2015  71 12   4.7   7.9 23
2015  71 13   5.0   7.6 23
2015  71 14   4.8   7.4 23
2015  71 15   5.3   7.5 20
2015  71 16   5.5   7.4 20
2015  71 17   5.5   7.1 20
2015  71 18   5.7   6.9  7
2015  71 19   5.8   6.7  7
2015  71 20   5.9   6.3  7
2015  71 21   6.2   6.1  0
2015  71 22   6.4   6.1  0
2015  71 23   6.4   6.0  0
2015  72  0   6.2   6.1 10
2015  72  1   6.1   5.6 10
2015  72  2   6.3   6.1 10
2015  72  3   6.2   6.3  3
2015  72  4   6.0   6.1  3
2015  72  5   5.9   6.3  3
2015  72  6   6.0   6.3  3
2015  72  7   5.5   6.1  3
2015  72  8   5.2   6.2  3
2015  72  9   5.6   6.5 17
2015  72 10   5.6   6.5 17
2015  72 11   6.6   7.5 17
2015  72 12   7.0   8.6 33
2015  72 13   7.6   8.4 33
2015  72 14   8.7   7.3 33
2015  72 15   7.2   8.1 20
2015  72 16   5.9   9.2 20
2015  72 17   6.9   7.9 20
2015  72 18   7.7   6.4 10
2015  72 19   7.5   6.1 10
2015  72 20   6.9   9.6 10
2015  72 21   7.0  10.0 10
2015  72 22   7.0  10.3 10
2015  72 23   6.8   9.8 10
2015  73  0   7.3   9.0  3
2015  73  1   6.8   9.8  3
2015  73  2   6.8   8.2  3
2015  73  3   6.6   8.5 23
2015  73  4   6.4   8.1 23
2015  73  5   6.2   8.0 23
2015  73  6   6.3   8.1 17
2015  73  7   6.3  10.0 17
2015  73  8   6.5  10.3 17
2015  73  9   6.6  10.8 13
2015  73 10   6.5  11.2 13
2015  73 11   6.6  11.3 13
2015  73 12   6.4  11.9 17
2015  73 13   6.4  13.2 17
2015  73 14   5.7  14.9 17
2015  73 15   5.7  13.6  7
2015  73 16   5.4  13.3  7
2015  73 17   4.9  14.5  7
2015  73 18   4.9  14.6  3
2015  73 19   5.5  12.2  3
2015  73 20   5.4  11.7  3
2015  73 21   5.1  13.3 23
2015  73 22   4.8  15.8 23
2015  73 23   6.5  12.4 23
2015  74  0   6.3  13.5 20
2015  74  1   5.9  16.2 20
2015  74  2   6.3  16.4 20
2015  74  3   5.7  17.5 20
2015  74  4   5.7  20.0 20
2015  74  5   5.8  20.0 20
2015  74  6   5.5  20.2 27
2015  74  7   3.7  21.7 27
2015  74  8   4.2  23.4 27
2015  74  9   5.0  22.7 13
2015  74 10   6.2  20.0 13
2015  74 11   6.0  20.3 13
2015  74 12   5.2  21.0 13
2015  74 13   6.5  18.1 13
2015  74 14   4.8  17.3 13
2015  74 15   5.7  18.7 13
2015  74 16   8.9  17.0 13
2015  74 17   8.3  20.7 13
2015  74 18  13.1  17.7 20
2015  74 19   9.4  18.8 20
2015  74 20   5.1  20.3 20
2015  74 21   6.8  14.3 10
2015  74 22   5.0  18.9 10
2015  74 23   6.2  17.7 10
2015  75  0   7.5  22.1 17
2015  75  1   7.2  31.9 17
2015  75  2   7.5  38.8 17
2015  75  3   7.3  32.5 33
2015  75  4   7.4  28.7 33
2015  75  5   5.9  35.1 33
2015  75  6  10.9  24.2 37
2015  75  7  12.4  14.4 37
2015  75  8  11.0  15.5 37
2015  75  9  11.3  19.5 30
2015  75 10  12.6  20.5 30
2015  75 11  14.9  23.2 30
2015  75 12  11.8  23.4 27
2015  75 13  10.4  18.9 27
2015  75 14  13.2  15.7 27
2015  75 15  13.4  21.7 27
2015  75 16  13.0  20.0 27
2015  75 17  12.3  23.9 27
2015  75 18  11.0  26.8 13
2015  75 19   9.2  24.4 13
2015  75 20   8.0  24.2 13
2015  75 21   8.7  19.7  3
2015  75 22   9.6  17.0  3
2015  75 23   8.7  16.9  3
2015  76  0   8.2  17.0 20
2015  76  1   8.5  14.7 20
2015  76  2   8.0  13.1 20
2015  76  3   7.8  17.6 47
2015  76  4   9.7  16.5 47
2015  76  5  21.9  33.7 47
2015  76  6  19.6  30.4 57
2015  76  7  16.7  23.9 57
2015  76  8  19.4  18.3 57
2015  76  9  20.6  22.6 53
2015  76 10  22.4  19.7 53
2015  76 11  21.3  23.5 53
2015  76 12  26.0  16.1 77
2015  76 13  30.2  23.7 77
2015  76 14  31.5  23.1 77
2015  76 15  26.2  23.6 77
2015  76 16  25.2  11.7 77
2015  76 17  22.5  17.7 77
2015  76 18  22.4  12.7 73
2015  76 19  16.0   9.8 73
2015  76 20  17.1   8.5 73
2015  76 21  19.1   7.9 77
2015  76 22  20.1   8.2 77
2015  76 23  20.9   6.4 77
2015  77  0  16.0   6.4 60
2015  77  1  16.5   2.9 60
2015  77  2  15.9   3.5 60
2015  77  3  15.0   4.0 47
2015  77  4  14.1   3.5 47
2015  77  5  12.7   3.6 47
2015  77  6  12.5   3.2 43
2015  77  7  12.3   3.5 43
2015  77  8  12.0   4.4 43
2015  77  9  12.5   4.6 43
2015  77 10  12.9   5.1 43
2015  77 11  12.1   6.4 43
2015  77 12  11.4   6.6 53
2015  77 13  11.0   6.8 53
2015  77 14  10.5   6.9 53
2015  77 15   9.0   6.8 53
2015  77 16   8.7   6.0 53
2015  77 17   8.9   4.9 53
2015  77 18   6.0   3.2 47
2015  77 19   5.8   3.0 47
2015  77 20   5.4   2.8 47
2015  77 21   5.4   2.9 47
2015  77 22   5.0   2.9 47
2015  77 23   4.4   3.1 47
2015  78  0   4.3   3.2 43
2015  78  1   3.1   3.4 43
2015  78  2   3.8   3.3 43
2015  78  3   4.3   3.2 40
2015  78  4   4.9   3.2 40
2015  78  5   5.5   3.4 40
2015  78  6   5.3   3.5 37
2015  78  7   5.8   4.2 37
2015  78  8   5.8   4.2 37
2015  78  9   5.1   4.2 50
2015  78 10   5.9   3.7 50
2015  78 11   7.6   2.7 50
2015  78 12   8.1   2.8 43
2015  78 13   7.4   2.7 43
2015  78 14   7.1   2.6 43
2015  78 15   7.4   3.0 30
2015  78 16   7.0   3.4 30
2015  78 17   6.8   3.4 30
2015  78 18   6.5   3.9 23
2015  78 19   6.3   4.3 23
2015  78 20   6.8   4.3 23
2015  78 21   6.4   3.6 37
2015  78 22   6.1   3.4 37
2015  78 23   6.3   3.6 37
2015  79  0   6.7   3.1 47
2015  79  1   6.7   3.0 47
2015  79  2   6.7   2.3 47
2015  79  3   6.6   2.0 30
2015  79  4   6.3   2.5 30
2015  79  5   6.6   2.8 30
2015  79  6   6.6   2.8 47
2015  79  7   6.3   2.2 47
2015  79  8   6.3   2.3 47
2015  79  9   6.4   2.5 30
2015  79 10   6.1   2.4 30
2015  79 11   6.2   2.6 30
2015  79 12   6.8   2.5 27
2015  79 13   7.1   2.8 27
2015  79 14   6.7   2.8 27
2015  79 15   6.3   2.7 23
2015  79 16   6.7   2.3 23
2015  79 17   7.2   2.5 23
2015  79 18   7.4   2.4 33
2015  79 19   7.0   2.4 33
2015  79 20   7.2   2.8 33
2015  79 21   6.9   3.1 43
2015  79 22   6.3   4.0 43
2015  79 23   7.2   3.8 43
2015  80  0   7.7   4.0 40
2015  80  1   7.5   3.9 40
2015  80  2   7.1   3.6 40
2015  80  3   7.7   3.8 27
2015  80  4   7.3   4.1 27
2015  80  5   6.6   4.1 27
2015  80  6   6.9   4.0 33
2015  80  7   6.6   3.9 33
2015  80  8   6.1   3.6 33
2015  80  9   6.5   3.3 27
2015  80 10   7.0   2.8 27
2015  80 11   7.0   2.9 27
2015  80 12   7.0   2.6 23
2015  80 13   6.4   2.3 23
2015  80 14   6.3   2.1 23
2015  80 15   6.5   2.0 17
2015  80 16   6.8   1.7 17
2015  80 17   6.3   2.2 17
2015  80 18   6.4   2.1 17
2015  80 19   6.1   2.2 17
2015  80 20   6.5   2.1 17
2015  80 21  10.0   2.7 13
2015  80 22  11.0   2.6 13
2015  80 23  11.2   2.7 13
2015  81  0  10.6   3.0 23
2015  81  1  10.3   2.3 23
2015  81  2   8.6   3.5 23
2015  81  3   7.7   5.3 33
2015  81  4   6.3   5.3 33
2015  81  5   5.6   3.8 33
2015  81  6   6.2   3.1 63
2015  81  7  10.7   9.3 63
2015  81  8   8.3  12.5 63
2015  81  9   3.0   8.3 47
2015  81 10   6.4   3.9 47
2015  81 11   5.9   7.8 47
2015  81 12   8.3   5.1 33
2015  81 13   8.5   5.2 33
2015  81 14   9.5   2.4 33
2015  81 15   9.9   1.7 10
2015  81 16   9.6   1.5 10
2015  81 17   9.1   0.9 10
2015  81 18   8.6   1.1 10
2015  81 19   8.6   2.0 10
2015  81 20   8.5   3.5 10
2015  81 21   8.6   1.9 10
2015  81 22   8.7   2.2 10
2015  81 23   8.4   2.1 10
2015  82  0   7.7   2.3 37
2015  82  1   6.4   3.6 37
2015  82  2   7.6   4.1 37
2015  82  3   7.6   4.0 43
2015  82  4   8.8   3.7 43
2015  82  5   8.7   3.1 43
2015  82  6   6.9   2.5 23
2015  82  7   6.0   2.6 23
2015  82  8   5.5   2.5 23
2015  82  9   5.6   3.0 30
2015  82 10   6.0   3.1 30
2015  82 11   5.7   3.0 30
2015  82 12   5.8   2.9 37
2015  82 13   5.8   3.2 37
2015  82 14   5.6   3.5 37
2015  82 15   6.2   3.7 30
2015  82 16   6.3   2.9 30
2015  82 17   5.7   2.8 30
2015  82 18   5.9   2.6 27
2015  82 19   5.6   2.6 27
2015  82 20   5.4   2.7 27
2015  82 21   5.4   2.8 37
2015  82 22   5.3   2.6 37
2015  82 23   5.7   2.6 37
2015  83  0   5.6   2.6 17
2015  83  1   5.6   2.4 17
2015  83  2   5.6   2.3 17
2015  83  3   5.9   2.5 13
2015  83  4   5.5   2.8 13
2015  83  5   5.4   3.1 13
2015  83  6   5.3   3.3 13
2015  83  7   4.6   3.6 13
2015  83  8   4.7   3.2 13
2015  83  9   4.8   2.9 23
2015  83 10   4.5   3.1 23
2015  83 11   4.2   3.6 23
2015  83 12   4.4   3.6 33
2015  83 13   4.5   3.9 33
2015  83 14   4.8   4.2 33
2015  83 15   5.1   5.0 37
2015  83 16   4.8   4.5 37
2015  83 17   5.1   4.3 37
2015  83 18   5.8   4.1 17
2015  83 19   6.7   3.2 17
2015  83 20   6.2   3.3 17
2015  83 21   5.5   3.6 20
2015  83 22   5.4   3.8 20
2015  83 23   5.3   3.9 20
2015  84  0   5.4   4.1 20
2015  84  1   5.0   4.0 20
2015  84  2   5.1   4.0 20
2015  84  3   5.6   3.6 23
2015  84  4   5.0   3.6 23
2015  84  5   4.9   3.4 23
2015  84  6   5.6   3.0 27
2015  84  7   5.5   3.0 27
2015  84  8   5.6   2.9 27
2015  84  9   6.4   3.1 33
2015  84 10   5.9   7.9 33
2015  84 11   4.6   9.1 33
2015  84 12   4.8   9.0 37
2015  84 13   4.2   9.4 37
2015  84 14   2.4  12.1 37
2015  84 15   2.9   8.5 27
2015  84 16   3.6   5.3 27
2015  84 17   2.3   8.0 27
2015  84 18   1.5   9.4 33
2015  84 19   2.4   7.9 33
2015  84 20   3.7   5.6 33
2015  84 21   5.4   3.7 20
2015  84 22   6.0   3.2 20
2015  84 23   5.6   3.2 20
2015  85  0   4.2   3.6 23
2015  85  1   4.3   3.7 23
2015  85  2   4.9   3.7 23
2015  85  3   5.6   3.7 13
2015  85  4   5.3   3.8 13
2015  85  5   5.2   3.5 13
2015  85  6   6.0   3.2 17
2015  85  7   5.6   4.3 17
2015  85  8   5.8   4.1 17
2015  85  9   6.0   4.6  7
2015  85 10   5.9   4.5  7
2015  85 11   5.7   5.0  7
2015  85 12   5.8   5.6 20
2015  85 13   5.6   5.6 20
2015  85 14   2.2  12.4 20
2015  85 15   2.2  11.3 23
2015  85 16   4.6   7.3 23
2015  85 17   4.8   6.7 23
2015  85 18   4.8   5.8 20
2015  85 19   4.4   6.1 20
2015  85 20   4.7   5.7 20
2015  85 21   4.3   5.5 30
2015  85 22   4.0   5.7 30
2015  85 23   4.0   5.7 30
2015  86  0   4.3   5.7 30
2015  86  1   4.7   5.4 30
2015  86  2   5.2   5.7 30
2015  86  3   5.6   5.9 23
2015  86  4   5.9   6.0 23
2015  86  5   6.1   5.9 23
2015  86  6   6.6   5.3 23
2015  86  7   6.6   5.6 23
2015  86  8   6.2   5.6 23
2015  86  9   6.5   5.3 13
2015  86 10   6.5   5.5 13
2015  86 11   6.4   5.6 13
2015  86 12   6.6   5.8 23
2015  86 13   6.7   6.2 23
2015  86 14   7.1   6.2 23
2015  86 15   7.2   6.1 13
2015  86 16   7.2   6.4 13
2015  86 17   7.2   6.4 13
2015  86 18   7.2   6.4 10
2015  86 19   7.5   7.5 10
2015  86 20   7.5   7.5 10
2015  86 21   7.2   7.8 13
2015  86 22   7.3   7.9 13
2015  86 23   7.6   7.9 13
2015  87  0   7.3   8.1  0
2015  87  1   6.6   8.7  0
2015  87  2   6.8   9.9  0
2015  87  3   7.0   9.4 17
2015  87  4   6.9  10.9 17
2015  87  5   6.6  11.0 17
2015  87  6   8.2   8.6 33
2015  87  7   9.4   7.7 33
2015  87  8   9.7   9.0 33
2015  87  9   9.4   9.4 17
2015  87 10   8.5  10.1 17
2015  87 11   7.9  10.3 17
2015  87 12   9.3   8.5 17
2015  87 13   9.5   7.8 17
2015  87 14  10.0   8.9 17
2015  87 15  10.4   9.2 23
2015  87 16  10.7  10.1 23
2015  87 17  11.0  11.3 23
2015  87 18  12.6  11.6 20
2015  87 19  13.8  11.3 20
2015  87 20  14.3  10.6 20
2015  87 21  14.1  16.6 27
2015  87 22  13.4  21.6 27
2015  87 23  14.0  20.0 27
2015  88  0  14.2  23.8 40
2015  88  1  15.4  16.2 40
2015  88  2  14.3  19.9 40
2015  88  3  13.6  19.9 33
2015  88  4  13.2  21.8 33
2015  88  5  14.4  11.9 33
2015  88  6  14.2   8.9 23
2015  88  7  13.2  10.7 23
2015  88  8  12.4  10.7 23
2015  88  9  11.9  11.0 17
2015  88 10  10.6   9.5 17
2015  88 11   9.5  10.4 17
2015  88 12   9.6   8.8 20
2015  88 13   8.8   7.6 20
2015  88 14   7.9   8.1 20
2015  88 15   7.5   7.5 17
2015  88 16   8.1   7.5 17
2015  88 17   8.3   7.6 17
2015  88 18   8.5   7.5 20
2015  88 19   8.9   6.9 20
2015  88 20   8.7   8.3 20
2015  88 21   7.8  12.6 20
2015  88 22   7.7  11.6 20
2015  88 23   7.0  11.8 20
2015  89  0   6.8  10.7 17
2015  89  1   6.5  11.5 17
2015  89  2   6.4  11.3 17
2015  89  3   6.6   9.2 20
2015  89  4   6.4   8.0 20
2015  89  5   5.8   9.0 20
2015  89  6   5.6   8.3  7
2015  89  7   5.6   7.3  7
2015  89  8   5.7   6.2  7
2015  89  9   5.6   5.7  7
2015  89 10   5.5   5.7  7
2015  89 11   5.9   4.9  7
2015  89 12   5.8   4.9  3
2015  89 13   5.6   5.0  3
2015  89 14   5.5   4.9  3
2015  89 15   5.5   5.0  3
2015  89 16   5.5   5.1  3
2015  89 17   5.6   4.8  3
2015  89 18   5.4   5.3  7
2015  89 19   5.4   5.2  7
2015  89 20   5.2   4.8  7
2015  89 21   5.3   4.4 17
2015  89 22   4.9   3.4 17
2015  89 23   5.2   3.4 17
2015  90  0   5.9   3.9  3
2015  90  1   6.4   4.3  3
2015  90  2   6.5   4.5  3
2015  90  3   6.5   4.3  7
2015  90  4   6.4   4.5  7
2015  90  5   6.4   4.7  7
2015  90  6   6.6   5.5 23
2015  90  7   6.9   6.6 23
2015  90  8   8.2   8.7 23
2015  90  9  14.3  15.8 23
2015  90 10  15.7  16.1 23
2015  90 11  15.2  17.8 23
2015  90 12  14.0  13.3 30
2015  90 13  14.6  14.7 30
2015  90 14  15.9  19.6 30
2015  90 15  14.8  15.8 30
2015  90 16  14.3  14.9 30
2015  90 17   9.4  23.7 30
2015  90 18  10.0  22.4 27
2015  90 19  13.9  14.4 27
2015  90 20  15.1   8.4 27
2015  90 21  14.7   7.3 20
2015  90 22  14.0   8.0 20
2015  90 23  13.7   8.3 20
2015  91  0  13.4   7.3 13
2015  91  1  12.9   8.2 13
2015  91  2  12.6   9.1 13
2015  91  3  11.9   9.2 10
2015  91  4  11.2   9.9 10
2015  91  5  11.0   8.7 10
2015  91  6  10.4   9.8 13
2015  91  7  10.8   9.0 13
2015  91  8  11.0   8.6 13
2015  91  9  10.8   7.6 17
2015  91 10  10.2   8.2 17
2015  91 11   7.6  11.8 17
2015  91 12   7.8  11.0 13
2015  91 13   8.6   9.4 13
2015  91 14   9.5   8.6 13
2015  91 15   9.5  11.7 30
2015  91 16   9.1  14.4 30
2015  91 17  11.1  13.4 30
2015  91 18  12.0  12.3 20
2015  91 19  11.6  13.5 20
2015  91 20  13.3  10.9 20
2015  91 21  13.6  11.7 20
2015  91 22  13.6  10.9 20
2015  91 23  13.8  12.9 20
2015  92  0  13.7  13.1  7
2015  92  1  13.4  12.9  7
2015  92  2  12.1  13.4  7
2015  92  3  10.0  15.6 17
2015  92  4   8.9  12.9 17
2015  92  5   9.5  12.8 17
2015  92  6   8.9  13.5 20
2015  92  7   8.4  13.6 20
2015  92  8   8.2   8.0 20
2015  92  9   8.2   7.5 23
2015  92 10   8.0   8.3 23
2015  92 11   7.9   8.2 23
2015  92 12   7.9   7.1 23
2015  92 13   7.0   6.5 23
2015  92 14   6.1   6.5 23
2015  92 15   5.4   6.8 23
2015  92 16   6.4   7.0 23
2015  92 17   8.0   7.1 23
2015  92 18  10.3   8.7 33
2015  92 19   9.1   9.6 33
2015  92 20   8.6  13.7 33
2015  92 21  11.0  13.7 47
2015  92 22  11.4  13.3 47
2015  92 23   9.0  14.7 47
2015  93  0   6.4  16.8 33
2015  93  1   4.9  17.5 33
2015  93  2   9.2  11.7 33
2015  93  3  10.7   7.4 27
2015  93  4  11.6   7.6 27
2015  93  5  12.7   7.4 27
2015  93  6  11.7   7.5 23
2015  93  7  11.3   7.8 23
2015  93  8  11.1   7.2 23
2015  93  9   8.5   5.5 23
2015  93 10   6.7   4.2 23
2015  93 11   6.6   4.5 23
2015  93 12   6.4   4.3 30
2015  93 13   6.6   3.9 30
2015  93 14   6.7   3.6 30
2015  93 15   6.5   3.6 27
2015  93 16   6.8   3.4 27
2015  93 17   6.4   3.3 27
2015  93 18   6.3   3.4 20
2015  93 19   6.8   3.8 20
2015  93 20   7.0   3.8 20
2015  93 21   6.5   3.8 30
2015  93 22   6.1   3.8 30
2015  93 23   6.0   3.6 30
2015  94  0   6.1   3.4 30
2015  94  1   5.9   3.4 30
2015  94  2   5.8   3.5 30
2015  94  3   5.9   3.4 27
2015  94  4   5.8   3.1 27
2015  94  5   5.7   3.1 27
2015  94  6   5.7   3.2 17
2015  94  7   5.6   3.4 17
2015  94  8   5.6   3.4 17
2015  94  9   5.3   3.5 23
2015  94 10   5.4   3.4 23
2015  94 11   5.4   3.4 23
2015  94 12   5.1   3.4 30
2015  94 13   4.8   3.6 30
2015  94 14   4.9   3.4 30
2015  94 15   5.0   3.7 33
2015  94 16   5.0   3.7 33
2015  94 17   5.3   3.6 33
2015  94 18   5.6   3.7 20
2015  94 19   5.8   4.1 20
2015  94 20   5.7   4.3 20
2015  94 21   5.2   4.6 17
2015  94 22   5.7   4.1 17
2015  94 23   5.6   3.5 17
2015  95  0   5.8   3.9 17
2015  95  1   5.2   3.4 17
2015  95  2   5.0   3.3 17
2015  95  3   5.3   3.3 20
2015  95  4   5.3   3.2 20
2015  95  5   5.2   3.0 20
2015  95  6   5.3   3.0 13
2015  95  7   5.1   2.9 13
2015  95  8   4.9   3.2 13
2015  95  9   4.6   3.2  7
2015  95 10   4.9   3.2  7
2015  95 11   5.5   3.3  7
2015  95 12   5.2   3.3 10
2015  95 13   5.3   3.5 10
2015  95 14   5.2   3.9 10
2015  95 15   5.3   3.9 17
2015  95 16   5.0   4.4 17
2015  95 17   5.2   4.3 17
2015  95 18   5.3   4.4 10
2015  95 19   4.5   4.6 10
2015  95 20   5.1   4.1 10
2015  95 21   4.2   3.9 30
2015  95 22   3.3   3.3 30
2015  95 23   3.4   3.0 30
2015  96  0   2.4   2.8 23
2015  96  1   3.2   2.5 23
2015  96  2   3.6   2.4 23
2015  96  3   3.8   2.7 23
2015  96  4   3.9   3.1 23
2015  96  5   3.7   3.4 23
2015  96  6   2.8   3.7 17
2015  96  7   3.1   3.7 17
2015  96  8   3.1   3.2 17
2015  96  9   2.9   3.4  7
2015  96 10   3.0   3.4  7
2015  96 11   2.9   3.2  7
2015  96 12   3.1   3.1 17
2015  96 13   3.2   3.1 17
2015  96 14   3.1   3.1 17
2015  96 15   3.6   2.9  7
2015  96 16   3.7   2.9  7
2015  96 17   3.2   3.1  7
2015  96 18   3.1   3.1  7
2015  96 19   3.1   3.3  7
2015  96 20   2.5   2.9  7
2015  96 21   2.6   3.1 10
2015  96 22   2.7   2.9 10
2015  96 23   2.7   2.8 10
2015  97  0   2.7   2.7 20
2015  97  1   3.0   2.7 20
2015  97  2   2.9   2.9 20
2015  97  3   3.2   2.8 23
2015  97  4   3.0   2.9 23
2015  97  5   2.9   3.0 23
2015  97  6   2.9   3.1  3
2015  97  7   3.3   3.3  3
2015  97  8   3.7   3.3  3
2015  97  9   3.9   3.6  0
2015  97 10   4.0   3.7  0
2015  97 11   4.1   3.7  0
2015  97 12   3.7   3.8  7
2015  97 13   3.6   3.9  7
2015  97 14   3.8   4.0  7
2015  97 15   3.8   4.1  7
2015  97 16   4.0   4.5  7
2015  97 17   4.0   4.6  7
2015  97 18   4.2   4.9 13
2015  97 19   4.3   4.9 13
2015  97 20   4.1   5.0 13
2015  97 21   3.8   4.5  3
2015  97 22   3.5   4.6  3
2015  97 23   3.5   4.6  3
2015  98  0   3.6   4.8 10
2015  98  1   3.6   4.4 10
2015  98  2   3.5   4.1 10
2015  98  3   3.9   3.8  3
2015  98  4   4.1   4.0  3
2015  98  5   4.5   4.1  3
2015  98  6   4.7   4.3  0
2015  98  7   4.8   4.6  0
2015  98  8   4.5   4.3  0
2015  98  9   4.3   4.1  0
2015  98 10   4.2   4.3  0
2015  98 11   4.6   4.3  0
2015  98 12   4.2   4.3 10
2015  98 13   4.0   4.3 10
2015  98 14   4.0   4.2 10
2015  98 15   3.7   4.0 10
2015  98 16   3.8   3.8 10
2015  98 17   4.0   4.0 10
2015  98 18   4.2   4.0 17
2015  98 19   4.2   4.1 17
2015  98 20   3.9   3.9 17
2015  98 21   3.8   4.3  7
2015  98 22   3.8   4.7  7
2015  98 23   3.6   4.4  7
2015  99  0   3.9   4.7 23
2015  99  1   3.8   4.9 23
2015  99  2   5.3   7.0 23
2015  99  3   6.0   8.5 30
2015  99  4   6.3   8.9 30
2015  99  5   5.8   8.5 30
2015  99  6   6.0   8.7 27
2015  99  7   6.5   8.5 27
2015  99  8   6.1   8.4 27
2015  99  9   5.7   8.0 27
2015  99 10   7.4  10.7 27
2015  99 11   9.1  14.1 27
2015  99 12  10.3  13.2 23
2015  99 13  10.1  13.1 23
2015  99 14  11.3  10.5 23
2015  99 15  11.1  10.7 27
2015  99 16  10.8  10.1 27
2015  99 17  10.9  12.1 27
2015  99 18  13.0  15.1 20
2015  99 19  13.3  18.1 20
2015  99 20  13.3  20.9 20
2015  99 21  12.7  21.4 27
2015  99 22  11.6  23.6 27
2015  99 23  11.4  27.2 27
2015 100  0  14.2  20.7 53
2015 100  1  16.6  19.0 53
2015 100  2  19.3  17.0 53
2015 100  3  19.3  18.3 50
2015 100  4  19.7  20.0 50
2015 100  5  18.9  19.8 50
2015 100  6  18.6  18.8 53
2015 100  7  19.1  29.6 53
2015 100  8  19.9  32.4 53
2015 100  9  19.1  22.4 43
2015 100 10  19.2   9.2 43
2015 100 11  17.6  14.5 43
2015 100 12  16.6  21.4 43
2015 100 13  17.4  16.1 43
2015 100 14  18.5  17.6 43
2015 100 15  18.1  19.9 33
2015 100 16  17.0  19.1 33
2015 100 17  15.3  20.3 33
2015 100 18  15.5  11.7 30
2015 100 19  16.4   4.8 30
2015 100 20  16.2   4.2 30
2015 100 21  15.5   7.5 20
2015 100 22  15.1   6.9 20
2015 100 23  14.7   7.0 20
2015 101  0  14.1   8.6 40
2015 101  1  13.3  10.0 40
2015 101  2  12.5   9.8 40
2015 101  3  11.8  15.0 40
2015 101  4  10.9  19.6 40
2015 101  5  10.6  17.6 40
2015 101  6  10.7  13.2 37
2015 101  7   9.0  10.1 37
2015 101  8   8.1   8.9 37
2015 101  9   6.9  10.9 33
2015 101 10   5.9   9.8 33
2015 101 11   4.9   9.5 33
2015 101 12   6.3   7.4 27
2015 101 13   6.4   7.0 27
2015 101 14   5.8   8.5 27
2015 101 15   5.9   9.0 27
2015 101 16   5.8  10.0 27
2015 101 17   5.2  10.2 27
2015 101 18   6.1   9.2 23
2015 101 19   6.1   9.7 23
2015 101 20   5.0   9.6 23
2015 101 21   4.7   9.6 13
2015 101 22   5.2   9.7 13
2015 101 23   4.8   9.7 13
2015 102  0   4.6   9.8  3
2015 102  1   4.2   9.4  3
2015 102  2   3.9   9.8  3
2015 102  3   4.2  10.0 10
2015 102  4   4.6   9.9 10
2015 102  5   4.8   9.4 10
2015 102  6   4.4   9.2 10
2015 102  7   4.3   9.2 10
2015 102  8   4.6   8.8 10
2015 102  9   4.8   8.7  3
2015 102 10   5.1   8.7  3
2015 102 11   5.2   8.6  3
2015 102 12   5.4   8.5 10
2015 102 13   5.4   9.0 10
2015 102 14   5.9   8.8 10
2015 102 15   6.5   8.5  7
2015 102 16   5.5  10.4  7
2015 102 17   3.9  13.0  7
2015 102 18   4.5  12.0 13
2015 102 19   6.0   8.8 13
2015 102 20   6.0   8.4 13
2015 102 21   6.0   8.1  7
2015 102 22   6.0   8.2  7
2015 102 23   5.8   8.2  7
2015 103  0   5.5  11.5 23
2015 103  1   6.5   9.5 23
2015 103  2   7.0   8.0 23
2015 103  3   7.1   7.5 23
2015 103  4   6.4  10.0 23
2015 103  5   4.5  17.4 23
2015 103  6   3.8  19.0 17
2015 103  7   4.2  15.2 17
2015 103  8   3.9  16.6 17
2015 103  9   2.6  18.6 10
2015 103 10   2.8  16.0 10
2015 103 11   2.6  16.3 10
2015 103 12   1.8  17.8 13
2015 103 13   2.0  17.5 13
2015 103 14   1.7  16.8 13
2015 103 15   1.4  16.0 13
2015 103 16   2.2  17.2 13
2015 103 17   2.5  19.0 13
2015 103 18   2.5  19.1 13
2015 103 19   2.2  18.8 13
2015 103 20   1.8  18.4 13
2015 103 21   2.7  17.2  7
2015 103 22   1.8  18.3  7
2015 103 23   2.2  17.3  7
2015 104  0   1.8  16.0  3
2015 104  1   2.4  13.9  3
2015 104  2   1.5  14.8  3
2015 104  3   1.7  15.0  7
2015 104  4   1.7  15.8  7
2015 104  5   2.4  15.7  7
2015 104  6   3.4  18.3 13
2015 104  7   3.5  23.6 13
2015 104  8   4.5  28.0 13
2015 104  9   6.3  27.8 10
2015 104 10   7.2  24.0 10
2015 104 11   8.3  18.8 10
2015 104 12   7.9  22.6 30
2015 104 13   9.1  26.0 30
2015 104 14   9.8  31.4 30
2015 104 15  10.2  37.4 43
2015 104 16  10.7  38.0 43
2015 104 17   9.5  35.5 43
2015 104 18   9.6  39.8 37
2015 104 19  11.0  39.0 37
2015 104 20  10.7  44.1 37
2015 104 21   8.4  48.7 37
2015 104 22  11.3  25.0 37
2015 104 23  12.0  19.6 37
2015 105  0  10.9  25.4 23
2015 105  1   9.1  21.1 23
2015 105  2   8.1  24.4 23
2015 105  3  10.4  19.5 27
2015 105  4   8.8  17.8 27
2015 105  5  10.7  12.6 27
2015 105  6  15.6  19.2 27
2015 105  7  12.6  22.6 27
2015 105  8  13.1  21.7 27
2015 105  9  11.8  21.8 50
2015 105 10  11.5  17.0 50
2015 105 11  10.9  10.7 50
2015 105 12  11.5   8.1 53
2015 105 13  10.8   6.2 53
2015 105 14  10.3   5.2 53
2015 105 15  10.1   5.4 37
2015 105 16  10.5   8.3 37
2015 105 17   9.8   8.7 37
2015 105 18   7.0  11.0 47
2015 105 19   7.2   8.9 47
2015 105 20   7.2   7.3 47
2015 105 21   6.9   6.9 37
2015 105 22   5.1   7.4 37
2015 105 23   7.2   7.3 37
2015 106  0   6.9   6.9 47
2015 106  1   8.1   7.1 47
2015 106  2   7.5   7.4 47
2015 106  3   9.7   6.7 47
2015 106  4  12.3   5.6 47
2015 106  5  12.7   5.5 47
2015 106  6   9.0   3.7 47
2015 106  7   6.9   3.2 47
2015 106  8   7.1   3.5 47
2015 106  9   7.1   3.6 43
2015 106 10   7.2   4.0 43
2015 106 11   7.6   3.9 43
2015 106 12   7.7   3.6 37
2015 106 13   7.9   4.0 37
2015 106 14   7.7   5.0 37
2015 106 15   8.1   5.1 40
2015 106 16   8.8   5.0 40
2015 106 17   8.8   5.0 40
2015 106 18   7.1   7.0 53
2015 106 19   8.1   6.5 53
2015 106 20   8.6   6.2 53
2015 106 21   7.4   6.0 60
2015 106 22   8.2   5.3 60
2015 106 23   6.0   4.4 60
2015 107  0   6.5   4.5 50
2015 107  1   8.0   4.2 50
2015 107  2   8.1   3.6 50
2015 107  3   6.3   2.7 47
2015 107  4   5.1   2.4 47
2015 107  5   5.2   2.2 47
2015 107  6   5.2   2.3 40
2015 107  7   4.2   2.3 40
2015 107  8   4.7   2.1 40
2015 107  9   4.3   1.9 30
2015 107 10   4.0   2.2 30
2015 107 11   3.5   2.2 30
2015 107 12   3.3   2.2 30
2015 107 13   3.6   2.3 30
2015 107 14   3.9   2.2 30
2015 107 15   3.6   2.4 30
2015 107 16   3.8   2.2 30
2015 107 17   3.6   2.6 30
2015 107 18   3.8   2.6 27
2015 107 19   3.6   2.4 27
2015 107 20   3.1   2.6 27
2015 107 21   3.5   2.7 20
2015 107 22   3.6   2.8 20
2015 107 23   3.2   2.9 20
2015 108  0   3.4   2.5 27
2015 108  1   3.3   2.3 27
2015 108  2   3.3   2.1 27
2015 108  3   3.4   2.2 20
2015 108  4   3.2   2.1 20
2015 108  5   3.5   2.1 20
2015 108  6   4.1   2.6 20
2015 108  7   3.7   3.2 20
2015 108  8   3.5   4.0 20
2015 108  9   4.4   4.2 20
2015 108 10   4.5   4.5 20
2015 108 11   4.4   5.1 20
2015 108 12   4.2   5.8 20
2015 108 13   4.3   5.7 20
2015 108 14   4.2   5.1 20
2015 108 15   3.1   5.0 23
2015 108 16   3.3   4.8 23
2015 108 17   3.9   4.4 23
2015 108 18   4.1   4.1 33
2015 108 19   4.1   4.1 33
2015 108 20   3.8   3.9 33
2015 108 21   3.6   3.6 27
2015 108 22   3.8   3.4 27
2015 108 23   3.7   3.4 27
2015 109  0   3.8   3.8 30
2015 109  1   3.9   3.7 30
2015 109  2   4.1   3.3 30
2015 109  3   4.0   3.4 23
2015 109  4   3.9   3.7 23
2015 109  5   4.1   4.1 23
2015 109  6   4.4   4.1 17
2015 109  7   4.6   4.1 17
2015 109  8   4.8   4.4 17
2015 109  9   4.7   5.1 13
2015 109 10   4.6   5.4 13
2015 109 11   4.5   5.5 13
2015 109 12   4.4   5.9 17
2015 109 13   4.8   4.9 17
2015 109 14   4.8   4.5 17
2015 109 15   4.6   5.0 20
2015 109 16   4.7   5.4 20
2015 109 17   4.6   5.9 20
2015 109 18   4.5   6.2 20
2015 109 19   4.4   7.0 20
2015 109 20   4.4   7.7 20
2015 109 21   5.1   9.2 23
2015 109 22   5.2   9.0 23
2015 109 23   5.2   8.9 23
2015 110  0   5.0   8.7 30
2015 110  1   4.9   8.7 30
2015 110  2   4.3   8.7 30
2015 110  3   5.3   8.3 30
2015 110  4   5.6   8.3 30
2015 110  5   5.5   8.4 30
2015 110  6   5.5   8.9 13
2015 110  7   5.9   9.2 13
2015 110  8   6.5   8.7 13
2015 110  9   6.6   9.2 13
2015 110 10   5.2  13.6 13
2015 110 11   4.8  16.3 13
2015 110 12   4.4  16.2 20
2015 110 13   4.1  16.9 20
2015 110 14   3.8  20.2 20
2015 110 15   5.4  21.0 13
2015 110 16   4.5  22.1 13
2015 110 17   4.1  24.7 13
2015 110 18   5.3  25.2 27
2015 110 19   7.6  24.8 27
2015 110 20  11.4  18.1 27
2015 110 21  11.9  22.6 27
2015 110 22  13.6  11.2 27
2015 110 23  11.7   9.9 27
2015 111  0   9.5  10.0 40
2015 111  1   8.5   8.5 40
2015 111  2   9.2   9.0 40
2015 111  3   7.5   7.1 37
2015 111  4   6.1   6.5 37
2015 111  5   6.9   5.2 37
2015 111  6   7.1   4.4 33
2015 111  7   7.0   5.0 33
2015 111  8   6.9   5.4 33
2015 111  9   6.2   4.9 40
2015 111 10   6.3   5.2 40
2015 111 11   6.2   5.1 40
2015 111 12   6.4   5.1 43
2015 111 13   6.6   4.8 43
2015 111 14   6.5   5.5 43
2015 111 15   5.2   5.0 33
2015 111 16   6.1   4.4 33
2015 111 17   6.4   4.4 33
2015 111 18   6.1   4.4 27
2015 111 19   6.1   4.7 27
2015 111 20   6.2   5.0 27
2015 111 21   6.2   5.1 33
2015 111 22   6.1   5.0 33
2015 111 23   6.1   5.3 33
2015 112  0   5.8   5.4 23
2015 112  1   5.9   6.0 23
2015 112  2   5.6   6.3 23
2015 112  3   4.7   5.4 20
2015 112  4   4.4   4.0 20
2015 112  5   4.3   3.9 20
2015 112  6   4.2   4.0 33
2015 112  7   4.3   4.0 33
2015 112  8   4.2   3.9 33
2015 112  9   4.0   3.9 23
2015 112 10   3.9   4.2 23
2015 112 11   3.7   4.2 23
2015 112 12   3.9   4.2 23
2015 112 13   4.4   4.3 23
2015 112 14   4.4   4.4 23
2015 112 15   3.8   4.3 17
2015 112 16   4.4   4.6 17
2015 112 17   4.6   4.8 17
2015 112 18   4.6   4.8 17
2015 112 19   4.7   4.7 17
2015 112 20   5.2   4.4 17
2015 112 21   4.6   4.6 27
2015 112 22   5.3   4.5 27
2015 112 23   5.5   4.6 27
2015 113  0   4.8   4.5 17
2015 113  1   4.6   4.2 17
2015 113  2   4.2   3.8 17
2015 113  3   4.1   3.4 33
2015 113  4   3.7   3.6 33
2015 113  5   3.9   3.8 33
2015 113  6   4.1   4.1 10
2015 113  7   4.1   4.0 10
2015 113  8   4.1   4.2 10
2015 113  9   4.3   4.3 10
2015 113 10   4.4   4.1 10
2015 113 11   4.6   4.5 10
2015 113 12   4.7   4.1  7
2015 113 13   4.8   3.9  7
2015 113 14   4.8   3.6  7
2015 113 15   4.7   3.9  7
2015 113 16   4.8   3.6  7
2015 113 17   4.7   3.6  7
2015 113 18   4.8   3.7  3
2015 113 19   4.8   3.6  3
2015 113 20   4.7   3.5  3
2015 113 21   4.7   3.1 13
2015 113 22   4.9   3.2 13
2015 113 23   4.7   3.1 13
2015 114  0   4.7   3.2 20
2015 114  1   5.0   3.1 20
2015 114  2   5.2   2.9 20
2015 114  3   5.5   2.9 23
2015 114  4   5.4   2.5 23
2015 114  5   4.8   2.3 23
2015 114  6   4.7   2.5  3
2015 114  7   4.5   2.5  3
2015 114  8   4.6   2.7  3
2015 114  9   4.6   2.7  7
2015 114 10   4.6   2.5  7
2015 114 11   4.5   2.4  7
2015 114 12   4.4   3.3  3
2015 114 13   4.2   3.1  3
2015 114 14   4.4   2.8  3
2015 114 15   4.4   3.3  3
2015 114 16   4.7   3.4  3
2015 114 17   4.5   3.5  3
2015 114 18   4.7   3.4  3
2015 114 19   4.3   3.7  3
2015 114 20   3.9   4.0  3
2015 114 21   3.8   4.0  0
2015 114 22   4.0   3.8  0
2015 114 23   3.7   3.5  0
2015 115  0   3.5   3.5  0
2015 115  1   3.6   3.9  0
2015 115  2   3.6   4.4  0
2015 115  3   3.6   4.3  3
2015 115  4   3.6   4.4  3
2015 115  5   3.5   4.7  3
2015 115  6   3.5   4.7  0
2015 115  7   3.4   4.7  0
2015 115  8   3.5   4.9  0
2015 115  9   3.5   5.0  0
2015 115 10   3.4   5.4  0
2015 115 11   2.8   6.2  0
2015 115 12   2.9   6.1  0
2015 115 13   2.8   6.3  0
2015 115 14   2.7   6.6  0
2015 115 15   2.5   6.6  0
2015 115 16   2.5   6.2  0
2015 115 17   2.6   6.2  0
2015 115 18   2.9   6.0  3
2015 115 19   3.1   6.5  3
2015 115 20   3.6   6.9  3
2015 115 21   3.7   8.1  0
2015 115 22   3.4   9.3  0
2015 115 23   3.5   9.8  0
2015 116  0   3.9   9.6  0
2015 116  1   4.0   9.3  0
2015 116  2   4.2   9.1  0
2015 116  3   3.6   9.3  3
2015 116  4   3.6   9.2  3
2015 116  5   3.7   9.6  3
2015 116  6   3.9   9.6  0
2015 116  7   3.5   9.7  0
2015 116  8   3.2  10.0  0
2015 116  9   3.3   9.8  3
2015 116 10   3.0   9.8  3
2015 116 11   2.8   9.8  3
2015 116 12   3.1   8.9  7
2015 116 13   3.2   8.2  7
2015 116 14   3.3   8.0  7
2015 116 15   3.1   8.5  3
2015 116 16   3.1   8.7  3
2015 116 17   2.5   9.4  3
2015 116 18   1.6  11.0  0
2015 116 19   2.3  10.2  0
2015 116 20   2.7  10.3  0
2015 116 21   2.2  11.5 10
2015 116 22   2.6  11.8 10
2015 116 23   3.2  11.4 10
2015 117  0   3.9  10.3  3
2015 117  1   4.2   9.7  3
2015 117  2   4.0  10.0  3
2015 117  3   4.6  10.2  0
2015 117  4   5.5   8.6  0
2015 117  5   5.8   7.9  0
2015 117  6   5.5   6.4  7
2015 117  7   5.1   7.8  7
2015 117  8   4.0  10.1  7
2015 117  9   3.6  11.7 17
2015 117 10   4.9  10.4 17
2015 117 11   3.1  15.2 17
2015 117 12   5.9   9.8 17
2015 117 13   6.9   7.8 17
2015 117 14   4.7  11.2 17
2015 117 15   4.1  11.8 13
2015 117 16   5.3   9.1 13
2015 117 17   6.0   6.5 13
2015 117 18   6.2   4.8 13
2015 117 19   6.3   4.9 13
2015 117 20   6.4   5.1 13
2015 117 21   6.6   5.2 17
2015 117 22   6.2   5.5 17
2015 117 23   6.3   5.3 17
2015 118  0   6.4   5.4 23
2015 118  1   6.3   5.7 23
2015 118  2   6.4   5.3 23
2015 118  3   5.8   5.3 10
2015 118  4   5.7   6.1 10
2015 118  5   6.1   6.1 10
2015 118  6   5.8   6.2 13
2015 118  7   6.0   6.2 13
2015 118  8   6.5   6.6 13
2015 118  9   6.5   7.1 17
2015 118 10   6.6   7.7 17
2015 118 11   6.8   7.8 17
2015 118 12   6.7   8.1 17
2015 118 13   6.7   8.4 17
2015 118 14   7.1   8.4 17
2015 118 15   7.6   9.0 13
2015 118 16   7.1  10.0 13
2015 118 17   6.7   8.8 13
2015 118 18   5.3  10.2 10
2015 118 19   4.1  14.7 10
2015 118 20   3.3  18.2 10
2015 118 21   3.5  12.2  3
2015 118 22   5.0   9.1  3
2015 118 23   3.8  11.2  3
2015 119  0   4.4  10.3  7
2015 119  1   4.4  10.1  7
2015 119  2   4.3   9.9  7
2015 119  3   5.4   8.3  3
2015 119  4   5.2   8.0  3
2015 119  5   4.4   7.8  3
2015 119  6   3.1   8.9  3
2015 119  7   4.1   8.4  3
2015 119  8   4.0   9.5  3
2015 119  9   4.6   9.9 10
2015 119 10   4.9   9.8 10
2015 119 11   5.5   9.0 10
2015 119 12   5.5   8.9 17
2015 119 13   6.3   7.4 17
2015 119 14   6.3   7.9 17
2015 119 15   6.0   8.3 13
2015 119 16   3.4   9.9 13
2015 119 17   2.2  10.8 13
2015 119 18   6.2   8.5  7
2015 119 19   5.7   8.5  7
2015 119 20   6.1   8.6  7
2015 119 21   5.3  12.1 10
2015 119 22   4.3  13.6 10
2015 119 23   4.0  16.6 10
2015 120  0   5.3  18.6 20
2015 120  1   5.1  17.6 20
2015 120  2   4.8  17.7 20
2015 120  3   4.6  18.2  7
2015 120  4   4.7  19.7  7
2015 120  5   5.1  19.8  7
2015 120  6   4.2  19.7 10
2015 120  7   9.3   9.7 10
2015 120  8  10.2   5.4 10
2015 120  9  10.5   5.4  7
2015 120 10  11.1   5.1  7
2015 120 11  10.5   5.7  7
2015 120 12  10.1   6.1  3
2015 120 13  10.2   5.8  3
2015 120 14  10.2   5.9  3
2015 120 15  10.5   5.3  3
2015 120 16  10.3   5.4  3
2015 120 17  10.3   5.8  3
2015 120 18  10.5   6.1 23
2015 120 19   9.7   6.1 23
2015 120 20   9.6   4.6 23
2015 120 21   9.8   5.1  7
2015 120 22   9.2   4.9  7
2015 120 23   9.1   4.6  7
