2015 121  0   8.7   5.1 13
2015 121  1   8.3   4.9 13
2015 121  2   9.5   4.8 13
2015 121  3   9.1   6.0 20
2015 121  4   8.6   6.3 20
2015 121  5   8.9   5.0 20
2015 121  6   9.2   6.1  7
2015 121  7   9.9   5.8  7
2015 121  8   9.5   5.9  7
2015 121  9  10.2   3.0  3
2015 121 10   9.9   3.3  3
2015 121 11   9.5   3.1  3
2015 121 12   9.3   3.1 10
2015 121 13   8.9   3.4 10
2015 121 14   8.3   4.4 10
2015 121 15   9.9   4.6 17
2015 121 16  12.1   6.6 17
2015 121 17  11.4   6.6 17
2015 121 18  11.5   6.5 13
2015 121 19  11.1   6.3 13
2015 121 20  11.0   6.2 13
2015 121 21  10.6   6.3 17
2015 121 22  10.2   6.1 17
2015 121 23   9.6   5.3 17
2015 122  0   9.4   5.7 13
2015 122  1   9.6   5.7 13
2015 122  2   9.5   5.3 13
2015 122  3   9.4   5.0 17
2015 122  4   9.1   5.3 17
2015 122  5   8.8   5.2 17
2015 122  6   8.6   5.5 10
2015 122  7   8.7   5.6 10
2015 122  8   8.6   5.5 10
2015 122  9   8.7   5.2 17
2015 122 10   8.7   5.7 17
2015 122 11   8.5   5.9 17
2015 122 12   8.0   5.8 13
2015 122 13   8.7   4.5 13
2015 122 14   8.5   4.1 13
2015 122 15   7.9   4.5 17
2015 122 16   7.4   4.3 17
2015 122 17   7.0   4.4 17
2015 122 18   7.3   4.6 30
2015 122 19   7.3   4.1 30
2015 122 20   6.5   4.3 30
2015 122 21   7.2   3.5 27
2015 122 22   7.0   3.1 27
2015 122 23   7.1   3.5 27
2015 123  0   7.2   2.9 30
2015 123  1   7.1   2.8 30
2015 123  2   6.9   2.7 30
2015 123  3   6.5   3.3 30
2015 123  4   7.1   4.1 30
2015 123  5   6.7   3.2 30
2015 123  6   6.5   2.9 23
2015 123  7   6.4   3.0 23
2015 123  8   6.1   3.3 23
2015 123  9   6.0   3.1 13
2015 123 10   5.9   3.5 13
2015 123 11   6.0   3.2 13
2015 123 12   6.2   3.6 10
2015 123 13   6.5   3.8 10
2015 123 14   6.3   3.7 10
2015 123 15   6.1   3.7 13
2015 123 16   6.0   3.9 13
2015 123 17   6.0   3.7 13
2015 123 18   5.7   4.0 13
2015 123 19   5.5   4.0 13
2015 123 20   5.9   4.0 13
2015 123 21   6.0   4.3  7
2015 123 22   5.8   3.8  7
2015 123 23   5.6   4.0  7
2015 124  0   5.5   4.5 17
2015 124  1   5.1   4.7 17
2015 124  2   5.8   4.6 17
2015 124  3   5.7   4.2 13
2015 124  4   5.5   4.3 13
2015 124  5   5.3   4.0 13
2015 124  6   5.1   4.1 20
2015 124  7   5.3   3.7 20
2015 124  8   5.3   4.0 20
2015 124  9   5.4   3.8 13
2015 124 10   5.3   3.7 13
2015 124 11   5.1   4.1 13
2015 124 12   5.3   4.1 27
2015 124 13   5.3   3.9 27
2015 124 14   5.2   3.7 27
2015 124 15   5.0   3.6 23
2015 124 16   5.1   3.8 23
2015 124 17   5.0   3.1 23
2015 124 18   5.2   3.7 17
2015 124 19   5.2   3.5 17
2015 124 20   5.3   3.4 17
2015 124 21   5.2   3.3 10
2015 124 22   5.1   3.8 10
2015 124 23   5.1   3.8 10
2015 125  0   5.1   3.8  7
2015 125  1   5.2   4.1  7
2015 125  2   5.3   4.0  7
2015 125  3   5.2   3.9  7
2015 125  4   4.5   4.3  7
2015 125  5   4.8   4.2  7
2015 125  6   4.8   4.2 10
2015 125  7   4.9   4.8 10
2015 125  8   4.9   5.0 10
2015 125  9   4.8   5.2 20
2015 125 10   4.6   5.2 20
2015 125 11   4.8   4.7 20
2015 125 12   4.8   4.7 23
2015 125 13   4.8   4.8 23
2015 125 14   5.0   5.0 23
2015 125 15   5.2   4.6 10
2015 125 16   5.3   5.0 10
2015 125 17   5.6   4.7 10
2015 125 18   5.5   4.8 10
2015 125 19   5.3   5.0 10
2015 125 20   5.3   4.4 10
2015 125 21   5.1   4.7 20
2015 125 22   5.2   4.6 20
2015 125 23   5.4   4.8 20
2015 126  0   5.3   4.0 33
2015 126  1   7.6   5.9 33
2015 126  2  13.6  11.7 33
2015 126  3  11.8  13.8 30
2015 126  4  13.8  14.3 30
2015 126  5  12.3  16.3 30
2015 126  6  16.5  10.7 33
2015 126  7  17.5  10.0 33
2015 126  8  16.2  14.6 33
2015 126  9  13.1  20.3 37
2015 126 10  12.0  21.4 37
2015 126 11  14.7  13.0 37
2015 126 12  13.8  13.4 53
2015 126 13  13.8  13.1 53
2015 126 14  12.8  29.7 53
2015 126 15  13.7  32.5 40
2015 126 16  14.1  32.4 40
2015 126 17  15.5  18.8 40
2015 126 18  16.0  11.8 33
2015 126 19  15.7  13.1 33
2015 126 20  15.5  10.4 33
2015 126 21  15.0   9.4 17
2015 126 22  14.0  11.6 17
2015 126 23  13.2  13.9 17
2015 127  0  12.3  17.7 20
2015 127  1  12.2  17.8 20
2015 127  2  12.8  15.1 20
2015 127  3  13.3  11.0 17
2015 127  4  13.4   7.8 17
2015 127  5  13.2   6.4 17
2015 127  6  13.2   5.5  7
2015 127  7  13.2   3.2  7
2015 127  8  12.8   3.1  7
2015 127  9  12.3   3.9  7
2015 127 10  11.9   4.0  7
2015 127 11  11.5   4.3  7
2015 127 12  10.7   4.3 17
2015 127 13   9.4   5.1 17
2015 127 14   9.2   5.5 17
2015 127 15   9.0   4.5 23
2015 127 16   7.1   8.1 23
2015 127 17   5.2  10.3 23
2015 127 18   4.6   9.5 17
2015 127 19   4.3   9.6 17
2015 127 20   3.6  10.4 17
2015 127 21   2.8  12.1 17
2015 127 22   4.3   8.2 17
2015 127 23   5.9   5.4 17
2015 128  0   6.3   5.0 27
2015 128  1   5.8   5.1 27
2015 128  2   6.0   3.9 27
2015 128  3   5.6   5.5 17
2015 128  4   4.3  18.8 17
2015 128  5   3.9  21.5 17
2015 128  6   4.5  21.7 17
2015 128  7   6.1  16.9 17
2015 128  8   7.2   8.5 17
2015 128  9   7.2   6.9 17
2015 128 10   7.0   6.7 17
2015 128 11   6.7   6.2 17
2015 128 12   6.5   5.4 10
2015 128 13   6.1   5.4 10
2015 128 14   6.1   5.5 10
2015 128 15   5.9   6.3  7
2015 128 16   6.1   6.4  7
2015 128 17   6.3   7.0  7
2015 128 18   6.1   8.3  7
2015 128 19   6.3   7.6  7
2015 128 20   6.1   7.1  7
2015 128 21   6.0   6.8  7
2015 128 22   6.0   6.1  7
2015 128 23   5.9   6.6  7
2015 129  0   5.8   6.9  3
2015 129  1   6.1   6.0  3
2015 129  2   6.2   5.7  3
2015 129  3   6.1   6.4  3
2015 129  4   6.2   6.8  3
2015 129  5   6.2   5.5  3
2015 129  6   6.9   4.4  3
2015 129  7   7.4   4.3  3
2015 129  8   8.0   5.0  3
2015 129  9   7.8   6.2 27
2015 129 10   7.4   7.6 27
2015 129 11   7.1   8.8 27
2015 129 12   3.3  20.8 13
2015 129 13   3.1  19.8 13
2015 129 14   2.6  19.0 13
2015 129 15   3.4  18.2 27
2015 129 16   6.3   9.2 27
2015 129 17   5.4  15.6 27
2015 129 18   4.4  19.2 27
2015 129 19   5.6  11.4 27
2015 129 20   4.5  13.0 27
2015 129 21   4.0  12.1 23
2015 129 22   6.4   4.9 23
2015 129 23   6.4   4.0 23
2015 130  0   7.1   3.6 17
2015 130  1   7.2   4.4 17
2015 130  2   5.9   4.9 17
2015 130  3   5.8   6.6 13
2015 130  4   5.9   6.4 13
2015 130  5   6.0   5.0 13
2015 130  6   5.8   8.0 20
2015 130  7   4.9   9.9 20
2015 130  8   5.1  10.1 20
2015 130  9   8.0   7.5 37
2015 130 10   7.6   9.4 37
2015 130 11   7.9   9.7 37
2015 130 12   6.7   9.3 33
2015 130 13   7.6   9.4 33
2015 130 14   9.4  11.6 33
2015 130 15  10.2  12.8  7
2015 130 16  11.1  12.5  7
2015 130 17  13.0  11.6  7
2015 130 18  13.8  12.4 17
2015 130 19  14.0   9.7 17
2015 130 20  13.8   7.1 17
2015 130 21  12.9   5.6 20
2015 130 22  12.5   6.5 20
2015 130 23  12.9   1.8 20
2015 131  0  11.9   3.2 33
2015 131  1  11.1   4.6 33
2015 131  2  10.9   4.7 33
2015 131  3   9.3   4.4 37
2015 131  4   7.1   5.7 37
2015 131  5   5.6   7.8 37
2015 131  6   5.1   9.6 20
2015 131  7   4.6  10.9 20
2015 131  8   5.1   9.6 20
2015 131  9   6.1   6.8 17
2015 131 10   5.5   8.1 17
2015 131 11   5.8   8.9 17
2015 131 12   6.0   8.5 30
2015 131 13   6.9   7.9 30
2015 131 14   7.6   7.1 30
2015 131 15   7.2   7.6 27
2015 131 16   5.8  10.6 27
2015 131 17   5.2  13.4 27
2015 131 18   5.9  12.5 23
2015 131 19   4.9  15.1 23
2015 131 20   4.4  18.0 23
2015 131 21   3.7  18.9 37
2015 131 22   4.9  17.3 37
2015 131 23   4.4  19.8 37
2015 132  0   5.9  17.0 27
2015 132  1   6.4  20.4 27
2015 132  2   4.5  21.1 27
2015 132  3   7.4  14.3 30
2015 132  4   5.9  18.2 30
2015 132  5   5.4  20.4 30
2015 132  6   5.9  23.7 30
2015 132  7  11.6  27.0 30
2015 132  8  13.2  20.9 30
2015 132  9  10.1  21.3 33
2015 132 10  11.0  17.1 33
2015 132 11   8.5  17.2 33
2015 132 12   5.8  18.0 30
2015 132 13   4.6  17.7 30
2015 132 14   4.2  18.0 30
2015 132 15   3.0  19.3 27
2015 132 16   6.1  20.1 27
2015 132 17   9.0  17.3 27
2015 132 18   9.3  16.4 30
2015 132 19   9.3  16.0 30
2015 132 20  12.5  12.8 30
2015 132 21  10.9  15.4 30
2015 132 22  11.3  20.2 30
2015 132 23  16.3   8.9 30
2015 133  0  15.0   9.1 50
2015 133  1  10.2   9.5 50
2015 133  2  13.5   9.0 50
2015 133  3  16.4   8.2 57
2015 133  4  14.6   8.7 57
2015 133  5  13.7   9.9 57
2015 133  6  13.5   9.0 57
2015 133  7  11.3   9.3 57
2015 133  8  10.6   8.2 57
2015 133  9  12.2   5.7 47
2015 133 10   8.6   3.2 47
2015 133 11   5.0   2.4 47
2015 133 12   4.9   2.6 43
2015 133 13   5.0   2.8 43
2015 133 14   5.1   2.5 43
2015 133 15   5.2   2.5 43
2015 133 16   5.2   2.5 43
2015 133 17   5.0   2.4 43
2015 133 18   5.1   2.3 50
2015 133 19   5.2   2.1 50
2015 133 20   5.0   2.1 50
2015 133 21   5.0   2.0 43
2015 133 22   5.1   2.0 43
2015 133 23   5.1   2.2 43
2015 134  0   4.2   2.3 23
2015 134  1   3.2   2.1 23
2015 134  2   3.9   2.0 23
2015 134  3   4.2   1.8 23
2015 134  4   4.4   1.5 23
2015 134  5   4.5   1.3 23
2015 134  6   4.4   1.4 27
2015 134  7   4.0   1.7 27
2015 134  8   4.4   1.7 27
2015 134  9   4.1   2.0 13
2015 134 10   4.4   1.9 13
2015 134 11   4.2   2.1 13
2015 134 12   4.1   1.9 17
2015 134 13   4.2   1.9 17
2015 134 14   4.4   1.6 17
2015 134 15   4.7   1.3 10
2015 134 16   4.8   1.1 10
2015 134 17   4.7   1.2 10
2015 134 18   4.5   1.3 20
2015 134 19   3.9   1.6 20
2015 134 20   4.1   1.8 20
2015 134 21   4.2   1.7 30
2015 134 22   4.1   2.1 30
2015 134 23   4.3   2.3 30
2015 135  0   4.8   2.2 17
2015 135  1   4.7   2.3 17
2015 135  2   4.5   2.2 17
2015 135  3   4.2   2.7 23
2015 135  4   4.0   2.6 23
2015 135  5   3.8   2.4 23
2015 135  6   3.4   2.2 20
2015 135  7   3.1   2.0 20
2015 135  8   2.9   2.0 20
2015 135  9   2.8   1.9 23
2015 135 10   3.1   1.8 23
2015 135 11   3.2   1.8 23
2015 135 12   3.2   1.8 17
2015 135 13   3.1   2.2 17
2015 135 14   2.7   3.0 17
2015 135 15   2.8   2.8  7
2015 135 16   2.8   3.1  7
2015 135 17   2.7   3.1  7
2015 135 18   2.9   2.8 13
2015 135 19   3.4   2.4 13
2015 135 20   3.4   2.6 13
2015 135 21   3.3   3.1 20
2015 135 22   3.8   3.3 20
2015 135 23   3.6   4.4 20
2015 136  0   3.8   4.2 13
2015 136  1   3.6   4.3 13
2015 136  2   3.7   3.8 13
2015 136  3   2.9   4.2  7
2015 136  4   2.7   4.5  7
2015 136  5   3.2   4.4  7
2015 136  6   3.0   4.1 13
2015 136  7   2.8   4.3 13
2015 136  8   2.5   4.2 13
2015 136  9   2.6   4.2 10
2015 136 10   2.7   4.1 10
2015 136 11   2.8   4.0 10
2015 136 12   2.1   4.6 13
2015 136 13   2.8   4.4 13
2015 136 14   2.7   4.9 13
2015 136 15   1.5   5.8 10
2015 136 16   1.4   6.0 10
2015 136 17   1.9   6.0 10
2015 136 18   2.1   5.5 13
2015 136 19   2.3   5.5 13
2015 136 20   2.2   5.9 13
2015 136 21   2.0   6.3 17
2015 136 22   2.5   6.3 17
2015 136 23   4.2   7.3 17
2015 137  0   4.0   9.1 20
2015 137  1   4.4   9.8 20
2015 137  2   5.3   9.3 20
2015 137  3   5.3  10.2 17
2015 137  4   4.6  12.0 17
2015 137  5   4.9  11.0 17
2015 137  6   5.6   6.1 10
2015 137  7   4.9   4.7 10
2015 137  8   5.9   3.8 10
2015 137  9   5.7   3.5  3
2015 137 10   6.1   3.6  3
2015 137 11   5.2   5.2  3
2015 137 12   4.7   6.3 10
2015 137 13   4.8   6.0 10
2015 137 14   4.9   6.7 10
2015 137 15   5.2   8.2 13
2015 137 16   4.5   7.9 13
2015 137 17   5.5   4.4 13
2015 137 18   6.0   3.9 17
2015 137 19   6.0   7.4 17
2015 137 20   6.3   7.7 17
2015 137 21   7.2   6.7  3
2015 137 22   7.3   6.7  3
2015 137 23   6.7   5.9  3
2015 138  0   7.2   5.8 13
2015 138  1   8.6   5.0 13
2015 138  2   8.9   6.4 13
2015 138  3   8.6   8.5 17
2015 138  4   9.2  12.3 17
2015 138  5  10.2  13.3 17
2015 138  6  10.7  10.9 20
2015 138  7  11.6  11.3 20
2015 138  8  13.5   8.3 20
2015 138  9  14.2   5.0 23
2015 138 10  11.5  12.3 23
2015 138 11  10.9  10.3 23
2015 138 12  10.8   9.9 30
2015 138 13  10.1   9.6 30
2015 138 14   9.3   8.2 30
2015 138 15   7.6   9.3 13
2015 138 16   8.8   4.8 13
2015 138 17   9.1   3.7 13
2015 138 18   9.0   3.2 30
2015 138 19   9.3   4.6 30
2015 138 20  14.6   7.7 30
2015 138 21  15.0   9.5 53
2015 138 22  15.7   8.7 53
2015 138 23  15.6   6.4 53
2015 139  0  18.1   7.2 50
2015 139  1  19.5   8.7 50
2015 139  2  16.9  10.5 50
2015 139  3  14.4   6.4 33
2015 139  4  14.6   6.9 33
2015 139  5  14.3   7.6 33
2015 139  6  14.1   7.3 17
2015 139  7  13.1   8.7 17
2015 139  8  12.6   9.3 17
2015 139  9  12.2   8.9 23
2015 139 10  11.6   7.9 23
2015 139 11  10.8   8.1 23
2015 139 12   9.7   8.1 20
2015 139 13   8.6   7.6 20
2015 139 14   7.8   6.4 20
2015 139 15   6.2   3.9 20
2015 139 16   5.9   3.7 20
2015 139 17   5.5   3.9 20
2015 139 18   5.5   4.0 20
2015 139 19   5.1   4.4 20
2015 139 20   5.1   4.1 20
2015 139 21   5.6   3.6  7
2015 139 22   5.5   4.0  7
2015 139 23   6.0   4.1  7
2015 140  0   5.8   4.0 27
2015 140  1   5.8   3.9 27
2015 140  2   5.4   3.7 27
2015 140  3   5.4   3.4 27
2015 140  4   5.7   3.5 27
2015 140  5   5.5   3.6 27
2015 140  6   5.0   3.4 20
2015 140  7   5.3   2.9 20
2015 140  8   5.4   2.4 20
2015 140  9   5.2   2.3 13
2015 140 10   5.5   2.0 13
2015 140 11   5.7   2.6 13
2015 140 12   5.8   2.5 20
2015 140 13   6.1   1.8 20
2015 140 14   6.2   1.9 20
2015 140 15   6.1   1.9  7
2015 140 16   6.3   1.1  7
2015 140 17   6.2   1.5  7
2015 140 18   6.5   0.8  7
2015 140 19   6.5   0.7  7
2015 140 20   6.5   0.7  7
2015 140 21   6.4   0.8  0
2015 140 22   6.3   1.0  0
2015 140 23   6.3   0.8  0
2015 141  0   6.2   1.0  0
2015 141  1   6.2   0.8  0
2015 141  2   6.2   0.7  0
2015 141  3   6.0   0.7  3
2015 141  4   5.9   0.7  3
2015 141  5   5.8   0.7  3
2015 141  6   5.5   0.7  0
2015 141  7   5.5   0.7  0
2015 141  8   5.4   1.0  0
2015 141  9   5.2   0.9  3
2015 141 10   5.2   1.0  3
2015 141 11   5.1   1.3  3
2015 141 12   5.2   1.1 10
2015 141 13   5.1   1.2 10
2015 141 14   5.1   1.5 10
2015 141 15   5.2   1.5  3
2015 141 16   5.3   1.3  3
2015 141 17   5.3   1.3  3
2015 141 18   5.3   1.3  7
2015 141 19   5.2   1.2  7
2015 141 20   5.0   1.5  7
2015 141 21   4.9   1.4 10
2015 141 22   5.0   1.5 10
2015 141 23   4.8   1.4 10
2015 142  0   4.9   2.3 13
2015 142  1   4.9   2.1 13
2015 142  2   5.0   2.0 13
2015 142  3   5.0   1.7  3
2015 142  4   5.1   1.6  3
2015 142  5   5.0   1.8  3
2015 142  6   5.2   1.6  0
2015 142  7   5.1   1.8  0
2015 142  8   5.1   1.8  0
2015 142  9   4.9   1.8  7
2015 142 10   5.2   1.6  7
2015 142 11   5.1   1.8  7
2015 142 12   5.1   2.7 10
2015 142 13   5.2   1.0 10
2015 142 14   5.2   1.2 10
2015 142 15   5.1   1.8  3
2015 142 16   5.1   1.4  3
2015 142 17   5.1   1.5  3
2015 142 18   5.2   1.3  3
2015 142 19   5.0   1.5  3
2015 142 20   5.3   1.1  3
2015 142 21   4.9   1.6  0
2015 142 22   4.6   2.1  0
2015 142 23   4.4   2.3  0
2015 143  0   4.5   2.1  0
2015 143  1   4.7   2.0  0
2015 143  2   5.0   1.9  0
2015 143  3   4.4   2.9  7
2015 143  4   5.0   2.3  7
2015 143  5   5.5   2.4  7
2015 143  6   5.9   2.2  7
2015 143  7   6.3   1.5  7
2015 143  8   6.3   1.5  7
2015 143  9   5.8   1.8 13
2015 143 10   5.2   3.0 13
2015 143 11   5.0   3.3 13
2015 143 12   5.5   3.4  7
2015 143 13   5.5   4.2  7
2015 143 14   5.4   4.3  7
2015 143 15   4.7   5.8  7
2015 143 16   2.7   9.5  7
2015 143 17   1.9  11.4  7
2015 143 18   1.7  11.3  7
2015 143 19   1.6  13.1  7
2015 143 20   2.2  12.4  7
2015 143 21   3.4   9.9  3
2015 143 22   2.9  11.5  3
2015 143 23   3.6  10.2  3
2015 144  0   4.2   8.9 13
2015 144  1   4.6   6.4 13
2015 144  2   4.6   6.6 13
2015 144  3   4.7   6.7 17
2015 144  4   4.5   7.0 17
2015 144  5   4.4   7.0 17
2015 144  6   4.5   6.8  7
2015 144  7   4.6   7.1  7
2015 144  8   3.9   7.4  7
2015 144  9   3.3   7.6  3
2015 144 10   3.8   7.9  3
2015 144 11   3.9   8.0  3
2015 144 12   3.6   8.2  3
2015 144 13   3.9   8.3  3
2015 144 14   3.8   8.2  3
2015 144 15   3.9   7.9  3
2015 144 16   3.8   7.9  3
2015 144 17   3.5   7.9  3
2015 144 18   3.8   6.9 13
2015 144 19   4.1   6.6 13
2015 144 20   4.6   6.1 13
2015 144 21   4.5   6.0 13
2015 144 22   4.5   6.0 13
2015 144 23   3.2   6.1 13
2015 145  0   4.0   5.9  3
2015 145  1   4.1   5.7  3
2015 145  2   4.1   5.7  3
2015 145  3   3.7   5.8  0
2015 145  4   2.8   5.5  0
2015 145  5   3.3   5.8  0
2015 145  6   3.6   6.3  3
2015 145  7   3.4   8.1  3
2015 145  8   3.5   7.8  3
2015 145  9   3.8   7.4  7
2015 145 10   3.9   7.1  7
2015 145 11   3.6   7.3  7
2015 145 12   2.8   6.5  7
2015 145 13   3.9   5.7  7
2015 145 14   4.1   5.8  7
2015 145 15   4.2   6.2  3
2015 145 16   3.7   6.6  3
2015 145 17   3.4   6.7  3
2015 145 18   3.4   6.8  7
2015 145 19   2.5   7.2  7
2015 145 20   3.1   8.4  7
2015 145 21   4.0   8.9  3
2015 145 22   4.7   8.9  3
2015 145 23   4.8   8.9  3
2015 146  0   4.8   9.3 17
2015 146  1   4.3  10.5 17
2015 146  2   4.5  11.7 17
2015 146  3   5.8  10.8 17
2015 146  4   6.3  11.0 17
2015 146  5   6.9  11.5 17
2015 146  6   6.8  13.7 13
2015 146  7   7.3  14.9 13
2015 146  8   6.8  15.3 13
2015 146  9   7.1  15.7 10
2015 146 10   6.7  16.3 10
2015 146 11   6.6  15.9 10
2015 146 12   7.0  14.9 13
2015 146 13   6.3  16.2 13
2015 146 14   7.7  15.2 13
2015 146 15   9.0  21.4 23
2015 146 16   9.7  21.1 23
2015 146 17   9.0  18.7 23
2015 146 18  10.9   7.7 17
2015 146 19  10.5   8.1 17
2015 146 20  10.0   7.7 17
2015 146 21   9.8   7.6  3
2015 146 22   9.7   8.0  3
2015 146 23   9.5   8.1  3
2015 147  0   9.3   8.5  0
2015 147  1   8.9   7.6  0
2015 147  2   8.6   7.3  0
2015 147  3   8.6   7.6 10
2015 147  4   8.7   7.8 10
2015 147  5   8.7   7.8 10
2015 147  6   8.5   7.3  3
2015 147  7   8.5   7.4  3
2015 147  8   8.3   7.8  3
2015 147  9   8.1   7.5 10
2015 147 10   7.6   8.6 10
2015 147 11   7.4   8.2 10
2015 147 12   7.1   7.8 23
2015 147 13   7.1   8.0 23
2015 147 14   6.9   8.1 23
2015 147 15   6.2  10.1 13
2015 147 16   6.3  10.1 13
2015 147 17   6.1  10.8 13
2015 147 18   6.5  10.7  7
2015 147 19   5.9   9.9  7
2015 147 20   4.8  10.2  7
2015 147 21   5.8   8.6 20
2015 147 22   6.0   7.5 20
2015 147 23   5.8   7.0 20
2015 148  0   5.7   6.8 20
2015 148  1   5.4   7.1 20
2015 148  2   5.7   7.6 20
2015 148  3   6.4   8.8 23
2015 148  4   5.5   9.0 23
2015 148  5   5.4   9.2 23
2015 148  6   5.1   9.5 10
2015 148  7   4.4   9.8 10
2015 148  8   6.3  10.0 10
2015 148  9   6.7  10.9 20
2015 148 10   6.3  11.2 20
2015 148 11   6.7  11.5 20
2015 148 12   7.3  11.7 17
2015 148 13   6.3  12.9 17
2015 148 14   6.4  12.5 17
2015 148 15   7.5  10.9 13
2015 148 16   7.9  10.5 13
2015 148 17   6.6  11.8 13
2015 148 18   5.3  12.7 10
2015 148 19   7.5  11.8 10
2015 148 20   8.2  11.6 10
2015 148 21   8.5  12.4 13
2015 148 22   8.0  12.1 13
2015 148 23   8.5  10.9 13
2015 149  0   8.4  10.2  7
2015 149  1   7.9  10.6  7
2015 149  2   8.1   9.6  7
2015 149  3   9.0   8.3 20
2015 149  4   8.8   7.5 20
2015 149  5   8.7   7.8 20
2015 149  6   7.9   8.0 13
2015 149  7   7.8   8.7 13
2015 149  8   7.4   9.2 13
2015 149  9   8.1   9.2 20
2015 149 10   7.9   8.7 20
2015 149 11   7.8   8.7 20
2015 149 12   8.0   7.8 20
2015 149 13   7.4   7.2 20
2015 149 14   7.5   7.0 20
2015 149 15   7.4   6.7 20
2015 149 16   6.2   7.2 20
2015 149 17   6.1   7.6 20
2015 149 18   6.2   6.8 20
2015 149 19   6.0   6.9 20
2015 149 20   5.8   6.3 20
2015 149 21   6.1   6.6 20
2015 149 22   6.2   6.5 20
2015 149 23   6.0   6.4 20
2015 150  0   6.2   6.0  7
2015 150  1   6.2   6.2  7
2015 150  2   6.1   6.0  7
2015 150  3   6.2   6.2 10
2015 150  4   6.1   5.5 10
2015 150  5   5.5   5.1 10
2015 150  6   5.5   5.0  7
2015 150  7   5.4   5.0  7
2015 150  8   5.7   5.5  7
2015 150  9   6.0   5.6 10
2015 150 10   5.9   5.5 10
2015 150 11   5.5   5.4 10
2015 150 12   5.2   5.9 20
2015 150 13   4.8   6.0 20
2015 150 14   3.8   6.0 20
2015 150 15   4.5   6.2 10
2015 150 16   4.8   6.0 10
2015 150 17   5.0   5.9 10
2015 150 18   5.0   5.8 10
2015 150 19   4.6   6.0 10
2015 150 20   4.7   5.8 10
2015 150 21   4.5   5.5 13
2015 150 22   4.6   5.4 13
2015 150 23   4.4   5.2 13
2015 151  0   4.6   5.1 13
2015 151  1   4.5   5.1 13
2015 151  2   4.6   4.7 13
2015 151  3   4.3   4.8 10
2015 151  4   4.4   4.5 10
2015 151  5   4.5   4.3 10
2015 151  6   4.6   4.5 13
2015 151  7   4.6   4.7 13
2015 151  8   4.4   4.5 13
2015 151  9   5.0   4.5  3
2015 151 10   5.2   4.8  3
2015 151 11   5.2   5.2  3
2015 151 12   5.4   5.3  7
2015 151 13   5.7   5.4  7
2015 151 14   5.9   5.6  7
2015 151 15   7.3   7.2 17
2015 151 16   8.0   7.3 17
2015 151 17   8.0   7.4 17
2015 151 18   8.5   8.0 10
2015 151 19   8.2   8.2 10
2015 151 20   7.6   8.2 10
2015 151 21   7.7   8.0 17
2015 151 22   7.5   7.6 17
2015 151 23   7.4   7.2 17
2015 152  0   7.2   7.5 30
2015 152  1   6.6   7.7 30
2015 152  2   6.0   7.2 30
2015 152  3   6.6   5.9 23
2015 152  4   6.9   6.0 23
2015 152  5   6.7   6.2 23
2015 152  6   6.5   6.0 10
2015 152  7   6.3   6.2 10
2015 152  8   6.2   6.1 10
2015 152  9   6.1   5.7 17
2015 152 10   5.9   5.5 17
2015 152 11   5.2   4.9 17
2015 152 12   5.8   4.6  3
2015 152 13   5.7   4.5  3
2015 152 14   5.1   5.4  3
2015 152 15   5.2   5.1 10
2015 152 16   5.7   5.6 10
2015 152 17   5.8   5.7 10
2015 152 18   5.1   6.0 23
2015 152 19   5.0   5.8 23
2015 152 20   5.0   6.0 23
2015 152 21   5.6   6.3  7
2015 152 22   5.7   6.1  7
2015 152 23   5.4   6.6  7
2015 153  0   5.4   6.6  3
2015 153  1   5.6   5.9  3
2015 153  2   6.1   5.5  3
2015 153  3   6.2   5.4  3
2015 153  4   6.0   5.6  3
2015 153  5   5.9   5.7  3
2015 153  6   5.9   5.7  0
2015 153  7   6.3   6.0  0
2015 153  8   6.7   6.0  0
2015 153  9   6.7   5.6  3
2015 153 10   6.4   5.4  3
2015 153 11   5.7   6.1  3
2015 153 12   5.8   5.8  3
2015 153 13   5.7   5.6  3
2015 153 14   5.7   5.9  3
2015 153 15   5.8   5.6  3
2015 153 16   5.9   5.2  3
2015 153 17   5.8   5.7  3
2015 153 18   5.6   6.1  3
2015 153 19   5.3   5.9  3
2015 153 20   5.4   6.2  3
2015 153 21   5.2   5.4  3
2015 153 22   5.2   5.7  3
2015 153 23   5.1   5.6  3
2015 154  0   5.5   5.7  3
2015 154  1   5.7   6.0  3
2015 154  2   5.0   6.1  3
2015 154  3   4.7   6.3  7
2015 154  4   4.8   6.3  7
2015 154  5   5.2   6.5  7
2015 154  6   5.1   6.3  7
2015 154  7   5.4   6.1  7
2015 154  8   5.6   6.0  7
2015 154  9   5.6   6.2 13
2015 154 10   5.3   6.4 13
2015 154 11   5.0   6.6 13
2015 154 12   4.9   7.1 13
2015 154 13   4.8   7.2 13
2015 154 14   4.3   7.7 13
2015 154 15   4.4   7.4  7
2015 154 16   4.5   6.9  7
2015 154 17   4.5   6.9  7
2015 154 18   4.3   6.8  7
2015 154 19   4.6   6.6  7
2015 154 20   4.7   6.4  7
2015 154 21   4.7   6.4  3
2015 154 22   4.5   6.3  3
2015 154 23   4.5   5.7  3
2015 155  0   3.7   6.7  3
2015 155  1   4.3   6.4  3
2015 155  2   4.2   6.2  3
2015 155  3   3.7   6.4  3
2015 155  4   3.7   6.1  3
2015 155  5   3.2   5.9  3
2015 155  6   3.9   5.8  0
2015 155  7   4.2   5.7  0
2015 155  8   4.3   4.9  0
2015 155  9   4.4   5.3  3
2015 155 10   4.2   5.0  3
2015 155 11   4.2   5.7  3
2015 155 12   4.0   5.8  3
2015 155 13   4.0   6.1  3
2015 155 14   4.0   5.9  3
2015 155 15   4.2   5.7  3
2015 155 16   4.2   5.5  3
2015 155 17   4.1   5.5  3
2015 155 18   4.3   5.7 10
2015 155 19   4.3   5.7 10
2015 155 20   4.0   6.0 10
2015 155 21   3.7   6.0  0
2015 155 22   3.6   5.6  0
2015 155 23   3.3   5.8  0
2015 156  0   3.0   6.0  0
2015 156  1   3.1   5.8  0
2015 156  2   3.1   5.6  0
2015 156  3   3.1   5.7  3
2015 156  4   3.0   5.8  3
2015 156  5   3.1   5.8  3
2015 156  6   3.0   6.0  0
2015 156  7   2.9   6.2  0
2015 156  8   3.0   6.3  0
2015 156  9   3.0   7.6  3
2015 156 10   3.5  10.0  3
2015 156 11   3.5  10.0  3
2015 156 12   4.2   9.4  3
2015 156 13   3.8   9.2  3
2015 156 14   3.3   9.2  3
2015 156 15   3.3   8.8  3
2015 156 16   3.3   8.4  3
2015 156 17   3.2   8.1  3
2015 156 18   3.3   8.0  3
2015 156 19   3.6   8.2  3
2015 156 20   3.9   9.5  3
2015 156 21   4.0  10.6  3
2015 156 22   4.4  11.3  3
2015 156 23   4.3  12.1  3
2015 157  0   4.9  12.5  7
2015 157  1   5.6  13.8  7
2015 157  2   5.8  14.9  7
2015 157  3   6.3  16.9 20
2015 157  4   5.8  21.5 20
2015 157  5   3.4  28.3 20
2015 157  6   4.2  29.9  3
2015 157  7   5.4  28.4  3
2015 157  8   6.5  25.4  3
2015 157  9   7.2  25.2 17
2015 157 10   7.0  26.2 17
2015 157 11   7.1  20.7 17
2015 157 12   8.1  12.1 13
2015 157 13   5.8  13.5 13
2015 157 14   4.7  13.3 13
2015 157 15   4.8  12.6  7
2015 157 16   4.2  12.0  7
2015 157 17   4.9  11.5  7
2015 157 18   5.0  11.4  7
2015 157 19   4.4  11.9  7
2015 157 20   4.8  12.7  7
2015 157 21   4.9  12.2  7
2015 157 22   4.8  12.2  7
2015 157 23   4.4  12.2  7
2015 158  0   4.7  12.1  0
2015 158  1   5.0  12.3  0
2015 158  2   5.9  11.1  0
2015 158  3   3.7  12.0 10
2015 158  4   4.4  10.5 10
2015 158  5   5.7  10.0 10
2015 158  6   6.1  10.0 10
2015 158  7   6.6  10.5 10
2015 158  8   6.6  12.4 10
2015 158  9   6.9  13.7 10
2015 158 10   8.3  17.9 10
2015 158 11  10.0  18.2 10
2015 158 12  11.1  23.6 17
2015 158 13  12.5  28.0 17
2015 158 14  13.0  30.0 17
2015 158 15  12.9  27.4 17
2015 158 16  12.0  29.7 17
2015 158 17  12.3  26.7 17
2015 158 18  12.9  25.4 30
2015 158 19  10.7  25.3 30
2015 158 20  12.6  21.9 30
2015 158 21  12.1  23.1 30
2015 158 22  13.2  22.6 30
2015 158 23  13.3  20.2 30
2015 159  0  15.4  17.7 30
2015 159  1  15.1  16.7 30
2015 159  2  17.2   7.2 30
2015 159  3  18.5   8.0 37
2015 159  4  16.9  12.1 37
2015 159  5  17.9  15.1 37
2015 159  6  20.5  13.2 60
2015 159  7  17.9  12.7 60
2015 159  8  16.3   9.7 60
2015 159  9  15.1   9.7 50
2015 159 10  16.7   9.1 50
2015 159 11  12.8   7.0 50
2015 159 12   5.7   3.4 43
2015 159 13   5.2   3.1 43
2015 159 14   5.1   3.3 43
2015 159 15   5.7   2.8 50
2015 159 16   6.3   2.9 50
2015 159 17   7.0   3.3 50
2015 159 18   6.1   3.1 37
2015 159 19   5.9   3.0 37
2015 159 20   5.5   3.2 37
2015 159 21   6.0   2.8 37
2015 159 22   5.5   3.1 37
2015 159 23   5.9   3.4 37
2015 160  0   6.0   3.5 37
2015 160  1   5.7   2.9 37
2015 160  2   5.0   3.3 37
2015 160  3   5.1   3.7 30
2015 160  4   5.1   3.2 30
2015 160  5   5.5   3.8 30
2015 160  6   5.0   3.8 27
2015 160  7   4.9   3.8 27
2015 160  8   6.0   3.4 27
2015 160  9   6.8   3.4 13
2015 160 10   6.0   3.5 13
2015 160 11   5.9   3.5 13
2015 160 12   5.8   3.3 30
2015 160 13   5.1   3.7 30
2015 160 14   4.9   3.5 30
2015 160 15   4.7   3.2 33
2015 160 16   4.7   3.0 33
2015 160 17   4.6   3.2 33
2015 160 18   4.4   2.9 27
2015 160 19   4.2   2.8 27
2015 160 20   4.2   2.8 27
2015 160 21   4.5   2.6 23
2015 160 22   4.8   2.6 23
2015 160 23   4.8   2.8 23
2015 161  0   4.5   2.8 30
2015 161  1   5.1   2.7 30
2015 161  2   4.8   2.4 30
2015 161  3   5.0   2.7 20
2015 161  4   4.5   3.0 20
2015 161  5   4.5   3.0 20
2015 161  6   4.1   2.9 30
2015 161  7   3.9   2.9 30
2015 161  8   4.5   2.8 30
2015 161  9   4.3   2.3 27
2015 161 10   4.2   2.3 27
2015 161 11   4.5   2.6 27
2015 161 12   4.5   2.6 27
2015 161 13   4.3   2.8 27
2015 161 14   4.3   2.9 27
2015 161 15   4.4   3.0 23
2015 161 16   4.4   2.9 23
2015 161 17   4.3   2.8 23
2015 161 18   4.3   2.7 27
2015 161 19   4.3   3.0 27
2015 161 20   3.9   2.8 27
2015 161 21   3.9   2.8 23
2015 161 22   4.2   2.9 23
2015 161 23   3.9   2.6 23
2015 162  0   3.9   2.6 23
2015 162  1   4.0   2.6 23
2015 162  2   4.3   2.6 23
2015 162  3   4.3   2.7 30
2015 162  4   3.8   2.8 30
2015 162  5   4.1   2.7 30
2015 162  6   3.2   2.8 23
2015 162  7   3.6   2.8 23
2015 162  8   3.6   2.5 23
2015 162  9   3.6   2.5 20
2015 162 10   3.3   2.6 20
2015 162 11   3.5   2.4 20
2015 162 12   3.8   2.3 20
2015 162 13   3.7   2.4 20
2015 162 14   3.6   2.5 20
2015 162 15   3.5   2.2 27
2015 162 16   3.1   2.3 27
2015 162 17   3.3   2.1 27
2015 162 18   3.1   2.2 13
2015 162 19   3.0   2.3 13
2015 162 20   2.8   2.3 13
2015 162 21   3.0   2.5 13
2015 162 22   3.0   2.6 13
2015 162 23   2.8   2.9 13
2015 163  0   3.0   3.0 10
2015 163  1   3.3   3.2 10
2015 163  2   3.3   3.1 10
2015 163  3   3.4   3.1 13
2015 163  4   3.3   3.3 13
2015 163  5   3.2   3.1 13
2015 163  6   3.5   3.3 10
2015 163  7   3.7   3.4 10
2015 163  8   3.6   3.7 10
2015 163  9   3.7   3.9 10
2015 163 10   3.5   4.3 10
2015 163 11   3.5   4.5 10
2015 163 12   3.4   5.0 23
2015 163 13   4.5   9.4 23
2015 163 14   5.4  11.9 23
2015 163 15   5.3  14.0 23
2015 163 16   5.1  18.5 23
2015 163 17   2.9  21.8 23
2015 163 18   3.1  20.2 17
2015 163 19   5.2  18.3 17
2015 163 20   7.9  11.4 17
2015 163 21   8.3   7.8 17
2015 163 22   8.2   5.3 17
2015 163 23   6.5   4.6 17
2015 164  0   5.5   5.3 27
2015 164  1   5.7   4.3 27
2015 164  2   5.0   4.1 27
2015 164  3   4.8   3.9 17
2015 164  4   4.5   4.2 17
2015 164  5   4.8   5.1 17
2015 164  6   5.6   5.3 23
2015 164  7   5.7   5.9 23
2015 164  8   5.4   4.8 23
2015 164  9   5.4   4.7 23
2015 164 10   5.0   4.8 23
2015 164 11   5.2   4.7 23
2015 164 12   5.7   4.3 17
2015 164 13   5.2   4.2 17
2015 164 14   5.0   4.1 17
2015 164 15   4.8   3.9 23
2015 164 16   4.7   3.8 23
2015 164 17   4.6   3.6 23
2015 164 18   4.7   4.1 20
2015 164 19   5.3   3.6 20
2015 164 20   5.8   5.3 20
2015 164 21   6.4   6.0 23
2015 164 22   7.4   8.1 23
2015 164 23   7.9   9.1 23
2015 165  0   6.2  13.2 40
2015 165  1   6.7  13.0 40
2015 165  2   7.1  12.7 40
2015 165  3   6.9  11.3 30
2015 165  4   6.3   8.6 30
2015 165  5   5.7   8.0 30
2015 165  6   5.6   7.6 37
2015 165  7   6.9   9.3 37
2015 165  8   7.8  12.8 37
2015 165  9   7.9  10.9 43
2015 165 10   7.9   7.7 43
2015 165 11  10.2   5.0 43
2015 165 12   9.1   6.3 17
2015 165 13  10.2   5.5 17
2015 165 14  10.8   5.6 17
2015 165 15   9.9   7.3 27
2015 165 16   9.2   6.9 27
2015 165 17   9.1   5.5 27
2015 165 18   8.9   5.7 27
2015 165 19   9.0   5.9 27
2015 165 20   9.1   7.0 27
2015 165 21   8.8   6.2 27
2015 165 22   5.9   5.1 27
2015 165 23   6.4   4.5 27
2015 166  0   6.7   3.6 20
2015 166  1   4.8   3.3 20
2015 166  2   4.3   3.0 20
2015 166  3   3.5   2.7 20
2015 166  4   4.1   2.5 20
2015 166  5   4.8   2.2 20
2015 166  6   4.6   2.6 23
2015 166  7   4.4   2.6 23
2015 166  8   4.1   2.8 23
2015 166  9   4.1   2.8 30
2015 166 10   4.3   2.9 30
2015 166 11   4.5   3.1 30
2015 166 12   4.5   3.0 37
2015 166 13   4.9   3.1 37
2015 166 14   4.9   2.8 37
2015 166 15   4.7   2.8 30
2015 166 16   3.6   2.9 30
2015 166 17   4.7   2.9 30
2015 166 18   5.3   3.1 27
2015 166 19   5.4   3.2 27
2015 166 20   5.8   3.3 27
2015 166 21   6.1   3.4 23
2015 166 22   7.0   4.0 23
2015 166 23   7.9   3.9 23
2015 167  0   7.5   3.6 30
2015 167  1   6.5   4.4 30
2015 167  2   6.7   3.8 30
2015 167  3   6.6   3.7 27
2015 167  4   6.4   3.5 27
2015 167  5   6.4   3.4 27
2015 167  6   6.4   3.9 27
2015 167  7   6.5   4.3 27
2015 167  8   6.3   4.2 27
2015 167  9   6.3   3.9 17
2015 167 10   6.1   3.8 17
2015 167 11   5.8   3.7 17
2015 167 12   5.5   3.2 20
2015 167 13   5.3   2.9 20
2015 167 14   5.9   2.9 20
2015 167 15   5.4   2.6 30
2015 167 16   4.7   2.7 30
2015 167 17   5.6   2.5 30
2015 167 18   6.5   3.0 17
2015 167 19   8.4   4.2 17
2015 167 20   8.0   4.5 17
2015 167 21   7.9   4.9 20
2015 167 22   7.8   5.5 20
2015 167 23   7.1   5.0 20
2015 168  0   6.5   5.0 30
2015 168  1   6.0   4.8 30
2015 168  2   6.2   4.4 30
2015 168  3   5.7   4.5 30
2015 168  4   5.8   3.5 30
2015 168  5   6.1   3.2 30
2015 168  6   6.8   2.8 33
2015 168  7   6.8   3.0 33
2015 168  8   6.8   3.1 33
2015 168  9   6.7   3.6 27
2015 168 10   6.4   4.8 27
2015 168 11   6.5   3.9 27
2015 168 12   6.5   3.6 40
2015 168 13   6.5   3.2 40
2015 168 14   6.5   2.8 40
2015 168 15   6.3   3.9 30
2015 168 16   6.1   3.6 30
2015 168 17   5.8   3.4 30
2015 168 18   5.8   3.2 10
2015 168 19   5.8   3.0 10
2015 168 20   5.9   2.7 10
2015 168 21   5.8   3.0  7
2015 168 22   5.3   2.6  7
2015 168 23   5.4   2.7  7
2015 169  0   4.5   2.3 27
2015 169  1   4.4   3.3 27
2015 169  2   4.9   3.3 27
2015 169  3   5.1   3.5 17
2015 169  4   5.2   3.5 17
2015 169  5   4.9   3.3 17
2015 169  6   4.9   3.2 10
2015 169  7   5.0   3.2 10
2015 169  8   5.0   3.1 10
2015 169  9   5.2   2.9 10
2015 169 10   5.3   2.7 10
2015 169 11   5.1   2.5 10
2015 169 12   4.6   2.4 20
2015 169 13   4.8   2.5 20
2015 169 14   4.5   2.0 20
2015 169 15   4.6   1.9 23
2015 169 16   4.4   1.8 23
2015 169 17   4.4   1.9 23
2015 169 18   4.4   1.8 10
2015 169 19   4.5   2.0 10
2015 169 20   4.8   2.0 10
2015 169 21   4.7   1.9  3
2015 169 22   4.0   2.2  3
2015 169 23   3.6   2.2  3
2015 170  0   3.9   2.3 23
2015 170  1   3.6   2.3 23
2015 170  2   3.6   2.0 23
2015 170  3   4.0   2.3  7
2015 170  4   3.8   2.3  7
2015 170  5   3.8   1.8  7
2015 170  6   3.8   2.0  3
2015 170  7   3.9   1.9  3
2015 170  8   3.4   2.9  3
2015 170  9   4.1   2.0 10
2015 170 10   4.7   2.1 10
2015 170 11   5.0   2.0 10
2015 170 12   5.0   2.5  7
2015 170 13   5.3   2.0  7
2015 170 14   4.8   1.8  7
2015 170 15   4.5   2.0  3
2015 170 16   4.4   2.2  3
2015 170 17   4.3   2.0  3
2015 170 18   4.3   2.0  3
2015 170 19   4.3   2.3  3
2015 170 20   4.4   2.2  3
2015 170 21   4.3   2.4  0
2015 170 22   4.3   2.7  0
2015 170 23   4.6   2.4  0
2015 171  0   4.4   2.9  3
2015 171  1   4.5   2.8  3
2015 171  2   4.5   2.5  3
2015 171  3   4.5   2.7  3
2015 171  4   4.4   3.3  3
2015 171  5   4.3   3.3  3
2015 171  6   4.1   3.0  0
2015 171  7   4.0   3.5  0
2015 171  8   4.4   2.5  0
2015 171  9   4.5   1.9  0
2015 171 10   4.4   2.6  0
2015 171 11   4.6   2.4  0
2015 171 12   4.6   2.4  3
2015 171 13   4.7   2.4  3
2015 171 14   4.8   2.6  3
2015 171 15   4.9   2.8  0
2015 171 16   5.1   3.1  0
2015 171 17   5.3   3.0  0
2015 171 18   5.3   3.4  0
2015 171 19   5.0   4.2  0
2015 171 20   4.7   5.0  0
2015 171 21   4.4   6.4  3
2015 171 22   4.1   6.9  3
2015 171 23   4.4   7.6  3
2015 172  0   4.4   8.6  7
2015 172  1   4.8   7.1  7
2015 172  2   4.7   7.2  7
2015 172  3   3.7   8.1  7
2015 172  4   2.7   9.2  7
2015 172  5   3.0   8.9  7
2015 172  6   3.7   8.4  3
2015 172  7   2.2  10.2  3
2015 172  8   2.9  10.1  3
2015 172  9   2.5  10.7  3
2015 172 10   3.4  10.6  3
2015 172 11   3.3  10.9  3
2015 172 12   2.1  10.6 10
2015 172 13   1.6  11.1 10
2015 172 14   1.6  11.4 10
2015 172 15   1.6  12.0 37
2015 172 16   1.8  14.5 37
2015 172 17   4.4  35.6 37
2015 172 18   8.5  35.8 23
2015 172 19   7.1  41.7 23
2015 172 20   9.2  31.6 23
2015 172 21   8.9  32.5 27
2015 172 22   9.8  24.1 27
2015 172 23  11.2  14.7 27
2015 173  0  11.5  11.0 10
2015 173  1  11.1  10.1 10
2015 173  2  10.3   9.1 10
2015 173  3   9.7   9.2 33
2015 173  4   9.1   8.7 33
2015 173  5   8.7  10.3 33
2015 173  6  14.5  24.1 43
2015 173  7  14.3  22.7 43
2015 173  8  14.1  21.4 43
2015 173  9  11.5  19.7 30
2015 173 10  11.0  16.6 30
2015 173 11  10.3  17.3 30
2015 173 12  10.4  17.1 47
2015 173 13  10.4  15.7 47
2015 173 14  11.0  14.5 47
2015 173 15  10.7  13.4 53
2015 173 16  10.0  13.2 53
2015 173 17   9.7  13.2 53
2015 173 18  15.8  24.4 83
2015 173 19  34.6  40.4 83
2015 173 20  37.7  36.6 83
2015 173 21  29.0  33.7 53
2015 173 22  22.1  33.9 53
2015 173 23  22.3  28.1 53
2015 174  0  23.9  23.0 70
2015 174  1  22.7  11.1 70
2015 174  2  25.6   6.6 70
2015 174  3  24.5   3.7 77
2015 174  4  23.1   2.8 77
2015 174  5  20.7   3.1 77
2015 174  6  20.4   2.3 63
2015 174  7  12.9   2.5 63
2015 174  8  18.1   1.5 63
2015 174  9  18.5   0.3 53
2015 174 10  17.0   0.2 53
2015 174 11  15.1   0.6 53
2015 174 12   5.9   2.7 57
2015 174 13   5.1   4.5 57
2015 174 14   9.0   4.6 57
2015 174 15  12.4   2.0 27
2015 174 16  12.6   1.3 27
2015 174 17  12.0   1.1 27
2015 174 18  10.9   3.1 37
2015 174 19   7.9   5.4 37
2015 174 20  10.2   1.8 37
2015 174 21  10.2   2.0 33
2015 174 22  10.1   1.2 33
2015 174 23   9.2   1.2 33
2015 175  0   7.9   1.5 40
2015 175  1   7.2   1.2 40
2015 175  2   6.8   1.2 40
2015 175  3   6.4   1.2 33
2015 175  4   6.1   1.2 33
2015 175  5   5.8   1.3 33
2015 175  6   5.8   1.3 40
2015 175  7   6.0   1.2 40
2015 175  8   5.8   1.2 40
2015 175  9   5.6   1.4 27
2015 175 10   5.5   1.5 27
2015 175 11   5.4   1.4 27
2015 175 12   4.8   1.0 27
2015 175 13   7.3   1.2 27
2015 175 14  11.5   3.6 27
2015 175 15  10.1   3.8 30
2015 175 16   9.7   4.1 30
2015 175 17  10.4   2.6 30
2015 175 18   9.5   2.6 27
2015 175 19   9.6   3.5 27
2015 175 20   8.9   2.6 27
2015 175 21   8.5   2.2 10
2015 175 22   8.4   2.3 10
2015 175 23   9.3   2.8 10
2015 176  0   9.4   3.4 20
2015 176  1   9.4   4.8 20
2015 176  2   8.6   6.1 20
2015 176  3   8.0   5.5 27
2015 176  4   7.2   5.1 27
2015 176  5   8.2   6.0 27
2015 176  6  10.8   7.0 53
2015 176  7  11.3   6.0 53
2015 176  8  13.9   6.2 53
2015 176  9  12.3   5.6 50
2015 176 10  12.7   3.6 50
2015 176 11  12.3   4.2 50
2015 176 12   9.2   8.6 57
2015 176 13   7.9   7.4 57
2015 176 14   4.6   4.9 57
2015 176 15   3.3   3.3 43
2015 176 16   3.1   2.7 43
2015 176 17   3.9   2.4 43
2015 176 18   4.0   2.6 33
2015 176 19   3.5   2.1 33
2015 176 20   3.6   2.0 33
2015 176 21   3.1   2.4 27
2015 176 22   3.2   2.1 27
2015 176 23   3.8   1.7 27
2015 177  0   4.0   1.5 27
2015 177  1   4.4   0.9 27
2015 177  2   4.7   0.7 27
2015 177  3   4.9   0.8 23
2015 177  4   5.1   1.2 23
2015 177  5   4.9   1.1 23
2015 177  6   4.1   1.8 20
2015 177  7   3.7   1.9 20
2015 177  8   3.9   2.2 20
2015 177  9   4.1   1.6 27
2015 177 10   3.8   1.1 27
2015 177 11   4.2   0.9 27
2015 177 12   4.5   0.8  7
2015 177 13   4.7   1.1  7
2015 177 14   4.5   1.3  7
2015 177 15   4.5   1.5  7
2015 177 16   4.6   1.5  7
2015 177 17   4.3   1.6  7
2015 177 18   4.4   1.7  3
2015 177 19   4.7   1.9  3
2015 177 20   4.6   2.0  3
2015 177 21   4.3   2.7 27
2015 177 22   4.2   3.0 27
2015 177 23   4.8   2.9 27
2015 178  0   5.4   2.5 23
2015 178  1   5.3   2.5 23
2015 178  2   5.8   2.1 23
2015 178  3   9.7   2.9 23
2015 178  4  11.7   1.3 23
2015 178  5   9.3   0.7 23
2015 178  6  10.5   0.8 27
2015 178  7   8.7   1.5 27
2015 178  8   8.9   1.7 27
2015 178  9   7.9   1.0 13
2015 178 10   7.3   1.2 13
2015 178 11   8.4   0.6 13
2015 178 12   8.3   0.7 17
2015 178 13   6.7   1.6 17
2015 178 14   7.1   1.5 17
2015 178 15   6.7   1.7 13
2015 178 16   6.3   2.0 13
2015 178 17   6.8   2.0 13
2015 178 18   7.5   1.6 10
2015 178 19   8.5   1.5 10
2015 178 20   8.9   1.8 10
2015 178 21   8.3   1.5 27
2015 178 22   7.6   2.0 27
2015 178 23   7.1   1.5 27
2015 179  0   5.3   2.0 30
2015 179  1   5.9   2.0 30
2015 179  2   5.9   2.9 30
2015 179  3   5.6   2.8 33
2015 179  4   6.4   2.8 33
2015 179  5   7.2   2.2 33
2015 179  6   6.1   1.5 33
2015 179  7   4.6   1.5 33
2015 179  8   5.2   1.4 33
2015 179  9   3.0   1.2 17
2015 179 10   3.6   0.8 17
2015 179 11   4.3   0.8 17
2015 179 12   4.7   1.0 37
2015 179 13   4.9   1.3 37
2015 179 14   5.5   1.9 37
2015 179 15   5.7   1.9 20
2015 179 16   5.8   2.4 20
2015 179 17   6.4   2.8 20
2015 179 18   7.5   3.5 30
2015 179 19   7.1   3.7 30
2015 179 20   7.2   4.5 30
2015 179 21   6.8   3.5 13
2015 179 22   6.6   3.8 13
2015 179 23   6.3   3.6 13
2015 180  0   6.2   3.4 13
2015 180  1   6.5   3.2 13
2015 180  2   6.6   3.5 13
2015 180  3   6.4   4.0 13
2015 180  4   5.8   4.0 13
2015 180  5   6.0   3.8 13
2015 180  6   5.7   4.1 20
2015 180  7   5.8   4.0 20
2015 180  8   7.7   4.5 20
2015 180  9   7.4   4.3 13
2015 180 10   5.9   5.4 13
2015 180 11   5.3   6.3 13
2015 180 12   5.6   6.1 10
2015 180 13   5.8   5.4 10
2015 180 14   6.2   4.3 10
2015 180 15   6.3   4.1 10
2015 180 16   6.4   4.1 10
2015 180 17   7.0   2.1 10
2015 180 18   6.8   1.4  7
2015 180 19   6.5   1.9  7
2015 180 20   6.2   2.8  7
2015 180 21   6.0   3.3  7
2015 180 22   5.9   3.1  7
2015 180 23   5.9   3.4  7
2015 181  0   5.7   3.2 10
2015 181  1   5.6   3.5 10
2015 181  2   5.7   2.8 10
2015 181  3   5.8   2.4 20
2015 181  4   5.9   2.5 20
2015 181  5   5.2   5.6 20
2015 181  6   4.4   8.9 13
2015 181  7   4.0   7.7 13
2015 181  8   3.5   7.2 13
2015 181  9   2.0   9.2  3
2015 181 10   2.2   8.9  3
2015 181 11   3.3   7.8  3
2015 181 12   2.8   8.6  7
2015 181 13   1.6  10.0  7
2015 181 14   1.6  10.3  7
2015 181 15   2.2  10.8 10
2015 181 16   2.8  12.8 10
2015 181 17   3.4  13.8 10
2015 181 18   1.9  19.1 17
2015 181 19   2.6  18.4 17
2015 181 20   3.3  17.1 17
2015 181 21   3.7  16.1 23
2015 181 22   3.4  11.8 23
2015 181 23   3.2   8.6 23
2015 182  0   3.5   9.1 13
2015 182  1   3.4   9.3 13
2015 182  2   2.9  10.5 13
2015 182  3   3.5  10.5 10
2015 182  4   4.3   9.7 10
2015 182  5   4.2   9.5 10
2015 182  6   5.6   7.4  7
2015 182  7   5.7   7.5  7
2015 182  8   4.7   6.2  7
2015 182  9   4.1   6.4 13
2015 182 10   3.4   6.0 13
2015 182 11   4.0   5.0 13
2015 182 12   5.1   4.2 20
2015 182 13   4.9   4.4 20
2015 182 14   4.7   4.5 20
2015 182 15   5.0   4.4 17
2015 182 16   4.9   4.2 17
2015 182 17   5.2   4.0 17
2015 182 18   3.9   4.2  7
2015 182 19   3.2   4.3  7
2015 182 20   3.2   4.1  7
2015 182 21   3.2   3.9  0
2015 182 22   4.6   3.5  0
2015 182 23   4.4   3.6  0
2015 183  0   4.2   3.6  3
2015 183  1   4.0   3.6  3
2015 183  2   4.0   3.5  3
2015 183  3   4.0   3.4  3
2015 183  4   3.6   3.8  3
2015 183  5   3.8   3.6  3
2015 183  6   3.7   3.6  3
2015 183  7   3.4   3.7  3
2015 183  8   3.3   3.9  3
2015 183  9   3.3   4.1  7
2015 183 10   3.2   4.2  7
2015 183 11   3.3   3.9  7
2015 183 12   2.9   4.8  3
2015 183 13   2.9   5.0  3
2015 183 14   2.8   5.2  3
2015 183 15   2.6   5.1  3
2015 183 16   2.8   4.2  3
2015 183 17   2.8   4.5  3
2015 183 18   2.7   4.9  3
2015 183 19   2.7   4.8  3
2015 183 20   2.7   4.9  3
2015 183 21   2.9   4.8  3
2015 183 22   3.2   3.7  3
2015 183 23   3.2   4.4  3
2015 184  0   3.2   4.9  0
2015 184  1   3.2   3.8  0
2015 184  2   3.4   2.9  0
2015 184  3   3.5   3.4  3
2015 184  4   3.3   5.6  3
2015 184  5   3.3   5.5  3
2015 184  6   3.4   6.1  7
2015 184  7   3.3   6.6  7
2015 184  8   3.4   6.9  7
2015 184  9   3.7   7.2  3
2015 184 10   3.5   7.6  3
2015 184 11   3.5   7.9  3
2015 184 12   3.6   8.2  7
2015 184 13   3.4   8.1  7
2015 184 14   3.2   8.5  7
2015 184 15   2.3  10.0  7
2015 184 16   1.8   9.7  7
2015 184 17   2.4   9.0  7
2015 184 18   2.6   9.9  3
2015 184 19   2.5  11.2  3
2015 184 20   2.6  10.5  3
2015 184 21   3.2  10.3  3
2015 184 22   3.2  10.9  3
2015 184 23   3.4  11.7  3
2015 185  0   3.5  11.6  3
2015 185  1   4.0  10.4  3
2015 185  2   4.4  10.1  3
2015 185  3   4.4  10.8 13
2015 185  4   5.3  11.0 13
2015 185  5   5.2  12.4 13
2015 185  6   5.3  13.5  3
2015 185  7   5.6  15.0  3
2015 185  8   6.9  16.4  3
2015 185  9   6.5  17.1 10
2015 185 10   4.2  19.3 10
2015 185 11   5.3  18.3 10
2015 185 12   7.8  17.9 33
2015 185 13   9.5  25.8 33
2015 185 14  15.2  30.1 33
2015 185 15  15.5  33.5 30
2015 185 16  10.4  37.4 30
2015 185 17  15.4  28.9 30
2015 185 18  19.9  20.2 53
2015 185 19  21.2  19.3 53
2015 185 20  18.0  11.2 53
2015 185 21  14.4   8.6 50
2015 185 22  13.5   9.0 50
2015 185 23  12.7  11.7 50
2015 186  0  12.6  10.4 53
2015 186  1  13.8   8.8 53
2015 186  2  12.6   7.7 53
2015 186  3  11.8   6.0 50
2015 186  4  11.3   6.1 50
2015 186  5  10.1   5.2 50
2015 186  6   9.6   4.2 23
2015 186  7   8.7   3.8 23
2015 186  8   8.6   3.6 23
2015 186  9   8.1   3.2 33
2015 186 10   8.1   3.6 33
2015 186 11   8.0   3.8 33
2015 186 12   7.4   3.3 27
2015 186 13   6.6   2.7 27
2015 186 14   7.0   2.4 27
2015 186 15   6.9   2.6 23
2015 186 16   6.8   2.6 23
2015 186 17   6.5   3.2 23
2015 186 18   6.5   3.1 27
2015 186 19   5.6   4.0 27
2015 186 20   5.3   4.2 27
2015 186 21   5.5   3.7 27
2015 186 22   5.4   3.9 27
2015 186 23   5.2   3.7 27
2015 187  0   5.6   3.6 33
2015 187  1   6.1   3.3 33
2015 187  2   5.8   3.0 33
2015 187  3   5.2   2.8 37
2015 187  4   4.8   3.1 37
2015 187  5   5.3   2.8 37
2015 187  6   5.3   3.0 27
2015 187  7   5.6   3.0 27
2015 187  8   5.7   2.6 27
2015 187  9   6.0   2.5 13
2015 187 10   5.9   2.4 13
2015 187 11   5.6   2.1 13
2015 187 12   5.3   2.0 13
2015 187 13   5.0   1.8 13
2015 187 14   4.5   1.8 13
2015 187 15   4.2   1.9 10
2015 187 16   4.0   3.0 10
2015 187 17   4.5   2.8 10
2015 187 18   4.5   3.3 23
2015 187 19   5.2   2.3 23
2015 187 20   5.9   1.6 23
2015 187 21   5.8   1.7 10
2015 187 22   5.6   2.1 10
2015 187 23   5.3   2.3 10
2015 188  0   5.9   2.5 20
2015 188  1   5.2   2.0 20
2015 188  2   5.3   1.8 20
2015 188  3   5.2   1.7  7
2015 188  4   5.3   1.7  7
2015 188  5   5.0   1.8  7
2015 188  6   4.3   2.2  7
2015 188  7   4.2   2.0  7
2015 188  8   3.9   2.3  7
2015 188  9   3.9   1.9 13
2015 188 10   3.8   2.1 13
2015 188 11   3.6   2.0 13
2015 188 12   3.6   1.8 10
2015 188 13   3.4   2.0 10
2015 188 14   3.4   2.0 10
2015 188 15   3.4   1.9  7
2015 188 16   3.4   1.8  7
2015 188 17   3.4   1.9  7
2015 188 18   3.4   1.9 10
2015 188 19   3.5   1.7 10
2015 188 20   3.4   2.2 10
2015 188 21   3.4   2.0 17
2015 188 22   3.5   1.9 17
2015 188 23   3.2   2.2 17
2015 189  0   3.4   2.1  7
2015 189  1   3.4   2.2  7
2015 189  2   3.4   2.4  7
2015 189  3   3.1   2.8 10
2015 189  4   2.9   2.9 10
2015 189  5   3.0   2.9 10
2015 189  6   3.4   2.9 10
2015 189  7   3.6   3.0 10
2015 189  8   3.9   2.9 10
2015 189  9   4.0   2.9  7
2015 189 10   4.2   3.1  7
2015 189 11   3.8   3.0  7
2015 189 12   3.6   3.5 10
2015 189 13   3.8   3.4 10
2015 189 14   4.0   3.2 10
2015 189 15   4.7   3.0 10
2015 189 16   4.4   3.1 10
2015 189 17   4.3   3.3 10
2015 189 18   4.5   3.7 13
2015 189 19   4.6   3.9 13
2015 189 20   4.6   4.3 13
2015 189 21   4.5   4.5 10
2015 189 22   4.6   4.5 10
2015 189 23   4.7   4.5 10
2015 190  0   4.5   4.4  7
2015 190  1   4.3   4.2  7
2015 190  2   4.7   4.9  7
2015 190  3   4.6   4.7 17
2015 190  4   3.5   4.5 17
2015 190  5   3.9   3.9 17
2015 190  6   4.0   4.0  7
2015 190  7   3.7   3.8  7
2015 190  8   3.8   3.0  7
2015 190  9   3.9   2.6  7
2015 190 10   3.7   3.6  7
2015 190 11   3.7   3.9  7
2015 190 12   3.9   3.8 10
2015 190 13   3.7   4.1 10
2015 190 14   3.8   4.0 10
2015 190 15   4.2   4.0 10
2015 190 16   4.3   4.6 10
2015 190 17   4.1   4.8 10
2015 190 18   3.9   4.8 10
2015 190 19   4.8   4.7 10
2015 190 20   4.7   5.1 10
2015 190 21   4.4   4.8 10
2015 190 22   4.1   4.9 10
2015 190 23   4.3   4.6 10
2015 191  0   4.3   4.5  7
2015 191  1   4.0   4.3  7
2015 191  2   4.2   3.8  7
2015 191  3   4.0   4.1  7
2015 191  4   4.8   3.0  7
2015 191  5   5.0   2.7  7
2015 191  6   4.4   4.0  3
2015 191  7   4.0   6.3  3
2015 191  8   5.0   5.8  3
2015 191  9   6.0   4.9  3
2015 191 10   5.8   5.7  3
2015 191 11   5.2   6.6  3
2015 191 12   5.1   6.6  3
2015 191 13   5.0   7.5  3
2015 191 14   4.9   7.6  3
2015 191 15   4.8   7.7 10
2015 191 16   6.3  11.2 10
2015 191 17   6.4  13.6 10
2015 191 18   7.0  14.9 23
2015 191 19   8.2  17.9 23
2015 191 20  10.3  25.5 23
2015 191 21  11.2  33.0 47
2015 191 22  12.7  44.3 47
2015 191 23  12.1  54.3 47
2015 192  0  16.5  15.7 43
2015 192  1  17.8  15.6 43
2015 192  2  16.6  19.3 43
2015 192  3  20.2  20.4 47
2015 192  4  15.3  24.6 47
2015 192  5  19.7  18.6 47
2015 192  6  16.1  11.9 40
2015 192  7  12.0   8.0 40
2015 192  8   8.3   5.3 40
2015 192  9   7.7   5.1 37
2015 192 10   7.0   4.1 37
2015 192 11   6.4   3.5 37
2015 192 12   7.5   3.3 30
2015 192 13   7.4   3.5 30
2015 192 14   7.6   3.7 30
2015 192 15   7.7   3.3 27
2015 192 16   7.8   3.6 27
2015 192 17   8.0   3.4 27
2015 192 18   7.7   3.6 37
2015 192 19   6.5   3.7 37
2015 192 20   6.6   3.9 37
2015 192 21   6.0   4.1 30
2015 192 22   4.4   3.2 30
2015 192 23   4.1   2.8 30
2015 193  0   4.4   2.7 30
2015 193  1   4.3   2.6 30
2015 193  2   4.1   2.4 30
2015 193  3   4.0   2.3 23
2015 193  4   4.2   2.0 23
2015 193  5   4.3   2.0 23
2015 193  6   4.5   2.0 23
2015 193  7   4.4   2.5 23
2015 193  8   4.3   2.5 23
2015 193  9   4.4   2.6 30
2015 193 10   4.3   2.7 30
2015 193 11   4.4   2.7 30
2015 193 12   4.4   2.3 23
2015 193 13   4.4   2.4 23
2015 193 14   3.8   2.5 23
2015 193 15   4.2   2.4 27
2015 193 16   4.2   2.3 27
2015 193 17   3.4   2.2 27
2015 193 18   3.6   2.3 30
2015 193 19   4.1   2.2 30
2015 193 20   4.1   2.1 30
2015 193 21   4.3   2.1 30
2015 193 22   4.4   2.3 30
2015 193 23   4.4   2.5 30
2015 194  0   4.3   2.5 30
2015 194  1   5.9   2.8 30
2015 194  2   8.9   4.6 30
2015 194  3   9.6   6.3 50
2015 194  4   9.7   5.7 50
2015 194  5   9.7   5.3 50
2015 194  6   9.9   6.7 47
2015 194  7   9.6   6.9 47
2015 194  8   9.5   7.3 47
2015 194  9   9.2   6.6 43
2015 194 10   8.9   5.3 43
2015 194 11   8.6   4.9 43
2015 194 12   8.5   4.6 33
2015 194 13   8.3   4.3 33
2015 194 14   7.9   3.7 33
2015 194 15   8.0   2.6 40
2015 194 16   8.0   2.2 40
2015 194 17   7.0   5.1 40
2015 194 18   7.6   5.1 57
2015 194 19   7.6   4.2 57
2015 194 20   7.5   3.7 57
2015 194 21   7.4   4.0 30
2015 194 22   7.3   3.8 30
2015 194 23   7.1   3.5 30
2015 195  0   6.9   3.3 30
2015 195  1   6.9   3.0 30
2015 195  2   7.0   2.8 30
2015 195  3   7.0   2.6 13
2015 195  4   6.9   2.8 13
2015 195  5   6.8   2.6 13
2015 195  6   6.7   2.8 10
2015 195  7   6.4   3.1 10
2015 195  8   6.3   3.1 10
2015 195  9   6.4   3.1  7
2015 195 10   6.6   2.6  7
2015 195 11   6.8   3.4  7
2015 195 12   6.9   3.3 10
2015 195 13   7.1   3.8 10
2015 195 14   7.3   3.6 10
2015 195 15   7.2   3.2 10
2015 195 16   7.6   3.7 10
2015 195 17   8.9   4.6 10
2015 195 18   8.7   5.4 17
2015 195 19   8.9   4.1 17
2015 195 20   9.8   3.5 17
2015 195 21  10.0   4.2 13
2015 195 22   9.8   4.1 13
2015 195 23   7.8   3.2 13
2015 196  0   7.4   2.9 10
2015 196  1   6.9   2.6 10
2015 196  2   7.1   2.2 10
2015 196  3   6.6   2.1 20
2015 196  4   6.6   1.9 20
2015 196  5   7.1   1.4 20
2015 196  6   7.6   1.1 10
2015 196  7   7.4   1.6 10
2015 196  8   6.8   2.2 10
2015 196  9   7.2   2.4 10
2015 196 10   7.4   2.7 10
2015 196 11   7.7   2.7 10
2015 196 12   7.0   3.2 20
2015 196 13   6.5   3.5 20
2015 196 14   6.3   3.1 20
2015 196 15   6.4   2.6 17
2015 196 16   5.9   2.4 17
2015 196 17   5.9   2.6 17
2015 196 18   5.8   2.6 13
2015 196 19   5.4   2.1 13
2015 196 20   5.5   2.8 13
2015 196 21   5.9   2.1 23
2015 196 22   5.9   2.1 23
2015 196 23   5.2   3.0 23
2015 197  0   4.6   3.0 30
2015 197  1   4.6   3.0 30
2015 197  2   4.8   3.4 30
2015 197  3   4.5   2.8 17
2015 197  4   4.1   3.0 17
2015 197  5   4.4   2.9 17
2015 197  6   4.6   2.6 20
2015 197  7   4.4   2.4 20
2015 197  8   4.2   2.1 20
2015 197  9   4.2   2.4 17
2015 197 10   4.4   2.4 17
2015 197 11   4.0   2.0 17
2015 197 12   3.8   1.9 17
2015 197 13   4.5   1.7 17
2015 197 14   4.2   1.8 17
2015 197 15   3.5   1.3 17
2015 197 16   3.4   1.3 17
2015 197 17   3.5   1.4 17
2015 197 18   3.4   1.2 10
2015 197 19   3.4   1.2 10
2015 197 20   3.4   1.1 10
2015 197 21   3.1   1.4 10
2015 197 22   3.4   1.1 10
2015 197 23   3.4   0.9 10
2015 198  0   3.6   1.3 13
2015 198  1   3.6   1.7 13
2015 198  2   4.1   2.0 13
2015 198  3   5.0   1.3 13
2015 198  4   5.1   1.5 13
2015 198  5   4.9   1.6 13
2015 198  6   5.0   1.6 10
2015 198  7   4.6   1.4 10
2015 198  8   4.4   1.2 10
2015 198  9   4.0   1.3 10
2015 198 10   3.4   1.8 10
2015 198 11   3.3   2.3 10
2015 198 12   3.7   2.5 10
2015 198 13   3.7   3.0 10
2015 198 14   3.7   2.8 10
2015 198 15   3.5   3.5 13
2015 198 16   3.7   3.4 13
2015 198 17   3.1   3.4 13
2015 198 18   3.1   3.5  3
2015 198 19   3.3   3.2  3
2015 198 20   3.0   3.3  3
2015 198 21   2.9   3.4  3
2015 198 22   3.3   3.6  3
2015 198 23   3.2   3.3  3
2015 199  0   2.7   3.4  0
2015 199  1   2.6   3.4  0
2015 199  2   2.6   3.3  0
2015 199  3   2.6   3.1  7
2015 199  4   2.8   2.7  7
2015 199  5   2.9   2.7  7
2015 199  6   3.0   2.6  0
2015 199  7   3.0   2.9  0
2015 199  8   3.6   2.9  0
2015 199  9   3.4   2.9  7
2015 199 10   3.2   3.0  7
2015 199 11   2.9   2.8  7
2015 199 12   2.9   2.6  7
2015 199 13   3.2   2.4  7
2015 199 14   3.1   2.8  7
2015 199 15   3.2   3.0  3
2015 199 16   3.2   3.1  3
2015 199 17   3.2   3.4  3
2015 199 18   3.3   3.5 13
2015 199 19   3.8   3.0 13
2015 199 20   3.7   3.2 13
2015 199 21   3.3   3.8  3
2015 199 22   3.4   3.8  3
2015 199 23   3.3   4.0  3
2015 200  0   3.2   4.0  0
2015 200  1   3.7   3.6  0
2015 200  2   3.6   3.4  0
2015 200  3   3.4   2.7  3
2015 200  4   3.4   3.4  3
2015 200  5   3.3   3.8  3
2015 200  6   3.1   3.8  3
2015 200  7   3.2   4.0  3
2015 200  8   3.2   4.7  3
2015 200  9   3.2   4.8  7
2015 200 10   3.1   5.2  7
2015 200 11   2.9   5.8  7
2015 200 12   3.0   6.1  3
2015 200 13   3.1   7.3  3
2015 200 14   3.0   8.9  3
2015 200 15   3.1   9.2  3
2015 200 16   3.0   9.5  3
2015 200 17   2.9   9.9  3
2015 200 18   3.0  10.1  3
2015 200 19   2.9  11.3  3
2015 200 20   2.9  11.4  3
2015 200 21   3.1  11.4  0
2015 200 22   3.2  11.9  0
2015 200 23   3.2  11.0  0
2015 201  0   3.7   9.9  0
2015 201  1   3.3  10.8  0
2015 201  2   3.4  11.1  0
2015 201  3   3.3  11.7  3
2015 201  4   3.8  10.4  3
2015 201  5   4.0  10.3  3
2015 201  6   3.9  11.8  7
2015 201  7   5.1  10.6  7
2015 201  8   5.3  11.0  7
2015 201  9   5.0  13.7 13
2015 201 10   5.5  14.2 13
2015 201 11   5.5  15.8 13
2015 201 12   6.4  15.4 10
2015 201 13   7.0  17.1 10
2015 201 14   8.3  17.7 10
2015 201 15   8.9  24.3  3
2015 201 16   9.0  27.3  3
2015 201 17   6.7  28.4  3
2015 201 18   6.3  26.9  7
2015 201 19   5.5  29.4  7
2015 201 20   5.4  28.7  7
2015 201 21   5.4  32.0  7
2015 201 22   7.9  28.5  7
2015 201 23   7.4  34.5  7
2015 202  0   7.6  41.5 23
2015 202  1  11.1  40.0 23
2015 202  2  11.2  24.7 23
2015 202  3   8.3  18.8 20
2015 202  4   9.2  20.3 20
2015 202  5  11.0  15.7 20
2015 202  6   9.1  14.4 23
2015 202  7   9.4  14.0 23
2015 202  8   7.9  14.3 23
2015 202  9   8.5  13.8 20
2015 202 10   8.7  13.7 20
2015 202 11   8.7  13.9 20
2015 202 12   6.6  14.4 20
2015 202 13   5.5  15.0 20
2015 202 14   6.6  12.8 20
2015 202 15   6.4  11.4 10
2015 202 16   7.4   9.8 10
2015 202 17   8.5   8.6 10
2015 202 18   8.7   8.2 23
2015 202 19   8.9   7.6 23
2015 202 20   8.9   8.2 23
2015 202 21   8.9   7.2 20
2015 202 22   8.9   7.7 20
2015 202 23   9.2   8.6 20
2015 203  0   8.8   8.6  7
2015 203  1   9.1   8.2  7
2015 203  2   8.9   7.9  7
2015 203  3   8.3   8.4  3
2015 203  4   8.2   8.1  3
2015 203  5   8.4   8.0  3
2015 203  6   8.8   7.9  7
2015 203  7   9.2   8.0  7
2015 203  8   9.5   8.2  7
2015 203  9   9.2   8.7 17
2015 203 10   9.3   9.3 17
2015 203 11   8.6  11.6 17
2015 203 12   8.4  13.3 20
2015 203 13   8.1  14.6 20
2015 203 14   7.2  15.9 20
2015 203 15   8.3  13.0 30
2015 203 16   8.6  15.7 30
2015 203 17  11.6  19.5 30
2015 203 18  11.0  16.2 23
2015 203 19   6.1  11.4 23
2015 203 20   9.2   9.9 23
2015 203 21  10.1   8.2 13
2015 203 22  10.6   7.9 13
2015 203 23   9.8   8.1 13
2015 204  0   9.2   8.1 27
2015 204  1   8.7   7.9 27
2015 204  2  10.1   8.0 27
2015 204  3  10.8   7.0 40
2015 204  4  11.5   6.2 40
2015 204  5  11.3   5.8 40
2015 204  6  11.0   5.8 53
2015 204  7  10.5   5.9 53
2015 204  8   9.3   6.6 53
2015 204  9   9.8   6.8 27
2015 204 10   9.9   5.4 27
2015 204 11   7.8   4.2 27
2015 204 12   7.9   4.5 27
2015 204 13   8.3   4.0 27
2015 204 14   8.5   3.6 27
2015 204 15   8.5   2.8 27
2015 204 16   8.6   3.0 27
2015 204 17   8.8   2.6 27
2015 204 18   8.6   2.6 37
2015 204 19   8.2   3.1 37
2015 204 20   7.7   3.1 37
2015 204 21   7.6   3.0 27
2015 204 22   7.9   3.1 27
2015 204 23   7.9   2.8 27
2015 205  0   7.9   3.1 17
2015 205  1   7.6   3.2 17
2015 205  2   7.5   3.0 17
2015 205  3   7.5   3.1 10
2015 205  4   7.2   3.2 10
2015 205  5   6.8   3.0 10
2015 205  6   6.7   2.9 10
2015 205  7   6.4   3.1 10
2015 205  8   5.7   3.1 10
2015 205  9   5.8   3.5  7
2015 205 10   5.9   2.7  7
2015 205 11   5.5 999.9  7
2015 205 12   6.1   2.4 20
2015 205 13   6.1   2.8 20
2015 205 14   5.9   2.8 20
2015 205 15   5.7   3.1 13
2015 205 16   5.5   2.6 13
2015 205 17   5.4   2.5 13
2015 205 18   5.4   2.6 13
2015 205 19   5.1   2.9 13
2015 205 20   5.3   2.8 13
2015 205 21   5.7   3.1 17
2015 205 22   5.9   3.2 17
2015 205 23   6.1   3.3 17
2015 206  0   6.0   3.4 23
2015 206  1   6.0   3.4 23
2015 206  2   5.8   4.1 23
2015 206  3   5.4   3.5 10
2015 206  4   5.6   3.8 10
2015 206  5   5.5   3.6 10
2015 206  6   5.1   2.8 27
2015 206  7   5.3   3.0 27
2015 206  8   5.8   3.0 27
2015 206  9   6.1   2.8 23
2015 206 10   5.9   2.9 23
2015 206 11   5.9   2.6 23
2015 206 12   6.1   2.6 13
2015 206 13   6.2   3.1 13
2015 206 14   6.4   3.0 13
2015 206 15   6.1   2.6 10
2015 206 16   6.1   2.8 10
2015 206 17   5.9   3.0 10
2015 206 18   5.2   2.8 17
2015 206 19   5.6   2.6 17
2015 206 20   6.0   2.4 17
2015 206 21   6.2   2.3 23
2015 206 22   5.8   2.7 23
2015 206 23   6.8   2.3 23
2015 207  0   6.9   2.1 27
2015 207  1   6.9   2.0 27
2015 207  2   6.9   1.9 27
2015 207  3   7.0   1.7 10
2015 207  4   6.9   1.6 10
2015 207  5   6.9   1.4 10
2015 207  6   6.5   1.4  7
2015 207  7   5.9   1.9  7
2015 207  8   5.6   2.5  7
2015 207  9   6.1   2.7 23
2015 207 10   6.7   2.9 23
2015 207 11   6.7   3.3 23
2015 207 12   6.3   2.8  7
2015 207 13   6.4   2.8  7
2015 207 14   6.7   3.2  7
2015 207 15   6.6   3.4 13
2015 207 16   6.4   4.0 13
2015 207 17   6.3   5.3 13
2015 207 18   5.9   7.9 23
2015 207 19   6.1   8.8 23
2015 207 20   5.7  10.1 23
2015 207 21   5.7   9.1 17
2015 207 22   5.3   8.6 17
2015 207 23   5.2   8.4 17
2015 208  0   5.6   8.7 20
2015 208  1   6.5   7.3 20
2015 208  2   7.2   6.2 20
2015 208  3   6.8   5.7 17
2015 208  4   6.0   5.7 17
2015 208  5   6.7   6.0 17
2015 208  6   6.6   6.2 27
2015 208  7   6.8   6.4 27
2015 208  8   6.2   6.2 27
2015 208  9   5.3   6.8 30
2015 208 10   5.9   7.1 30
2015 208 11   5.8   7.4 30
2015 208 12   5.7   7.1 27
2015 208 13   4.6   7.5 27
2015 208 14   5.1   6.9 27
2015 208 15   5.2   6.1 13
2015 208 16   5.2   6.3 13
2015 208 17   4.8   6.1 13
2015 208 18   5.2   5.9 17
2015 208 19   5.0   5.8 17
2015 208 20   4.9   5.8 17
2015 208 21   5.1   5.7 17
2015 208 22   5.0   5.1 17
2015 208 23   4.8   5.3 17
2015 209  0   4.9   5.2 13
2015 209  1   5.0   4.9 13
2015 209  2   4.8   5.0 13
2015 209  3   4.6   5.0 23
2015 209  4   4.8   4.6 23
2015 209  5   5.2   4.7 23
2015 209  6   4.7   4.7 17
2015 209  7   5.5   4.7 17
2015 209  8   5.3   4.7 17
2015 209  9   5.0   4.4 20
2015 209 10   4.9   3.9 20
2015 209 11   4.4   3.8 20
2015 209 12   3.7   4.0 30
2015 209 13   4.4   4.0 30
2015 209 14   4.7   3.8 30
2015 209 15   4.7   3.8 13
2015 209 16   4.7   4.0 13
2015 209 17   4.6   3.9 13
2015 209 18   4.7   4.4 17
2015 209 19   4.8   4.7 17
2015 209 20   4.7   4.9 17
2015 209 21   4.8   4.8 13
2015 209 22   4.7   5.1 13
2015 209 23   4.7   4.9 13
2015 210  0   4.8   4.8 13
2015 210  1   4.7   4.8 13
2015 210  2   4.1   5.0 13
2015 210  3   3.9   5.2 13
2015 210  4   3.8   5.3 13
2015 210  5   3.6   5.2 13
2015 210  6   3.7   5.4 10
2015 210  7   3.7   5.1 10
2015 210  8   3.6   4.7 10
2015 210  9   3.6   4.7 10
2015 210 10   3.4   4.8 10
2015 210 11   3.5   5.1 10
2015 210 12   3.1   5.0 13
2015 210 13   3.1   4.8 13
2015 210 14   3.4   4.6 13
2015 210 15   3.5   4.6 10
2015 210 16   3.3   4.9 10
2015 210 17   3.5   5.3 10
2015 210 18   3.8   5.4 17
2015 210 19   4.0   5.2 17
2015 210 20   3.9   4.9 17
2015 210 21   3.8   5.2  7
2015 210 22   3.8   5.5  7
2015 210 23   3.9   5.6  7
2015 211  0   2.1   7.5 17
2015 211  1   3.0   7.2 17
2015 211  2   3.8   7.9 17
2015 211  3   3.1   8.9 17
2015 211  4   4.5   7.2 17
2015 211  5   3.3   9.9 17
2015 211  6   2.5  12.3 10
2015 211  7   1.8  11.9 10
2015 211  8   1.1  13.1 10
2015 211  9   3.1  12.0 10
2015 211 10   4.1  11.9 10
2015 211 11   5.1  13.5 10
2015 211 12   5.5  16.0 20
2015 211 13   4.9  17.6 20
2015 211 14   4.0  19.3 20
2015 211 15   5.4  22.9 30
2015 211 16   7.3  31.9 30
2015 211 17  10.6  23.1 30
2015 211 18  12.7  15.8 43
2015 211 19  11.0  17.0 43
2015 211 20  10.3  13.4 43
2015 211 21  14.3  11.0 33
2015 211 22  14.7  10.1 33
2015 211 23  14.6  11.3 33
2015 212  0  14.3  10.4 27
2015 212  1  13.0  10.2 27
2015 212  2  10.5  10.0 27
2015 212  3  10.4   8.6 23
2015 212  4  12.1   8.8 23
2015 212  5  12.0   8.7 23
2015 212  6  11.5   8.6 13
2015 212  7  10.3   9.1 13
2015 212  8  11.6   5.5 13
2015 212  9  10.9   4.4 20
2015 212 10  10.5   4.9 20
2015 212 11  10.3   6.1 20
2015 212 12  11.4   6.2 33
2015 212 13  10.8   6.1 33
2015 212 14  10.9   5.9 33
2015 212 15  11.0   6.0 37
2015 212 16   9.9   5.8 37
2015 212 17  10.7   5.1 37
2015 212 18   9.8   4.4 33
2015 212 19   8.4   4.7 33
2015 212 20   7.1   4.9 33
2015 212 21   6.7   4.5 30
2015 212 22   6.3   3.5 30
2015 212 23   6.4   3.2 30
2015 213  0   6.8   3.1 30
2015 213  1   7.0   2.6 30
2015 213  2   7.0   2.5 30
2015 213  3   7.0   2.7 17
2015 213  4   6.8   2.8 17
2015 213  5   6.8   2.9 17
2015 213  6   6.9   2.8 13
2015 213  7   6.8   2.9 13
2015 213  8   6.7   2.9 13
2015 213  9   6.6   2.9 20
2015 213 10   6.2   3.1 20
2015 213 11   6.3   3.1 20
2015 213 12   6.4   3.4 17
2015 213 13   6.3   3.3 17
2015 213 14   5.9   3.4 17
2015 213 15   6.0   3.3 27
2015 213 16   6.1   3.3 27
2015 213 17   6.0   3.2 27
2015 213 18   6.0   2.9 23
2015 213 19   5.9   2.8 23
2015 213 20   5.9   3.1 23
2015 213 21   5.9   2.8 23
2015 213 22   5.8   2.9 23
2015 213 23   5.8   3.0 23
2015 214  0   5.7   2.6 33
2015 214  1   6.6   2.3 33
2015 214  2   6.6   2.5 33
2015 214  3   6.5   2.5 23
2015 214  4   6.2   2.5 23
2015 214  5   6.0   2.4 23
2015 214  6   5.8   2.1 23
2015 214  7   5.9   2.4 23
2015 214  8   4.8   2.8 23
2015 214  9   4.3   2.5 13
2015 214 10   4.9   2.4 13
2015 214 11   4.3   2.4 13
2015 214 12   4.5   2.5 30
2015 214 13   4.7   2.4 30
2015 214 14   4.2   2.3 30
2015 214 15   4.4   2.4 27
2015 214 16   4.6   2.2 27
2015 214 17   4.2   2.4 27
2015 214 18   4.3   2.3 13
2015 214 19   4.1   2.3 13
2015 214 20   4.1   2.2 13
2015 214 21   4.5   2.3 20
2015 214 22   4.4   2.1 20
2015 214 23   4.5   2.1 20
2015 215  0   4.6   2.1 20
2015 215  1   4.5   2.2 20
2015 215  2   3.5   2.6 20
2015 215  3   3.8   2.9 27
2015 215  4   4.5   2.8 27
2015 215  5   4.0   3.0 27
2015 215  6   3.7   3.0 17
2015 215  7   4.2   3.2 17
2015 215  8   4.1   3.2 17
2015 215  9   4.6   3.1 10
2015 215 10   4.5   2.9 10
2015 215 11   4.8   3.0 10
2015 215 12   4.9   2.7 17
2015 215 13   5.1   2.0 17
2015 215 14   4.9   1.7 17
2015 215 15   4.8   1.8 10
2015 215 16   4.7   1.7 10
2015 215 17   5.0   1.7 10
2015 215 18   4.3   2.3 13
2015 215 19   4.2   3.0 13
2015 215 20   4.7   3.3 13
2015 215 21   4.5   3.5 13
2015 215 22   4.4   3.6 13
2015 215 23   4.8   3.7 13
2015 216  0   4.8   3.5 17
2015 216  1   4.9   3.5 17
2015 216  2   4.7   3.7 17
2015 216  3   4.3   3.8 20
2015 216  4   4.3   3.6 20
2015 216  5   4.4   3.5 20
2015 216  6   4.3   3.2 13
2015 216  7   4.4   2.8 13
2015 216  8   3.9   3.3 13
2015 216  9   4.5   3.6 10
2015 216 10   4.7   3.8 10
2015 216 11   4.6   4.0 10
2015 216 12   4.9   4.2 13
2015 216 13   5.2   4.3 13
2015 216 14   5.4   4.0 13
2015 216 15   5.0   4.1 10
2015 216 16   5.1   4.1 10
2015 216 17   5.2   4.2 10
2015 216 18   5.0   4.3 13
2015 216 19   4.8   4.4 13
2015 216 20   5.2   4.1 13
2015 216 21   5.2   4.2 27
2015 216 22   5.4   4.1 27
2015 216 23   5.3   4.1 27
2015 217  0   5.3   3.7 13
2015 217  1   4.9   4.4 13
2015 217  2   4.9   4.6 13
2015 217  3   4.7   4.8  7
2015 217  4   4.9   4.6  7
2015 217  5   5.0   4.0  7
2015 217  6   5.0   3.9  3
2015 217  7   4.9   4.0  3
2015 217  8   4.9   4.1  3
2015 217  9   4.4   4.1  7
2015 217 10   4.7   4.3  7
2015 217 11   4.8   4.3  7
2015 217 12   4.5   4.4 13
2015 217 13   4.7   4.6 13
2015 217 14   4.9   4.9 13
2015 217 15   4.9   4.9 13
2015 217 16   4.6   4.9 13
2015 217 17   4.7   4.8 13
2015 217 18   4.6   4.7 13
2015 217 19   5.1   4.5 13
2015 217 20   5.2   4.6 13
2015 217 21   5.4   4.6 23
2015 217 22   5.3   5.2 23
2015 217 23   5.5   5.2 23
2015 218  0   5.9   6.0 20
2015 218  1   6.6   6.1 20
2015 218  2   7.0   6.8 20
2015 218  3   7.6   7.7 10
2015 218  4   7.7   8.2 10
2015 218  5   8.6   8.0 10
2015 218  6   9.6   9.4 23
2015 218  7  11.1   6.7 23
2015 218  8  11.7   4.0 23
2015 218  9  12.0   2.7 33
2015 218 10  12.0   2.9 33
2015 218 11  11.3   2.8 33
2015 218 12  10.7   2.6 30
2015 218 13  10.3   2.9 30
2015 218 14  10.1   3.6 30
2015 218 15   8.9   3.4 23
2015 218 16   9.0   3.1 23
2015 218 17   8.7   2.9 23
2015 218 18   8.9   4.3 23
2015 218 19   9.0   4.9 23
2015 218 20   8.3   5.2 23
2015 218 21   8.4   5.5 27
2015 218 22   8.6   4.9 27
2015 218 23   7.9   4.3 27
2015 219  0   7.3   3.3 27
2015 219  1   6.7   3.1 27
2015 219  2   7.1   3.0 27
2015 219  3   7.4   3.3 20
2015 219  4   6.7   4.4 20
2015 219  5   6.2   4.7 20
2015 219  6   7.7   6.7 43
2015 219  7   8.7   7.9 43
2015 219  8   8.7   6.6 43
2015 219  9   8.0   6.1 23
2015 219 10   7.6   6.4 23
2015 219 11   8.1   5.6 23
2015 219 12   8.5   5.5 50
2015 219 13   8.0   5.6 50
2015 219 14   7.5   5.6 50
2015 219 15   7.8   5.5 40
2015 219 16   8.5   6.9 40
2015 219 17   9.2   8.5 40
2015 219 18   9.8   6.9 17
2015 219 19   9.6   6.7 17
2015 219 20   9.7   5.9 17
2015 219 21   9.0   4.4 13
2015 219 22   8.3   3.4 13
2015 219 23   8.3   4.1 13
2015 220  0   8.2   4.2 17
2015 220  1   8.2   4.1 17
2015 220  2   8.3   4.1 17
2015 220  3   8.6   4.5 20
2015 220  4   8.8   4.7 20
2015 220  5   9.0   4.8 20
2015 220  6   9.2   5.2 27
2015 220  7   9.9   5.5 27
2015 220  8  10.2   5.2 27
2015 220  9  10.7   4.7 27
2015 220 10  10.4   4.7 27
2015 220 11  10.3   4.8 27
2015 220 12   8.8   4.5 30
2015 220 13   8.1   3.9 30
2015 220 14   7.1   5.2 30
2015 220 15   6.6   5.4 20
2015 220 16   6.1   5.6 20
2015 220 17   6.5   5.8 20
2015 220 18   6.2   5.6 27
2015 220 19   6.8   6.4 27
2015 220 20   5.3   6.6 27
2015 220 21   6.2   5.3 27
2015 220 22   6.0   6.0 27
2015 220 23   6.1   6.5 27
2015 221  0   6.0   6.1 13
2015 221  1   6.1   5.8 13
2015 221  2   5.5   6.4 13
2015 221  3   5.8   6.6 23
2015 221  4   5.8   6.4 23
2015 221  5   7.4   4.3 23
2015 221  6   6.3   5.0 23
2015 221  7   5.6   5.4 23
2015 221  8   5.4   5.1 23
2015 221  9   5.5   4.9 33
2015 221 10   5.6   5.0 33
2015 221 11   4.7   5.7 33
2015 221 12   5.6   5.0 20
2015 221 13   4.3   5.5 20
2015 221 14   4.6   5.8 20
2015 221 15   5.3   5.5 23
2015 221 16   4.9   5.6 23
2015 221 17   5.3   5.1 23
2015 221 18   5.0   5.0 20
2015 221 19   5.0   4.9 20
2015 221 20   5.2   5.1 20
2015 221 21   5.0   5.7 30
2015 221 22   4.8   5.7 30
2015 221 23   4.5   5.5 30
2015 222  0   4.2   5.7 27
2015 222  1   3.9   5.1 27
2015 222  2   3.9   4.7 27
2015 222  3   4.3   4.6 27
2015 222  4   4.0   4.8 27
2015 222  5   4.5   4.8 27
2015 222  6   4.3   5.0 23
2015 222  7   4.7   4.9 23
2015 222  8   3.9   5.0 23
2015 222  9   3.8   5.0 20
2015 222 10   3.6   5.0 20
2015 222 11   4.2   4.9 20
2015 222 12   5.1   5.5 17
2015 222 13   4.5   5.3 17
2015 222 14   4.5   5.2 17
2015 222 15   4.7   5.5 17
2015 222 16   4.7   6.3 17
2015 222 17   5.0   6.8 17
2015 222 18   5.0   6.9 23
2015 222 19   4.9   6.2 23
2015 222 20   5.0   6.4 23
2015 222 21   4.8   6.7 13
2015 222 22   5.2   7.0 13
2015 222 23   5.1   7.2 13
2015 223  0   5.8   7.1 27
2015 223  1   6.9   5.6 27
2015 223  2   7.8   2.7 27
2015 223  3   7.3   2.9 23
2015 223  4   5.8   3.4 23
2015 223  5   5.5   3.4 23
2015 223  6   6.1   3.6 20
2015 223  7   6.9   2.8 20
2015 223  8   7.3   2.2 20
2015 223  9   7.0   2.1 17
2015 223 10   6.9   1.9 17
2015 223 11   6.1   2.3 17
2015 223 12   5.8   2.2 10
2015 223 13   4.7   2.7 10
2015 223 14   4.0   2.8 10
2015 223 15   4.2   3.3 13
2015 223 16   4.1   3.7 13
2015 223 17   4.0   4.1 13
2015 223 18   4.2   4.4  7
2015 223 19   3.4   4.7  7
2015 223 20   4.3   4.6  7
2015 223 21   4.6   5.0 23
2015 223 22   4.6   6.1 23
2015 223 23   5.9   5.7 23
2015 224  0   5.7   7.3 20
2015 224  1   5.6   8.4 20
2015 224  2   6.0   8.9 20
2015 224  3   6.6   7.9 20
2015 224  4   7.2   9.5 20
2015 224  5   6.7   8.3 20
2015 224  6   6.2   7.5 27
2015 224  7   7.3   7.4 27
2015 224  8   8.2   6.7 27
2015 224  9   8.0   6.1 10
2015 224 10   8.2   4.9 10
2015 224 11   7.8   4.8 10
2015 224 12   7.8   5.1 23
2015 224 13   7.4   5.4 23
2015 224 14   7.6   5.4 23
2015 224 15   7.5   5.0 30
2015 224 16   7.5   4.2 30
2015 224 17   7.8   4.6 30
2015 224 18   7.8   4.3 27
2015 224 19   7.9   4.7 27
2015 224 20   7.9   4.8 27
2015 224 21   6.2   7.1 33
2015 224 22   7.5   5.2 33
2015 224 23   7.5   4.5 33
2015 225  0   6.7   5.9 30
2015 225  1   5.4   7.4 30
2015 225  2   5.1   5.9 30
2015 225  3   4.4   5.9 43
2015 225  4   3.6   5.9 43
2015 225  5   4.4   5.5 43
2015 225  6   5.3   4.5 20
2015 225  7   5.6   4.2 20
2015 225  8   6.2   4.5 20
2015 225  9   6.9   4.5 17
2015 225 10   6.2   5.5 17
2015 225 11   6.1   6.7 17
2015 225 12   6.2   7.3 23
2015 225 13   6.7   6.7 23
2015 225 14   5.7   6.3 23
2015 225 15   5.5   6.5 13
2015 225 16   5.9   5.6 13
2015 225 17   6.0   5.4 13
2015 225 18   5.9   5.9 10
2015 225 19   7.1   3.7 10
2015 225 20   6.7   5.1 10
2015 225 21   7.0   4.3 10
2015 225 22   7.4   4.3 10
2015 225 23   7.7   5.0 10
2015 226  0   8.2   5.5  0
2015 226  1   8.4   6.0  0
2015 226  2   8.6   5.7  0
2015 226  3   8.1   6.2  3
2015 226  4   8.2   5.7  3
2015 226  5   8.7   5.3  3
2015 226  6   8.9   5.9  0
2015 226  7   9.0   6.1  0
2015 226  8   8.6   6.1  0
2015 226  9   8.7   6.2  7
2015 226 10   8.4   5.8  7
2015 226 11   8.3   5.7  7
2015 226 12   8.0   5.5  7
2015 226 13   8.0   5.4  7
2015 226 14   8.8   5.6  7
2015 226 15  10.4   4.6  7
2015 226 16  10.5   4.5  7
2015 226 17   9.9   4.3  7
2015 226 18   9.2   5.0  7
2015 226 19   9.5   5.6  7
2015 226 20   9.9   6.2  7
2015 226 21  10.3   7.1 10
2015 226 22   9.6   7.8 10
2015 226 23   9.3   7.5 10
2015 227  0   9.5   8.0 23
2015 227  1   9.2   8.4 23
2015 227  2   9.8   8.0 23
2015 227  3   9.5   8.8 17
2015 227  4  10.7   7.3 17
2015 227  5  10.9   7.3 17
2015 227  6  10.4  10.1 33
2015 227  7  10.8   8.4 33
2015 227  8  12.5  13.5 33
2015 227  9  21.7  21.7 60
2015 227 10  19.2  24.8 60
2015 227 11  19.4  25.6 60
2015 227 12  17.9  30.7 60
2015 227 13  16.1  34.2 60
2015 227 14  15.8  24.1 60
2015 227 15  16.4  10.6 47
2015 227 16  11.3  13.1 47
2015 227 17  11.2  13.2 47
2015 227 18  13.2  11.0 33
2015 227 19  11.9  11.3 33
2015 227 20  10.5  10.2 33
2015 227 21   9.8   9.0 43
2015 227 22  11.1   7.6 43
2015 227 23  12.8   7.2 43
2015 228  0  11.9   6.8 53
2015 228  1  11.5   6.8 53
2015 228  2  12.0   8.2 53
2015 228  3  12.0   4.6 47
2015 228  4  11.4   3.6 47
2015 228  5  10.2   4.1 47
2015 228  6  10.1   4.8 57
2015 228  7  10.4   4.3 57
2015 228  8   9.9   4.5 57
2015 228  9  10.0   5.3 33
2015 228 10   8.9   6.2 33
2015 228 11   8.4   7.0 33
2015 228 12   9.3   7.3 27
2015 228 13   6.5   8.1 27
2015 228 14   8.6   7.3 27
2015 228 15   9.7   7.3 37
2015 228 16  10.1   7.7 37
2015 228 17   9.9   7.9 37
2015 228 18   9.6   8.0 37
2015 228 19   9.5   8.0 37
2015 228 20   7.8   6.5 37
2015 228 21   5.9   4.0 37
2015 228 22   5.8   3.6 37
2015 228 23   5.8   3.6 37
2015 229  0   5.5   3.6 33
2015 229  1   5.5   3.8 33
2015 229  2   6.2   3.9 33
2015 229  3   6.2   3.7 40
2015 229  4   6.3   4.3 40
2015 229  5   6.1   4.3 40
2015 229  6   6.2   4.7 43
2015 229  7   6.8   5.0 43
2015 229  8   6.3   5.0 43
2015 229  9   6.4   5.4 37
2015 229 10   6.9   4.6 37
2015 229 11   6.1   4.9 37
2015 229 12   4.6   5.2 40
2015 229 13   5.6   4.9 40
2015 229 14   5.5   4.9 40
2015 229 15   5.3   4.6 37
2015 229 16   4.7   3.9 37
2015 229 17   4.2   2.8 37
2015 229 18   4.2   2.8 37
2015 229 19   4.2   2.9 37
2015 229 20   4.4   2.9 37
2015 229 21   4.0   2.4 23
2015 229 22   4.1   2.5 23
2015 229 23   4.3   2.3 23
2015 230  0   4.0   2.4 30
2015 230  1   4.0   2.3 30
2015 230  2   3.9   2.0 30
2015 230  3   3.6   2.1 27
2015 230  4   3.5   2.2 27
2015 230  5   3.7   2.2 27
2015 230  6   3.6   2.3 23
2015 230  7   3.5   2.0 23
2015 230  8   3.5   2.1 23
2015 230  9   3.4   2.2 13
2015 230 10   3.1   2.1 13
2015 230 11   3.2   2.1 13
2015 230 12   3.1   2.2  7
2015 230 13   3.6   2.3  7
2015 230 14   3.1   3.0  7
2015 230 15   3.5   3.3 17
2015 230 16   4.1   3.6 17
2015 230 17   4.3   3.9 17
2015 230 18   4.1   4.0 10
2015 230 19   3.7   4.7 10
2015 230 20   4.0   4.9 10
2015 230 21   5.4   4.8 23
2015 230 22   5.7   4.6 23
2015 230 23   6.4   4.0 23
2015 231  0   7.0   4.4 37
2015 231  1   6.8   4.7 37
2015 231  2   7.4   4.4 37
2015 231  3   8.3   3.4 40
2015 231  4   8.4   3.5 40
2015 231  5   7.7   4.3 40
2015 231  6   7.6   5.1 33
2015 231  7   7.7   5.1 33
2015 231  8   7.6   5.1 33
2015 231  9   7.4   4.9 27
2015 231 10   7.6   5.0 27
2015 231 11   8.0   4.3 27
2015 231 12   8.5   4.4 37
2015 231 13   8.8   4.6 37
2015 231 14   8.6   4.6 37
2015 231 15   8.4   4.4 33
2015 231 16   7.8   4.8 33
2015 231 17   7.1   4.8 33
2015 231 18   6.5   4.7 27
2015 231 19   6.9   4.7 27
2015 231 20   6.5   4.5 27
2015 231 21   6.4   4.9 23
2015 231 22   6.1   4.5 23
2015 231 23   6.3   4.3 23
2015 232  0   6.3   3.9 27
2015 232  1   6.3   3.4 27
2015 232  2   6.3   3.8 27
2015 232  3   6.9   4.2 27
2015 232  4   6.8   4.0 27
2015 232  5   6.8   4.0 27
2015 232  6   6.5   4.0 20
2015 232  7   6.5   3.9 20
2015 232  8   6.7   4.0 20
2015 232  9   6.6   4.4 23
2015 232 10   7.0   3.7 23
2015 232 11   7.2   4.4 23
2015 232 12   7.5   4.4 33
2015 232 13   7.3   4.0 33
2015 232 14   7.4   3.9 33
2015 232 15   7.3   3.7 23
2015 232 16   7.3   4.3 23
2015 232 17   7.1   4.2 23
2015 232 18   6.5   4.7 27
2015 232 19   6.2   4.6 27
2015 232 20   5.9   4.4 27
2015 232 21   6.1   4.1 27
2015 232 22   5.9   4.4 27
2015 232 23   6.3   3.3 27
2015 233  0   5.8   3.1 10
2015 233  1   5.6   3.3 10
2015 233  2   5.0   3.0 10
2015 233  3   5.0   2.9 13
2015 233  4   5.2   2.7 13
2015 233  5   5.2   3.0 13
2015 233  6   5.1   2.8 17
2015 233  7   5.0   2.7 17
2015 233  8   4.8   2.7 17
2015 233  9   4.7   2.9 10
2015 233 10   4.9   3.2 10
2015 233 11   4.8   3.1 10
2015 233 12   5.0   3.2 23
2015 233 13   4.9   2.8 23
2015 233 14   4.6   2.7 23
2015 233 15   4.8   3.1 10
2015 233 16   5.2   3.3 10
2015 233 17   4.9   3.3 10
2015 233 18   4.9   3.0 13
2015 233 19   5.1   3.2 13
2015 233 20   5.0   3.6 13
2015 233 21   5.3   3.8 10
2015 233 22   5.5   3.7 10
2015 233 23   5.7   4.2 10
2015 234  0   6.1   4.0 17
2015 234  1   6.4   3.6 17
2015 234  2   6.6   3.4 17
2015 234  3   6.9   3.3  7
2015 234  4   6.9   4.1  7
2015 234  5   7.0   3.9  7
2015 234  6   7.3   4.9 10
2015 234  7   6.3   5.9 10
2015 234  8   6.4   7.1 10
2015 234  9   7.2   7.9 23
2015 234 10   7.6   8.7 23
2015 234 11   8.6  11.1 23
2015 234 12  10.3   8.3 33
2015 234 13   9.3   5.3 33
2015 234 14   7.9   5.9 33
2015 234 15   4.9   6.0 23
2015 234 16   4.4   5.0 23
2015 234 17   3.8   4.7 23
2015 234 18   4.6   5.0 20
2015 234 19   4.9   4.6 20
2015 234 20   6.8   4.2 20
2015 234 21   6.5   7.1 23
2015 234 22   6.9  11.6 23
2015 234 23   8.5  12.5 23
2015 235  0   8.4  13.2 30
2015 235  1   8.2  12.9 30
2015 235  2   9.1  14.1 30
2015 235  3  10.4  15.6 27
2015 235  4   9.6  19.1 27
2015 235  5  12.9  23.8 27
2015 235  6  12.0  22.3 53
2015 235  7  12.9  22.1 53
2015 235  8  13.2  15.3 53
2015 235  9  12.7   8.9 47
2015 235 10  13.0   8.6 47
2015 235 11  10.2   8.5 47
2015 235 12   9.8   8.5 47
2015 235 13   9.2   7.0 47
2015 235 14   6.2   3.9 47
2015 235 15   5.3   3.3 27
2015 235 16   4.7   2.6 27
2015 235 17   4.5   2.6 27
2015 235 18   3.9   2.6 37
2015 235 19   4.2   2.6 37
2015 235 20   4.1   2.7 37
2015 235 21   4.4   2.6 23
2015 235 22   3.9   2.3 23
2015 235 23   4.0   2.2 23
2015 236  0   4.0   2.4 30
2015 236  1   3.8   2.1 30
2015 236  2   4.0   2.2 30
2015 236  3   4.1   2.3 17
2015 236  4   3.9   2.5 17
2015 236  5   3.8   2.5 17
2015 236  6   3.7   2.5 17
2015 236  7   3.6   2.8 17
2015 236  8   3.5   3.1 17
2015 236  9   3.4   3.3 17
2015 236 10   3.9   3.1 17
2015 236 11   3.9   3.5 17
2015 236 12   3.8   3.5 17
2015 236 13   3.7   3.4 17
2015 236 14   4.0   3.6 17
2015 236 15   3.9   3.5 10
2015 236 16   4.0   3.7 10
2015 236 17   4.2   3.8 10
2015 236 18   4.4   4.2 17
2015 236 19   4.1   4.3 17
2015 236 20   4.3   4.3 17
2015 236 21   4.4   3.8  7
2015 236 22   4.0   4.4  7
2015 236 23   4.1   4.1  7
2015 237  0   3.9   4.6 20
2015 237  1   3.9   4.5 20
2015 237  2   4.2   4.6 20
2015 237  3   4.1   4.3 23
2015 237  4   4.3   4.6 23
2015 237  5   4.7   4.7 23
2015 237  6   5.0   5.0 20
2015 237  7   4.5   4.9 20
2015 237  8   4.7   5.0 20
2015 237  9   5.3   4.8 17
2015 237 10   5.2   4.6 17
2015 237 11   5.1   4.1 17
2015 237 12   4.7   4.3 10
2015 237 13   4.4   4.3 10
2015 237 14   4.2   4.5 10
2015 237 15   4.2   4.6 17
2015 237 16   4.8   5.2 17
2015 237 17   5.5   5.6 17
2015 237 18   5.6   6.0 27
2015 237 19   5.2   6.4 27
2015 237 20   5.0   6.9 27
2015 237 21   4.8   6.8 23
2015 237 22   5.5   7.2 23
2015 237 23   6.6   7.4 23
2015 238  0   7.0   7.5 30
2015 238  1   6.8   8.2 30
2015 238  2   7.5   8.6 30
2015 238  3   8.4   8.8 33
2015 238  4   8.5  10.6 33
2015 238  5   7.7  14.5 33
2015 238  6   7.6  17.3 30
2015 238  7   7.5  17.8 30
2015 238  8   7.2  20.7 30
2015 238  9   6.7  23.6 40
2015 238 10   9.6   8.3 40
2015 238 11   9.2  10.4 40
2015 238 12   9.0   9.4 40
2015 238 13   9.1   8.1 40
2015 238 14   8.8   7.5 40
2015 238 15   8.8   6.4 47
2015 238 16   8.4   8.7 47
2015 238 17   8.7   9.7 47
2015 238 18   9.4   7.4 47
2015 238 19   9.5   7.3 47
2015 238 20   9.2   9.4 47
2015 238 21   9.6  10.4 47
2015 238 22  10.2   8.3 47
2015 238 23  10.3   8.6 47
2015 239  0  10.5   8.6 47
2015 239  1  10.8   8.5 47
2015 239  2  11.0   9.2 47
2015 239  3  11.4  10.5 63
2015 239  4  13.2  13.6 63
2015 239  5  10.4  18.1 63
2015 239  6  10.0  16.5 57
2015 239  7  10.6  11.4 57
2015 239  8  11.1   8.2 57
2015 239  9  10.8   8.5 40
2015 239 10  10.6  11.7 40
2015 239 11  11.0  11.1 40
2015 239 12  11.6  10.1 40
2015 239 13  11.8   8.1 40
2015 239 14  11.8   8.0 40
2015 239 15  10.9  13.4 47
2015 239 16  11.2  14.0 47
2015 239 17  11.0  10.6 47
2015 239 18  11.2  12.8 40
2015 239 19  12.1   9.1 40
2015 239 20  11.8  10.8 40
2015 239 21  12.7   9.4 63
2015 239 22  13.3  16.8 63
2015 239 23  13.4  14.8 63
2015 240  0  13.7  11.5 53
2015 240  1  14.2  10.2 53
2015 240  2  13.9  11.7 53
2015 240  3  14.0  11.9 47
2015 240  4  13.8  11.2 47
2015 240  5  13.0  10.9 47
2015 240  6  12.6  12.6 30
2015 240  7  12.4  13.2 30
2015 240  8  11.9  15.6 30
2015 240  9  12.2  13.5 30
2015 240 10  13.4  12.6 30
2015 240 11  13.6  15.1 30
2015 240 12  13.0  14.5 50
2015 240 13  12.0  22.9 50
2015 240 14  11.5  32.1 50
2015 240 15  14.9   8.5 53
2015 240 16  14.9  10.4 53
2015 240 17  15.4  11.7 53
2015 240 18  16.3  10.7 57
2015 240 19  14.6  10.4 57
2015 240 20  11.3  14.0 57
2015 240 21  13.8  13.4 40
2015 240 22  11.7  13.4 40
2015 240 23   9.9  14.3 40
2015 241  0   8.9  13.3 43
2015 241  1  11.1  12.1 43
2015 241  2  10.0  12.2 43
2015 241  3   8.6  11.5 27
2015 241  4   8.4  10.6 27
2015 241  5   8.5   9.9 27
2015 241  6   8.4   9.5 20
2015 241  7   7.9   8.8 20
2015 241  8   6.6   8.9 20
2015 241  9   7.1   7.9 33
2015 241 10   7.1   7.8 33
2015 241 11   7.9   6.8 33
2015 241 12   7.7   6.6 17
2015 241 13   6.7   7.0 17
2015 241 14   7.0   6.8 17
2015 241 15   6.9   7.1 27
2015 241 16   6.8   6.8 27
2015 241 17   6.2   6.6 27
2015 241 18   6.5   5.9 27
2015 241 19   6.5   5.6 27
2015 241 20   6.3   5.5 27
2015 241 21   6.3   5.9 20
2015 241 22   6.6   5.5 20
2015 241 23   7.1   5.5 20
2015 242  0   6.6   5.4 17
2015 242  1   6.2   4.8 17
2015 242  2   6.0   4.7 17
2015 242  3   5.7   4.6  7
2015 242  4   5.6   4.4  7
2015 242  5   6.1   3.9  7
2015 242  6   6.3   3.6 10
2015 242  7   6.1   3.5 10
2015 242  8   6.0   3.8 10
2015 242  9   6.2   3.7  7
2015 242 10   6.0   3.0  7
2015 242 11   5.7   2.8  7
2015 242 12   5.3   3.2  3
2015 242 13   5.5   3.7  3
2015 242 14   5.0   3.7  3
2015 242 15   5.3   4.0  7
2015 242 16   5.1   3.6  7
2015 242 17   5.1   3.7  7
2015 242 18   5.0   3.7 10
2015 242 19   5.0   3.9 10
2015 242 20   5.5   4.1 10
2015 242 21   5.4   3.7 13
2015 242 22   5.2   3.7 13
2015 242 23   5.9   4.1 13
2015 243  0   6.1   4.2 13
2015 243  1   5.9   4.2 13
2015 243  2   5.6   3.7 13
2015 243  3   5.7   3.6 10
2015 243  4   5.5   3.7 10
2015 243  5   5.4   4.0 10
2015 243  6   5.2   3.7  3
2015 243  7   4.8   3.3  3
2015 243  8   5.0   3.7  3
2015 243  9   5.2   3.9  7
2015 243 10   5.2   4.3  7
2015 243 11   4.6   3.9  7
2015 243 12   5.0   4.0  7
2015 243 13   4.8   4.0  7
2015 243 14   4.8   4.3  7
2015 243 15   4.7   4.8 10
2015 243 16   5.3   4.3 10
2015 243 17   5.1   4.2 10
2015 243 18   5.4   4.1 17
2015 243 19   4.8   4.6 17
2015 243 20   4.6   4.4 17
2015 243 21   4.8   4.7 17
2015 243 22   4.8   5.0 17
2015 243 23   5.2   5.6 17
