2016  32  0   9.9  16.4 27
2016  32  1   8.5  20.2 27
2016  32  2   8.4  21.6 27
2016  32  3   8.2  20.6 37
2016  32  4   9.0  16.8 37
2016  32  5   9.1  16.4 37
2016  32  6   8.9  16.8 23
2016  32  7   9.6  14.9 23
2016  32  8   9.3  17.2 23
2016  32  9   6.5  19.0 23
2016  32 10  10.3   7.0 23
2016  32 11  10.0   7.1 23
2016  32 12  10.0   7.8  3
2016  32 13   9.9   8.0  3
2016  32 14   9.7   8.4  3
2016  32 15   8.8  10.7  3
2016  32 16   8.1  12.3  3
2016  32 17   6.4  17.1  3
2016  32 18   6.0  17.7  0
2016  32 19   6.1  17.1  0
2016  32 20   5.7  16.9  0
2016  32 21   5.5  16.6  0
2016  32 22   5.4  16.2  0
2016  32 23   4.6  18.3  0
2016  33  0   4.7  18.2  0
2016  33  1   4.9  17.1  0
2016  33  2   4.7  18.1  0
2016  33  3   5.6  15.9  0
2016  33  4   5.8  19.5  0
2016  33  5   6.2  23.2  0
2016  33  6   5.7  25.1 10
2016  33  7   6.4  27.2 10
2016  33  8   7.2  30.3 10
2016  33  9   6.1  33.9  7
2016  33 10   7.0  33.4  7
2016  33 11   4.7  39.7  7
2016  33 12   5.5  37.9 13
2016  33 13   6.4  37.2 13
2016  33 14   5.1  40.8 13
2016  33 15   5.7  26.7 20
2016  33 16   8.2  19.9 20
2016  33 17   9.5  22.6 20
2016  33 18   9.8  21.8 20
2016  33 19   9.2  22.5 20
2016  33 20   8.3  27.0 20
2016  33 21   8.1  23.4 27
2016  33 22  10.1  10.9 27
2016  33 23  10.0   8.5 27
2016  34  0   9.9   9.0 40
2016  34  1   9.6   9.3 40
2016  34  2   8.8   9.1 40
2016  34  3   9.0   9.7 47
2016  34  4   9.1  11.0 47
2016  34  5   7.9  13.4 47
2016  34  6   7.6  13.9 27
2016  34  7   6.6  15.2 27
2016  34  8   6.5  15.6 27
2016  34  9   7.1  15.0 10
2016  34 10   7.3  14.6 10
2016  34 11   7.2  14.1 10
2016  34 12   7.5  14.9  7
2016  34 13   8.0  14.6  7
2016  34 14   8.9  11.9  7
2016  34 15   9.3   7.9 10
2016  34 16   9.4   7.2 10
2016  34 17  11.1   4.8 10
2016  34 18  10.7   5.7  7
2016  34 19  10.8   6.1  7
2016  34 20   9.7   7.0  7
2016  34 21   9.1   7.0  3
2016  34 22   9.3   6.5  3
2016  34 23   9.3   6.0  3
2016  35  0   9.0   5.3  3
2016  35  1   8.7   5.0  3
2016  35  2   7.4   5.8  3
2016  35  3   6.6   5.9  3
2016  35  4   6.9   6.4  3
2016  35  5   6.2   7.0  3
2016  35  6   6.5   8.0 13
2016  35  7   6.8   7.5 13
2016  35  8   6.5   7.8 13
2016  35  9   8.1   7.3 17
2016  35 10   5.4   7.3 17
2016  35 11   6.1   7.0 17
2016  35 12   8.9   6.5 23
2016  35 13   9.5   6.0 23
2016  35 14   9.8   5.7 23
2016  35 15   9.7   7.7 17
2016  35 16  10.5   7.8 17
2016  35 17  10.8   8.0 17
2016  35 18  10.4   7.6 13
2016  35 19  10.0   6.8 13
2016  35 20   9.9   6.8 13
2016  35 21   9.3   7.3  7
2016  35 22   9.5   6.9  7
2016  35 23   9.6   7.7  7
2016  36  0   8.6   7.7 27
2016  36  1   9.7   7.0 27
2016  36  2  10.1   6.1 27
2016  36  3   8.5   7.2 33
2016  36  4   8.0   7.4 33
2016  36  5   8.1   6.8 33
2016  36  6   7.3   6.5 23
2016  36  7   7.2   6.2 23
2016  36  8   6.4   6.3 23
2016  36  9   5.7   5.9 23
2016  36 10   5.3   5.4 23
2016  36 11   5.2   4.9 23
2016  36 12   5.0   4.8 20
2016  36 13   4.9   4.8 20
2016  36 14   5.0   4.7 20
2016  36 15   5.2   4.4 20
2016  36 16   4.5   4.4 20
2016  36 17   4.8   4.2 20
2016  36 18   4.8   4.2 23
2016  36 19   4.9   4.1 23
2016  36 20   4.7   4.2 23
2016  36 21   4.7   4.3 20
2016  36 22   4.5   4.4 20
2016  36 23   4.6   4.2 20
2016  37  0   4.3   4.2 17
2016  37  1   4.1   4.2 17
2016  37  2   3.6   4.3 17
2016  37  3   4.0   4.4 23
2016  37  4   3.8   4.2 23
2016  37  5   3.8   4.3 23
2016  37  6   3.8   4.1 13
2016  37  7   3.6   4.1 13
2016  37  8   3.1   4.1 13
2016  37  9   3.2   4.2 13
2016  37 10   2.9   4.2 13
2016  37 11   2.8   4.0 13
2016  37 12   3.0   4.0 13
2016  37 13   2.8   3.8 13
2016  37 14   2.7   3.9 13
2016  37 15   2.7   3.7 17
2016  37 16   3.0   3.9 17
2016  37 17   3.5   5.7 17
2016  37 18   2.9   6.1 17
2016  37 19   3.7   5.7 17
2016  37 20   5.2   5.4 17
2016  37 21   4.9   6.4 23
2016  37 22   5.1   7.3 23
2016  37 23   5.4   6.1 23
2016  38  0   5.1   6.7 20
2016  38  1   5.2   7.3 20
2016  38  2   4.7   7.9 20
2016  38  3   4.7   8.0  3
2016  38  4   4.8   8.0  3
2016  38  5   5.2   8.8  3
2016  38  6   4.5  12.8 10
2016  38  7   5.3  11.0 10
2016  38  8   3.6  16.2 10
2016  38  9   3.9  15.0 13
2016  38 10   5.6   5.8 13
2016  38 11   6.2   5.1 13
2016  38 12   6.2   5.5 20
2016  38 13   6.1   5.7 20
2016  38 14   6.0   5.7 20
2016  38 15   5.6   6.3 37
2016  38 16   5.5   6.5 37
2016  38 17   5.3   7.2 37
2016  38 18   5.3   6.4 20
2016  38 19   4.6   6.1 20
2016  38 20   4.2   6.5 20
2016  38 21   4.5   6.6 20
2016  38 22   5.5   6.9 20
2016  38 23   7.1   9.5 20
2016  39  0   7.9  14.3 50
2016  39  1   7.9  16.2 50
2016  39  2   6.6  20.7 50
2016  39  3   7.9  13.1 43
2016  39  4   8.9   7.9 43
2016  39  5   9.8   7.2 43
2016  39  6  10.3   6.8 43
2016  39  7   8.2   5.9 43
2016  39  8   6.3   6.6 43
2016  39  9   5.6   5.9 17
2016  39 10   6.2   6.0 17
2016  39 11   6.1   5.2 17
2016  39 12   5.2   4.4 13
2016  39 13   4.3   3.6 13
2016  39 14   3.8   3.4 13
2016  39 15   3.8   2.7 10
2016  39 16   3.9   3.1 10
2016  39 17   4.5   3.1 10
2016  39 18   4.5   3.8 10
2016  39 19   4.4   5.2 10
2016  39 20   5.9   5.0 10
2016  39 21   5.7   5.9  3
2016  39 22   5.6   6.1  3
2016  39 23   5.6   6.2  3
2016  40  0   7.6   7.6 20
2016  40  1   9.4  10.2 20
2016  40  2   9.7  10.7 20
2016  40  3   9.6  11.1 10
2016  40  4   9.4  11.2 10
2016  40  5  10.6  13.9 10
2016  40  6   9.3  17.7 13
2016  40  7   9.2  17.8 13
2016  40  8   9.0  19.4 13
2016  40  9  11.3  12.1 30
2016  40 10  14.4   3.6 30
2016  40 11  13.4   3.6 30
2016  40 12  11.9   4.7 27
2016  40 13  10.7   5.6 27
2016  40 14   9.7   5.7 27
2016  40 15   9.2   5.8 13
2016  40 16   8.5   6.2 13
2016  40 17   8.0   7.0 13
2016  40 18   7.3   9.7 13
2016  40 19   7.7  10.0 13
2016  40 20   7.4  10.2 13
2016  40 21   7.3   8.8 27
2016  40 22   5.9   8.3 27
2016  40 23   5.8   8.6 27
2016  41  0   5.7   8.0 27
2016  41  1   5.4   8.1 27
2016  41  2   4.6   8.9 27
2016  41  3   4.8   8.3 13
2016  41  4   4.6   7.6 13
2016  41  5   4.5   7.1 13
2016  41  6   4.2   7.1 10
2016  41  7   4.0   6.6 10
2016  41  8   4.4   6.7 10
2016  41  9   4.3   6.1  7
2016  41 10   4.3   5.2  7
2016  41 11   4.2   4.7  7
2016  41 12   4.2   4.1  3
2016  41 13   4.4   3.8  3
2016  41 14   4.3   3.4  3
2016  41 15   4.3   3.0  3
2016  41 16   4.2   2.9  3
2016  41 17   4.2   2.8  3
2016  41 18   4.3   2.1  7
2016  41 19   4.3   2.1  7
2016  41 20   4.7   1.0  7
2016  41 21   4.3   1.4 10
2016  41 22   4.5   1.8 10
2016  41 23   4.4   2.7 10
2016  42  0   3.7   6.4 20
2016  42  1   4.1   6.1 20
2016  42  2   4.6   5.7 20
2016  42  3   4.9   5.6 20
2016  42  4   5.1   7.2 20
2016  42  5   5.9   6.8 20
2016  42  6   6.4   6.9 20
2016  42  7   6.9   7.1 20
2016  42  8   7.0   6.8 20
2016  42  9   7.1   6.6 13
2016  42 10   7.0   6.6 13
2016  42 11   6.9   7.3 13
2016  42 12   6.7   8.6 17
2016  42 13   6.3  11.2 17
2016  42 14   7.0   9.2 17
2016  42 15   6.9  10.8 23
2016  42 16   7.3   7.9 23
2016  42 17   8.6   4.8 23
2016  42 18   8.3   4.1 17
2016  42 19   8.3   4.5 17
2016  42 20   9.4   5.8 17
2016  42 21  10.6   5.8 33
2016  42 22  11.2   5.6 33
2016  42 23  11.5   6.7 33
2016  43  0  12.1   6.4 33
2016  43  1  12.8   7.0 33
2016  43  2  13.2   8.0 33
2016  43  3  14.5   7.3 23
2016  43  4  15.1   8.0 23
2016  43  5  14.7  10.9 23
2016  43  6  13.9  13.4 20
2016  43  7  13.8  12.5 20
2016  43  8  12.9  15.4 20
2016  43  9  11.8  16.8 37
2016  43 10  11.5  17.5 37
2016  43 11  12.7  16.3 37
2016  43 12  13.8  10.6 30
2016  43 13  13.1  17.8 30
2016  43 14  13.6  19.7 30
2016  43 15  13.4  17.6 23
2016  43 16  13.9  16.8 23
2016  43 17  14.7  15.0 23
2016  43 18  13.6  21.7 20
2016  43 19  13.4  26.5 20
2016  43 20  14.5  33.9 20
2016  43 21  15.1  35.4 20
2016  43 22  16.6  31.2 20
2016  43 23  16.5  33.3 20
2016  44  0  18.5  23.7 20
2016  44  1  17.6  16.4 20
2016  44  2  16.8  14.2 20
2016  44  3  12.6  26.4 27
2016  44  4  10.9  34.7 27
2016  44  5  13.2  23.8 27
2016  44  6  14.4   7.9 30
2016  44  7  12.9  10.8 30
2016  44  8  11.6  12.6 30
2016  44  9  10.9  13.2 17
2016  44 10  10.8  11.6 17
2016  44 11  12.1   9.9 17
2016  44 12  10.9  10.4 10
2016  44 13   9.0  11.7 10
2016  44 14   8.2  12.3 10
2016  44 15   9.6   9.6 10
2016  44 16   6.7   6.0 10
2016  44 17   5.6   5.0 10
2016  44 18   5.2   5.5  7
2016  44 19   5.4   5.7  7
2016  44 20   5.6   5.5  7
2016  44 21   5.7   5.6  7
2016  44 22   5.9   5.9  7
2016  44 23   5.8   6.4  7
2016  45  0   6.1   6.4 23
2016  45  1   5.9   6.3 23
2016  45  2   5.7   6.5 23
2016  45  3   6.1   6.8 27
2016  45  4   6.6   6.9 27
2016  45  5   6.9   6.5 27
2016  45  6   6.8   6.3 20
2016  45  7   6.7   6.5 20
2016  45  8   6.8   6.0 20
2016  45  9   6.5   6.3 23
2016  45 10   6.6   6.1 23
2016  45 11   6.4   6.1 23
2016  45 12   6.2   5.7 23
2016  45 13   6.5   5.4 23
2016  45 14   7.0   6.2 23
2016  45 15   6.9   6.5 30
2016  45 16   7.3   6.9 30
2016  45 17   7.3   6.6 30
2016  45 18   7.0   7.7 17
2016  45 19   7.0   7.3 17
2016  45 20   6.1   7.5 17
2016  45 21   6.5   8.1 10
2016  45 22   6.9   8.2 10
2016  45 23   7.2   8.3 10
2016  46  0   7.1   7.9 23
2016  46  1   6.9   8.2 23
2016  46  2   6.5   9.5 23
2016  46  3   6.7   9.2 23
2016  46  4   6.9   8.3 23
2016  46  5   7.3   7.0 23
2016  46  6   5.2  11.2 30
2016  46  7   3.1  17.9 30
2016  46  8   7.2   7.8 30
2016  46  9   7.8   7.8 17
2016  46 10   5.6   9.7 17
2016  46 11   4.3  10.0 17
2016  46 12   5.5  10.0 17
2016  46 13   5.4  10.0 17
2016  46 14   5.8   9.8 17
2016  46 15   6.3   8.7 10
2016  46 16   5.5   8.7 10
2016  46 17   5.3   9.1 10
2016  46 18   6.4  10.4 10
2016  46 19   6.4  10.8 10
2016  46 20   7.6  10.0 10
2016  46 21   7.8  11.1 43
2016  46 22   8.0  12.0 43
2016  46 23   8.6  11.9 43
2016  47  0   9.4  12.6 40
2016  47  1   8.5  30.8 40
2016  47  2   6.8  29.2 40
2016  47  3  12.0  16.0 27
2016  47  4  11.8  15.8 27
2016  47  5  14.0  13.0 27
2016  47  6  14.1  12.3 33
2016  47  7  14.2  13.8 33
2016  47  8  14.7  17.9 33
2016  47  9  13.1  21.6 47
2016  47 10  14.4  22.8 47
2016  47 11  14.8  14.8 47
2016  47 12  15.0  14.1 53
2016  47 13  13.5  12.8 53
2016  47 14  10.9  14.8 53
2016  47 15  12.1  13.0 50
2016  47 16  11.8  12.0 50
2016  47 17  10.3   9.8 50
2016  47 18   9.2   8.0 53
2016  47 19   8.9   7.5 53
2016  47 20   8.1   6.4 53
2016  47 21   7.7   6.2 47
2016  47 22   7.7   6.1 47
2016  47 23   7.9   5.8 47
2016  48  0   8.8   6.0 50
2016  48  1   9.2   5.9 50
2016  48  2   8.3   6.3 50
2016  48  3   8.1   6.7 33
2016  48  4   7.6   8.1 33
2016  48  5   7.7   7.1 33
2016  48  6   8.0   7.0 43
2016  48  7   6.3   6.5 43
2016  48  8   6.0   5.9 43
2016  48  9   6.2   5.4 30
2016  48 10   7.6   4.8 30
2016  48 11   7.3   5.3 30
2016  48 12   7.1   5.7 40
2016  48 13   7.3   6.1 40
2016  48 14   7.2   6.2 40
2016  48 15   6.8   6.3 37
2016  48 16   6.7   5.9 37
2016  48 17   7.4   6.2 37
2016  48 18   7.9   6.1 47
2016  48 19   8.6   4.4 47
2016  48 20   7.6   4.5 47
2016  48 21   9.0   4.3 57
2016  48 22   8.2   4.1 57
2016  48 23   7.5   4.4 57
2016  49  0   6.9   4.3 43
2016  49  1   6.9   3.7 43
2016  49  2   6.9   3.2 43
2016  49  3   6.8   3.2 50
2016  49  4   6.3   2.9 50
2016  49  5   6.1   3.0 50
2016  49  6   6.2   2.7 40
2016  49  7   5.2   3.4 40
2016  49  8   4.9   3.5 40
2016  49  9   4.7   3.3 43
2016  49 10   4.8   3.1 43
2016  49 11   5.0   2.9 43
2016  49 12   5.0   2.9 30
2016  49 13   5.0   2.7 30
2016  49 14   5.5   2.6 30
2016  49 15   5.4   2.9 33
2016  49 16   5.4   3.0 33
2016  49 17   5.4   3.1 33
2016  49 18   4.8   3.0 47
2016  49 19   4.8   2.6 47
2016  49 20   5.0   2.8 47
2016  49 21   5.1   2.7 33
2016  49 22   4.7   2.8 33
2016  49 23   4.8   2.8 33
2016  50  0   4.4   2.8 30
2016  50  1   4.3   2.8 30
2016  50  2   4.4   2.8 30
2016  50  3   4.4   2.9 33
2016  50  4   4.2   3.0 33
2016  50  5   3.9   3.0 33
2016  50  6   4.1   3.1 23
2016  50  7   4.1   2.8 23
2016  50  8   4.5   3.2 23
2016  50  9   3.8   3.6 33
2016  50 10   4.1   3.7 33
2016  50 11   4.1   3.2 33
2016  50 12   3.6   3.3 30
2016  50 13   3.7   3.0 30
2016  50 14   4.1   3.0 30
2016  50 15   4.4   3.0 37
2016  50 16   5.0   2.9 37
2016  50 17   4.5   3.5 37
2016  50 18   4.6   3.6 37
2016  50 19   4.0   3.9 37
2016  50 20   2.9   4.6 37
2016  50 21   3.9   4.2 20
2016  50 22   3.8   3.9 20
2016  50 23   3.7   3.4 20
2016  51  0   3.6   3.1 23
2016  51  1   3.5   3.1 23
2016  51  2   3.6   3.1 23
2016  51  3   3.7   3.1 20
2016  51  4   4.1   2.5 20
2016  51  5   4.4   2.5 20
2016  51  6   4.2   2.5 20
2016  51  7   4.2   2.6 20
2016  51  8   4.6   2.3 20
2016  51  9   4.4   2.3  7
2016  51 10   4.7   2.2  7
2016  51 11   4.4   2.0  7
2016  51 12   3.5   2.4 10
2016  51 13   3.2   2.5 10
2016  51 14   3.7   2.1 10
2016  51 15   4.0   2.0  7
2016  51 16   3.9   2.3  7
2016  51 17   3.8   2.3  7
2016  51 18   4.0   2.5  3
2016  51 19   3.3   3.0  3
2016  51 20   3.7   3.2  3
2016  51 21   2.9   3.8  3
2016  51 22   2.7   4.8  3
2016  51 23   2.7   5.7  3
2016  52  0   2.9   5.7 10
2016  52  1   3.2   6.3 10
2016  52  2   3.4   6.8 10
2016  52  3   3.6   7.2 17
2016  52  4   3.2   8.0 17
2016  52  5   3.4   7.9 17
2016  52  6   3.3   7.6  7
2016  52  7   3.1   6.3  7
2016  52  8   3.6   5.5  7
2016  52  9   3.4   5.5  0
2016  52 10   3.4   5.4  0
2016  52 11   3.4   5.4  0
2016  52 12   3.2   5.6  7
2016  52 13   3.5   5.7  7
2016  52 14   3.6   6.1  7
2016  52 15   3.8   6.2  7
2016  52 16   4.2   6.4  7
2016  52 17   4.5   6.5  7
2016  52 18   5.1   7.9 17
2016  52 19   5.8   7.7 17
2016  52 20   6.2   6.8 17
2016  52 21   6.2   7.7 17
2016  52 22   5.7   7.5 17
2016  52 23   5.6   7.5 17
2016  53  0   6.1   7.2  0
2016  53  1   5.8   7.3  0
2016  53  2   5.6   8.4  0
2016  53  3   6.1   7.7  0
2016  53  4   6.1   8.2  0
2016  53  5   6.5   9.7  0
2016  53  6   6.0  10.4  0
2016  53  7   6.6  10.4  0
2016  53  8   6.9  11.1  0
2016  53  9   7.4  10.6  7
2016  53 10   7.2  11.6  7
2016  53 11   6.6  11.0  7
2016  53 12   5.9  11.2 10
2016  53 13   6.7  11.2 10
2016  53 14   6.7  11.8 10
2016  53 15   6.2  11.3 10
2016  53 16   6.6  10.9 10
2016  53 17   7.2   8.3 10
2016  53 18   6.1   7.4  7
2016  53 19   4.6   7.9  7
2016  53 20   4.4   7.9  7
2016  53 21   4.2   7.7 10
2016  53 22   4.4   7.6 10
2016  53 23   4.3   7.6 10
2016  54  0   4.8   7.4 23
2016  54  1   4.7   7.3 23
2016  54  2   4.7   6.5 23
2016  54  3   4.6   5.4  7
2016  54  4   4.7   5.6  7
2016  54  5   4.1   5.6  7
2016  54  6   4.5   5.3  3
2016  54  7   4.9   5.9  3
2016  54  8   4.9   6.2  3
2016  54  9   4.3   5.9  3
2016  54 10   4.7   5.8  3
2016  54 11   5.4   5.9  3
2016  54 12   5.3   5.7  7
2016  54 13   5.2   6.0  7
2016  54 14   5.0   6.2  7
2016  54 15   5.1   6.8  7
2016  54 16   5.3   7.2  7
2016  54 17   5.2   7.4  7
2016  54 18   5.5   7.5 17
2016  54 19   5.8   8.1 17
2016  54 20   6.1   9.6 17
2016  54 21   7.1  10.1 30
2016  54 22   7.4  10.4 30
2016  54 23   6.8  11.2 30
2016  55  0   6.2  10.5 27
2016  55  1   6.6  10.5 27
2016  55  2   5.8  10.7 27
2016  55  3   5.4  10.6 17
2016  55  4   5.8  10.4 17
2016  55  5   6.2   9.3 17
2016  55  6   6.0   7.9 13
2016  55  7   6.6   7.5 13
2016  55  8   6.6   7.9 13
2016  55  9   7.3   8.0 10
2016  55 10   7.5   8.8 10
2016  55 11   7.4   8.8 10
2016  55 12   7.3   9.1 23
2016  55 13   7.2   8.6 23
2016  55 14   6.6  10.2 23
2016  55 15   6.8  11.0 10
2016  55 16   6.4  11.5 10
2016  55 17   6.4  10.3 10
2016  55 18   6.7   9.7 13
2016  55 19   6.6  11.0 13
2016  55 20   6.5   9.4 13
2016  55 21   6.8   8.5 17
2016  55 22   7.1   8.7 17
2016  55 23   7.2   9.2 17
2016  56  0   7.9  10.8 17
2016  56  1   7.2  11.9 17
2016  56  2   7.6  10.4 17
2016  56  3   7.3  11.0 17
2016  56  4   5.6  15.8 17
2016  56  5   5.0  17.7 17
2016  56  6   6.7  15.7 17
2016  56  7   7.0  16.2 17
2016  56  8   7.0  18.1 17
2016  56  9   6.1  20.2 10
2016  56 10   6.2  21.1 10
2016  56 11   7.2  17.3 10
2016  56 12   7.7  14.9 10
2016  56 13   7.6  13.7 10
2016  56 14   7.9  13.0 10
2016  56 15   8.7  13.5  7
2016  56 16   8.9  13.7  7
2016  56 17   8.4  15.6  7
2016  56 18   8.8  15.9  7
2016  56 19   9.6  15.3  7
2016  56 20   9.9  17.7  7
2016  56 21  10.6  22.8 20
2016  56 22  10.3  17.1 20
2016  56 23  11.6  13.7 20
2016  57  0  10.3  10.1 37
2016  57  1  10.1   7.5 37
2016  57  2   9.4   7.5 37
2016  57  3   9.2   6.3 27
2016  57  4   8.2   5.5 27
2016  57  5   7.3   4.5 27
2016  57  6   7.2   4.4 17
2016  57  7   7.1   4.3 17
2016  57  8   6.6   3.2 17
2016  57  9   6.4   3.2 10
2016  57 10   5.6   3.7 10
2016  57 11   5.5   4.6 10
2016  57 12   5.7   4.6 13
2016  57 13   5.0   5.1 13
2016  57 14   5.4   5.0 13
2016  57 15   5.8   4.7  7
2016  57 16   6.5   4.6  7
2016  57 17   5.9   5.4  7
2016  57 18   5.5   5.6 10
2016  57 19   4.8   6.2 10
2016  57 20   5.8   6.0 10
2016  57 21   6.2   6.1  0
2016  57 22   5.8   6.2  0
2016  57 23   5.8   6.3  0
2016  58  0   6.1   6.0  0
2016  58  1   6.0   5.9  0
2016  58  2   5.1   5.5  0
2016  58  3   4.8   5.5 13
2016  58  4   5.2   4.5 13
2016  58  5   5.3   5.0 13
2016  58  6   6.0   4.9 13
2016  58  7   5.1   5.2 13
2016  58  8   5.1   5.0 13
2016  58  9   5.0   5.1 10
2016  58 10   5.9   4.4 10
2016  58 11   6.4   4.1 10
2016  58 12   5.1   4.4  3
2016  58 13   5.6   5.3  3
2016  58 14   4.7   6.3  3
2016  58 15   4.7   6.9  3
2016  58 16   5.5   6.9  3
2016  58 17   5.2   6.7  3
2016  58 18   5.7   6.1  7
2016  58 19   5.7   6.3  7
2016  58 20   5.3   6.1  7
2016  58 21   5.8   6.9  7
2016  58 22   5.4   7.2  7
2016  58 23   5.7   7.1  7
2016  59  0   6.4   7.9 10
2016  59  1   6.1   8.0 10
2016  59  2   5.9   7.6 10
2016  59  3   7.1   6.2  0
2016  59  4   7.4   5.9  0
2016  59  5   7.0   7.0  0
2016  59  6   5.7   8.5 13
2016  59  7   4.5   9.1 13
2016  59  8   4.2   9.7 13
2016  59  9   5.1   9.4 10
2016  59 10   4.2   8.9 10
2016  59 11   5.2   8.4 10
2016  59 12   5.3   7.7 10
2016  59 13   4.9   7.4 10
2016  59 14   4.4   7.2 10
2016  59 15   4.6   6.6  3
2016  59 16   4.1   6.2  3
2016  59 17   3.5   6.2  3
2016  59 18   3.6   5.9  3
2016  59 19   3.7   5.5  3
2016  59 20   3.4   5.4  3
2016  59 21   3.6   5.2  7
2016  59 22   3.1   5.3  7
2016  59 23   3.1   5.4  7
2016  60  0   3.1   5.4 20
2016  60  1   3.1   5.3 20
2016  60  2   3.0   5.3 20
2016  60  3   3.8   4.9  0
2016  60  4   3.8   5.2  0
2016  60  5   3.5   5.4  0
2016  60  6   3.2   5.3  7
2016  60  7   4.1   6.0  7
2016  60  8   4.3   5.8  7
2016  60  9   3.5   6.3 10
2016  60 10   3.3   6.3 10
2016  60 11   3.7   6.7 10
2016  60 12   3.2   7.1 10
2016  60 13   4.0   6.9 10
2016  60 14   4.3   8.1 10
2016  60 15   4.4   9.4  3
2016  60 16   4.9   9.9  3
2016  60 17   5.1  11.8  3
2016  60 18   5.6  14.4  3
2016  60 19   6.5  18.4  3
2016  60 20   6.7  24.6  3
2016  60 21   6.2  24.6 20
2016  60 22   4.9  24.9 20
2016  60 23   4.7  22.6 20
2016  61  0   5.6  22.1 30
2016  61  1   6.6  23.0 30
2016  61  2   6.7  23.6 30
2016  61  3   7.2  22.6 20
2016  61  4   8.6  15.3 20
2016  61  5  10.4   9.3 20
2016  61  6  12.3   6.9 17
2016  61  7  11.9   7.0 17
2016  61  8   9.3  11.1 17
2016  61  9  10.7   9.2 17
2016  61 10  10.4   9.7 17
2016  61 11   8.9  13.0 17
2016  61 12   9.1   9.8 20
2016  61 13   7.9  11.0 20
2016  61 14   7.9  12.6 20
2016  61 15   7.7  15.2 17
2016  61 16   8.8  12.6 17
2016  61 17   9.2  10.3 17
2016  61 18  10.7   9.7 10
2016  61 19  10.9   9.9 10
2016  61 20  10.6   9.5 10
2016  61 21  10.1   9.4 27
2016  61 22   9.1  10.0 27
2016  61 23  10.5   8.4 27
2016  62  0  11.1   7.7 23
2016  62  1  10.6   8.3 23
2016  62  2  10.4   8.5 23
2016  62  3   9.8   8.6 10
2016  62  4   9.8   7.0 10
2016  62  5   9.3   7.5 10
2016  62  6   8.9   7.1  7
2016  62  7   8.8   7.9  7
2016  62  8   9.8   7.1  7
2016  62  9   9.6   6.7 20
2016  62 10   8.5   7.2 20
2016  62 11   8.6   7.1 20
2016  62 12   8.2   6.6 23
2016  62 13   7.5   6.2 23
2016  62 14   7.0   6.0 23
2016  62 15   7.4   5.4 27
2016  62 16   7.5   5.6 27
2016  62 17   7.5   5.2 27
2016  62 18   7.5   5.2 10
2016  62 19   7.4   4.8 10
2016  62 20   7.3   4.6 10
2016  62 21   6.8   4.4  3
2016  62 22   6.8   4.5  3
2016  62 23   6.3   4.4  3
2016  63  0   6.1   3.9 17
2016  63  1   6.1   3.8 17
2016  63  2   6.1   4.0 17
2016  63  3   6.0   4.2 23
2016  63  4   5.9   4.0 23
2016  63  5   5.8   4.1 23
2016  63  6   5.7   4.3 20
2016  63  7   5.6   4.4 20
2016  63  8   5.4   4.1 20
2016  63  9   5.4   4.3 23
2016  63 10   5.3   3.8 23
2016  63 11   4.6   4.1 23
2016  63 12   4.7   4.0 20
2016  63 13   4.7   3.7 20
2016  63 14   4.8   3.7 20
2016  63 15   4.8   4.0 10
2016  63 16   5.0   3.9 10
2016  63 17   4.8   4.0 10
2016  63 18   5.0   4.0  3
2016  63 19   4.0   3.9  3
2016  63 20   4.1   3.6  3
2016  63 21   4.5   3.6 13
2016  63 22   4.7   3.2 13
2016  63 23   4.8   3.1 13
2016  64  0   4.9   3.1 27
2016  64  1   4.8   2.8 27
2016  64  2   4.7   2.6 27
2016  64  3   4.6   3.2 17
2016  64  4   4.4   3.3 17
2016  64  5   4.3   3.6 17
2016  64  6   4.2   3.5  0
2016  64  7   4.4   3.5  0
2016  64  8   4.5   3.4  0
2016  64  9   4.4   3.5  7
2016  64 10   4.4   3.5  7
2016  64 11   4.4   3.5  7
2016  64 12   4.5   3.5  3
2016  64 13   4.5   3.4  3
2016  64 14   4.6   3.5  3
2016  64 15   4.6   3.4  7
2016  64 16   4.7   3.6  7
2016  64 17   4.7   4.0  7
2016  64 18   4.7   4.5  3
2016  64 19   4.8   4.3  3
2016  64 20   4.7   4.4  3
2016  64 21   4.7   4.3  3
2016  64 22   4.7   4.6  3
2016  64 23   4.8   4.4  3
2016  65  0   4.8   4.6  0
2016  65  1   4.8   4.5  0
2016  65  2   5.0   4.9  0
2016  65  3   4.7   5.2  3
2016  65  4   4.4   4.9  3
2016  65  5   4.9   4.9  3
2016  65  6   5.3   4.6 13
2016  65  7   5.2   5.1 13
2016  65  8   4.8   5.3 13
2016  65  9   4.8   5.1 13
2016  65 10   4.4   5.1 13
2016  65 11   4.9   6.1 13
2016  65 12   4.9   7.3 20
2016  65 13   5.5   7.4 20
2016  65 14   4.6   8.0 20
2016  65 15   4.0   8.9  3
2016  65 16   3.5   9.9  3
2016  65 17   3.6  10.8  3
2016  65 18   4.5  11.0  0
2016  65 19   4.9  11.0  0
2016  65 20   5.3  10.3  0
2016  65 21   5.5  11.2  3
2016  65 22   5.4  13.1  3
2016  65 23   5.6  13.5  3
2016  66  0   6.1  15.4  0
2016  66  1   6.4  17.4  0
2016  66  2   7.0  17.1  0
2016  66  3   7.7  17.7  7
2016  66  4   9.2  17.6  7
2016  66  5  11.2  18.1  7
2016  66  6  12.9  16.4 20
2016  66  7  12.9  18.6 20
2016  66  8  15.1  10.1 20
2016  66  9  15.7   9.3 20
2016  66 10  15.3  13.2 20
2016  66 11  16.0  12.0 20
2016  66 12  17.0  13.1 27
2016  66 13  17.6  18.8 27
2016  66 14  17.6  24.5 27
2016  66 15  17.0  27.7 50
2016  66 16  17.7  32.0 50
2016  66 17  20.1  23.1 50
2016  66 18  16.3  25.1 60
2016  66 19  16.2  21.2 60
2016  66 20  12.3  18.7 60
2016  66 21  14.6  17.5 63
2016  66 22  16.0  15.0 63
2016  66 23  15.1  14.6 63
2016  67  0  13.9  14.7 43
2016  67  1  11.3  15.4 43
2016  67  2  11.3  10.7 43
2016  67  3  13.1   6.5 47
2016  67  4   8.9   5.1 47
2016  67  5   6.2   3.2 47
2016  67  6   6.3   3.2 37
2016  67  7   6.2   3.1 37
2016  67  8   6.3   3.1 37
2016  67  9   6.4   3.2 27
2016  67 10   6.3   3.5 27
2016  67 11   5.4   3.7 27
2016  67 12   5.4   3.7 27
2016  67 13   5.3   3.9 27
2016  67 14   5.4   4.0 27
2016  67 15   6.0   4.3 33
2016  67 16   6.0   4.3 33
2016  67 17   6.3   4.5 33
2016  67 18   6.4   4.9 37
2016  67 19   6.4   5.1 37
2016  67 20   6.5   5.1 37
2016  67 21   6.8   5.1 47
2016  67 22   7.2   4.5 47
2016  67 23   6.7   4.6 47
2016  68  0   6.6   4.4 23
2016  68  1   6.2   3.7 23
2016  68  2   5.4   3.6 23
2016  68  3   5.1   3.9 20
2016  68  4   5.1   3.9 20
2016  68  5   4.7   4.0 20
2016  68  6   4.2   4.3 17
2016  68  7   4.8   4.5 17
2016  68  8   4.2   4.2 17
2016  68  9   4.1   3.9 17
2016  68 10   3.5   4.7 17
2016  68 11   3.4   4.8 17
2016  68 12   3.4   4.6 20
2016  68 13   3.6   4.7 20
2016  68 14   3.4   4.9 20
2016  68 15   3.3   4.7 13
2016  68 16   3.3   4.6 13
2016  68 17   3.2   4.6 13
2016  68 18   3.1   4.1 23
2016  68 19   3.6   3.5 23
2016  68 20   3.6   3.3 23
2016  68 21   3.8   3.2  7
2016  68 22   3.4   3.8  7
2016  68 23   3.5   4.2  7
2016  69  0   3.4   4.9 20
2016  69  1   3.4   4.9 20
2016  69  2   3.7   5.3 20
2016  69  3   3.7   5.3 17
2016  69  4   3.4   5.2 17
2016  69  5   3.3   5.4 17
2016  69  6   3.0   5.6 13
2016  69  7   3.0   5.8 13
2016  69  8   3.1   5.9 13
2016  69  9   3.1   6.0 13
2016  69 10   3.1   6.0 13
2016  69 11   3.3   5.8 13
2016  69 12   3.5   5.8 20
2016  69 13   4.0   6.4 20
2016  69 14   5.0   6.5 20
2016  69 15   4.9   6.7 17
2016  69 16   4.0   6.6 17
2016  69 17   4.8   5.1 17
2016  69 18   4.9   5.0 13
2016  69 19   4.7   5.2 13
2016  69 20   4.1   4.7 13
2016  69 21   3.8   4.7 17
2016  69 22   3.7   4.5 17
2016  69 23   3.5   4.4 17
2016  70  0   3.5   4.4 20
2016  70  1   3.5   4.5 20
2016  70  2   3.6   4.4 20
2016  70  3   3.7   4.4 27
2016  70  4   3.6   5.1 27
2016  70  5   4.0   6.3 27
2016  70  6   4.0   7.3 17
2016  70  7   4.3   7.6 17
2016  70  8   4.2   9.3 17
2016  70  9   4.8   9.5 13
2016  70 10   5.1   9.9 13
2016  70 11   5.5  10.6 13
2016  70 12   5.4  10.0 13
2016  70 13   4.7  10.3 13
2016  70 14   4.9  10.9 13
2016  70 15   4.5  11.7 10
2016  70 16   4.7  12.5 10
2016  70 17   5.2  13.3 10
2016  70 18   4.8  13.3 17
2016  70 19   5.4  13.4 17
2016  70 20   5.5  13.1 17
2016  70 21   5.5  13.6 23
2016  70 22   5.0  13.4 23
2016  70 23   5.3  13.2 23
2016  71  0   5.5  14.5 13
2016  71  1   6.1  14.6 13
2016  71  2   5.7  14.4 13
2016  71  3   4.9  14.1 27
2016  71  4   4.7  15.5 27
2016  71  5   5.7  16.6 27
2016  71  6   9.8  31.0 30
2016  71  7  10.8  32.6 30
2016  71  8   9.8  35.4 30
2016  71  9  12.7  30.8 33
2016  71 10  17.4  38.2 33
2016  71 11  17.9  61.6 33
2016  71 12  19.8  57.1 53
2016  71 13  22.9  27.8 53
2016  71 14  19.3  19.4 53
2016  71 15  17.3  19.5 30
2016  71 16  20.2  21.4 30
2016  71 17  21.2  15.2 30
2016  71 18  18.7  16.9 33
2016  71 19  16.4  15.6 33
2016  71 20   6.9   6.8 33
2016  71 21   6.6   5.8 27
2016  71 22   7.1   4.5 27
2016  71 23   7.0   4.8 27
2016  72  0   6.0   5.0 30
2016  72  1   5.1   5.2 30
2016  72  2   4.9   5.3 30
2016  72  3   5.3   5.1 30
2016  72  4   6.3   5.7 30
2016  72  5   5.8   5.6 30
2016  72  6   5.4   4.0 20
2016  72  7   4.9   4.2 20
2016  72  8   5.3   4.8 20
2016  72  9   5.3   5.2 17
2016  72 10   6.0   5.0 17
2016  72 11   6.2   5.2 17
2016  72 12   6.4   4.4 10
2016  72 13   6.3   3.9 10
2016  72 14   5.7   4.0 10
2016  72 15   5.0   4.3 33
2016  72 16   5.6   4.3 33
2016  72 17   5.1   4.7 33
2016  72 18   4.9   4.8 33
2016  72 19   5.1   4.4 33
2016  72 20   5.0   4.5 33
2016  72 21   4.9   4.4  7
2016  72 22   4.9   4.8  7
2016  72 23   4.8   5.0  7
2016  73  0   4.7   5.3  3
2016  73  1   4.2   5.3  3
2016  73  2   4.6   5.1  3
2016  73  3   4.7   5.6 17
2016  73  4   5.4   5.1 17
2016  73  5   6.7   5.4 17
2016  73  6   6.0   4.6  7
2016  73  7   5.5   5.0  7
2016  73  8   5.6   4.9  7
2016  73  9   5.7   5.0 10
2016  73 10   5.8   5.1 10
2016  73 11   5.7   5.2 10
2016  73 12   5.2   5.6  7
2016  73 13   4.5   5.4  7
2016  73 14   4.1   5.2  7
2016  73 15   4.7   4.8  3
2016  73 16   4.6   5.0  3
2016  73 17   4.3   5.1  3
2016  73 18   4.3   5.4  0
2016  73 19   4.4   5.3  0
2016  73 20   4.4   5.0  0
2016  73 21   4.6   5.3  7
2016  73 22   4.7   5.7  7
2016  73 23   4.8   5.6  7
2016  74  0   4.9   5.7 17
2016  74  1   5.1   5.6 17
2016  74  2   4.9   5.6 17
2016  74  3   5.0   5.6 13
2016  74  4   5.0   6.4 13
2016  74  5   5.3   6.7 13
2016  74  6   5.7   7.2 13
2016  74  7   5.9   7.2 13
2016  74  8   6.0   6.8 13
2016  74  9   6.2   7.3 10
2016  74 10   6.5   8.1 10
2016  74 11   6.5  10.2 10
2016  74 12   6.0  10.9  7
2016  74 13   6.1   9.0  7
2016  74 14   6.5  10.5  7
2016  74 15   6.6  11.1 23
2016  74 16   6.0  12.1 23
2016  74 17   7.8  21.0 23
2016  74 18  14.1  52.8 33
2016  74 19  19.7  32.7 33
2016  74 20  14.8  13.0 33
2016  74 21  14.5  14.6 50
2016  74 22  11.6  15.0 50
2016  74 23   8.2  10.9 50
2016  75  0   8.5   7.9 40
2016  75  1   8.0   8.0 40
2016  75  2   8.4   7.7 40
2016  75  3   8.9   7.3 40
2016  75  4   8.0   7.1 40
2016  75  5   7.6   6.2 40
2016  75  6   7.7   5.6 43
2016  75  7   7.4   5.6 43
2016  75  8   7.1   5.1 43
2016  75  9   6.8   4.5 33
2016  75 10   6.6   4.0 33
2016  75 11   6.7   3.2 33
2016  75 12   7.2   3.9 13
2016  75 13   7.8   3.8 13
2016  75 14   8.0   3.5 13
2016  75 15   8.2   4.1 27
2016  75 16   8.0   4.6 27
2016  75 17   8.7   4.7 27
2016  75 18   9.1   5.4 53
2016  75 19   8.4   5.3 53
2016  75 20   8.2   5.3 53
2016  75 21   8.4   5.2 33
2016  75 22   8.7   5.2 33
2016  75 23   9.4   4.2 33
2016  76  0   9.8   4.7 50
2016  76  1   6.2   6.1 50
2016  76  2   7.9   4.5 50
2016  76  3   6.5   5.7 27
2016  76  4   7.5   4.0 27
2016  76  5   8.1   4.9 27
2016  76  6   8.4   5.2 27
2016  76  7   7.6   4.2 27
2016  76  8   7.8   4.6 27
2016  76  9   8.3   4.6 30
2016  76 10   7.4   3.6 30
2016  76 11   8.1   4.3 30
2016  76 12   7.8   3.7 27
2016  76 13   7.3   4.6 27
2016  76 14   7.0   4.6 27
2016  76 15   6.0   4.6 13
2016  76 16   6.8   3.6 13
2016  76 17   8.5   3.7 13
2016  76 18   9.6   3.8 30
2016  76 19   9.0   4.6 30
2016  76 20   9.1   4.6 30
2016  76 21   9.1   4.0 47
2016  76 22   8.6   4.0 47
2016  76 23   8.1   3.9 47
2016  77  0   7.6   3.8 47
2016  77  1   7.4   4.0 47
2016  77  2   7.4   4.0 47
2016  77  3   7.2   3.4 47
2016  77  4   7.0   3.4 47
2016  77  5   6.6   3.1 47
2016  77  6   6.2   3.0 37
2016  77  7   6.1   3.0 37
2016  77  8   6.4   3.1 37
2016  77  9   6.1   2.8 40
2016  77 10   5.9   2.6 40
2016  77 11   6.0   2.8 40
2016  77 12   5.8   2.9 20
2016  77 13   5.5   2.9 20
2016  77 14   5.6   2.8 20
2016  77 15   5.7   2.9 33
2016  77 16   5.5   2.7 33
2016  77 17   5.5   3.0 33
2016  77 18   5.4   3.0 30
2016  77 19   5.6   2.9 30
2016  77 20   5.7   2.5 30
2016  77 21   5.9   2.7 27
2016  77 22   6.2   2.7 27
2016  77 23   6.2   2.8 27
2016  78  0   6.3   2.8 13
2016  78  1   6.3   2.7 13
2016  78  2   6.9   2.8 13
2016  78  3   7.0   2.5 20
2016  78  4   6.7   2.4 20
2016  78  5   6.5   2.5 20
2016  78  6   6.4   3.8 23
2016  78  7   6.3   4.8 23
2016  78  8   6.4   4.9 23
2016  78  9   6.7   4.8 17
2016  78 10   6.9   4.9 17
2016  78 11   7.1   4.9 17
2016  78 12   7.0   5.3 20
2016  78 13   6.9   5.2 20
2016  78 14   7.2   5.2 20
2016  78 15   6.9   4.2 20
2016  78 16   6.8   4.7 20
2016  78 17   6.4   4.8 20
2016  78 18   6.4   4.9 20
2016  78 19   7.1   4.8 20
2016  78 20   7.0   5.0 20
2016  78 21   6.8   4.5 23
2016  78 22   6.9   4.4 23
2016  78 23   6.8   3.8 23
2016  79  0   6.7   3.9 20
2016  79  1   6.5   4.9 20
2016  79  2   7.0   5.1 20
2016  79  3   6.9   4.8 30
2016  79  4   6.8   4.5 30
2016  79  5   7.9   5.0 30
2016  79  6   8.9   5.4 37
2016  79  7   8.3   5.4 37
2016  79  8   7.8   5.3 37
2016  79  9   7.7   5.3 37
2016  79 10   7.2   6.3 37
2016  79 11   6.0   5.6 37
2016  79 12   5.4   5.4 30
2016  79 13   6.0   4.7 30
2016  79 14   5.8   4.3 30
2016  79 15   5.9   4.2 37
2016  79 16   5.9   3.9 37
2016  79 17   5.9   5.1 37
2016  79 18   6.0   5.4 23
2016  79 19   5.8   5.0 23
2016  79 20   5.5   4.6 23
2016  79 21   5.4   5.2 10
2016  79 22   5.4   5.2 10
2016  79 23   5.3   4.6 10
2016  80  0   5.2   3.6 13
2016  80  1   5.6   3.6 13
2016  80  2   5.8   3.6 13
2016  80  3   5.7   3.7 27
2016  80  4   5.7   2.8 27
2016  80  5   5.6   3.2 27
2016  80  6   5.2   2.5 13
2016  80  7   4.9   2.4 13
2016  80  8   5.7   1.9 13
2016  80  9   6.5   2.3 13
2016  80 10   5.6   2.6 13
2016  80 11   5.3   3.1 13
2016  80 12   5.2   3.7 17
2016  80 13   5.2   2.9 17
2016  80 14   5.7   3.4 17
2016  80 15   6.4   4.2 37
2016  80 16   7.1   4.7 37
2016  80 17   6.9   5.1 37
2016  80 18   7.0   5.1 37
2016  80 19   6.9   5.0 37
2016  80 20   6.8   5.3 37
2016  80 21   6.6   3.9 17
2016  80 22   6.2   4.0 17
2016  80 23   6.5   3.8 17
2016  81  0   6.7   3.7 20
2016  81  1   7.3   3.7 20
2016  81  2   7.5   4.3 20
2016  81  3   7.4   4.3 13
2016  81  4   6.7   3.7 13
2016  81  5   3.9   6.5 13
2016  81  6   3.5   8.5 17
2016  81  7   3.9   7.4 17
2016  81  8   3.8   9.0 17
2016  81  9   4.4   8.2 17
2016  81 10   5.4   6.4 17
2016  81 11   5.4   7.3 17
2016  81 12   5.6   7.3 17
2016  81 13   3.3  12.1 17
2016  81 14   3.1  13.8 17
2016  81 15   3.0  12.8 17
2016  81 16   3.6  10.5 17
2016  81 17   4.6   9.2 17
2016  81 18   5.0   8.0 10
2016  81 19   2.1  11.5 10
2016  81 20   2.7  11.5 10
2016  81 21   4.3   7.9 23
2016  81 22   4.4   7.7 23
2016  81 23   5.5   4.3 23
2016  82  0   5.4   4.8 23
2016  82  1   5.4   3.8 23
2016  82  2   5.4   5.3 23
2016  82  3   6.9   7.5 23
2016  82  4   6.9   8.2 23
2016  82  5   6.8   8.0 23
2016  82  6   7.0   6.9 13
2016  82  7   6.8   7.2 13
2016  82  8   4.0  14.4 13
2016  82  9   5.2  15.4 20
2016  82 10   5.4  12.3 20
2016  82 11   3.5  14.0 20
2016  82 12   6.2   8.5 10
2016  82 13   7.1   5.0 10
2016  82 14   6.0   4.8 10
2016  82 15   5.8   4.2  3
2016  82 16   6.3   3.8  3
2016  82 17   6.4   3.8  3
2016  82 18   6.1   3.8  3
2016  82 19   5.6   3.8  3
2016  82 20   5.6   3.7  3
2016  82 21   6.3   3.4 17
2016  82 22   6.0   4.8 17
2016  82 23   5.3   6.0 17
2016  83  0   6.3   4.3 17
2016  83  1   4.7   8.2 17
2016  83  2   4.5   9.2 17
2016  83  3   5.3   9.4 33
2016  83  4   6.0  12.2 33
2016  83  5   7.0  12.4 33
2016  83  6   6.9  12.4 37
2016  83  7   6.1  13.8 37
2016  83  8   5.0  13.2 37
2016  83  9   5.6   9.7 17
2016  83 10   6.1   6.3 17
2016  83 11   6.1   6.2 17
2016  83 12   7.2   6.1 17
2016  83 13   6.8   6.5 17
2016  83 14   6.6   6.3 17
2016  83 15   6.3   6.8 10
2016  83 16   8.6   6.5 10
2016  83 17   9.4   7.3 10
2016  83 18   9.5   7.8 13
2016  83 19   8.6   8.7 13
2016  83 20   7.4   7.9 13
2016  83 21   4.8   5.0 27
2016  83 22   4.6   5.1 27
2016  83 23   4.7   4.7 27
2016  84  0   4.1   4.8 27
2016  84  1   4.2   4.8 27
2016  84  2   4.3   5.1 27
2016  84  3   4.3   5.0 17
2016  84  4   4.2   4.9 17
2016  84  5   4.2   5.5 17
2016  84  6   3.9   5.5 17
2016  84  7   4.6   5.3 17
2016  84  8   4.7   5.9 17
2016  84  9   4.7   6.3 10
2016  84 10   4.0   7.6 10
2016  84 11   5.0   8.6 10
2016  84 12   6.2   9.1 13
2016  84 13   6.2   9.0 13
2016  84 14   7.8   6.9 13
2016  84 15   6.9   6.5 13
2016  84 16   6.5   6.2 13
2016  84 17   6.4   6.0 13
2016  84 18   7.0   5.4  7
2016  84 19   7.5   5.2  7
2016  84 20   6.7   5.5  7
2016  84 21   6.7   5.1 13
2016  84 22   5.5   4.7 13
2016  84 23   4.9   3.5 13
2016  85  0   4.3   2.9 30
2016  85  1   4.2   2.3 30
2016  85  2   4.1   2.2 30
2016  85  3   4.5   1.9 17
2016  85  4   4.6   1.9 17
2016  85  5   4.6   1.8 17
2016  85  6   4.1   2.1 10
2016  85  7   4.1   2.0 10
2016  85  8   3.8   1.7 10
2016  85  9   3.5   1.5 13
2016  85 10   2.9   2.0 13
2016  85 11   3.2   2.1 13
2016  85 12   3.2   2.0 10
2016  85 13   3.1   2.1 10
2016  85 14   3.6   1.9 10
2016  85 15   3.7   1.8 10
2016  85 16   3.6   2.0 10
2016  85 17   4.0   1.9 10
2016  85 18   3.9   2.0  3
2016  85 19   3.9   2.1  3
2016  85 20   4.4   2.3  3
2016  85 21   3.8   2.8  0
2016  85 22   3.7   3.1  0
2016  85 23   3.9   3.2  0
2016  86  0   4.0   3.4  0
2016  86  1   4.3   3.3  0
2016  86  2   4.8   3.2  0
2016  86  3   4.8   3.1  0
2016  86  4   4.4   3.0  0
2016  86  5   3.8   3.5  0
2016  86  6   2.7   5.2  7
2016  86  7   2.8   5.7  7
2016  86  8   2.7   6.1  7
2016  86  9   3.2   6.2  3
2016  86 10   3.4   6.3  3
2016  86 11   3.5   6.2  3
2016  86 12   3.2   6.4  7
2016  86 13   3.4   6.4  7
2016  86 14   3.1   7.1  7
2016  86 15   3.8   9.2  3
2016  86 16   5.1   9.9  3
2016  86 17   5.2   9.9  3
2016  86 18   4.9  11.4  7
2016  86 19   5.3   9.8  7
2016  86 20   5.1  10.6  7
2016  86 21   6.1  13.1  7
2016  86 22   6.2  16.7  7
2016  86 23   6.9  19.6  7
2016  87  0  10.5  13.3 27
2016  87  1   9.3  12.3 27
2016  87  2   8.1  14.7 27
2016  87  3   8.8  12.8 20
2016  87  4   8.5  12.1 20
2016  87  5   8.5   8.9 20
2016  87  6   9.6   8.0 30
2016  87  7   9.0  14.8 30
2016  87  8  11.2  13.0 30
2016  87  9  11.9   6.8 27
2016  87 10  11.7   7.1 27
2016  87 11   9.8   8.9 27
2016  87 12   9.5   8.2 23
2016  87 13   9.6   9.1 23
2016  87 14   8.9  10.9 23
2016  87 15   9.9  11.5 33
2016  87 16   9.7  13.5 33
2016  87 17   9.6  12.7 33
2016  87 18   7.7  12.9 23
2016  87 19  10.6  10.6 23
2016  87 20  10.3  10.9 23
2016  87 21  10.4  10.7 20
2016  87 22  10.2  10.2 20
2016  87 23  10.8   9.0 20
2016  88  0  10.1   8.0 20
2016  88  1   8.4   7.0 20
2016  88  2   5.2   6.2 20
2016  88  3   6.4   6.4 37
2016  88  4   7.1   6.1 37
2016  88  5   7.3   5.8 37
2016  88  6   7.8   5.6 10
2016  88  7   7.9   5.1 10
2016  88  8   7.7   4.7 10
2016  88  9   7.4   5.2  7
2016  88 10   7.4   5.7  7
2016  88 11   7.4   5.5  7
2016  88 12   7.1   5.9 17
2016  88 13   7.4   5.5 17
2016  88 14   7.4   5.3 17
2016  88 15   7.6   6.0 13
2016  88 16   7.9   6.4 13
2016  88 17   7.8   7.0 13
2016  88 18   7.4   7.6 27
2016  88 19   7.3   6.9 27
2016  88 20   7.6   6.7 27
2016  88 21   7.7   6.1 27
2016  88 22   7.1   7.0 27
2016  88 23   6.9   6.4 27
2016  89  0   6.7   5.5 33
2016  89  1   6.3   5.5 33
2016  89  2   6.6   5.4 33
2016  89  3   6.2   5.0 33
2016  89  4   6.4   4.4 33
2016  89  5   5.7   4.6 33
2016  89  6   5.6   4.2 23
2016  89  7   5.0   4.2 23
2016  89  8   5.0   4.4 23
2016  89  9   5.2   4.0 27
2016  89 10   5.4   4.2 27
2016  89 11   5.4   3.9 27
2016  89 12   5.2   3.8 27
2016  89 13   4.9   3.9 27
2016  89 14   4.4   4.0 27
2016  89 15   4.7   3.9 27
2016  89 16   4.9   3.8 27
2016  89 17   5.1   2.8 27
2016  89 18   5.0   3.2 13
2016  89 19   5.4   2.9 13
2016  89 20   5.3   2.6 13
2016  89 21   5.1   2.3 13
2016  89 22   4.9   2.5 13
2016  89 23   4.6   2.7 13
2016  90  0   4.6   2.7 33
2016  90  1   5.1   2.7 33
2016  90  2   4.5   3.0 33
2016  90  3   4.0   3.1 17
2016  90  4   3.8   3.1 17
2016  90  5   4.4   3.2 17
2016  90  6   4.7   3.0 13
2016  90  7   4.4   3.4 13
2016  90  8   4.8   3.4 13
2016  90  9   4.6   3.6 20
2016  90 10   4.6   3.5 20
2016  90 11   4.7   3.4 20
2016  90 12   4.5   3.9 33
2016  90 13   5.0   3.6 33
2016  90 14   4.5   3.3 33
2016  90 15   4.6   3.6 23
2016  90 16   4.7   3.6 23
2016  90 17   4.5   3.4 23
2016  90 18   4.4   3.6 33
2016  90 19   4.3   3.5 33
2016  90 20   4.6   3.8 33
2016  90 21   4.1   3.1 20
2016  90 22   4.2   3.4 20
2016  90 23   4.6   3.2 20
2016  91  0   4.0   2.4 30
2016  91  1   3.4   2.3 30
2016  91  2   3.9   2.4 30
2016  91  3   3.8   2.3 27
2016  91  4   3.9   2.3 27
2016  91  5   3.8   2.4 27
2016  91  6   3.7   2.5 13
2016  91  7   3.5   2.3 13
2016  91  8   3.5   2.4 13
2016  91  9   3.4   2.3  7
2016  91 10   3.4   2.2  7
2016  91 11   3.5   2.2  7
2016  91 12   3.5   2.2 10
2016  91 13   3.7   2.0 10
2016  91 14   3.5   2.2 10
2016  91 15   3.3   2.6 10
2016  91 16   3.4   2.9 10
2016  91 17   3.2   2.7 10
2016  91 18   3.2   2.9  3
2016  91 19   3.2   2.6  3
2016  91 20   3.4   2.8  3
2016  91 21   3.3   3.0 10
2016  91 22   3.2   2.9 10
2016  91 23   2.2   2.9 10
2016  92  0   2.5   3.0 13
2016  92  1   2.8   3.0 13
2016  92  2   3.1   2.9 13
2016  92  3   3.1   3.0  0
2016  92  4   2.7   3.4  0
2016  92  5   2.9   3.5  0
2016  92  6   2.9   3.6  0
2016  92  7   3.0   4.0  0
2016  92  8   3.0   4.1  0
2016  92  9   3.2   4.3  0
2016  92 10   3.2   4.4  0
2016  92 11   3.4   4.5  0
2016  92 12   3.4   4.6  3
2016  92 13   3.6   4.5  3
2016  92 14   3.6   4.9  3
2016  92 15   3.6   5.0  3
2016  92 16   4.0   5.2  3
2016  92 17   3.6   5.8  3
2016  92 18   3.9   5.9 10
2016  92 19   4.3   6.1 10
2016  92 20   4.9   6.3 10
2016  92 21   4.7   6.6  7
2016  92 22   5.1   7.6  7
2016  92 23   5.3   8.6  7
2016  93  0   6.0   9.1 20
2016  93  1   4.8   9.4 20
2016  93  2   4.7   8.8 20
2016  93  3   5.1   7.4  3
2016  93  4   4.9   6.7  3
2016  93  5   5.0   6.3  3
2016  93  6   5.1   5.7  0
2016  93  7   4.9   5.3  0
2016  93  8   4.5   4.5  0
2016  93  9   4.4   3.9  3
2016  93 10   4.5   4.9  3
2016  93 11   5.2   9.2  3
2016  93 12   6.0  14.2 27
2016  93 13   6.6  25.1 27
2016  93 14   9.2  39.1 27
2016  93 15  14.6   9.0 50
2016  93 16  14.3  11.3 50
2016  93 17  12.3  11.9 50
2016  93 18  10.0  12.6 43
2016  93 19   9.7  11.0 43
2016  93 20   9.2  10.1 43
2016  93 21   8.2   8.1 50
2016  93 22   7.4   6.3 50
2016  93 23   7.2   6.1 50
2016  94  0   6.6   6.6 43
2016  94  1   5.8   6.1 43
2016  94  2   6.2   5.7 43
2016  94  3   5.9   5.8 33
2016  94  4   6.0   6.4 33
2016  94  5   6.6   6.2 33
2016  94  6   6.7   7.6 30
2016  94  7   6.4   7.7 30
2016  94  8   5.7   7.1 30
2016  94  9   6.1   6.2 27
2016  94 10   6.1   5.6 27
2016  94 11   6.0   5.5 27
2016  94 12   6.3   5.9  7
2016  94 13   6.4   6.3  7
2016  94 14   6.3   6.2  7
2016  94 15   6.4   5.7 17
2016  94 16   6.6   6.5 17
2016  94 17   6.4   7.4 17
2016  94 18   6.8   6.3 17
2016  94 19   6.8   5.7 17
2016  94 20   6.6   5.5 17
2016  94 21   6.9   5.1 37
2016  94 22   7.6   6.2 37
2016  94 23   8.1   5.0 37
2016  95  0   8.0   4.5 27
2016  95  1   7.8   5.0 27
2016  95  2   7.6   4.6 27
2016  95  3   7.3   4.8 27
2016  95  4   7.0   4.8 27
2016  95  5   7.6   4.6 27
2016  95  6   8.1   3.6 10
2016  95  7   8.1   3.5 10
2016  95  8   8.1   3.3 10
2016  95  9   7.6   3.1 13
2016  95 10   7.4   3.2 13
2016  95 11   7.7   4.8 13
2016  95 12   7.8   5.3 17
2016  95 13   7.9   4.8 17
2016  95 14   7.9   4.6 17
2016  95 15   7.7   4.2  3
2016  95 16   7.4   4.4  3
2016  95 17   6.8   6.1  3
2016  95 18   6.6   7.5  3
2016  95 19   6.1   8.6  3
2016  95 20   7.1   5.8  3
2016  95 21   7.5   3.6 10
2016  95 22   8.1   3.4 10
2016  95 23   8.4   3.6 10
2016  96  0   8.5   3.8 10
2016  96  1   8.6   3.7 10
2016  96  2   8.6   2.3 10
2016  96  3   8.5   3.0 10
2016  96  4   8.6   3.5 10
2016  96  5   8.4   3.6 10
2016  96  6   8.2   3.8  3
2016  96  7   7.9   3.7  3
2016  96  8   8.3   3.9  3
2016  96  9   8.3   3.6  7
2016  96 10   8.0   3.4  7
2016  96 11   7.9   2.7  7
2016  96 12   7.9   4.1 20
2016  96 13   8.1   3.8 20
2016  96 14   8.4   3.9 20
2016  96 15   7.9   4.3 13
2016  96 16   7.8   4.6 13
2016  96 17   7.7   4.4 13
2016  96 18   7.4   4.5 27
2016  96 19   6.3   4.8 27
2016  96 20   6.7   4.7 27
2016  96 21   6.9   4.2 13
2016  96 22   7.0   5.1 13
2016  96 23   7.1   5.8 13
2016  97  0   6.7   5.4 20
2016  97  1   7.0   4.7 20
2016  97  2   5.6   4.4 20
2016  97  3   6.7   4.3 10
2016  97  4   6.5   4.4 10
2016  97  5   7.1   4.4 10
2016  97  6   7.3   3.8 13
2016  97  7   8.3   3.3 13
2016  97  8   7.9   4.9 13
2016  97  9   8.1   4.6 23
2016  97 10   7.5   4.8 23
2016  97 11   7.5   5.2 23
2016  97 12   6.4   6.5 20
2016  97 13   6.7   5.6 20
2016  97 14   7.3   4.4 20
2016  97 15   7.1   4.5 20
2016  97 16   7.3   4.8 20
2016  97 17   7.0   4.9 20
2016  97 18   7.2   4.4  7
2016  97 19   7.5   4.5  7
2016  97 20   7.4   4.4  7
2016  97 21   7.3   4.1 10
2016  97 22   7.2   4.0 10
2016  97 23   6.9   6.2 10
2016  98  0   6.7   7.0 20
2016  98  1   6.6   8.1 20
2016  98  2   7.5   4.4 20
2016  98  3   6.8   7.9 10
2016  98  4   5.6  11.6 10
2016  98  5   5.9   9.4 10
2016  98  6   5.9  15.0  7
2016  98  7   7.0  14.3  7
2016  98  8   8.3   9.6  7
2016  98  9   7.6   9.7 13
2016  98 10   5.0  20.6 13
2016  98 11   5.3  24.3 13
2016  98 12   7.9  19.4 10
2016  98 13   8.7  17.9 10
2016  98 14   8.7  18.1 10
2016  98 15   8.4  20.7 23
2016  98 16   9.1  22.4 23
2016  98 17   9.9  28.7 23
2016  98 18  10.3  28.5 47
2016  98 19  12.1  12.8 47
2016  98 20  10.7  16.8 47
2016  98 21  11.1  11.7 57
2016  98 22  10.8  12.1 57
2016  98 23   9.6  15.6 57
2016  99  0   9.3  16.6 47
2016  99  1   8.4  19.2 47
2016  99  2   9.4  20.2 47
2016  99  3  11.7  17.3 27
2016  99  4   7.8  22.6 27
2016  99  5   7.9  21.7 27
2016  99  6   7.0  19.4 10
2016  99  7   5.9  18.6 10
2016  99  8   6.9  16.0 10
2016  99  9   7.9  10.7  7
2016  99 10   7.8  12.8  7
2016  99 11   7.0  13.2  7
2016  99 12   7.7  10.4  3
2016  99 13   6.8  10.7  3
2016  99 14   6.6   9.8  3
2016  99 15   6.3  10.0  3
2016  99 16   6.8  10.0  3
2016  99 17   5.4   9.8  3
2016  99 18   5.0   9.9  7
2016  99 19   4.0   9.9  7
2016  99 20   4.7   8.9  7
2016  99 21   4.5   8.9  3
2016  99 22   4.3   8.6  3
2016  99 23   4.5   8.0  3
2016 100  0   4.8   7.6  0
2016 100  1   4.2   8.6  0
2016 100  2   3.8   8.6  0
2016 100  3   4.0   9.0  0
2016 100  4   4.0   9.6  0
2016 100  5   4.7  11.1  0
2016 100  6   4.4  11.6  0
2016 100  7   4.5  10.9  0
2016 100  8   4.5  11.2  0
2016 100  9   3.9  10.8  3
2016 100 10   3.5  10.0  3
2016 100 11   3.8   9.7  3
2016 100 12   3.7  10.1  7
2016 100 13   3.8   9.8  7
2016 100 14   3.9  10.0  7
2016 100 15   3.7  10.1 10
2016 100 16   3.9   9.9 10
2016 100 17   4.5   7.1 10
2016 100 18   4.7   7.6  3
2016 100 19   4.2   8.5  3
2016 100 20   4.1   8.3  3
2016 100 21   4.0   8.7  3
2016 100 22   3.8   8.5  3
2016 100 23   3.3   9.5  3
2016 101  0   3.4   9.1 10
2016 101  1   3.8   9.7 10
2016 101  2   4.1   8.7 10
2016 101  3   4.3   8.5 20
2016 101  4   4.4   8.0 20
2016 101  5   5.1   8.3 20
2016 101  6   5.8   9.2 27
2016 101  7   5.3  11.1 27
2016 101  8   5.3  12.3 27
2016 101  9   4.8  13.8 17
2016 101 10   5.1  16.9 17
2016 101 11   6.0  22.3 17
2016 101 12   5.8  23.3 13
2016 101 13   5.4  21.3 13
2016 101 14   8.7   7.1 13
2016 101 15   8.7   6.3  7
2016 101 16   6.7   9.1  7
2016 101 17   6.9   9.5  7
2016 101 18   7.4   7.9  7
2016 101 19   6.8   7.8  7
2016 101 20   6.5   7.9  7
2016 101 21   6.0   6.5 23
2016 101 22   6.9   6.3 23
2016 101 23   6.6   6.3 23
2016 102  0   6.4   6.2  0
2016 102  1   6.4   6.9  0
2016 102  2   6.0   6.9  0
2016 102  3   7.0   5.4  0
2016 102  4   6.9   5.7  0
2016 102  5   6.7   5.4  0
2016 102  6   6.7   7.2  0
2016 102  7   6.9   8.1  0
2016 102  8   7.4   7.9  0
2016 102  9   7.7   8.0  7
2016 102 10   7.8   7.6  7
2016 102 11   7.6   7.3  7
2016 102 12   7.3   7.2 17
2016 102 13   7.2   8.1 17
2016 102 14   7.8   9.3 17
2016 102 15   7.7   9.9 30
2016 102 16   8.6  12.4 30
2016 102 17  10.1  14.9 30
2016 102 18  10.1  16.0 17
2016 102 19   9.1  12.9 17
2016 102 20   9.0  12.3 17
2016 102 21   9.0  12.3 10
2016 102 22   8.8  12.5 10
2016 102 23   8.9  11.0 10
2016 103  0   8.3  11.0 27
2016 103  1   8.4   6.0 27
2016 103  2   5.7   6.6 27
2016 103  3   8.5   7.0 27
2016 103  4   6.4  11.0 27
2016 103  5   5.2  12.9 27
2016 103  6   4.4  18.3 13
2016 103  7   6.6  12.7 13
2016 103  8   6.7   8.2 13
2016 103  9   6.9   6.6 20
2016 103 10  10.4   2.7 20
2016 103 11  10.3   4.0 20
2016 103 12  10.8   4.3 33
2016 103 13  10.2   8.3 33
2016 103 14  11.1  10.8 33
2016 103 15  10.6  16.4 33
2016 103 16  11.7  19.1 33
2016 103 17  13.6  17.1 33
2016 103 18  12.6  24.9 40
2016 103 19  10.1  39.3 40
2016 103 20  14.4  14.4 40
2016 103 21  15.3   7.8 50
2016 103 22  11.9   7.9 50
2016 103 23  11.6   8.5 50
2016 104  0  14.0   7.5 50
2016 104  1   9.4   3.4 50
2016 104  2   8.3   4.2 50
2016 104  3   7.9   5.1 37
2016 104  4   8.0   4.1 37
2016 104  5   8.9   4.1 37
2016 104  6   7.1   4.4 40
2016 104  7   6.3   4.0 40
2016 104  8   6.1   3.6 40
2016 104  9   6.3   3.3 40
2016 104 10   6.5   3.5 40
2016 104 11   7.3   2.8 40
2016 104 12   7.4   2.9 40
2016 104 13   7.5   3.2 40
2016 104 14   6.8   2.8 40
2016 104 15   5.9   2.9 37
2016 104 16   6.2   2.5 37
2016 104 17   6.7   3.0 37
2016 104 18   6.1   2.8 33
2016 104 19   5.5   2.7 33
2016 104 20   5.4   2.2 33
2016 104 21   5.0   2.3 27
2016 104 22   5.2   2.3 27
2016 104 23   4.6   2.8 27
2016 105  0   4.4   2.3 33
2016 105  1   4.4   2.2 33
2016 105  2   3.8   2.8 33
2016 105  3   3.4   2.9 30
2016 105  4   3.3   2.8 30
2016 105  5   3.5   3.0 30
2016 105  6   3.7   2.6 23
2016 105  7   4.2   2.8 23
2016 105  8   7.9   4.8 23
2016 105  9   9.2   5.3 43
2016 105 10   8.0   5.8 43
2016 105 11   9.6   5.5 43
2016 105 12   9.2   6.2 40
2016 105 13   9.2   5.3 40
2016 105 14   9.4   4.9 40
2016 105 15   9.5   4.2 47
2016 105 16   9.3   4.6 47
2016 105 17   9.2   3.6 47
2016 105 18   8.4   6.1 33
2016 105 19   8.3   6.3 33
2016 105 20   8.1   6.7 33
2016 105 21   7.8   6.5 33
2016 105 22   7.7   6.0 33
2016 105 23   7.7   5.8 33
2016 106  0   7.2   5.6 40
2016 106  1   6.9   5.1 40
2016 106  2   6.8   5.0 40
2016 106  3   6.4   5.2 20
2016 106  4   6.1   5.0 20
2016 106  5   5.9   5.1 20
2016 106  6   5.5   6.4  3
2016 106  7   5.3   6.9  3
2016 106  8   5.2   6.8  3
2016 106  9   5.1   6.7  7
2016 106 10   5.5   7.0  7
2016 106 11   6.7   8.0  7
2016 106 12   7.9   8.6 13
2016 106 13   7.7   9.2 13
2016 106 14   8.1  12.2 13
2016 106 15   8.4  13.9 20
2016 106 16   9.5  11.2 20
2016 106 17   9.9  11.4 20
2016 106 18  10.1  13.5 13
2016 106 19  11.2  12.6 13
2016 106 20  10.9   9.8 13
2016 106 21  11.1  10.7 17
2016 106 22  10.0  10.1 17
2016 106 23   9.6   6.6 17
2016 107  0   8.8   7.3  3
2016 107  1   8.2   8.0  3
2016 107  2   7.6   5.9  3
2016 107  3   6.8   5.5  3
2016 107  4   6.7   5.1  3
2016 107  5   5.9   2.8  3
2016 107  6   7.0   2.3 20
2016 107  7   6.6   2.8 20
2016 107  8   6.4   3.7 20
2016 107  9   6.9   4.3 23
2016 107 10   6.7   4.3 23
2016 107 11   8.4   7.1 23
2016 107 12   9.3   8.7 20
2016 107 13   8.9   9.4 20
2016 107 14   7.3  10.4 20
2016 107 15   9.1   8.8 30
2016 107 16   9.1   8.3 30
2016 107 17   9.3   9.7 30
2016 107 18   9.3  11.2 37
2016 107 19   9.2  12.4 37
2016 107 20   9.5   8.7 37
2016 107 21   8.6  10.1 37
2016 107 22   6.9   8.5 37
2016 107 23   7.5   5.9 37
2016 108  0   6.4   7.9 37
2016 108  1   4.3  10.0 37
2016 108  2   2.5  18.9 37
2016 108  3   5.6  12.3 40
2016 108  4   6.3   5.0 40
2016 108  5   6.1   7.3 40
2016 108  6   5.0   8.9 33
2016 108  7   4.8   9.9 33
2016 108  8   4.5   9.2 33
2016 108  9   5.5   8.6 20
2016 108 10   5.2  11.3 20
2016 108 11   4.9  15.2 20
2016 108 12   4.6  18.6 27
2016 108 13   4.7  16.2 27
2016 108 14   5.6  12.3 27
2016 108 15   5.4  12.0 30
2016 108 16   5.4  14.5 30
2016 108 17   5.6  18.7 30
2016 108 18   7.7  24.5 40
2016 108 19   9.9  40.5 40
2016 108 20  12.0  26.7 40
2016 108 21  12.3  28.4 27
2016 108 22  12.1  26.4 27
2016 108 23  11.5  26.8 27
2016 109  0  11.6  22.7 23
2016 109  1  11.8  17.7 23
2016 109  2  11.6  10.0 23
2016 109  3  11.1   8.7 10
2016 109  4  10.1  10.7 10
2016 109  5   9.7  14.0 10
2016 109  6  10.2  12.1 17
2016 109  7   9.2  12.0 17
2016 109  8   6.8  11.0 17
2016 109  9   2.9  11.5 13
2016 109 10   4.2   9.8 13
2016 109 11   4.8   9.1 13
2016 109 12   7.1   5.2  7
2016 109 13   7.3   3.8  7
2016 109 14   6.7   4.1  7
2016 109 15   6.4   3.6  0
2016 109 16   5.6   4.3  0
2016 109 17   5.5   4.4  0
2016 109 18   5.3   4.6 10
2016 109 19   5.5   4.3 10
2016 109 20   5.4   3.8 10
2016 109 21   5.3   3.9  7
2016 109 22   5.4   3.8  7
2016 109 23   5.7   3.6  7
2016 110  0   5.6   3.3  0
2016 110  1   5.5   3.3  0
2016 110  2   5.5   3.1  0
2016 110  3   5.3   3.1  3
2016 110  4   5.3   3.0  3
2016 110  5   5.2   3.0  3
2016 110  6   5.1   2.9  3
2016 110  7   4.8   2.8  3
2016 110  8   4.5   2.9  3
2016 110  9   4.4   2.9  3
2016 110 10   4.6   3.7  3
2016 110 11   4.6   2.7  3
2016 110 12   4.8   2.9 10
2016 110 13   5.1   3.0 10
2016 110 14   5.2   3.7 10
2016 110 15   5.2   4.0  3
2016 110 16   4.9   4.4  3
2016 110 17   5.2   3.7  3
2016 110 18   5.7   3.2  0
2016 110 19   5.7   3.3  0
2016 110 20   5.8   3.7  0
2016 110 21   5.9   4.1  3
2016 110 22   6.3   4.8  3
2016 110 23   6.4   5.6  3
2016 111  0   6.6   6.1  0
2016 111  1   7.0   6.5  0
2016 111  2   6.7   7.1  0
2016 111  3   6.8   7.4 13
2016 111  4   6.7   7.7 13
2016 111  5   6.7   8.6 13
2016 111  6   6.1  10.1 10
2016 111  7   6.8   8.5 10
2016 111  8   7.8   6.1 10
2016 111  9   6.7   7.0 13
2016 111 10   6.7   7.7 13
2016 111 11   7.1   9.2 13
2016 111 12   8.3   7.2  7
2016 111 13   8.7   5.6  7
2016 111 14   8.3   6.3  7
2016 111 15   7.7   5.1  3
2016 111 16   7.4   4.6  3
2016 111 17   7.1   4.8  3
2016 111 18   6.7   5.5  3
2016 111 19   6.4   6.0  3
2016 111 20   6.7   5.3  3
2016 111 21   6.4   5.7  7
2016 111 22   7.4   6.0  7
2016 111 23   7.7   6.5  7
2016 112  0   8.0   6.8  3
2016 112  1   7.8   7.3  3
2016 112  2   8.2   8.0  3
2016 112  3   8.6   7.8 17
2016 112  4   8.2   7.5 17
2016 112  5   7.5   7.7 17
2016 112  6   8.1   8.8  7
2016 112  7   8.2   8.2  7
2016 112  8   8.3   9.5  7
2016 112  9   8.3  10.6 10
2016 112 10   8.7   9.1 10
2016 112 11   7.6   9.7 10
2016 112 12   8.2   9.1 10
2016 112 13   8.3   8.1 10
2016 112 14   7.7   8.9 10
2016 112 15   7.3   8.9 13
2016 112 16   7.3   9.0 13
2016 112 17   7.1   8.0 13
2016 112 18   7.0   8.4 13
2016 112 19   7.3   8.0 13
2016 112 20   7.0   8.5 13
2016 112 21   6.8   9.6 10
2016 112 22   6.6   9.9 10
2016 112 23   6.7   8.4 10
2016 113  0   5.8   8.3 20
2016 113  1   5.8   7.6 20
2016 113  2   6.3   6.5 20
2016 113  3   6.0   5.5 13
2016 113  4   5.4   5.2 13
2016 113  5   4.0   7.0 13
2016 113  6   5.1   6.4 13
2016 113  7   5.9   6.3 13
2016 113  8   5.1   7.3 13
2016 113  9   5.8   7.5 17
2016 113 10   6.6   7.8 17
2016 113 11   7.5   9.4 17
2016 113 12   9.6  11.4 30
2016 113 13  12.1  10.9 30
2016 113 14  11.6   5.6 30
2016 113 15  10.9   5.8 37
2016 113 16  10.8   6.3 37
2016 113 17   9.9   5.9 37
2016 113 18   9.4   4.0 27
2016 113 19   8.2   3.3 27
2016 113 20   7.2   3.1 27
2016 113 21   7.3   2.6 40
2016 113 22   7.0   2.3 40
2016 113 23   6.7   1.5 40
2016 114  0   6.6   1.0 13
2016 114  1   5.3   2.9 13
2016 114  2   4.1   4.5 13
2016 114  3   4.5   5.3 23
2016 114  4   4.7   5.9 23
2016 114  5   4.9   7.1 23
2016 114  6   4.6   7.3 10
2016 114  7   4.6   6.4 10
2016 114  8   3.8   8.7 10
2016 114  9   4.0   8.4 17
2016 114 10   3.7   8.7 17
2016 114 11   4.6   7.3 17
2016 114 12   4.4   9.4 23
2016 114 13   5.1   8.3 23
2016 114 14   5.3   8.9 23
2016 114 15   6.4  10.8 17
2016 114 16   5.7  13.5 17
2016 114 17   7.6  14.9 17
2016 114 18   8.0  16.0 27
2016 114 19  10.1   9.9 27
2016 114 20   9.0   8.9 27
2016 114 21   7.3   8.6 47
2016 114 22   8.4   8.8 47
2016 114 23   8.5   8.3 47
2016 115  0   9.4   7.1 13
2016 115  1   9.0   6.3 13
2016 115  2   8.3   5.9 13
2016 115  3   7.8   5.9 13
2016 115  4   7.6   5.9 13
2016 115  5   7.4   5.9 13
2016 115  6   6.5   5.1 17
2016 115  7   6.1   5.0 17
2016 115  8   6.2   5.0 17
2016 115  9   6.4   4.4 17
2016 115 10   6.3   4.4 17
2016 115 11   6.3   4.2 17
2016 115 12   6.2   4.2 30
2016 115 13   5.8   4.5 30
2016 115 14   6.0   3.8 30
2016 115 15   6.5   3.8 40
2016 115 16   6.3   3.8 40
2016 115 17   6.2   4.0 40
2016 115 18   5.9   4.1 33
2016 115 19   5.9   3.9 33
2016 115 20   6.0   3.4 33
2016 115 21   6.3   3.6 10
2016 115 22   6.6   3.7 10
2016 115 23   6.6   3.9 10
2016 116  0   6.6   4.5 10
2016 116  1   6.8   4.5 10
2016 116  2   6.2   4.3 10
2016 116  3   6.4   4.1 13
2016 116  4   6.5   3.7 13
2016 116  5   6.3   3.3 13
2016 116  6   5.9   3.4 17
2016 116  7   5.7   3.5 17
2016 116  8   5.6   3.3 17
2016 116  9   5.6   3.1 17
2016 116 10   4.9   2.8 17
2016 116 11   4.8   3.1 17
2016 116 12   4.1   3.5 17
2016 116 13   4.1   3.7 17
2016 116 14   4.4   3.6 17
2016 116 15   4.4   3.0 13
2016 116 16   3.7   3.0 13
2016 116 17   4.0   3.2 13
2016 116 18   3.8   3.1 10
2016 116 19   4.9   3.2 10
2016 116 20   4.3   2.6 10
2016 116 21   4.5   3.1  0
2016 116 22   4.5   2.3  0
2016 116 23   4.6   2.2  0
2016 117  0   4.0   3.0  7
2016 117  1   4.4   2.8  7
2016 117  2   4.1   2.4  7
2016 117  3   4.3   3.0  7
2016 117  4   4.9   3.1  7
2016 117  5   5.0   3.2  7
2016 117  6   4.4   3.5  7
2016 117  7   4.5   3.5  7
2016 117  8   4.1   3.1  7
2016 117  9   3.4   3.2 13
2016 117 10   4.3   2.8 13
2016 117 11   3.9   3.6 13
2016 117 12   4.4   3.7 17
2016 117 13   4.3   3.4 17
2016 117 14   4.4   3.7 17
2016 117 15   4.2   3.9 10
2016 117 16   4.1   4.1 10
2016 117 17   4.2   4.1 10
2016 117 18   4.7   4.0 20
2016 117 19   4.8   4.3 20
2016 117 20   5.1   4.3 20
2016 117 21   4.2   4.4 27
2016 117 22   4.2   4.9 27
2016 117 23   5.0   5.0 27
2016 118  0   4.9   5.1 10
2016 118  1   5.0   6.1 10
2016 118  2   5.5   5.9 10
2016 118  3   5.4   5.2 20
2016 118  4   4.8   4.9 20
2016 118  5   4.9   5.3 20
2016 118  6   5.4   5.3 23
2016 118  7   5.5   5.5 23
2016 118  8   5.3   5.0 23
2016 118  9   5.0   4.3 17
2016 118 10   5.4   3.8 17
2016 118 11   5.4   4.2 17
2016 118 12   5.1   4.1 27
2016 118 13   4.9   4.6 27
2016 118 14   5.1   4.5 27
2016 118 15   4.6   4.5 30
2016 118 16   4.8   4.4 30
2016 118 17   4.9   4.6 30
2016 118 18   4.6   4.5 23
2016 118 19   4.4   4.2 23
2016 118 20   4.5   4.2 23
2016 118 21   4.7   3.3 23
2016 118 22   4.9   3.0 23
2016 118 23   4.7   2.8 23
2016 119  0   4.6   2.9 20
2016 119  1   4.3   3.1 20
2016 119  2   3.9   3.1 20
2016 119  3   3.9   3.3 10
2016 119  4   4.3   3.0 10
2016 119  5   4.6   3.1 10
2016 119  6   4.6   3.3 10
2016 119  7   4.8   2.9 10
2016 119  8   4.8   3.2 10
2016 119  9   4.7   3.9 10
2016 119 10   4.7   3.8 10
2016 119 11   3.8   4.2 10
2016 119 12   3.7   4.3 10
2016 119 13   3.6   4.1 10
2016 119 14   3.3   4.2 10
2016 119 15   3.6   4.6  3
2016 119 16   3.6   4.6  3
2016 119 17   3.7   4.4  3
2016 119 18   3.3   4.2  7
2016 119 19   3.4   4.2  7
2016 119 20   3.3   3.9  7
2016 119 21   3.4   3.6  3
2016 119 22   3.7   4.0  3
2016 119 23   3.6   4.0  3
2016 120  0   3.7   3.9  7
2016 120  1   3.6   4.0  7
2016 120  2   3.7   4.0  7
2016 120  3   3.7   3.5 10
2016 120  4   3.5   4.1 10
2016 120  5   3.4   4.2 10
2016 120  6   3.9   4.2  0
2016 120  7   4.0   3.9  0
2016 120  8   4.5   3.7  0
2016 120  9   4.4   4.1  3
2016 120 10   4.3   5.4  3
2016 120 11   4.4   7.6  3
2016 120 12   4.9   7.4  3
2016 120 13   4.8   7.5  3
2016 120 14   4.6   8.5  3
2016 120 15   4.7   8.6  3
2016 120 16   4.7   9.1  3
2016 120 17   4.9   8.7  3
2016 120 18   4.9   9.3 10
2016 120 19   5.2   9.9 10
2016 120 20   5.2   8.6 10
2016 120 21   5.9   7.2  7
2016 120 22   4.8   9.3  7
2016 120 23   4.9  10.3  7
2016 121  0   4.8  11.4  3
2016 121  1   4.8  11.7  3
2016 121  2   5.2  12.4  3
2016 121  3   5.1  14.6 13
2016 121  4   3.3  19.4 13
2016 121  5   1.8  20.9 13
2016 121  6   4.1  21.5 13
2016 121  7   3.5  24.7 13
2016 121  8   6.8  12.1 13
2016 121  9   8.4   6.8 13
2016 121 10   7.9   7.1 13
2016 121 11   8.3   6.9 13
2016 121 12   7.6   8.1 20
2016 121 13   8.4   7.7 20
2016 121 14   8.5   7.5 20
2016 121 15   8.3   9.2 20
2016 121 16   8.6   8.5 20
2016 121 17   8.7   8.6 20
2016 121 18   8.6   8.8 23
2016 121 19   7.9   9.6 23
2016 121 20   7.7   9.7 23
2016 121 21   5.1  11.8 30
2016 121 22   7.8   9.1 30
2016 121 23   8.6   8.8 30
