2016 214  0   3.7   4.0 13
2016 214  1   3.6   4.4 13
2016 214  2   3.7   4.2 13
2016 214  3   3.9   3.9  3
2016 214  4   3.9   3.9  3
2016 214  5   3.8   4.0  3
2016 214  6   3.9   4.6  0
2016 214  7   4.0   4.2  0
2016 214  8   3.9   4.9  0
2016 214  9   3.4   5.0  0
2016 214 10   3.5   5.5  0
2016 214 11   3.3   5.3  0
2016 214 12   3.4   5.4  3
2016 214 13   4.1   4.7  3
2016 214 14   4.0   4.5  3
2016 214 15   3.8   6.0  7
2016 214 16   3.7   6.2  7
2016 214 17   4.0   6.4  7
2016 214 18   3.9   6.6  7
2016 214 19   3.9   6.8  7
2016 214 20   4.1   7.1  7
2016 214 21   4.4   7.2 13
2016 214 22   4.2   7.8 13
2016 214 23   4.1   8.6 13
2016 215  0   3.8   8.6 10
2016 215  1   4.4   7.3 10
2016 215  2   4.3   7.6 10
2016 215  3   4.0   7.7 13
2016 215  4   4.4   6.9 13
2016 215  5   5.3   7.3 13
2016 215  6   8.1  14.6 13
2016 215  7   7.7  17.4 13
2016 215  8   7.8  19.0 13
2016 215  9   7.9  17.5 23
2016 215 10   5.0  26.3 23
2016 215 11   5.4  29.1 23
2016 215 12   5.9  31.3 23
2016 215 13   5.5  44.3 23
2016 215 14  11.2  39.3 23
2016 215 15  10.7  39.4 37
2016 215 16  17.3  19.1 37
2016 215 17  16.0  19.1 37
2016 215 18  16.3   9.2 43
2016 215 19  16.7  10.9 43
2016 215 20  17.3  16.3 43
2016 215 21  18.3  15.4 50
2016 215 22  21.2   8.2 50
2016 215 23  21.8  18.6 50
2016 216  0  23.2  20.8 50
2016 216  1  24.2  21.8 50
2016 216  2  24.6  20.0 50
2016 216  3  22.3  19.6 40
2016 216  4  21.5  14.9 40
2016 216  5  22.1  11.4 40
2016 216  6  13.1  16.5 47
2016 216  7  11.1  16.2 47
2016 216  8  16.6  12.2 47
2016 216  9  17.7  10.2 50
2016 216 10  16.4   9.5 50
2016 216 11  12.7   9.3 50
2016 216 12  11.6   8.8 40
2016 216 13   8.7   5.2 40
2016 216 14   5.9   3.8 40
2016 216 15   5.5   4.0 47
2016 216 16   5.8   4.1 47
2016 216 17   5.7   4.4 47
2016 216 18   5.9   4.1 30
2016 216 19   5.8   4.1 30
2016 216 20   5.6   4.2 30
2016 216 21   5.8 999.9 30
2016 216 22   5.0 999.9 30
2016 216 23   5.4 999.9 30
2016 217  0   5.8 999.9 37
2016 217  1   5.8 999.9 37
2016 217  2   6.4 999.9 37
2016 217  3   5.8 999.9 33
2016 217  4   5.8 999.9 33
2016 217  5   5.6 999.9 33
2016 217  6   5.9 999.9 27
2016 217  7   5.6 999.9 27
2016 217  8   5.8 999.9 27
2016 217  9   5.7   3.8 27
2016 217 10   5.4   3.4 27
2016 217 11   5.6   3.4 27
2016 217 12   5.8   3.7 30
2016 217 13   6.5   3.6 30
2016 217 14   6.5   3.7 30
2016 217 15   6.5   3.8 40
2016 217 16   6.6   3.7 40
2016 217 17   6.6   3.7 40
2016 217 18   6.7   3.3 30
2016 217 19   6.9   3.3 30
2016 217 20   6.9   3.2 30
2016 217 21   6.3   3.9 17
2016 217 22   6.5   4.2 17
2016 217 23   6.5   4.1 17
2016 218  0   5.9   4.2 13
2016 218  1   6.0   4.8 13
2016 218  2   6.2   4.7 13
2016 218  3   6.1   4.6 37
2016 218  4   6.9   3.4 37
2016 218  5   6.0   3.3 37
2016 218  6   6.3   2.8 37
2016 218  7   6.7   3.1 37
2016 218  8   7.1   2.6 37
2016 218  9   6.9   2.7 40
2016 218 10   6.7   2.6 40
2016 218 11   6.3   2.4 40
2016 218 12   6.0   2.8 30
2016 218 13   6.1   2.5 30
2016 218 14   5.8   2.4 30
2016 218 15   5.9   2.5 27
2016 218 16   5.9   2.3 27
2016 218 17   5.9   2.2 27
2016 218 18   5.7   2.1 20
2016 218 19   5.7   1.9 20
2016 218 20   5.9   2.1 20
2016 218 21   5.8   2.1 33
2016 218 22   5.5   2.1 33
2016 218 23   5.6   2.0 33
2016 219  0   5.7   2.0 30
2016 219  1   5.7   2.1 30
2016 219  2   6.3   2.3 30
2016 219  3   6.6   2.1 17
2016 219  4   6.4   2.2 17
2016 219  5   6.2   2.0 17
2016 219  6   6.1   2.1 27
2016 219  7   6.1   2.3 27
2016 219  8   6.0   2.4 27
2016 219  9   5.5   2.9 33
2016 219 10   5.6   2.7 33
2016 219 11   5.4   2.3 33
2016 219 12   5.2   2.9 27
2016 219 13   5.3   2.4 27
2016 219 14   5.5   2.7 27
2016 219 15   5.4   2.7 27
2016 219 16   5.3   2.4 27
2016 219 17   5.4   2.6 27
2016 219 18   5.3   2.5 20
2016 219 19   5.5   2.5 20
2016 219 20   5.7   2.7 20
2016 219 21   5.8   2.8 33
2016 219 22   5.6   2.9 33
2016 219 23   5.8   3.2 33
2016 220  0   5.5   2.9 43
2016 220  1   4.7   2.9 43
2016 220  2   5.3   3.1 43
2016 220  3   5.2   3.0 17
2016 220  4   4.9   2.7 17
2016 220  5   4.8   2.8 17
2016 220  6   4.8   2.8 13
2016 220  7   4.8   2.7 13
2016 220  8   4.7   2.7 13
2016 220  9   4.7   2.7 13
2016 220 10   4.4   2.5 13
2016 220 11   4.3   2.5 13
2016 220 12   4.3   2.3 27
2016 220 13   4.4   2.2 27
2016 220 14   4.8   2.9 27
2016 220 15   4.8   3.1 30
2016 220 16   5.1   3.1 30
2016 220 17   4.8   3.6 30
2016 220 18   4.9   3.8 17
2016 220 19   5.0   3.4 17
2016 220 20   4.9   3.4 17
2016 220 21   4.4   4.2 27
2016 220 22   4.6   3.9 27
2016 220 23   4.7   3.7 27
2016 221  0   4.8   3.6 33
2016 221  1   4.7   4.1 33
2016 221  2   4.7   3.9 33
2016 221  3   4.6   3.6 20
2016 221  4   4.4   3.0 20
2016 221  5   4.2   2.7 20
2016 221  6   4.1   2.9 17
2016 221  7   4.2   3.2 17
2016 221  8   4.3   3.0 17
2016 221  9   4.1   3.5 17
2016 221 10   4.2   3.7 17
2016 221 11   5.2   4.1 17
2016 221 12   5.3   4.2 27
2016 221 13   5.5   4.5 27
2016 221 14   5.0   4.9 27
2016 221 15   6.8   3.9 37
2016 221 16   5.9   4.4 37
2016 221 17   5.2   6.1 37
2016 221 18   5.5   6.5 23
2016 221 19   5.5   5.6 23
2016 221 20   5.9   5.5 23
2016 221 21   7.0   5.2  7
2016 221 22   7.8   5.5  7
2016 221 23   7.2   5.3  7
2016 222  0   7.1   5.1 13
2016 222  1   6.7   5.6 13
2016 222  2   7.4   5.6 13
2016 222  3   7.0   4.5 27
2016 222  4   7.1   4.9 27
2016 222  5   7.6   3.1 27
2016 222  6   7.1   2.8 17
2016 222  7   6.9   3.1 17
2016 222  8   7.3   4.0 17
2016 222  9   7.7   4.1 33
2016 222 10   7.8   3.7 33
2016 222 11   7.4   3.2 33
2016 222 12   6.8   3.2 33
2016 222 13   6.7   3.4 33
2016 222 14   5.8   2.9 33
2016 222 15   5.6   2.6 27
2016 222 16   5.8   2.4 27
2016 222 17   6.2   2.2 27
2016 222 18   4.9   2.3 17
2016 222 19   4.9   2.9 17
2016 222 20   4.6   3.1 17
2016 222 21   3.8   3.0 33
2016 222 22   4.3   3.2 33
2016 222 23   3.8   3.1 33
2016 223  0   3.6   2.9 37
2016 223  1   3.7   2.8 37
2016 223  2   3.9   2.8 37
2016 223  3   5.1   2.7 30
2016 223  4   5.6   2.6 30
2016 223  5   5.5   3.4 30
2016 223  6   5.6   3.9 33
2016 223  7   4.7   3.4 33
2016 223  8   4.1   3.2 33
2016 223  9   2.8   2.8 33
2016 223 10   4.1   2.6 33
2016 223 11   4.7   2.8 33
2016 223 12   4.5   2.7 20
2016 223 13   3.9   2.7 20
2016 223 14   4.3   2.1 20
2016 223 15   3.6   2.0 27
2016 223 16   3.8   1.8 27
2016 223 17   3.4   1.8 27
2016 223 18   3.7   1.8 30
2016 223 19   4.3   1.8 30
2016 223 20   5.1   1.8 30
2016 223 21   4.8   2.0 30
2016 223 22   4.7   2.1 30
2016 223 23   5.4   2.0 30
2016 224  0   6.8   1.5 17
2016 224  1   5.8   2.1 17
2016 224  2   5.8   2.5 17
2016 224  3   4.7   2.7  7
2016 224  4   4.6   2.6  7
2016 224  5   4.5   2.7  7
2016 224  6   4.6   2.6 13
2016 224  7   5.3   2.7 13
2016 224  8   5.3   2.8 13
2016 224  9   4.6   2.9 17
2016 224 10   5.0   2.9 17
2016 224 11   4.7   2.7 17
2016 224 12   5.0   2.7 13
2016 224 13   5.0   2.8 13
2016 224 14   5.3   2.7 13
2016 224 15   5.1   2.9 23
2016 224 16   5.1   2.8 23
2016 224 17   5.2   3.1 23
2016 224 18   5.2   3.2 30
2016 224 19   5.2   3.2 30
2016 224 20   6.1   3.2 30
2016 224 21   6.0   3.5 30
2016 224 22   5.3   3.5 30
2016 224 23   5.3   3.3 30
2016 225  0   4.0   3.5 37
2016 225  1   5.0   3.0 37
2016 225  2   4.3   3.2 37
2016 225  3   3.7   3.1 33
2016 225  4   3.6   2.8 33
2016 225  5   4.2   2.7 33
2016 225  6   5.2   2.5 20
2016 225  7   5.1   2.3 20
2016 225  8   4.9   2.3 20
2016 225  9   4.8   2.5 23
2016 225 10   4.1   2.2 23
2016 225 11   4.0   2.1 23
2016 225 12   4.3   2.6 20
2016 225 13   4.0   2.5 20
2016 225 14   4.4   2.7 20
2016 225 15   4.5   2.8 17
2016 225 16   4.4   2.5 17
2016 225 17   4.1   2.6 17
2016 225 18   4.0   2.8 10
2016 225 19   3.3   2.9 10
2016 225 20   3.8   2.8 10
2016 225 21   3.6   2.8 10
2016 225 22   3.7   2.5 10
2016 225 23   3.8   2.5 10
2016 226  0   3.2   2.7 13
2016 226  1   3.1   3.0 13
2016 226  2   3.1   2.8 13
2016 226  3   3.2   2.8 13
2016 226  4   3.5   2.7 13
2016 226  5   3.6   2.4 13
2016 226  6   3.1   2.7 10
2016 226  7   3.5   2.4 10
2016 226  8   3.4   2.5 10
2016 226  9   2.8   2.6  7
2016 226 10   2.6   2.6  7
2016 226 11   2.8   2.3  7
2016 226 12   3.1   2.1 10
2016 226 13   3.0   2.3 10
2016 226 14   3.1   2.4 10
2016 226 15   3.2   2.5 13
2016 226 16   3.5   2.3 13
2016 226 17   3.3   2.6 13
2016 226 18   3.3   2.6 17
2016 226 19   2.9   2.7 17
2016 226 20   3.6   2.6 17
2016 226 21   3.7   2.6  7
2016 226 22   3.8   2.7  7
2016 226 23   4.1   2.8  7
2016 227  0   4.1   2.7 13
2016 227  1   4.0   2.6 13
2016 227  2   3.8   3.2 13
2016 227  3   4.1   3.5  3
2016 227  4   4.6   3.5  3
2016 227  5   4.6   3.7  3
2016 227  6   4.6   3.8  7
2016 227  7   4.5   3.7  7
2016 227  8   4.1   3.8  7
2016 227  9   3.8   3.4 10
2016 227 10   3.9   3.9 10
2016 227 11   4.2   4.2 10
2016 227 12   4.1   3.8 17
2016 227 13   4.1   4.1 17
2016 227 14   4.3   3.6 17
2016 227 15   4.5   3.1  3
2016 227 16   4.3   3.2  3
2016 227 17   4.4   3.1  3
2016 227 18   4.7   3.2  7
2016 227 19   4.5   3.6  7
2016 227 20   4.7   3.2  7
2016 227 21   4.9   2.8  3
2016 227 22   4.7   3.5  3
2016 227 23   4.5   3.9  3
2016 228  0   4.5   4.0  7
2016 228  1   4.8   2.7  7
2016 228  2   4.8   3.6  7
2016 228  3   4.5   4.6  3
2016 228  4   4.6   5.1  3
2016 228  5   4.7   5.2  3
2016 228  6   4.7   5.2 13
2016 228  7   5.2   5.7 13
2016 228  8   5.2   5.4 13
2016 228  9   4.8   5.8  7
2016 228 10   5.0   5.9  7
2016 228 11   5.2   5.4  7
2016 228 12   5.1   5.5  3
2016 228 13   4.8   5.6  3
2016 228 14   4.8   6.3  3
2016 228 15   5.4   7.8 10
2016 228 16   5.7   9.0 10
2016 228 17   5.3   9.2 10
2016 228 18   5.6   8.4  0
2016 228 19   5.5   8.3  0
2016 228 20   5.3   8.2  0
2016 228 21   5.2   7.9 10
2016 228 22   5.5   7.5 10
2016 228 23   5.1   8.0 10
2016 229  0   4.8   8.2  0
2016 229  1   4.9   7.0  0
2016 229  2   5.0   7.8  0
2016 229  3   4.9   7.6  3
2016 229  4   4.4   7.0  3
2016 229  5   4.0   6.8  3
2016 229  6   3.8   7.1  7
2016 229  7   4.3   6.3  7
2016 229  8   4.2   7.0  7
2016 229  9   4.3   7.0  7
2016 229 10   4.7   8.3  7
2016 229 11   5.0   9.3  7
2016 229 12   6.6  13.6 17
2016 229 13   7.3  11.9 17
2016 229 14   5.8  13.9 17
2016 229 15   5.3  13.5 10
2016 229 16   6.0  12.4 10
2016 229 17   6.5  13.2 10
2016 229 18   7.2  14.6 10
2016 229 19   7.8  17.5 10
2016 229 20   7.0  24.6 10
2016 229 21   9.4  26.0 33
2016 229 22   7.0  23.8 33
2016 229 23   7.3  20.9 33
2016 230  0   8.6  19.7 27
2016 230  1   7.8  26.6 27
2016 230  2   4.7  30.1 27
2016 230  3   7.5  21.5 30
2016 230  4   6.1  32.3 30
2016 230  5   5.2  32.0 30
2016 230  6   5.8  23.6 13
2016 230  7   7.8  10.7 13
2016 230  8   7.6   9.4 13
2016 230  9   7.5   6.6 10
2016 230 10   6.8   6.1 10
2016 230 11   7.5   5.0 10
2016 230 12   7.7   3.5 13
2016 230 13   8.2   3.4 13
2016 230 14   8.4   3.6 13
2016 230 15   8.7   3.5  3
2016 230 16   8.6   3.4  3
2016 230 17   8.1   3.8  3
2016 230 18   8.5   3.7 17
2016 230 19   8.5   3.5 17
2016 230 20   8.0   3.9 17
2016 230 21   7.8   4.2 27
2016 230 22   7.5   4.4 27
2016 230 23   7.1   3.9 27
2016 231  0   7.1   4.5 17
2016 231  1   6.8   4.0 17
2016 231  2   7.4   3.2 17
2016 231  3   6.8   3.3 30
2016 231  4   7.8   2.8 30
2016 231  5   7.9   3.2 30
2016 231  6   7.2   2.6 10
2016 231  7   6.2   2.0 10
2016 231  8   5.5   1.8 10
2016 231  9   4.9   2.1 10
2016 231 10   2.9   3.0 10
2016 231 11   3.5   5.2 10
2016 231 12   4.3   8.8 17
2016 231 13   4.8   8.0 17
2016 231 14   5.6   3.9 17
2016 231 15   5.4   3.6 10
2016 231 16   5.1   4.3 10
2016 231 17   3.7   3.7 10
2016 231 18   4.4   4.3  7
2016 231 19   4.8   4.1  7
2016 231 20   4.8   3.5  7
2016 231 21   4.7   4.1 17
2016 231 22   5.1   3.8 17
2016 231 23   5.4   4.3 17
2016 232  0   5.3   3.7  3
2016 232  1   5.1   3.1  3
2016 232  2   5.1   3.8  3
2016 232  3   5.1   3.4  0
2016 232  4   5.0   3.2  0
2016 232  5   5.1   3.1  0
2016 232  6   5.3   3.6 13
2016 232  7   5.0   5.1 13
2016 232  8   5.2   5.1 13
2016 232  9   5.1   5.0 13
2016 232 10   4.9   5.2 13
2016 232 11   4.6   4.5 13
2016 232 12   5.2   4.9 10
2016 232 13   5.4   5.6 10
2016 232 14   5.5   5.6 10
2016 232 15   5.8   4.9 13
2016 232 16   5.7   5.0 13
2016 232 17   5.6   5.3 13
2016 232 18   5.9   5.1 10
2016 232 19   6.0   4.9 10
2016 232 20   5.8   5.1 10
2016 232 21   5.7   4.2  7
2016 232 22   6.1   3.6  7
2016 232 23   6.5   3.7  7
2016 233  0   7.4   5.7 20
2016 233  1   7.7   5.0 20
2016 233  2   7.3   6.2 20
2016 233  3   6.6   6.7 13
2016 233  4   6.7   4.3 13
2016 233  5   7.1   4.9 13
2016 233  6   7.1   5.3 13
2016 233  7   6.9   5.7 13
2016 233  8   6.7   6.1 13
2016 233  9   6.7   4.5  3
2016 233 10   6.5   4.6  3
2016 233 11   6.2   6.0  3
2016 233 12   6.2   5.6  7
2016 233 13   6.1   5.3  7
2016 233 14   5.5   6.0  7
2016 233 15   5.4   6.8  0
2016 233 16   6.0   6.3  0
2016 233 17   6.3   7.1  0
2016 233 18   6.7   7.3  0
2016 233 19   7.3   7.5  0
2016 233 20   7.4   7.4  0
2016 233 21   6.6   6.3  3
2016 233 22   6.1   7.3  3
2016 233 23   6.0   7.1  3
2016 234  0   6.1   6.1  0
2016 234  1   6.1   6.9  0
2016 234  2   5.9   8.3  0
2016 234  3   5.7   8.4  0
2016 234  4   5.7   8.8  0
2016 234  5   6.6  11.6  0
2016 234  6   8.0  13.8  3
2016 234  7   7.8  13.9  3
2016 234  8   8.4  16.0  3
2016 234  9  10.1  21.2 10
2016 234 10   9.2  21.4 10
2016 234 11   9.7  21.9 10
2016 234 12  11.7  16.2 27
2016 234 13  12.7  14.9 27
2016 234 14  12.9  15.2 27
2016 234 15  13.4  11.0 37
2016 234 16   9.1  14.0 37
2016 234 17   9.2  13.1 37
2016 234 18   9.2  13.1 23
2016 234 19   8.8  12.1 23
2016 234 20   7.2  11.4 23
2016 234 21   6.8  11.6 27
2016 234 22   6.7  10.9 27
2016 234 23   6.3   9.8 27
2016 235  0   5.6   8.2 13
2016 235  1   6.0   8.2 13
2016 235  2   6.5   8.0 13
2016 235  3   4.9   7.0 10
2016 235  4   5.5   6.0 10
2016 235  5   6.6   5.4 10
2016 235  6   6.2   5.8 10
2016 235  7   6.2   5.6 10
2016 235  8   5.6   5.6 10
2016 235  9   5.9   5.6  7
2016 235 10   5.4   5.6  7
2016 235 11   5.0   5.7  7
2016 235 12   4.3   5.4  3
2016 235 13   4.2   5.1  3
2016 235 14   4.5   5.0  3
2016 235 15   4.3   4.9  7
2016 235 16   4.0   4.6  7
2016 235 17   4.1   3.6  7
2016 235 18   3.2   3.6 13
2016 235 19   4.2   3.0 13
2016 235 20   4.3   2.8 13
2016 235 21   4.0   3.1 10
2016 235 22   4.4   4.0 10
2016 235 23   5.1   4.4 10
2016 236  0   5.1   5.4 13
2016 236  1   4.9   5.9 13
2016 236  2   5.0   6.6 13
2016 236  3   4.1   6.5 20
2016 236  4   5.9   5.1 20
2016 236  5   6.0   3.9 20
2016 236  6   6.3   3.7  3
2016 236  7   6.5   5.8  3
2016 236  8   6.7   6.2  3
2016 236  9   7.1   7.8 23
2016 236 10   8.1   7.8 23
2016 236 11   9.8  11.7 23
2016 236 12  10.1  12.4 33
2016 236 13   9.1  15.5 33
2016 236 14   8.9  16.0 33
2016 236 15   8.1  11.1 30
2016 236 16   6.8   8.8 30
2016 236 17   7.2  12.8 30
2016 236 18   9.7  13.6 50
2016 236 19  14.1   8.7 50
2016 236 20  14.8   8.9 50
2016 236 21  14.2   6.5 47
2016 236 22  14.7   6.2 47
2016 236 23  14.6  10.4 47
2016 237  0  13.3  12.2 53
2016 237  1  12.1  12.5 53
2016 237  2  13.0   8.0 53
2016 237  3  11.6   8.0 27
2016 237  4  11.5   6.9 27
2016 237  5  11.1   6.5 27
2016 237  6   9.9   6.0 17
2016 237  7   8.6   6.9 17
2016 237  8   9.0   6.7 17
2016 237  9   7.6   6.0 33
2016 237 10   6.0   4.9 33
2016 237 11   5.7   4.7 33
2016 237 12   6.1   4.8 37
2016 237 13   5.8   3.9 37
2016 237 14   5.0   3.6 37
2016 237 15   4.9   3.3 20
2016 237 16   5.0   2.9 20
2016 237 17   5.3   2.9 20
2016 237 18   5.6   2.6 20
2016 237 19   5.4   2.6 20
2016 237 20   5.0   2.7 20
2016 237 21   5.2   2.7 37
2016 237 22   5.3   2.5 37
2016 237 23   5.4   2.9 37
2016 238  0   5.3   3.1 20
2016 238  1   5.1   3.0 20
2016 238  2   4.4   3.2 20
2016 238  3   5.3   3.0 13
2016 238  4   5.0   2.9 13
2016 238  5   4.7   2.9 13
2016 238  6   4.4   3.4 23
2016 238  7   4.4   4.2 23
2016 238  8   4.7   4.2 23
2016 238  9   4.5   3.9 27
2016 238 10   4.6   3.7 27
2016 238 11   4.9   3.6 27
2016 238 12   5.1   3.4 20
2016 238 13   5.2   3.5 20
2016 238 14   5.2   3.3 20
2016 238 15   5.2   3.1 27
2016 238 16   5.5   3.6 27
2016 238 17   5.2   3.8 27
2016 238 18   5.3   4.0 27
2016 238 19   5.7   3.6 27
2016 238 20   6.1   4.5 27
2016 238 21   6.0   4.5 33
2016 238 22   6.1   4.9 33
2016 238 23   6.3   5.1 33
2016 239  0   6.1   4.7 27
2016 239  1   5.7   5.8 27
2016 239  2   5.7   5.5 27
2016 239  3   6.4   4.6 17
2016 239  4   6.7   4.7 17
2016 239  5   6.3   4.9 17
2016 239  6   6.2   4.6  3
2016 239  7   5.9   4.9  3
2016 239  8   5.4   5.0  3
2016 239  9   5.2   4.8  7
2016 239 10   5.1   4.9  7
2016 239 11   5.1   5.0  7
2016 239 12   4.9   4.8 10
2016 239 13   4.5   4.4 10
2016 239 14   4.7   4.8 10
2016 239 15   4.8   4.8 20
2016 239 16   4.9   4.4 20
2016 239 17   4.8   3.8 20
2016 239 18   4.9   4.2 17
2016 239 19   4.7   3.9 17
2016 239 20   4.7   4.0 17
2016 239 21   4.9   3.8 17
2016 239 22   4.9   3.7 17
2016 239 23   4.6   4.4 17
2016 240  0   4.8   4.0 20
2016 240  1   5.1   4.0 20
2016 240  2   4.8   3.5 20
2016 240  3   4.8   3.1 23
2016 240  4   4.9   3.7 23
2016 240  5   4.6   4.3 23
2016 240  6   4.4   4.2  7
2016 240  7   4.5   3.8  7
2016 240  8   4.6   3.9  7
2016 240  9   4.7   3.8 17
2016 240 10   4.8   4.3 17
2016 240 11   4.7   4.2 17
2016 240 12   4.7   3.8 10
2016 240 13   4.7   3.9 10
2016 240 14   4.3   4.3 10
2016 240 15   3.7   4.3  7
2016 240 16   3.3   4.2  7
2016 240 17   3.7   4.4  7
2016 240 18   3.7   4.3  7
2016 240 19   3.7   4.6  7
2016 240 20   4.1   4.3  7
2016 240 21   4.3   4.2  0
2016 240 22   4.2   4.1  0
2016 240 23   3.8   4.3  0
2016 241  0   3.7   4.2  3
2016 241  1   3.9   3.4  3
2016 241  2   3.9   3.4  3
2016 241  3   4.0   3.6  3
2016 241  4   4.0   3.8  3
2016 241  5   4.1   4.0  3
2016 241  6   4.2   3.8  3
2016 241  7   4.2   3.8  3
2016 241  8   4.1   3.5  3
2016 241  9   3.0   4.5 10
2016 241 10   3.6   4.1 10
2016 241 11   4.0   3.9 10
2016 241 12   4.1   4.0  7
2016 241 13   3.9   4.2  7
2016 241 14   3.9   4.3  7
2016 241 15   3.8   5.1  3
2016 241 16   3.5   5.3  3
2016 241 17   3.6   5.4  3
2016 241 18   3.6   4.7  3
2016 241 19   4.0   4.4  3
2016 241 20   4.1   6.2  3
2016 241 21   3.3  10.5  3
2016 241 22   2.9  11.0  3
2016 241 23   3.7  12.7  3
2016 242  0   5.0  11.6 10
2016 242  1   3.6  14.5 10
2016 242  2   2.1  16.5 10
2016 242  3   3.1  15.1  0
2016 242  4   3.5  15.2  0
2016 242  5   4.2  15.1  0
2016 242  6   3.9  15.6  3
2016 242  7   4.5  16.2  3
2016 242  8   3.9  16.7  3
2016 242  9   3.7  17.0 13
2016 242 10   3.9  22.9 13
2016 242 11   6.1  23.2 13
2016 242 12   6.3  18.3 17
2016 242 13   6.2  15.6 17
2016 242 14   5.8  13.1 17
2016 242 15   5.6  10.7 17
2016 242 16   4.9  10.7 17
2016 242 17   4.7   9.4 17
2016 242 18   4.6   9.6 23
2016 242 19   5.4  11.0 23
2016 242 20   6.1  13.8 23
2016 242 21   6.6  15.5 30
2016 242 22   7.8  15.3 30
2016 242 23   6.9  16.9 30
2016 243  0   7.8  15.0 27
2016 243  1   7.1  13.3 27
2016 243  2   7.5   9.7 27
2016 243  3   8.2   7.6 23
2016 243  4   8.6   7.3 23
2016 243  5   9.1   7.1 23
2016 243  6   9.4   7.5 17
2016 243  7   8.8   7.6 17
2016 243  8   8.9   8.0 17
2016 243  9   7.8   9.1 17
2016 243 10   7.6   8.2 17
2016 243 11   8.2   7.6 17
2016 243 12   8.0   7.4 33
2016 243 13   8.8   7.7 33
2016 243 14   9.5   7.6 33
2016 243 15   9.0   7.5 43
2016 243 16   8.6   7.7 43
2016 243 17   8.4   7.5 43
2016 243 18   7.9   7.2 40
2016 243 19   7.6   7.4 40
2016 243 20   6.0   8.4 40
2016 243 21   5.5   7.9 40
2016 243 22   5.2   7.5 40
2016 243 23   5.3   7.2 40
2016 244  0   5.6   7.2 17
2016 244  1   5.3   6.4 17
2016 244  2   5.7   6.3 17
2016 244  3   6.6   5.9  7
2016 244  4   6.2   5.7  7
2016 244  5   6.8   4.4  7
2016 244  6   6.5   4.8 10
2016 244  7   6.2   5.6 10
2016 244  8   6.6   7.0 10
2016 244  9   7.0   7.9  7
2016 244 10   6.8   8.6  7
2016 244 11   6.3   8.3  7
2016 244 12   7.7   6.0  7
2016 244 13   7.5   6.1  7
2016 244 14   7.7   6.4  7
2016 244 15   6.8   6.7  7
2016 244 16   6.8   6.9  7
2016 244 17   6.8   6.6  7
2016 244 18   6.8   6.5 27
2016 244 19   6.8   6.8 27
2016 244 20   6.7   6.7 27
2016 244 21   6.6   6.8 27
2016 244 22   6.4   6.7 27
2016 244 23   6.3   7.2 27
2016 245  0   6.1   7.0 40
2016 245  1   6.4   7.2 40
2016 245  2   6.9   7.4 40
2016 245  3   7.3   8.3 37
2016 245  4   8.3   8.3 37
2016 245  5   9.0   8.9 37
2016 245  6   9.2   8.5 40
2016 245  7   8.8   7.8 40
2016 245  8   9.0   7.9 40
2016 245  9   9.7   8.4 30
2016 245 10   9.3   6.9 30
2016 245 11   8.3   5.7 30
2016 245 12   8.0   6.9 40
2016 245 13   8.9   5.8 40
2016 245 14   9.3   4.9 40
2016 245 15   9.1   4.5 33
2016 245 16   8.0   4.2 33
2016 245 17   6.2   5.3 33
2016 245 18   5.7   5.4 47
2016 245 19   6.3   5.7 47
2016 245 20   6.9   6.7 47
2016 245 21   8.5   6.3 50
2016 245 22   9.0   5.3 50
2016 245 23   9.2   5.7 50
2016 246  0   8.2   5.3 60
2016 246  1   8.5   5.5 60
2016 246  2   7.3   5.2 60
2016 246  3   6.8   4.2 53
2016 246  4   6.4   3.9 53
2016 246  5   6.6   3.7 53
2016 246  6   6.8   3.8 30
2016 246  7   7.5   4.3 30
2016 246  8   7.1   4.4 30
2016 246  9   6.6   4.1 33
2016 246 10   7.0   4.4 33
2016 246 11   7.2   4.6 33
2016 246 12   7.6   4.4 47
2016 246 13   7.4   4.9 47
2016 246 14   8.2   4.4 47
2016 246 15   8.0   4.8 40
2016 246 16   7.6   4.4 40
2016 246 17   7.5   3.9 40
2016 246 18   7.5   3.1 27
2016 246 19   6.9   3.9 27
2016 246 20   7.5   4.0 27
2016 246 21   7.8   4.0 50
2016 246 22   7.3   3.4 50
2016 246 23   7.2   3.5 50
2016 247  0   6.7   3.4 37
2016 247  1   6.8   3.1 37
2016 247  2   7.2   3.6 37
2016 247  3   7.4   3.3 57
2016 247  4   7.5   4.5 57
2016 247  5   7.3   4.4 57
2016 247  6   6.4   4.7 47
2016 247  7   5.9   4.8 47
2016 247  8   6.3   4.0 47
2016 247  9   6.0   3.3 40
2016 247 10   6.1   2.7 40
2016 247 11   5.7   2.7 40
2016 247 12   5.4   2.5 43
2016 247 13   5.3   2.5 43
2016 247 14   5.6   2.4 43
2016 247 15   5.3   2.1 47
2016 247 16   5.2   2.2 47
2016 247 17   5.4   2.1 47
2016 247 18   5.7   2.2 43
2016 247 19   5.7   2.2 43
2016 247 20   5.5   2.2 43
2016 247 21   5.5   2.1 43
2016 247 22   5.5   2.1 43
2016 247 23   6.2   2.2 43
2016 248  0   6.6   2.3 43
2016 248  1   5.8   2.4 43
2016 248  2   5.4   2.9 43
2016 248  3   5.0   3.0 33
2016 248  4   5.2   3.1 33
2016 248  5   5.7   3.1 33
2016 248  6   6.0   2.9 40
2016 248  7   6.1   2.8 40
2016 248  8   6.3   2.7 40
2016 248  9   6.0   2.6 37
2016 248 10   6.0   2.8 37
2016 248 11   5.7   2.8 37
2016 248 12   6.1   2.6 37
2016 248 13   7.4   2.4 37
2016 248 14   6.3   2.6 37
2016 248 15   5.8   2.4 40
2016 248 16   5.5   2.5 40
2016 248 17   5.6   2.8 40
2016 248 18   5.0   2.7 43
2016 248 19   5.4   2.7 43
2016 248 20   4.8   2.7 43
2016 248 21   4.8   2.8 37
2016 248 22   4.2   2.5 37
2016 248 23   4.2   2.3 37
2016 249  0   4.5   2.0 30
2016 249  1   3.9   2.2 30
2016 249  2   3.9   2.3 30
2016 249  3   3.4   2.4 33
2016 249  4   3.8   2.5 33
2016 249  5   3.9   2.6 33
2016 249  6   4.2   2.8 33
2016 249  7   4.3   2.9 33
2016 249  8   4.7   3.0 33
2016 249  9   5.0   3.0 23
2016 249 10   4.8   2.7 23
2016 249 11   5.1   2.6 23
2016 249 12   5.4   2.9 13
2016 249 13   5.0   3.2 13
2016 249 14   4.6   3.3 13
2016 249 15   4.9   3.4 33
2016 249 16   5.7   3.9 33
2016 249 17   5.8   4.0 33
2016 249 18   5.7   3.9 47
2016 249 19   5.8   3.5 47
2016 249 20   4.9   2.9 47
2016 249 21   4.5   2.4 30
2016 249 22   4.7   2.7 30
2016 249 23   4.8   2.4 30
2016 250  0   3.8   2.8 30
2016 250  1   4.1   2.7 30
2016 250  2   4.4   2.5 30
2016 250  3   5.3   1.9 30
2016 250  4   5.1   1.7 30
2016 250  5   4.1   2.8 30
2016 250  6   5.0   2.6 30
2016 250  7   5.1   2.6 30
2016 250  8   5.1   1.8 30
2016 250  9   4.7   1.4 23
2016 250 10   4.2   1.6 23
2016 250 11   4.2   1.7 23
2016 250 12   3.8   2.1 27
2016 250 13   4.8   1.4 27
2016 250 14   4.8   1.6 27
2016 250 15   4.2   2.3 23
2016 250 16   4.7   1.7 23
2016 250 17   4.3   2.6 23
2016 250 18   5.0   2.2 37
2016 250 19   4.6   2.9 37
2016 250 20   4.4   2.9 37
2016 250 21   4.3   2.9 23
2016 250 22   4.7   2.9 23
2016 250 23   4.9   2.8 23
2016 251  0   4.9   2.7 30
2016 251  1   4.7   2.9 30
2016 251  2   4.3   3.4 30
2016 251  3   4.2   3.4 33
2016 251  4   3.6   3.5 33
2016 251  5   4.0   3.7 33
2016 251  6   3.4   4.4 13
2016 251  7   3.4   4.5 13
2016 251  8   3.6   4.3 13
2016 251  9   3.3   4.1 20
2016 251 10   3.4   4.5 20
2016 251 11   3.6   4.6 20
2016 251 12   3.4   4.5 33
2016 251 13   3.8   4.8 33
2016 251 14   4.2   5.3 33
2016 251 15   4.4   5.2 33
2016 251 16   4.1   4.5 33
2016 251 17   4.5   3.3 33
2016 251 18   4.6   3.0 13
2016 251 19   4.4   3.7 13
2016 251 20   4.4   3.4 13
2016 251 21   4.7   2.8 17
2016 251 22   4.3   2.7 17
2016 251 23   3.7   2.7 17
2016 252  0   3.1   2.5 30
2016 252  1   4.1   3.4 30
2016 252  2   5.1   4.7 30
2016 252  3   5.7   5.0 37
2016 252  4   6.2   5.4 37
2016 252  5   6.2   4.9 37
2016 252  6   4.9   4.8 30
2016 252  7   5.0   4.7 30
2016 252  8   4.5   4.1 30
2016 252  9   4.4   3.9 23
2016 252 10   4.5   3.9 23
2016 252 11   4.4   4.1 23
2016 252 12   4.2   3.9 23
2016 252 13   4.3   4.0 23
2016 252 14   4.5   4.3 23
2016 252 15   4.4   3.9 20
2016 252 16   4.3   3.8 20
2016 252 17   4.1   3.9 20
2016 252 18   3.9   4.0 23
2016 252 19   4.6   4.4 23
2016 252 20   4.4   4.5 23
2016 252 21   4.5   4.4 17
2016 252 22   4.4   4.3 17
2016 252 23   4.7   3.8 17
2016 253  0   5.0   3.8 20
2016 253  1   5.0   3.8 20
2016 253  2   4.6   3.4 20
2016 253  3   4.6   2.9  3
2016 253  4   4.6   2.7  3
2016 253  5   4.6   2.4  3
2016 253  6   4.5   2.7  3
2016 253  7   4.4   2.3  3
2016 253  8   4.4   2.4  3
2016 253  9   4.4   2.7  0
2016 253 10   4.3   2.7  0
2016 253 11   4.2   2.1  0
2016 253 12   4.3   2.8 10
2016 253 13   4.3   2.8 10
2016 253 14   4.4   3.0 10
2016 253 15   4.3   2.8  7
2016 253 16   4.2   3.0  7
2016 253 17   4.3   2.9  7
2016 253 18   4.2   3.1  7
2016 253 19   4.1   3.1  7
2016 253 20   4.1   2.7  7
2016 253 21   4.1   3.8 17
2016 253 22   4.2   3.8 17
2016 253 23   3.9   4.1 17
2016 254  0   3.9   3.9 10
2016 254  1   4.1   4.2 10
2016 254  2   4.7   4.6 10
2016 254  3   4.0   4.8 13
2016 254  4   4.1   5.8 13
2016 254  5   4.0   4.9 13
2016 254  6   4.1   4.9 13
2016 254  7   4.0   4.6 13
2016 254  8   3.5   4.4 13
2016 254  9   3.5   4.1  7
2016 254 10   3.5   4.3  7
2016 254 11   3.3   4.1  7
2016 254 12   3.4   3.9  0
2016 254 13   3.4   3.7  0
2016 254 14   3.2   3.5  0
2016 254 15   2.9   3.2  0
2016 254 16   3.0   3.0  0
2016 254 17   2.7   3.4  0
2016 254 18   2.7   3.6  3
2016 254 19   2.7   3.7  3
2016 254 20   2.8   3.7  3
2016 254 21   2.8   3.9 17
2016 254 22   2.7   3.9 17
2016 254 23   2.6   4.1 17
2016 255  0   2.7   4.5  7
2016 255  1   3.0   4.3  7
2016 255  2   3.2   4.5  7
2016 255  3   3.1   4.5  3
2016 255  4   3.1   4.4  3
2016 255  5   3.0   4.6  3
2016 255  6   2.8   5.8  7
2016 255  7   3.0   6.0  7
2016 255  8   3.2   6.6  7
2016 255  9   3.3   7.2  7
2016 255 10   3.3   7.6  7
2016 255 11   3.1   8.0  7
2016 255 12   4.2   6.8 10
2016 255 13   5.3   5.1 10
2016 255 14   5.9   4.6 10
2016 255 15   5.9   5.3 10
2016 255 16   6.2   4.9 10
2016 255 17   6.4   4.1 10
2016 255 18   6.5   4.3 10
2016 255 19   6.3   5.6 10
2016 255 20   5.6   8.3 10
2016 255 21   5.4   9.3  7
2016 255 22   5.6   9.6  7
2016 255 23   5.8  11.7  7
2016 256  0   6.6  13.8 20
2016 256  1   8.7  27.0 20
2016 256  2   8.0  25.9 20
2016 256  3   7.6  26.7 17
2016 256  4   7.3  22.2 17
2016 256  5   7.0  25.1 17
2016 256  6   9.1  15.7  7
2016 256  7  10.1  17.9  7
2016 256  8  10.3  19.9  7
2016 256  9  10.9  14.2  7
2016 256 10  10.1  22.8  7
2016 256 11  11.3  17.4  7
2016 256 12   9.7  17.1 17
2016 256 13   7.3  18.3 17
2016 256 14   6.8  11.0 17
2016 256 15   6.8  10.5  3
2016 256 16   6.7  10.8  3
2016 256 17   6.6   9.9  3
2016 256 18   6.5   8.5  7
2016 256 19   5.7   9.4  7
2016 256 20   6.5   7.8  7
2016 256 21   6.7   7.4 13
2016 256 22   6.6   7.2 13
2016 256 23   6.6   7.1 13
2016 257  0   6.8   6.7 17
2016 257  1   6.6   7.3 17
2016 257  2   6.9   6.6 17
2016 257  3   6.6   7.4 13
2016 257  4   6.4   7.3 13
2016 257  5   6.1   6.7 13
2016 257  6   5.9   6.4 10
2016 257  7   5.8   6.2 10
2016 257  8   5.6   6.7 10
2016 257  9   5.2   7.7 10
2016 257 10   5.4   8.3 10
2016 257 11   4.7  10.3 10
2016 257 12   4.3  12.1  7
2016 257 13   4.4  12.7  7
2016 257 14   4.7  13.7  7
2016 257 15   5.1  11.9  7
2016 257 16   5.7   8.7  7
2016 257 17   5.8  10.3  7
2016 257 18   5.8   9.0  7
2016 257 19   5.5  11.4  7
2016 257 20   5.8  10.5  7
2016 257 21   6.1  11.0 10
2016 257 22   6.1  11.7 10
2016 257 23   5.9  11.0 10
2016 258  0   5.9  10.2 13
2016 258  1   5.3  10.0 13
2016 258  2   5.3  10.0 13
2016 258  3   5.2  10.6 13
2016 258  4   5.0  14.8 13
2016 258  5   4.5  15.5 13
2016 258  6   5.2  17.4 13
2016 258  7   5.1  26.8 13
2016 258  8   7.0  19.0 13
2016 258  9   7.3  13.8 17
2016 258 10   6.2  16.3 17
2016 258 11   8.3  10.3 17
2016 258 12   7.2  13.5 23
2016 258 13   6.2  14.9 23
2016 258 14   7.2  13.4 23
2016 258 15   6.6  15.1 17
2016 258 16   7.0  14.3 17
2016 258 17   6.6  13.1 17
2016 258 18   6.9  14.7 30
2016 258 19   8.4   9.8 30
2016 258 20   9.2   7.0 30
2016 258 21   9.2   6.0 23
2016 258 22   8.7   8.9 23
2016 258 23   8.6  10.2 23
2016 259  0   8.7  10.7 27
2016 259  1   8.9   7.8 27
2016 259  2   9.0   8.3 27
2016 259  3   9.0   7.6 23
2016 259  4   8.6   9.5 23
2016 259  5   8.4  11.7 23
2016 259  6   8.4  10.9 17
2016 259  7   7.9  11.9 17
2016 259  8   7.8  12.2 17
2016 259  9   7.5  13.6 10
2016 259 10   7.4  11.1 10
2016 259 11   6.5  14.0 10
2016 259 12   5.6  15.8  7
2016 259 13   5.2  16.4  7
2016 259 14   5.3  15.3  7
2016 259 15   5.1  14.9  7
2016 259 16   4.9  14.8  7
2016 259 17   4.4  16.1  7
2016 259 18   4.4  15.2  7
2016 259 19   3.2  15.1  7
2016 259 20   3.3  14.5  7
2016 259 21   4.9  10.2 13
2016 259 22   5.4  10.3 13
2016 259 23   5.8   9.1 13
2016 260  0   5.7   7.5  0
2016 260  1   6.7   6.5  0
2016 260  2   6.8   5.8  0
2016 260  3   7.3   3.8  0
2016 260  4   7.2   4.0  0
2016 260  5   6.9   4.7  0
2016 260  6   7.3   5.4  0
2016 260  7   7.4   6.4  0
2016 260  8   7.8   7.8  0
2016 260  9   7.5   8.6  3
2016 260 10   6.8  11.8  3
2016 260 11   6.6  11.7  3
2016 260 12   6.0  11.7  7
2016 260 13   6.4  11.1  7
2016 260 14   6.6  10.0  7
2016 260 15   6.6   9.5 10
2016 260 16   6.4   8.3 10
2016 260 17   5.7   8.0 10
2016 260 18   4.4   9.9 17
2016 260 19   5.5   7.0 17
2016 260 20   5.8   6.4 17
2016 260 21   6.1   5.5  3
2016 260 22   6.1   5.4  3
2016 260 23   6.3   5.0  3
2016 261  0   6.5   5.4 13
2016 261  1   7.0   5.8 13
2016 261  2   5.3  10.8 13
2016 261  3   5.1  12.8  3
2016 261  4   4.9  12.9  3
2016 261  5   4.7  13.5  3
2016 261  6   5.0  12.8  0
2016 261  7   5.6  12.3  0
2016 261  8   5.8  14.1  0
2016 261  9   6.6  19.1 13
2016 261 10   8.5  20.1 13
2016 261 11   8.6  17.0 13
2016 261 12   7.8  17.7  7
2016 261 13   7.4  20.2  7
2016 261 14   6.6  16.5  7
2016 261 15   6.0  12.5  0
2016 261 16   5.3  13.0  0
2016 261 17   4.4  13.0  0
2016 261 18   4.2  11.6  3
2016 261 19   4.0  11.0  3
2016 261 20   4.5   9.5  3
2016 261 21   4.1   9.7 10
2016 261 22   4.4  13.5 10
2016 261 23   4.5  11.0 10
2016 262  0   5.4   8.1 13
2016 262  1   5.5   7.4 13
2016 262  2   5.8   7.2 13
2016 262  3   5.0   8.4 10
2016 262  4   5.8   8.4 10
2016 262  5   6.7   8.0 10
2016 262  6   6.8   8.5 17
2016 262  7   6.1   9.2 17
2016 262  8   6.3   9.2 17
2016 262  9   5.9   9.2 23
2016 262 10   5.6   9.6 23
2016 262 11   6.1   8.1 23
2016 262 12   6.2   9.1 23
2016 262 13   6.1   9.7 23
2016 262 14   5.8   9.5 23
2016 262 15   5.2   9.3 20
2016 262 16   4.2   9.7 20
2016 262 17   4.6   9.5 20
2016 262 18   4.6   9.1 10
2016 262 19   4.7   9.0 10
2016 262 20   5.0   9.6 10
2016 262 21   5.7   9.7 13
2016 262 22   6.2   7.8 13
2016 262 23   6.7   9.2 13
2016 263  0   7.1   8.8 13
2016 263  1   7.7   8.4 13
2016 263  2   7.5   9.1 13
2016 263  3   7.4   8.4  7
2016 263  4   7.4   7.9  7
2016 263  5   7.8   9.2  7
2016 263  6   8.5  11.8 23
2016 263  7   8.7  12.7 23
2016 263  8   9.4   9.9 23
2016 263  9  10.1   7.3 23
2016 263 10   9.8   9.0 23
2016 263 11   9.6   8.8 23
2016 263 12   9.0   9.7 23
2016 263 13   9.9  10.8 23
2016 263 14  10.5  13.0 23
2016 263 15  11.4  18.4 27
2016 263 16  11.5  21.4 27
2016 263 17  11.8  24.0 27
2016 263 18  13.3  22.5 13
2016 263 19  16.7  21.9 13
2016 263 20  19.9  22.2 13
2016 263 21  16.3  24.9 30
2016 263 22  16.2  17.4 30
2016 263 23  17.4  17.0 30
2016 264  0  14.4  15.0 43
2016 264  1  14.4  12.9 43
2016 264  2  12.5   8.2 43
2016 264  3   7.8   5.9 43
2016 264  4   8.6   5.2 43
2016 264  5   9.6   4.5 43
2016 264  6   9.2   4.8 37
2016 264  7   9.1   4.5 37
2016 264  8   8.7   4.8 37
2016 264  9   8.3   3.9 37
2016 264 10   6.0   2.9 37
2016 264 11   5.6   2.1 37
2016 264 12   5.1   2.3 17
2016 264 13   5.0   2.4 17
2016 264 14   4.6   2.5 17
2016 264 15   4.5   2.4 27
2016 264 16   4.6   2.1 27
2016 264 17   4.7   1.9 27
2016 264 18   4.8   1.9 27
2016 264 19   4.5   2.0 27
2016 264 20   4.2   2.5 27
2016 264 21   4.0   2.7 23
2016 264 22   4.1   2.7 23
2016 264 23   4.5   2.7 23
2016 265  0   4.7   3.1 40
2016 265  1   4.7   3.0 40
2016 265  2   5.3   2.9 40
2016 265  3   4.5   2.7 20
2016 265  4   3.1   2.7 20
2016 265  5   2.8   2.2 20
2016 265  6   3.0   2.1 20
2016 265  7   3.1   1.9 20
2016 265  8   3.1   1.7 20
2016 265  9   2.7   1.9 30
2016 265 10   3.3   2.0 30
2016 265 11   3.6   2.0 30
2016 265 12   3.6   2.0 10
2016 265 13   3.8   2.5 10
2016 265 14   4.7   2.6 10
2016 265 15   5.2   2.6  0
2016 265 16   5.3   2.5  0
2016 265 17   5.5   3.1  0
2016 265 18   5.3   2.6 10
2016 265 19   4.2   4.0 10
2016 265 20   3.8   4.6 10
2016 265 21   3.5   5.1 10
2016 265 22   4.2   5.1 10
2016 265 23   4.1   4.8 10
2016 266  0   4.2   5.4 20
2016 266  1   6.5   3.7 20
2016 266  2   5.4   3.3 20
2016 266  3   5.0   2.8 10
2016 266  4   5.5   3.0 10
2016 266  5   5.0   2.4 10
2016 266  6   4.6   2.3 17
2016 266  7   5.4   3.5 17
2016 266  8   5.2   3.2 17
2016 266  9   5.0   3.1  7
2016 266 10   5.1   2.6  7
2016 266 11   5.2   2.4  7
2016 266 12   4.9   2.8  7
2016 266 13   5.0   2.7  7
2016 266 14   4.8   2.7  7
2016 266 15   4.8   3.6  0
2016 266 16   4.8   3.6  0
2016 266 17   4.9   3.7  0
2016 266 18   5.0   3.4  0
2016 266 19   5.0   3.4  0
2016 266 20   4.9   3.6  0
2016 266 21   4.8   3.7  0
2016 266 22   4.5   3.8  0
2016 266 23   4.9   3.4  0
2016 267  0   4.7   3.6  0
2016 267  1   4.2   4.5  0
2016 267  2   4.1   4.8  0
2016 267  3   3.8   5.6 10
2016 267  4   2.7   8.1 10
2016 267  5   3.0   8.2 10
2016 267  6   4.7   6.3 13
2016 267  7   4.4   5.5 13
2016 267  8   4.5   6.4 13
2016 267  9   4.0   6.4  3
2016 267 10   5.8   4.5  3
2016 267 11   5.9   4.5  3
2016 267 12   5.6   5.5  7
2016 267 13   5.4   6.7  7
2016 267 14   5.8   6.5  7
2016 267 15   5.6   5.9  7
2016 267 16   5.3   7.6  7
2016 267 17   5.6   6.4  7
2016 267 18   5.4   6.9  3
2016 267 19   5.1   7.4  3
2016 267 20   4.9   7.2  3
2016 267 21   6.3   6.0 10
2016 267 22   6.8   6.5 10
2016 267 23   6.4   7.2 10
2016 268  0   6.3   6.6  0
2016 268  1   6.4   6.0  0
2016 268  2   6.0   6.0  0
2016 268  3   6.6   6.6  3
2016 268  4   7.2   5.7  3
2016 268  5   7.3   5.9  3
2016 268  6   6.5   8.4  7
2016 268  7   7.1   7.1  7
2016 268  8   7.1   5.9  7
2016 268  9   6.6   5.5  3
2016 268 10   5.4   6.9  3
2016 268 11   5.4   7.9  3
2016 268 12   5.6   7.6 10
2016 268 13   5.2   9.7 10
2016 268 14   6.1   8.9 10
2016 268 15   6.8   7.7  7
2016 268 16   6.9   7.6  7
2016 268 17   7.6   8.9  7
2016 268 18   7.7   8.5 20
2016 268 19   7.2   8.5 20
2016 268 20   7.1   8.3 20
2016 268 21   7.6   8.9 23
2016 268 22   8.2  11.4 23
2016 268 23   6.5  13.2 23
2016 269  0   6.7  13.3 40
2016 269  1   7.1  13.4 40
2016 269  2   6.3  14.9 40
2016 269  3   6.4  15.1 43
2016 269  4   6.2  16.5 43
2016 269  5   7.0  15.5 43
2016 269  6   8.2  13.5 10
2016 269  7   9.5  13.9 10
2016 269  8  10.2  16.6 10
2016 269  9   9.7  21.5 37
2016 269 10  10.3  20.7 37
2016 269 11   9.6  18.5 37
2016 269 12  10.6  12.9 27
2016 269 13  10.6   9.0 27
2016 269 14  10.6   8.1 27
2016 269 15  10.6   7.2 30
2016 269 16  10.4   6.8 30
2016 269 17   7.5  15.2 30
2016 269 18   9.0  14.2 43
2016 269 19   9.7  10.5 43
2016 269 20   8.6  11.7 43
2016 269 21   8.1  11.4 43
2016 269 22   9.1   9.7 43
2016 269 23   9.4   8.5 43
2016 270  0   9.3   8.0 33
2016 270  1   8.9   7.2 33
2016 270  2   8.3   6.0 33
2016 270  3   8.1   7.2 37
2016 270  4   7.5   7.7 37
2016 270  5   6.7   8.4 37
2016 270  6   7.2   8.2 30
2016 270  7   7.0   8.0 30
2016 270  8   6.4   9.1 30
2016 270  9   6.8   9.6 27
2016 270 10   6.7   7.7 27
2016 270 11   8.1   7.9 27
2016 270 12   8.9   7.6 33
2016 270 13   9.2   7.9 33
2016 270 14   9.1   8.9 33
2016 270 15   9.3   9.5 33
2016 270 16   9.4   9.8 33
2016 270 17   9.2  10.1 33
2016 270 18   9.2   9.6 37
2016 270 19   9.4   8.6 37
2016 270 20  10.8   4.9 37
2016 270 21   9.2   6.9 43
2016 270 22   8.8   8.9 43
2016 270 23   7.7   9.5 43
2016 271  0   8.3   9.4 50
2016 271  1   7.8   6.6 50
2016 271  2   7.8   6.3 50
2016 271  3   8.1   7.0 37
2016 271  4   8.1   6.7 37
2016 271  5   8.5   6.5 37
2016 271  6   8.6   6.2 40
2016 271  7   8.2   5.9 40
2016 271  8   8.5   5.2 40
2016 271  9   8.4   4.2 50
2016 271 10   8.2   3.8 50
2016 271 11   7.1   4.4 50
2016 271 12   8.0   3.6 43
2016 271 13   7.3   4.2 43
2016 271 14   7.1   4.9 43
2016 271 15   7.3   4.9 57
2016 271 16   8.3   6.1 57
2016 271 17   8.2   6.7 57
2016 271 18   9.0   6.5 30
2016 271 19  10.0   8.0 30
2016 271 20   9.9   8.1 30
2016 271 21   7.6   8.1 37
2016 271 22   5.4   6.4 37
2016 271 23   5.8   5.4 37
2016 272  0   5.7   4.2 43
2016 272  1   4.4   4.2 43
2016 272  2   4.8   3.3 43
2016 272  3   5.3   3.7 47
2016 272  4   5.2   3.4 47
2016 272  5   5.8   3.9 47
2016 272  6   5.8   4.0 30
2016 272  7   5.4   3.9 30
2016 272  8   5.4   4.2 30
2016 272  9   6.0   4.6 43
2016 272 10   6.0   4.9 43
2016 272 11   5.9   5.3 43
2016 272 12   5.7   4.9 40
2016 272 13   6.0   4.5 40
2016 272 14   6.0   4.8 40
2016 272 15   6.8   4.5 50
2016 272 16   6.0   4.2 50
2016 272 17   6.5   4.2 50
2016 272 18   6.4   3.8 57
2016 272 19   6.2   3.9 57
2016 272 20   6.9   4.0 57
2016 272 21   7.1   3.9 43
2016 272 22   7.4   3.3 43
2016 272 23   7.4   3.4 43
2016 273  0   7.4   3.7 37
2016 273  1   7.9   3.5 37
2016 273  2   8.0   3.4 37
2016 273  3   8.4   3.8 47
2016 273  4   8.5   3.9 47
2016 273  5   8.2   3.7 47
2016 273  6   8.1   4.3 53
2016 273  7   6.8   4.2 53
2016 273  8   7.3   4.3 53
2016 273  9   7.3   4.0 50
2016 273 10   7.3   3.3 50
2016 273 11   7.0   3.0 50
2016 273 12   6.0   3.2 40
2016 273 13   6.2   2.7 40
2016 273 14   6.4   2.3 40
2016 273 15   5.8   2.4 50
2016 273 16   5.5   2.1 50
2016 273 17   5.0   2.3 50
2016 273 18   4.9   2.3 43
2016 273 19   5.0   2.1 43
2016 273 20   5.1   2.1 43
2016 273 21   4.8   2.1 30
2016 273 22   5.2   2.0 30
2016 273 23   5.0   2.1 30
2016 274  0   4.9   2.1 40
2016 274  1   4.8   2.1 40
2016 274  2   4.9   2.1 40
2016 274  3   4.8   2.2 37
2016 274  4   4.4   2.2 37
2016 274  5   4.5   2.3 37
2016 274  6   4.3   2.4 33
2016 274  7   4.0   2.2 33
2016 274  8   3.8   2.1 33
2016 274  9   3.7   2.4 33
2016 274 10   3.8   2.3 33
2016 274 11   3.9   2.4 33
2016 274 12   4.2   2.1 23
2016 274 13   4.8   1.8 23
2016 274 14   4.7   2.1 23
2016 274 15   4.7   1.9 30
2016 274 16   4.8   2.5 30
2016 274 17   5.0   2.9 30
2016 274 18   4.7   3.1 50
2016 274 19   4.5   3.1 50
2016 274 20   4.5   3.0 50
2016 274 21   4.1   2.9 20
2016 274 22   3.7   2.8 20
2016 274 23   3.6   2.9 20
2016 275  0   4.0   2.0 30
2016 275  1   4.1   2.1 30
2016 275  2   3.8   2.0 30
2016 275  3   3.9   2.3 40
2016 275  4   3.9   2.2 40
2016 275  5   4.4   2.4 40
2016 275  6   4.6   2.2 23
2016 275  7   4.3   1.7 23
2016 275  8   4.1   1.5 23
2016 275  9   4.1   2.0 27
2016 275 10   4.0   1.7 27
2016 275 11   4.6   2.0 27
2016 275 12   4.8   2.1 20
2016 275 13   4.6   2.7 20
2016 275 14   4.6   2.8 20
2016 275 15   4.5   2.4 37
2016 275 16   3.8   3.3 37
2016 275 17   4.8   3.2 37
2016 275 18   6.8   3.6 43
2016 275 19   5.4   2.8 43
2016 275 20   5.3   3.1 43
2016 275 21   4.7   3.4 30
2016 275 22   4.7   3.6 30
2016 275 23   4.6   3.5 30
2016 276  0   5.0   3.5 33
2016 276  1   5.1   3.8 33
2016 276  2   4.7   3.7 33
2016 276  3   4.0   3.9 30
2016 276  4   3.9   4.1 30
2016 276  5   4.0   3.8 30
2016 276  6   4.0   3.5 27
2016 276  7   4.4   3.7 27
2016 276  8   4.6   3.5 27
2016 276  9   4.4   3.8 20
2016 276 10   4.2   4.2 20
2016 276 11   4.6   4.3 20
2016 276 12   5.1   4.1 33
2016 276 13   4.9   4.1 33
2016 276 14   5.8   3.3 33
2016 276 15   6.0   3.4 23
2016 276 16   5.4   3.7 23
2016 276 17   6.0   3.2 23
2016 276 18   6.3   3.9 43
2016 276 19   5.6   4.3 43
2016 276 20   5.6   4.7 43
2016 276 21   5.9   4.2 33
2016 276 22   6.0   4.1 33
2016 276 23   6.0   3.3 33
2016 277  0   5.9   4.1 23
2016 277  1   5.8   4.3 23
2016 277  2   5.8   4.3 23
2016 277  3   6.0   3.8 37
2016 277  4   6.0   3.4 37
2016 277  5   5.4   3.9 37
2016 277  6   5.1   3.4 33
2016 277  7   4.8   2.7 33
2016 277  8   4.9   3.1 33
2016 277  9   5.4   4.0 10
2016 277 10   5.4   3.3 10
2016 277 11   5.6   3.2 10
2016 277 12   5.9   3.7 20
2016 277 13   5.8   3.5 20
2016 277 14   5.4   3.0 20
2016 277 15   5.1   3.3 27
2016 277 16   5.1   3.9 27
2016 277 17   6.0   3.8 27
2016 277 18   5.6   3.6 33
2016 277 19   5.7   3.7 33
2016 277 20   6.3   3.5 33
2016 277 21   5.7   3.6 30
2016 277 22   5.7   3.9 30
2016 277 23   5.8   3.9 30
2016 278  0   5.6   3.8 37
2016 278  1   5.8   3.6 37
2016 278  2   5.6   3.3 37
2016 278  3   5.8   2.9 50
2016 278  4   5.7   3.1 50
2016 278  5   5.2   2.9 50
2016 278  6   5.1   2.4 30
2016 278  7   5.4   3.0 30
2016 278  8   6.1   3.2 30
2016 278  9   5.6   4.1 40
2016 278 10   4.9   4.8 40
2016 278 11   6.5   4.9 40
2016 278 12   9.7   4.3 40
2016 278 13   9.7   3.9 40
2016 278 14   8.7   3.9 40
2016 278 15   8.8   4.6 20
2016 278 16   6.4   5.4 20
2016 278 17   6.5   5.8 20
2016 278 18   6.8   5.3 33
2016 278 19   6.4   5.4 33
2016 278 20   5.9   5.1 33
2016 278 21   5.8   5.6 33
2016 278 22   5.6   4.8 33
2016 278 23   5.1   4.2 33
2016 279  0   4.7   3.6 33
2016 279  1   4.5   3.6 33
2016 279  2   4.1   3.4 33
2016 279  3   4.2   3.1 33
2016 279  4   4.2   2.9 33
2016 279  5   4.0   2.9 33
2016 279  6   3.8   2.9 30
2016 279  7   4.7   2.6 30
2016 279  8   4.4   2.8 30
2016 279  9   3.2   3.0 20
2016 279 10   3.3   2.9 20
2016 279 11   3.9   2.3 20
2016 279 12   3.9   2.8 20
2016 279 13   3.5   3.1 20
2016 279 14   3.5   3.3 20
2016 279 15   3.8   4.0 23
2016 279 16   3.7   4.1 23
2016 279 17   3.5   4.2 23
2016 279 18   3.4   4.3 17
2016 279 19   3.2   4.6 17
2016 279 20   3.1   4.7 17
2016 279 21   2.9   4.9 23
2016 279 22   3.1   4.8 23
2016 279 23   3.0   4.9 23
2016 280  0   3.4   5.0 20
2016 280  1   3.6   4.9 20
2016 280  2   3.9   4.4 20
2016 280  3   4.6   3.5 17
2016 280  4   4.6   3.3 17
2016 280  5   4.4   3.9 17
2016 280  6   4.1   3.7 10
2016 280  7   4.2   3.5 10
2016 280  8   4.2   3.8 10
2016 280  9   4.5   4.0  0
2016 280 10   4.6   4.0  0
2016 280 11   4.4   3.9  0
2016 280 12   4.5   4.2  3
2016 280 13   4.8   4.8  3
2016 280 14   4.2   6.0  3
2016 280 15   3.6   7.0 23
2016 280 16   3.6   7.4 23
2016 280 17   4.1   7.1 23
2016 280 18   4.4   6.4 20
2016 280 19   6.2   4.2 20
2016 280 20   6.9   4.1 20
2016 280 21   5.1   7.1 10
2016 280 22   3.4   7.8 10
2016 280 23   4.4   7.4 10
2016 281  0   4.7   5.3 27
2016 281  1   4.1   4.7 27
2016 281  2   4.2   4.0 27
2016 281  3   4.7   3.3 17
2016 281  4   4.0   3.1 17
2016 281  5   3.7   3.2 17
2016 281  6   3.5   3.3 10
2016 281  7   3.4   3.3 10
2016 281  8   3.3   2.9 10
2016 281  9   3.5   3.1  3
2016 281 10   4.5   3.7  3
2016 281 11   5.1   3.8  3
2016 281 12   4.8   4.5  7
2016 281 13   3.2   5.0  7
2016 281 14   4.0   5.6  7
2016 281 15   6.4   7.3 17
2016 281 16   4.9   6.9 17
2016 281 17   5.3   7.3 17
2016 281 18   4.4   5.0 20
2016 281 19   5.4   3.4 20
2016 281 20   5.3   3.6 20
2016 281 21   5.2   4.2  7
2016 281 22   4.6   4.3  7
2016 281 23   4.8   4.6  7
2016 282  0   4.6   5.1 20
2016 282  1   4.3   5.0 20
2016 282  2   5.0   4.4 20
2016 282  3   4.3   4.6 33
2016 282  4   5.0   4.1 33
2016 282  5   4.8   4.7 33
2016 282  6   4.2   4.8 20
2016 282  7   4.1   5.0 20
2016 282  8   3.7   4.8 20
2016 282  9   3.7   4.8 20
2016 282 10   4.0   5.0 20
2016 282 11   3.6   4.5 20
2016 282 12   3.7   4.1 10
2016 282 13   4.0   3.8 10
2016 282 14   4.1   3.8 10
2016 282 15   4.1   3.8 10
2016 282 16   3.9   3.6 10
2016 282 17   4.0   3.5 10
2016 282 18   4.1   3.5 17
2016 282 19   4.0   3.5 17
2016 282 20   4.1   3.6 17
2016 282 21   4.3   3.4 13
2016 282 22   4.2   3.3 13
2016 282 23   4.2   3.8 13
2016 283  0   3.8   4.7 13
2016 283  1   4.1   4.3 13
2016 283  2   4.0   4.4 13
2016 283  3   3.7   3.6 10
2016 283  4   4.8   3.6 10
2016 283  5   5.0   3.8 10
2016 283  6   4.9   4.2 13
2016 283  7   5.1   4.0 13
2016 283  8   5.0   4.0 13
2016 283  9   4.8   4.6 10
2016 283 10   4.9   4.6 10
2016 283 11   4.9   3.5 10
2016 283 12   5.2   3.9 17
2016 283 13   5.2   4.2 17
2016 283 14   5.4   5.0 17
2016 283 15   5.5   4.9  7
2016 283 16   5.5   4.6  7
2016 283 17   5.6   5.0  7
2016 283 18   5.8   5.9 20
2016 283 19   5.7   6.8 20
2016 283 20   5.6   7.8 20
2016 283 21   5.7   8.2 10
2016 283 22   6.6   9.2 10
2016 283 23   6.5   9.4 10
2016 284  0   6.4   9.4 33
2016 284  1   6.7   9.3 33
2016 284  2   6.8  10.3 33
2016 284  3   6.9  10.2 27
2016 284  4   6.4  10.1 27
2016 284  5   6.7  10.8 27
2016 284  6   6.1  10.4 23
2016 284  7   5.6  10.7 23
2016 284  8   6.2  10.0 23
2016 284  9   6.2   9.3 10
2016 284 10   6.2   8.9 10
2016 284 11   6.3   9.7 10
2016 284 12   6.5  10.0 10
2016 284 13   5.9  10.6 10
2016 284 14   6.2  11.4 10
2016 284 15   7.2  11.9 27
2016 284 16   5.7  16.4 27
2016 284 17   6.8  14.0 27
2016 284 18   7.0  15.2 30
2016 284 19   7.0  14.8 30
2016 284 20   6.0  10.2 30
2016 284 21   6.1   9.8  7
2016 284 22   6.3   9.6  7
2016 284 23   6.8  13.0  7
2016 285  0   6.8  13.9  0
2016 285  1   6.9   8.9  0
2016 285  2   6.7   7.8  0
2016 285  3   6.2   8.5  0
2016 285  4   5.7   9.1  0
2016 285  5   5.9   9.5  0
2016 285  6   7.0   7.3  7
2016 285  7   6.6   7.6  7
2016 285  8   5.9   8.3  7
2016 285  9   5.7   9.1 10
2016 285 10   5.6   8.5 10
2016 285 11   5.4   8.4 10
2016 285 12   5.6   7.8  3
2016 285 13   5.7   7.9  3
2016 285 14   5.9   7.8  3
2016 285 15   6.1   7.5  0
2016 285 16   6.2   7.2  0
2016 285 17   6.0   7.5  0
2016 285 18   6.2   7.2  3
2016 285 19   5.8   7.0  3
2016 285 20   5.7   6.0  3
2016 285 21   5.6   5.8  7
2016 285 22   5.4   5.8  7
2016 285 23   4.8   6.0  7
2016 286  0   4.5   6.3  7
2016 286  1   4.2   6.7  7
2016 286  2   4.1   6.4  7
2016 286  3   4.2   6.2  3
2016 286  4   4.1   6.1  3
2016 286  5   3.8   5.7  3
2016 286  6   3.8   5.7  7
2016 286  7   3.9   5.4  7
2016 286  8   3.6   5.5  7
2016 286  9   3.6   5.6  3
2016 286 10   3.7   5.8  3
2016 286 11   3.6   5.8  3
2016 286 12   3.5   5.3  3
2016 286 13   3.4   5.6  3
2016 286 14   3.3   5.9  3
2016 286 15   3.3   5.8 10
2016 286 16   3.0   5.8 10
2016 286 17   2.8   6.0 10
2016 286 18   2.8   5.9 17
2016 286 19   2.9   6.0 17
2016 286 20   2.9   5.8 17
2016 286 21   3.2   5.1 30
2016 286 22   5.7  11.8 30
2016 286 23   7.8  17.4 30
2016 287  0   6.7  17.2 23
2016 287  1   8.6  15.6 23
2016 287  2   5.1  29.2 23
2016 287  3   4.6  25.7 30
2016 287  4   4.2  26.4 30
2016 287  5   4.6  30.5 30
2016 287  6   9.5  21.6 43
2016 287  7  14.8   6.9 43
2016 287  8  15.9   5.9 43
2016 287  9  16.8   6.8 47
2016 287 10  17.6   7.1 47
2016 287 11  18.7   3.3 47
2016 287 12  19.4   1.9 47
2016 287 13  19.7   1.9 47
2016 287 14  20.1   1.6 47
2016 287 15  20.7   1.2 63
2016 287 16  21.4   1.2 63
2016 287 17  21.9   1.4 63
2016 287 18  22.2   1.4 63
2016 287 19  22.4   1.5 63
2016 287 20  22.7   1.3 63
2016 287 21  23.2   1.5 50
2016 287 22  24.1   1.7 50
2016 287 23  24.0   1.4 50
2016 288  0  23.2   2.3 57
2016 288  1  23.4   1.7 57
2016 288  2  22.9   1.8 57
2016 288  3  22.0   1.8 47
2016 288  4  20.6   2.4 47
2016 288  5  19.9   3.1 47
2016 288  6  19.5   3.9 47
2016 288  7  19.0   6.5 47
2016 288  8  18.4   5.9 47
2016 288  9  17.7   6.7 30
2016 288 10  16.8  11.0 30
2016 288 11  16.6  10.2 30
2016 288 12  16.1   7.9 17
2016 288 13  15.7   8.3 17
2016 288 14  15.2   7.8 17
2016 288 15  14.0   4.3 17
2016 288 16  12.7   4.1 17
2016 288 17  11.0   5.1 17
2016 288 18  11.2   5.0  7
2016 288 19  11.6   5.3  7
2016 288 20  11.5   9.3  7
2016 288 21  12.0   9.9  7
2016 288 22  12.0  10.4  7
2016 288 23  13.2  10.1  7
2016 289  0  12.3   9.5 27
2016 289  1  13.7   5.5 27
2016 289  2  12.8   5.8 27
2016 289  3  11.6   5.8 23
2016 289  4  11.5   5.2 23
2016 289  5  10.0   4.4 23
2016 289  6   9.1   4.4 20
2016 289  7   8.7   4.5 20
2016 289  8   8.3   4.2 20
2016 289  9   7.4   4.8 20
2016 289 10   8.6   4.2 20
2016 289 11   8.2   3.5 20
2016 289 12   7.8   4.0 20
2016 289 13   8.3   4.3 20
2016 289 14   8.4   4.8 20
2016 289 15   8.6   4.9 27
2016 289 16   9.3   4.5 27
2016 289 17   8.7   4.0 27
2016 289 18   8.8   3.7 20
2016 289 19   8.5   3.7 20
2016 289 20   8.0   4.1 20
2016 289 21   7.7   3.6 30
2016 289 22   7.2   3.9 30
2016 289 23   6.8   3.2 30
2016 290  0   6.4   3.1 27
2016 290  1   6.9   3.5 27
2016 290  2   7.7   3.3 27
2016 290  3   8.2   3.9 13
2016 290  4   8.8   4.0 13
2016 290  5   9.0   4.0 13
2016 290  6   9.2   4.0 27
2016 290  7   7.9   3.0 27
2016 290  8   6.8   4.8 27
2016 290  9   6.5   5.3 30
2016 290 10   6.9   4.5 30
2016 290 11   8.2   3.3 30
2016 290 12   7.2   3.9 30
2016 290 13   6.7   4.3 30
2016 290 14   6.1   3.6 30
2016 290 15   6.1   3.5 23
2016 290 16   6.1   3.3 23
2016 290 17   6.0   3.0 23
2016 290 18   5.9   3.1 50
2016 290 19   6.1   3.3 50
2016 290 20   5.7   3.3 50
2016 290 21   5.6   3.4 37
2016 290 22   5.4   3.0 37
2016 290 23   5.7   3.0 37
2016 291  0   5.7   3.1 33
2016 291  1   5.4   3.1 33
2016 291  2   5.3   2.9 33
2016 291  3   5.2   2.8 33
2016 291  4   5.2   2.9 33
2016 291  5   5.0   3.0 33
2016 291  6   4.9   2.7 37
2016 291  7   5.0   2.4 37
2016 291  8   5.2   2.2 37
2016 291  9   4.8   2.4 40
2016 291 10   4.5   2.5 40
2016 291 11   4.9   2.3 40
2016 291 12   4.4   2.4 23
2016 291 13   4.5   2.3 23
2016 291 14   4.6   2.2 23
2016 291 15   4.6   2.1 37
2016 291 16   4.2   2.0 37
2016 291 17   4.0   2.2 37
2016 291 18   3.9   2.1 33
2016 291 19   3.9   2.2 33
2016 291 20   4.1   2.2 33
2016 291 21   3.9   2.1 40
2016 291 22   3.6   2.1 40
2016 291 23   3.9   2.0 40
2016 292  0   4.4   2.2 27
2016 292  1   4.3   2.0 27
2016 292  2   4.0   2.1 27
2016 292  3   3.7   1.9 30
2016 292  4   3.8   1.8 30
2016 292  5   3.7   1.8 30
2016 292  6   3.6   1.6 30
2016 292  7   3.6   1.6 30
2016 292  8   3.7   1.5 30
2016 292  9   3.6   1.5 20
2016 292 10   4.0   1.7 20
2016 292 11   3.4   1.7 20
2016 292 12   3.8   1.9 13
2016 292 13   3.5   2.1 13
2016 292 14   3.6   2.0 13
2016 292 15   3.3   2.0 13
2016 292 16   3.5   2.1 13
2016 292 17   3.7   2.1 13
2016 292 18   3.8   2.1 10
2016 292 19   3.6   2.2 10
2016 292 20   3.5   2.3 10
2016 292 21   3.3   2.3 23
2016 292 22   3.2   2.4 23
2016 292 23   3.7   2.5 23
2016 293  0   4.1   2.7 27
2016 293  1   3.9   2.5 27
2016 293  2   3.7   2.5 27
2016 293  3   3.8   2.2 20
2016 293  4   3.9   2.0 20
2016 293  5   3.6   1.9 20
2016 293  6   3.7   2.1 10
2016 293  7   3.5   1.8 10
2016 293  8   3.4   1.7 10
2016 293  9   3.4   1.6 13
2016 293 10   3.3   1.5 13
2016 293 11   1.5   2.2 13
2016 293 12   2.1   2.4 10
2016 293 13   3.3   2.3 10
2016 293 14   3.0   2.5 10
2016 293 15   3.6   2.5 13
2016 293 16   3.9   2.7 13
2016 293 17   3.4   3.5 13
2016 293 18   3.4   3.4 13
2016 293 19   3.7   3.1 13
2016 293 20   4.3   3.1 13
2016 293 21   4.0   3.4  7
2016 293 22   3.7   3.2  7
2016 293 23   3.8   3.6  7
2016 294  0   4.2   4.0 13
2016 294  1   4.3   3.8 13
2016 294  2   4.2   4.1 13
2016 294  3   4.6   3.8  0
2016 294  4   4.3   3.8  0
2016 294  5   4.4   4.1  0
2016 294  6   4.3   4.0  3
2016 294  7   3.7   4.7  3
2016 294  8   4.1   5.0  3
2016 294  9   4.5   5.0  0
2016 294 10   4.2   5.3  0
2016 294 11   3.9   5.1  0
2016 294 12   3.8   5.2  3
2016 294 13   4.1   4.9  3
2016 294 14   4.6   5.2  3
2016 294 15   4.0   5.8  0
2016 294 16   4.6   5.6  0
2016 294 17   4.6   5.4  0
2016 294 18   4.8   5.1 13
2016 294 19   4.6   6.4 13
2016 294 20   4.3   7.0 13
2016 294 21   4.4   6.9  3
2016 294 22   4.9   6.4  3
2016 294 23   4.3   6.4  3
2016 295  0   3.6   6.5  0
2016 295  1   3.3   6.3  0
2016 295  2   3.4   5.8  0
2016 295  3   3.1   5.3  7
2016 295  4   3.7   5.0  7
2016 295  5   3.3   5.0  7
2016 295  6   2.9   5.2  3
2016 295  7   3.0   5.8  3
2016 295  8   3.1   5.9  3
2016 295  9   3.7   5.7  0
2016 295 10   3.9   5.6  0
2016 295 11   3.1   4.7  0
2016 295 12   2.9   5.1  0
2016 295 13   3.7   5.4  0
2016 295 14   3.6   5.4  0
2016 295 15   3.3   5.3  0
2016 295 16   3.3   5.1  0
2016 295 17   3.5   5.3  0
2016 295 18   3.9   5.7  0
2016 295 19   4.0   5.4  0
2016 295 20   3.9   4.9  0
2016 295 21   4.2   5.8  3
2016 295 22   4.8   6.7  3
2016 295 23   5.0   6.6  3
2016 296  0   4.7   6.4 10
2016 296  1   4.6   7.7 10
2016 296  2   4.5   9.3 10
2016 296  3   4.6  10.0  0
2016 296  4   5.7  10.3  0
2016 296  5   5.9  12.6  0
2016 296  6   5.5  13.6  7
2016 296  7   6.0  14.6  7
2016 296  8   5.9  16.1  7
2016 296  9   5.6  17.3 13
2016 296 10   6.0  15.5 13
2016 296 11   5.6  15.0 13
2016 296 12   4.8  14.6 10
2016 296 13   4.7  13.5 10
2016 296 14   5.2  12.3 10
2016 296 15   4.8  11.9 17
2016 296 16   4.1  10.6 17
2016 296 17   4.0   9.4 17
2016 296 18   3.6   9.6 23
2016 296 19   3.5  11.8 23
2016 296 20   4.1  11.4 23
2016 296 21   2.6  18.8 17
2016 296 22   4.0  17.7 17
2016 296 23   5.3  11.5 17
2016 297  0   6.6   9.0  3
2016 297  1   6.4   8.7  3
2016 297  2   7.6   8.1  3
2016 297  3   8.1   9.4 20
2016 297  4   8.7   9.4 20
2016 297  5   6.4  14.8 20
2016 297  6   7.5   9.4 27
2016 297  7   6.0   9.3 27
2016 297  8   4.3   9.5 27
2016 297  9   4.6   7.9 13
2016 297 10   3.3   5.6 13
2016 297 11   5.2   4.0 13
2016 297 12   5.4   4.1 20
2016 297 13   4.2   4.6 20
2016 297 14   4.5   5.2 20
2016 297 15   4.7   5.7 20
2016 297 16   4.9   6.2 20
2016 297 17   4.4   6.9 20
2016 297 18   7.0   6.5 27
2016 297 19   6.9   7.0 27
2016 297 20   6.6   6.1 27
2016 297 21   7.2   5.0 30
2016 297 22   7.1   5.0 30
2016 297 23   6.3   6.4 30
2016 298  0   6.6   6.6 37
2016 298  1   6.8   6.9 37
2016 298  2   6.3   8.0 37
2016 298  3   6.2   9.7 37
2016 298  4   6.6   9.7 37
2016 298  5   7.0   9.7 37
2016 298  6   7.2   8.9 27
2016 298  7   6.9   8.5 27
2016 298  8   7.0  10.0 27
2016 298  9   6.5  12.3 20
2016 298 10   6.5  12.4 20
2016 298 11   6.9  12.4 20
2016 298 12   6.6  12.2 37
2016 298 13   7.4  13.0 37
2016 298 14   8.2  12.6 37
2016 298 15   7.8  11.1 30
2016 298 16   6.5  11.4 30
2016 298 17   6.2  10.2 30
2016 298 18   6.0  10.6 20
2016 298 19   5.1   9.9 20
2016 298 20   5.2   9.0 20
2016 298 21   4.6   9.1 37
2016 298 22   5.5   9.1 37
2016 298 23   5.9   9.3 37
2016 299  0   6.7   9.5 43
2016 299  1   7.6  11.8 43
2016 299  2   7.5  12.0 43
2016 299  3   7.4  11.7 43
2016 299  4   7.8  13.0 43
2016 299  5   7.7  13.8 43
2016 299  6   6.9  15.1 33
2016 299  7   7.8  12.5 33
2016 299  8  10.9  15.1 33
2016 299  9  12.1  24.7 50
2016 299 10  12.5  25.8 50
2016 299 11  15.7  12.5 50
2016 299 12  15.8  10.1 63
2016 299 13  12.2  10.4 63
2016 299 14  12.0   8.8 63
2016 299 15  10.7   7.7 63
2016 299 16  10.2   7.3 63
2016 299 17  10.0   6.7 63
2016 299 18   9.8   5.9 53
2016 299 19   8.4   5.0 53
2016 299 20   8.3   4.6 53
2016 299 21   8.0   5.1 60
2016 299 22   7.0   4.6 60
2016 299 23   5.9   3.5 60
2016 300  0   5.4   3.3 47
2016 300  1   6.0   3.2 47
2016 300  2   5.8   2.8 47
2016 300  3   5.9   3.0 50
2016 300  4   5.7   3.2 50
2016 300  5   6.1   3.0 50
2016 300  6   6.6   3.0 37
2016 300  7   6.1   3.3 37
2016 300  8   5.0   3.3 37
2016 300  9   5.1   3.2 57
2016 300 10   5.4   3.4 57
2016 300 11   5.5   3.8 57
2016 300 12   5.7   3.4 40
2016 300 13   5.4   3.3 40
2016 300 14   5.6   3.2 40
2016 300 15   5.4   3.4 57
2016 300 16   4.9   3.3 57
2016 300 17   4.8   3.4 57
2016 300 18   4.4   3.1 47
2016 300 19   5.2   3.4 47
2016 300 20   4.6   3.4 47
2016 300 21   4.2   3.3 47
2016 300 22   4.5   3.3 47
2016 300 23   4.3   3.1 47
2016 301  0   4.2   3.0 43
2016 301  1   4.8   3.0 43
2016 301  2   5.1   3.1 43
2016 301  3   4.7   2.9 47
2016 301  4   5.2   3.1 47
2016 301  5   4.8   2.7 47
2016 301  6   5.0   2.4 37
2016 301  7   5.2   2.6 37
2016 301  8   4.9   2.3 37
2016 301  9   5.1   2.5 30
2016 301 10   5.2   2.6 30
2016 301 11   5.2   2.2 30
2016 301 12   5.1   2.5 33
2016 301 13   5.0   2.5 33
2016 301 14   5.1   2.7 33
2016 301 15   5.4   2.8 47
2016 301 16   5.5   3.1 47
2016 301 17   5.5   2.8 47
2016 301 18   5.9   3.0 40
2016 301 19   5.8   3.5 40
2016 301 20   5.8   3.6 40
2016 301 21   5.8   3.3 33
2016 301 22   6.0   3.1 33
2016 301 23   5.7   3.1 33
2016 302  0   6.0   3.1 27
2016 302  1   6.7   3.1 27
2016 302  2   6.9   2.8 27
2016 302  3   7.0   2.9 27
2016 302  4   6.7   3.1 27
2016 302  5   6.2   3.5 27
2016 302  6   6.0   3.2 33
2016 302  7   6.2   3.1 33
2016 302  8   5.1   3.0 33
2016 302  9   4.6   2.6 27
2016 302 10   4.6   2.3 27
2016 302 11   4.8   2.5 27
2016 302 12   5.5   2.3 27
2016 302 13   5.8   2.6 27
2016 302 14   5.8   2.9 27
2016 302 15   5.7   2.8 33
2016 302 16   5.7   2.9 33
2016 302 17   5.6   2.8 33
2016 302 18   5.0   2.9 30
2016 302 19   5.4   2.7 30
2016 302 20   7.0   3.1 30
2016 302 21   7.1   3.8 43
2016 302 22   7.1   4.0 43
2016 302 23   7.8   4.5 43
2016 303  0   8.1   4.5 50
2016 303  1   9.0   4.7 50
2016 303  2   9.7   4.0 50
2016 303  3   9.5   4.0 53
2016 303  4   8.5   3.8 53
2016 303  5   8.7   3.3 53
2016 303  6   7.9   3.8 47
2016 303  7   7.4   3.7 47
2016 303  8   5.9   4.3 47
2016 303  9   5.6   4.5 33
2016 303 10   6.3   4.0 33
2016 303 11   6.9   3.5 33
2016 303 12   7.5   2.8 37
2016 303 13   7.0   3.4 37
2016 303 14   5.5   4.5 37
2016 303 15   6.1   4.2 23
2016 303 16   7.4   3.5 23
2016 303 17   7.8   3.2 23
2016 303 18   7.9   3.6 27
2016 303 19   6.9   3.0 27
2016 303 20   6.0   2.8 27
2016 303 21   6.9   3.3 23
2016 303 22   6.4   2.7 23
2016 303 23   4.6   3.1 23
2016 304  0   4.5   3.3 40
2016 304  1   6.3   3.6 40
2016 304  2   6.0   2.9 40
2016 304  3   6.1   3.1 33
2016 304  4   5.8   2.7 33
2016 304  5   5.3   2.7 33
2016 304  6   5.0   3.1 30
2016 304  7   5.3   3.0 30
2016 304  8   5.1   2.9 30
2016 304  9   5.2   2.1 23
2016 304 10   5.5   2.5 23
2016 304 11   6.0   2.5 23
2016 304 12   6.1   2.2 37
2016 304 13   6.6   2.1 37
2016 304 14   6.4   1.9 37
2016 304 15   5.8   1.8 33
2016 304 16   4.7   2.3 33
2016 304 17   4.6   2.4 33
2016 304 18   4.5   2.5 30
2016 304 19   4.5   2.2 30
2016 304 20   4.5   2.4 30
2016 304 21   4.7   2.3 20
2016 304 22   4.6   2.4 20
2016 304 23   4.7   2.3 20
2016 305  0   5.1   2.2 27
2016 305  1   4.8   2.0 27
2016 305  2   4.0   2.3 27
2016 305  3   4.7   2.7 30
2016 305  4   4.5   2.9 30
2016 305  5   3.5   3.5 30
2016 305  6   3.1   3.0 23
2016 305  7   3.6   3.1 23
2016 305  8   3.6   2.1 23
2016 305  9   3.8   3.1 23
2016 305 10   3.6   2.9 23
2016 305 11   3.8   2.9 23
2016 305 12   3.4   3.3 13
2016 305 13   3.5   2.9 13
2016 305 14   4.6   2.4 13
2016 305 15   4.7   2.3 20
2016 305 16   4.5   2.2 20
2016 305 17   4.0   2.3 20
2016 305 18   3.7   2.7 17
2016 305 19   3.9   2.8 17
2016 305 20   3.6   3.4 17
2016 305 21   3.3   3.6  7
2016 305 22   3.6   3.6  7
2016 305 23   3.4   3.4  7
