2016 306  0   3.5   3.1 20
2016 306  1   3.7   2.7 20
2016 306  2   3.5   3.2 20
2016 306  3   4.0   3.5 20
2016 306  4   3.5   3.6 20
2016 306  5   3.1   3.4 20
2016 306  6   2.1   3.8 20
2016 306  7   3.2   3.2 20
2016 306  8   3.9   3.1 20
2016 306  9   4.3   3.2 27
2016 306 10   5.3   4.0 27
2016 306 11   5.1   4.9 27
2016 306 12   5.4   4.1 30
2016 306 13   6.3   3.8 30
2016 306 14   6.9   3.3 30
2016 306 15   6.4   3.4 20
2016 306 16   5.7   4.0 20
2016 306 17   5.8   4.5 20
2016 306 18   5.5   7.7 20
2016 306 19   5.0   7.1 20
2016 306 20   4.0   6.1 20
2016 306 21   5.7   6.5 37
2016 306 22   5.9   7.1 37
2016 306 23   5.6   7.2 37
2016 307  0   6.0   6.7 43
2016 307  1   5.2  10.2 43
2016 307  2   5.0   8.2 43
2016 307  3   4.5   6.9 20
2016 307  4   4.7   6.2 20
2016 307  5   4.8   5.6 20
2016 307  6   4.2   5.6 10
2016 307  7   3.3   6.6 10
2016 307  8   3.4   8.9 10
2016 307  9   4.6   9.1 23
2016 307 10   5.0   6.8 23
2016 307 11   6.1   6.6 23
2016 307 12   7.1   7.1 37
2016 307 13   7.9   5.5 37
2016 307 14   7.4   5.2 37
2016 307 15   7.3   3.5 27
2016 307 16   6.7   4.3 27
2016 307 17   6.2   6.9 27
2016 307 18   6.0   5.9 17
2016 307 19   5.6   6.1 17
2016 307 20   5.9   5.9 17
2016 307 21   6.6   6.0 37
2016 307 22   6.6   6.7 37
2016 307 23   6.3   5.8 37
2016 308  0   5.8   5.8 30
2016 308  1   5.1   7.4 30
2016 308  2   5.5   8.3 30
2016 308  3   6.2   9.0 30
2016 308  4   4.7   9.1 30
2016 308  5   4.5   8.3 30
2016 308  6   5.6   8.1 40
2016 308  7   6.8   6.8 40
2016 308  8   6.5   6.8 40
2016 308  9   6.6   5.5 37
2016 308 10   6.2   6.0 37
2016 308 11   6.1   5.7 37
2016 308 12   5.9   5.9 27
2016 308 13   6.0   5.0 27
2016 308 14   5.8   5.2 27
2016 308 15   5.7   6.0 27
2016 308 16   5.9   5.8 27
2016 308 17   6.1   6.3 27
2016 308 18   6.1   7.8 20
2016 308 19   6.0   9.5 20
2016 308 20   7.6  10.5 20
2016 308 21   6.9   9.8 37
2016 308 22   5.9  11.1 37
2016 308 23   5.8  11.0 37
2016 309  0   5.8  11.7 27
2016 309  1   4.9  12.7 27
2016 309  2   5.6  10.5 27
2016 309  3   5.0   9.3 17
2016 309  4   3.8   9.2 17
2016 309  5   4.1   8.9 17
2016 309  6   3.5   7.9 10
2016 309  7   4.6   7.2 10
2016 309  8   5.1   6.7 10
2016 309  9   5.1   6.4  7
2016 309 10   4.2   5.9  7
2016 309 11   4.9   6.4  7
2016 309 12   5.5   6.5  0
2016 309 13   5.2   6.1  0
2016 309 14   5.2   5.4  0
2016 309 15   5.4   4.8  0
2016 309 16   5.4   5.2  0
2016 309 17   5.4   5.3  0
2016 309 18   5.2   5.2 10
2016 309 19   5.2   4.2 10
2016 309 20   5.1   4.6 10
2016 309 21   5.1   4.9  3
2016 309 22   5.0   5.6  3
2016 309 23   5.0   5.8  3
2016 310  0   5.0   5.3  7
2016 310  1   4.7   6.1  7
2016 310  2   4.7   6.7  7
2016 310  3   4.6   6.9  3
2016 310  4   4.8   6.7  3
2016 310  5   4.8   6.6  3
2016 310  6   4.6   6.7  7
2016 310  7   4.6   6.3  7
2016 310  8   4.4   5.9  7
2016 310  9   4.3   5.4  7
2016 310 10   4.2   5.5  7
2016 310 11   4.5   4.7  7
2016 310 12   4.1   5.0  3
2016 310 13   3.7   5.5  3
2016 310 14   3.7   5.3  3
2016 310 15   3.5   5.7  0
2016 310 16   3.7   6.4  0
2016 310 17   3.1   6.9  0
2016 310 18   3.1   7.1  3
2016 310 19   3.5   6.3  3
2016 310 20   3.6   6.3  3
2016 310 21   3.7   6.9  0
2016 310 22   3.4   8.2  0
2016 310 23   3.8   8.5  0
2016 311  0   3.6   8.7 10
2016 311  1   3.8   9.7 10
2016 311  2   3.7   9.7 10
2016 311  3   3.7  10.9  3
2016 311  4   3.8  11.8  3
2016 311  5   4.3  10.9  3
2016 311  6   4.1  11.9 13
2016 311  7   3.8  12.3 13
2016 311  8   4.5  11.7 13
2016 311  9   3.9  11.5 10
2016 311 10   4.5  10.8 10
2016 311 11   4.3  11.1 10
2016 311 12   4.2  10.9 20
2016 311 13   4.3  11.0 20
2016 311 14   4.2  10.3 20
2016 311 15   4.4   9.7  3
2016 311 16   4.2   9.6  3
2016 311 17   4.4  10.2  3
2016 311 18   3.5  11.7 10
2016 311 19   3.5  12.4 10
2016 311 20   3.3  12.4 10
2016 311 21   2.7  12.7 17
2016 311 22   4.1   9.2 17
2016 311 23   3.7   9.6 17
2016 312  0   4.0   8.9 20
2016 312  1   3.5  10.1 20
2016 312  2   3.1  11.1 20
2016 312  3   3.5  11.1  7
2016 312  4   3.3  13.1  7
2016 312  5   2.8  15.3  7
2016 312  6   1.8  18.8 13
2016 312  7   2.6  21.2 13
2016 312  8   4.7  13.3 13
2016 312  9   4.8   8.2  7
2016 312 10   4.8   8.9  7
2016 312 11   4.5   7.1  7
2016 312 12   4.0   8.8  7
2016 312 13   2.6  16.7  7
2016 312 14   3.5  12.8  7
2016 312 15   3.8   7.9  7
2016 312 16   3.6   7.6  7
2016 312 17   3.4   7.8  7
2016 312 18   3.8   7.5  0
2016 312 19   3.4   7.7  0
2016 312 20   3.2   8.0  0
2016 312 21   3.9   7.7  0
2016 312 22   3.9   7.3  0
2016 312 23   3.7   7.4  0
2016 313  0   3.4   7.3  0
2016 313  1   3.5   7.1  0
2016 313  2   3.2   7.2  0
2016 313  3   3.6   7.4  0
2016 313  4   3.8   7.9  0
2016 313  5   3.9   9.1  0
2016 313  6   4.1   9.6  3
2016 313  7   4.3  10.2  3
2016 313  8   6.0  10.6  3
2016 313  9   6.1  10.1  7
2016 313 10   4.7  10.9  7
2016 313 11   5.0  11.6  7
2016 313 12   4.2  11.9 10
2016 313 13   4.8  10.5 10
2016 313 14   4.0  10.9 10
2016 313 15   4.2  10.0  3
2016 313 16   3.9  10.5  3
2016 313 17   3.4  10.9  3
2016 313 18   3.6  11.2  0
2016 313 19   3.6  11.4  0
2016 313 20   4.1  10.4  0
2016 313 21   3.7  10.4 10
2016 313 22   4.1  10.2 10
2016 313 23   3.8  10.9 10
2016 314  0   2.7  12.2  0
2016 314  1   2.8  12.3  0
2016 314  2   2.7  13.4  0
2016 314  3   3.3  13.2  0
2016 314  4   3.3  14.3  0
2016 314  5   3.9  14.8  0
2016 314  6   4.8  18.1 20
2016 314  7   6.8  30.7 20
2016 314  8   8.3  29.2 20
2016 314  9   8.4  30.9 17
2016 314 10   8.8  27.3 17
2016 314 11   7.7  26.4 17
2016 314 12   5.8  26.5 20
2016 314 13   6.3  24.1 20
2016 314 14   6.2  25.4 20
2016 314 15   3.5  25.9 10
2016 314 16   6.0  24.4 10
2016 314 17   4.7  25.7 10
2016 314 18   5.3  28.1 27
2016 314 19   6.6  26.0 27
2016 314 20   7.6  24.3 27
2016 314 21   9.8  16.7 27
2016 314 22   9.5  15.2 27
2016 314 23   9.5  14.9 27
2016 315  0   9.5  15.7 17
2016 315  1   8.6  17.2 17
2016 315  2  11.8   7.5 17
2016 315  3  10.7  12.2 17
2016 315  4  10.6  10.2 17
2016 315  5  10.2  12.9 17
2016 315  6  11.1   8.3 20
2016 315  7  11.5   7.3 20
2016 315  8  11.6   8.0 20
2016 315  9  11.5   9.3 23
2016 315 10  11.3   9.9 23
2016 315 11  10.0  11.9 23
2016 315 12   9.7  13.5 33
2016 315 13  10.4  16.8 33
2016 315 14  10.8  20.0 33
2016 315 15  12.0  21.3 47
2016 315 16  12.3  20.9 47
2016 315 17  10.4  24.8 47
2016 315 18  12.8  11.5 30
2016 315 19  11.9  10.9 30
2016 315 20  11.7   9.5 30
2016 315 21  11.2   8.8 30
2016 315 22  10.1   8.7 30
2016 315 23   8.8   9.2 30
2016 316  0  10.2   7.8 43
2016 316  1  10.2   7.6 43
2016 316  2   9.4   8.9 43
2016 316  3   8.9   9.2 20
2016 316  4   9.0   9.3 20
2016 316  5   9.5   8.7 20
2016 316  6   8.9   8.8 17
2016 316  7   8.4   7.6 17
2016 316  8   8.1   7.0 17
2016 316  9   7.9   8.9 20
2016 316 10   8.5   8.3 20
2016 316 11   9.1   8.5 20
2016 316 12   9.3   8.9 17
2016 316 13   9.2   8.3 17
2016 316 14   9.8   8.6 17
2016 316 15   9.5   8.6 23
2016 316 16   9.4   8.8 23
2016 316 17   9.7   8.5 23
2016 316 18  10.1   9.2 17
2016 316 19   9.5  10.1 17
2016 316 20   9.3  10.2 17
2016 316 21   8.9  10.6 33
2016 316 22   8.8  10.8 33
2016 316 23   8.9  10.9 33
2016 317  0  10.5  11.0 27
2016 317  1  12.1  11.5 27
2016 317  2  14.6  12.9 27
2016 317  3  14.9  11.3 37
2016 317  4  13.4   9.6 37
2016 317  5  12.4   5.9 37
2016 317  6  10.9   6.5 23
2016 317  7   7.2   7.0 23
2016 317  8   7.0   7.8 23
2016 317  9   7.2   7.5 40
2016 317 10   9.5   5.4 40
2016 317 11   8.8   5.0 40
2016 317 12   7.6   4.4 37
2016 317 13   7.2   4.7 37
2016 317 14   8.8   3.6 37
2016 317 15   7.5   3.8 33
2016 317 16   7.6   3.5 33
2016 317 17   7.0   2.9 33
2016 317 18   6.2   2.6 30
2016 317 19   6.0   2.6 30
2016 317 20   6.0   2.1 30
2016 317 21   6.0   2.1 33
2016 317 22   6.2   2.9 33
2016 317 23   6.2   2.9 33
2016 318  0   6.0   3.3 37
2016 318  1   5.5   3.5 37
2016 318  2   5.5   3.5 37
2016 318  3   5.3   3.4 37
2016 318  4   5.3   3.2 37
2016 318  5   5.5   2.7 37
2016 318  6   5.4   2.7 33
2016 318  7   5.3   2.5 33
2016 318  8   5.4   2.5 33
2016 318  9   5.2   2.2 33
2016 318 10   5.2   2.2 33
2016 318 11   5.0   2.1 33
2016 318 12   5.2   2.1 30
2016 318 13   5.0   2.0 30
2016 318 14   4.8   1.9 30
2016 318 15   5.1   1.8 30
2016 318 16   5.2   2.0 30
2016 318 17   5.5   2.2 30
2016 318 18   5.4   2.2 47
2016 318 19   5.3   2.2 47
2016 318 20   5.3   2.3 47
2016 318 21   5.6   2.6 37
2016 318 22   5.3   2.6 37
2016 318 23   5.2   2.5 37
2016 319  0   4.6   2.4 13
2016 319  1   3.9   2.7 13
2016 319  2   4.4   2.9 13
2016 319  3   4.6   2.9 23
2016 319  4   4.7   2.7 23
2016 319  5   4.6   2.7 23
2016 319  6   4.3   2.1 23
2016 319  7   5.0   1.9 23
2016 319  8   5.1   2.0 23
2016 319  9   5.6   2.5 23
2016 319 10   5.4   2.3 23
2016 319 11   5.1   2.3 23
2016 319 12   4.6   2.1 27
2016 319 13   4.4   2.2 27
2016 319 14   4.6   2.1 27
2016 319 15   4.4   2.3 30
2016 319 16   4.5   2.2 30
2016 319 17   4.3   2.1 30
2016 319 18   4.3   1.9 17
2016 319 19   4.3   1.8 17
2016 319 20   4.4   1.8 17
2016 319 21   4.0   1.5 30
2016 319 22   3.8   1.9 30
2016 319 23   3.6   2.0 30
2016 320  0   3.6   1.9 33
2016 320  1   4.1   2.2 33
2016 320  2   4.3   2.1 33
2016 320  3   3.7   1.9 23
2016 320  4   4.0   1.7 23
2016 320  5   3.8   1.8 23
2016 320  6   4.2   1.9 17
2016 320  7   4.3   1.9 17
2016 320  8   4.4   1.8 17
2016 320  9   4.2   2.1 17
2016 320 10   4.5   2.3 17
2016 320 11   4.2   2.3 17
2016 320 12   3.6   2.4 23
2016 320 13   3.4   2.3 23
2016 320 14   3.3   2.5 23
2016 320 15   3.8   3.0 13
2016 320 16   3.6   2.1 13
2016 320 17   3.6   2.7 13
2016 320 18   4.1   2.5  3
2016 320 19   3.8   2.3  3
2016 320 20   3.5   2.3  3
2016 320 21   3.2   2.3  3
2016 320 22   3.0   2.3  3
2016 320 23   3.0   2.6  3
2016 321  0   2.8   2.9  7
2016 321  1   3.3   3.2  7
2016 321  2   3.4   2.8  7
2016 321  3   3.8   2.9 10
2016 321  4   2.8   3.4 10
2016 321  5   3.1   4.0 10
2016 321  6   3.4   4.0  7
2016 321  7   3.9   4.1  7
2016 321  8   4.2   4.3  7
2016 321  9   3.4   4.4  3
2016 321 10   4.0   4.4  3
2016 321 11   3.5   4.7  3
2016 321 12   3.2   4.6  3
2016 321 13   3.4   4.7  3
2016 321 14   3.9   4.6  3
2016 321 15   3.4   4.6 10
2016 321 16   3.6   4.5 10
2016 321 17   4.0   4.9 10
2016 321 18   4.2   5.1 17
2016 321 19   3.7   5.7 17
2016 321 20   3.6   5.7 17
2016 321 21   3.3   5.4 17
2016 321 22   3.6   5.9 17
2016 321 23   4.1   6.6 17
2016 322  0   3.9   6.1 10
2016 322  1   4.1   5.5 10
2016 322  2   3.9   6.3 10
2016 322  3   4.1   6.0  3
2016 322  4   4.3   5.3  3
2016 322  5   3.8   5.0  3
2016 322  6   3.4   4.4  3
2016 322  7   3.8   3.6  3
2016 322  8   3.3   3.9  3
2016 322  9   3.3   4.2  3
2016 322 10   3.4   4.1  3
2016 322 11   3.5   4.2  3
2016 322 12   3.3   3.8  0
2016 322 13   3.5   4.3  0
2016 322 14   3.7   4.1  0
2016 322 15   3.9   4.1  3
2016 322 16   3.3   4.5  3
2016 322 17   3.3   4.5  3
2016 322 18   3.2   4.7 13
2016 322 19   3.2   4.8 13
2016 322 20   3.1   4.9 13
2016 322 21   3.1   5.5 13
2016 322 22   2.9   5.8 13
2016 322 23   3.7   5.1 13
2016 323  0   4.2   4.3 20
2016 323  1   4.0   4.4 20
2016 323  2   4.0   4.6 20
2016 323  3   3.9   4.9  0
2016 323  4   4.1   5.1  0
2016 323  5   4.3   5.0  0
2016 323  6   3.9   4.8  0
2016 323  7   3.3   4.8  0
2016 323  8   3.2   4.7  0
2016 323  9   3.4   4.5  0
2016 323 10   3.5   4.4  0
2016 323 11   3.6   4.8  0
2016 323 12   3.6   4.9  3
2016 323 13   3.5   5.1  3
2016 323 14   3.8   5.0  3
2016 323 15   4.1   4.8 13
2016 323 16   4.1   6.6 13
2016 323 17   4.8   8.2 13
2016 323 18   5.0   8.3  0
2016 323 19   4.6   8.3  0
2016 323 20   4.2   8.5  0
2016 323 21   4.4   7.1  3
2016 323 22   4.4   6.6  3
2016 323 23   4.8   5.6  3
2016 324  0   4.8   5.0  0
2016 324  1   4.4   5.1  0
2016 324  2   4.2   5.9  0
2016 324  3   4.3   4.9  0
2016 324  4   4.0   5.0  0
2016 324  5   3.6   6.2  0
2016 324  6   4.0   5.9  0
2016 324  7   3.4   7.7  0
2016 324  8   3.5   9.8  0
2016 324  9   3.9  10.8  0
2016 324 10   4.3  11.8  0
2016 324 11   5.0  12.2  0
2016 324 12   5.6  12.1  3
2016 324 13   5.4  11.2  3
2016 324 14   5.7  13.4  3
2016 324 15   5.4  16.4  7
2016 324 16   4.7  14.9  7
2016 324 17   4.8  12.6  7
2016 324 18   4.3  11.7  7
2016 324 19   3.9  12.9  7
2016 324 20   4.4  13.5  7
2016 324 21   4.8  14.6  3
2016 324 22   5.5   9.8  3
2016 324 23   2.2  15.3  3
2016 325  0   1.6  16.6  0
2016 325  1   1.4  15.8  0
2016 325  2   1.7  15.3  0
2016 325  3   2.9  13.3  0
2016 325  4   3.5  14.6  0
2016 325  5   3.4  16.8  0
2016 325  6   3.2  16.1  3
2016 325  7   2.8  17.8  3
2016 325  8   2.4  22.2  3
2016 325  9   2.5  21.1  7
2016 325 10   3.0  19.8  7
2016 325 11   3.5  20.2  7
2016 325 12   6.8   9.2 10
2016 325 13   6.2   8.0 10
2016 325 14   6.0   8.5 10
2016 325 15   4.8  11.0  7
2016 325 16   4.6  10.3  7
2016 325 17   4.6  10.2  7
2016 325 18   4.3   9.8  3
2016 325 19   4.0   9.1  3
2016 325 20   4.4   8.0  3
2016 325 21   4.7   7.1 10
2016 325 22   4.6   7.1 10
2016 325 23   4.4   6.9 10
2016 326  0   4.0   7.0  7
2016 326  1   3.7   7.8  7
2016 326  2   3.7   8.1  7
2016 326  3   3.7   8.4 17
2016 326  4   2.9  10.0 17
2016 326  5   3.5   9.3 17
2016 326  6   1.8  12.8  7
2016 326  7   2.1  13.6  7
2016 326  8   2.8  12.3  7
2016 326  9   3.2  14.2  7
2016 326 10   3.7  16.4  7
2016 326 11   4.0  17.8  7
2016 326 12   4.0  18.8 13
2016 326 13   4.5  17.9 13
2016 326 14   5.6  12.8 13
2016 326 15   5.4  13.8 10
2016 326 16   5.9  14.6 10
2016 326 17   7.3  14.3 10
2016 326 18   8.4  13.5 23
2016 326 19   7.7  16.2 23
2016 326 20   7.9  16.1 23
2016 326 21   9.9  11.3 23
2016 326 22   9.2  10.2 23
2016 326 23   8.3  10.8 23
2016 327  0   8.7   9.3 10
2016 327  1   9.1  11.8 10
2016 327  2   9.0  12.3 10
2016 327  3   9.0  11.1  7
2016 327  4   8.9  10.9  7
2016 327  5   9.0  10.3  7
2016 327  6   9.4  10.9 10
2016 327  7   9.6  13.2 10
2016 327  8  10.4   8.0 10
2016 327  9   8.9   6.4 20
2016 327 10   8.2   9.6 20
2016 327 11   8.4  14.9 20
2016 327 12   8.0  11.9 23
2016 327 13  11.0   6.7 23
2016 327 14  12.6   6.0 23
2016 327 15  12.2   7.0 30
2016 327 16  10.8   9.6 30
2016 327 17  10.5  11.3 30
2016 327 18  10.7  10.8 30
2016 327 19  11.4   6.6 30
2016 327 20  10.3   8.3 30
2016 327 21   9.6  10.7 43
2016 327 22   7.6  11.2 43
2016 327 23   6.0  11.1 43
2016 328  0   7.7   5.4 40
2016 328  1   6.6   4.5 40
2016 328  2   5.8   4.2 40
2016 328  3   5.9   3.4 30
2016 328  4   6.0   3.2 30
2016 328  5   5.7   3.4 30
2016 328  6   5.5   3.1 27
2016 328  7   4.2   4.6 27
2016 328  8   4.5   4.9 27
2016 328  9   4.6   5.2 17
2016 328 10   4.1   5.5 17
2016 328 11   4.1   5.8 17
2016 328 12   3.9   5.8 13
2016 328 13   4.2   5.8 13
2016 328 14   4.2   6.0 13
2016 328 15   3.5   6.5 17
2016 328 16   3.5   7.1 17
2016 328 17   3.4   7.7 17
2016 328 18   3.7   7.7 27
2016 328 19   4.3   9.2 27
2016 328 20   5.2   7.9 27
2016 328 21   6.1   6.6 10
2016 328 22   7.1   7.3 10
2016 328 23   5.0   8.4 10
2016 329  0   3.8   9.2 37
2016 329  1   4.7   9.0 37
2016 329  2   5.2  10.4 37
2016 329  3   6.1  10.9 23
2016 329  4   7.1  11.1 23
2016 329  5   8.3   7.1 23
2016 329  6   8.8   5.4 30
2016 329  7   9.2   5.5 30
2016 329  8   8.5   6.4 30
2016 329  9   8.6   7.0 30
2016 329 10   9.3   6.7 30
2016 329 11  10.3   5.8 30
2016 329 12  10.9   8.0 47
2016 329 13  10.5  10.2 47
2016 329 14   9.8  10.2 47
2016 329 15  10.3   9.6 33
2016 329 16  10.8   8.6 33
2016 329 17  10.8   9.1 33
2016 329 18  10.5   9.5 37
2016 329 19  10.3   9.6 37
2016 329 20   9.7   8.5 37
2016 329 21   8.2   7.9 37
2016 329 22   8.1   6.4 37
2016 329 23   9.4   5.5 37
2016 330  0   9.2   4.5 43
2016 330  1   9.3   4.3 43
2016 330  2   9.5   3.4 43
2016 330  3  10.7   1.5 53
2016 330  4   9.4   1.8 53
2016 330  5   8.4   1.8 53
2016 330  6   7.7   2.2 50
2016 330  7   7.5   2.2 50
2016 330  8   7.7   2.5 50
2016 330  9   7.3   2.1 27
2016 330 10   7.1   2.1 27
2016 330 11   6.9   2.2 27
2016 330 12   6.6   2.1 43
2016 330 13   6.6   2.0 43
2016 330 14   6.7   2.0 43
2016 330 15   6.5   2.0 37
2016 330 16   6.6   2.0 37
2016 330 17   6.5   1.9 37
2016 330 18   6.0   1.8 43
2016 330 19   6.0   2.1 43
2016 330 20   5.5   1.5 43
2016 330 21   5.4   1.6 20
2016 330 22   5.6   1.9 20
2016 330 23   5.6   1.8 20
2016 331  0   5.4   1.7 27
2016 331  1   5.2   1.5 27
2016 331  2   5.0   1.4 27
2016 331  3   5.2   1.5 30
2016 331  4   5.3   1.3 30
2016 331  5   5.2   1.5 30
2016 331  6   5.0   1.5 23
2016 331  7   4.9   1.8 23
2016 331  8   4.6   1.9 23
2016 331  9   4.6   2.1 23
2016 331 10   4.0   2.1 23
2016 331 11   4.5   1.8 23
2016 331 12   5.0   2.0 20
2016 331 13   5.1   2.2 20
2016 331 14   5.0   2.1 20
2016 331 15   4.6   2.0 30
2016 331 16   4.5   2.1 30
2016 331 17   5.1   2.0 30
2016 331 18   4.9   2.2 27
2016 331 19   4.7   2.1 27
2016 331 20   4.9   2.0 27
2016 331 21   4.9   2.1 20
2016 331 22   4.8   2.1 20
2016 331 23   4.9   2.1 20
2016 332  0   4.9   2.1 23
2016 332  1   4.9   2.0 23
2016 332  2   4.6   2.0 23
2016 332  3   4.7   2.3 27
2016 332  4   4.8   2.3 27
2016 332  5   4.6   2.1 27
2016 332  6   4.5   1.8 23
2016 332  7   4.9   2.0 23
2016 332  8   4.8   1.9 23
2016 332  9   4.7   1.9 20
2016 332 10   4.6   2.3 20
2016 332 11   4.6   2.2 20
2016 332 12   4.6   1.8 20
2016 332 13   4.5   2.0 20
2016 332 14   4.5   2.2 20
2016 332 15   4.4   2.2  7
2016 332 16   4.1   2.3  7
2016 332 17   4.7   2.3  7
2016 332 18   4.6   2.4 20
2016 332 19   4.4   2.6 20
2016 332 20   4.1   2.7 20
2016 332 21   4.9   2.4 23
2016 332 22   4.3   2.4 23
2016 332 23   3.4   2.5 23
2016 333  0   3.4   2.5 13
2016 333  1   4.0   2.4 13
2016 333  2   3.6   2.6 13
2016 333  3   3.7   2.8 17
2016 333  4   3.8   3.0 17
2016 333  5   4.0   3.1 17
2016 333  6   4.2   3.1 17
2016 333  7   4.2   3.4 17
2016 333  8   4.2   3.5 17
2016 333  9   4.3   3.3 13
2016 333 10   4.3   3.1 13
2016 333 11   4.5   3.4 13
2016 333 12   4.4   3.6 20
2016 333 13   4.6   3.4 20
2016 333 14   4.5   4.1 20
2016 333 15   4.6   4.8 27
2016 333 16   5.2   6.0 27
2016 333 17   4.8   7.0 27
2016 333 18   6.1   7.4 20
2016 333 19   6.1   7.4 20
2016 333 20   5.8   6.5 20
2016 333 21   6.1   3.9 23
2016 333 22   6.3   2.8 23
2016 333 23   5.2   3.2 23
2016 334  0   3.2   4.2 20
2016 334  1   3.0   3.7 20
2016 334  2   3.6   2.9 20
2016 334  3   3.5   2.6 13
2016 334  4   3.5   2.1 13
2016 334  5   2.7   2.4 13
2016 334  6   3.1   2.4  3
2016 334  7   3.3   2.5  3
2016 334  8   3.4   2.4  3
2016 334  9   3.8   2.5  7
2016 334 10   4.5   2.6  7
2016 334 11   4.8   4.0  7
2016 334 12   4.8   4.8 10
2016 334 13   3.9   5.0 10
2016 334 14   4.2   5.2 10
2016 334 15   4.1   4.5  7
2016 334 16   3.0   4.5  7
2016 334 17   2.6   4.2  7
2016 334 18   3.0   5.1 17
2016 334 19   4.3   4.8 17
2016 334 20   4.6   4.9 17
2016 334 21   4.7   4.6 20
2016 334 22   4.8   3.6 20
2016 334 23   4.5   3.8 20
2016 335  0   4.1   2.5 10
2016 335  1   4.3   2.7 10
2016 335  2   4.5   3.5 10
2016 335  3   4.5   3.6  7
2016 335  4   4.6   3.9  7
2016 335  5   4.6   3.7  7
2016 335  6   4.1   3.9 13
2016 335  7   3.9   4.4 13
2016 335  8   4.1   5.0 13
2016 335  9   4.6   4.4  3
2016 335 10   5.4   5.1  3
2016 335 11   5.8   4.8  3
2016 335 12   5.6   4.1  3
2016 335 13   5.1   4.7  3
2016 335 14   4.9   5.0  3
2016 335 15   4.5   5.6  7
2016 335 16   5.2   4.9  7
2016 335 17   5.6   5.7  7
2016 335 18   5.6   6.0  3
2016 335 19   5.4   5.9  3
2016 335 20   5.6   5.1  3
2016 335 21   5.4   5.8  3
2016 335 22   5.3   6.6  3
2016 335 23   6.2   6.8  3
2016 336  0   6.6   7.5  7
2016 336  1   6.4   9.2  7
2016 336  2   6.6  10.8  7
2016 336  3   6.7   9.4 17
2016 336  4   6.3  12.0 17
2016 336  5   6.9   7.6 17
2016 336  6   6.9   7.3 10
2016 336  7   5.5   9.5 10
2016 336  8   5.7   9.9 10
2016 336  9   5.7  10.0  3
2016 336 10   5.7  10.0  3
2016 336 11   6.1   9.0  3
2016 336 12   6.3   8.2  3
2016 336 13   5.2  11.1  3
2016 336 14   4.8  11.0  3
2016 336 15   4.8  10.2  0
2016 336 16   4.6  10.1  0
2016 336 17   4.7   9.2  0
2016 336 18   4.6   8.7  0
2016 336 19   4.5   8.3  0
2016 336 20   4.2   9.0  0
2016 336 21   3.9  10.4  0
2016 336 22   4.3  10.5  0
2016 336 23   4.1  10.3  0
2016 337  0   4.1   9.8  3
2016 337  1   5.8   4.0  3
2016 337  2   6.1   3.3  3
2016 337  3   5.9   3.4 10
2016 337  4   6.0   2.9 10
2016 337  5   6.0   3.2 10
2016 337  6   5.7   3.1  7
2016 337  7   5.4   3.4  7
2016 337  8   5.5   3.6  7
2016 337  9   5.2   3.7  7
2016 337 10   5.3   3.6  7
2016 337 11   5.4   4.8  7
2016 337 12   5.3   4.7  7
2016 337 13   4.9   5.6  7
2016 337 14   4.8   5.9  7
2016 337 15   4.1   7.7 13
2016 337 16   3.8   8.2 13
2016 337 17   3.5   8.3 13
2016 337 18   3.3   8.4 13
2016 337 19   3.4   8.5 13
2016 337 20   3.6   7.8 13
2016 337 21   3.3   7.7  7
2016 337 22   3.2   7.4  7
2016 337 23   3.0   7.4  7
2016 338  0   3.0   6.8  3
2016 338  1   2.8   6.7  3
2016 338  2   2.7   6.7  3
2016 338  3   2.8   7.1  3
2016 338  4   2.8   7.4  3
2016 338  5   3.0   7.2  3
2016 338  6   3.4   7.5  7
2016 338  7   3.4   8.0  7
2016 338  8   3.0   8.5  7
2016 338  9   3.2   8.3  0
2016 338 10   3.3   8.1  0
2016 338 11   3.0   8.6  0
2016 338 12   2.8   8.7  0
2016 338 13   2.7   9.0  0
2016 338 14   2.6   9.6  0
2016 338 15   2.5  10.4  3
2016 338 16   3.1  10.2  3
2016 338 17   3.1  10.2  3
2016 338 18   3.1  10.3 10
2016 338 19   2.3  11.5 10
2016 338 20   2.2  11.7 10
2016 338 21   2.3  11.8  0
2016 338 22   2.1  12.1  0
2016 338 23   2.2  12.2  0
2016 339  0   2.1  11.9  0
2016 339  1   2.6  12.3  0
2016 339  2   2.2  12.7  0
2016 339  3   2.1  11.9  7
2016 339  4   2.2  12.3  7
2016 339  5   2.1  11.8  7
2016 339  6   1.9  12.0  0
2016 339  7   2.0  12.5  0
2016 339  8   2.1  12.7  0
2016 339  9   2.2  12.6  3
2016 339 10   2.0  12.7  3
2016 339 11   1.7  12.4  3
2016 339 12   1.6  12.0  0
2016 339 13   1.8  12.3  0
2016 339 14   2.0  13.0  0
2016 339 15   2.3  17.9  0
2016 339 16   2.7  23.0  0
2016 339 17   2.9  23.1  0
2016 339 18   3.7  22.7  0
2016 339 19   3.6  24.4  0
2016 339 20   3.0  26.2  0
2016 339 21   2.8  28.0  3
2016 339 22   3.6  26.2  3
2016 339 23   3.2  27.7  3
2016 340  0   4.1  29.1 23
2016 340  1   5.3  29.1 23
2016 340  2   5.4  32.4 23
2016 340  3   5.7  29.5  7
2016 340  4   7.3  14.7  7
2016 340  5   6.0  14.9  7
2016 340  6   6.4  14.7  0
2016 340  7   6.3  14.4  0
2016 340  8   5.8  14.5  0
2016 340  9   5.8  13.9  0
2016 340 10   6.4  12.9  0
2016 340 11   6.7  12.2  0
2016 340 12   4.8  16.7  7
2016 340 13   2.0  21.2  7
2016 340 14   3.0  21.6  7
2016 340 15   2.2  21.6 10
2016 340 16   2.3  21.2 10
2016 340 17   4.3  15.8 10
2016 340 18   5.9  12.3 10
2016 340 19   5.5  12.1 10
2016 340 20   5.0  11.9 10
2016 340 21   3.8  13.0 13
2016 340 22   5.6  11.2 13
2016 340 23   5.0  12.3 13
2016 341  0   1.7  17.6  3
2016 341  1   3.0  17.7  3
2016 341  2   3.8  17.4  3
2016 341  3   3.9  17.2  3
2016 341  4   4.4  18.7  3
2016 341  5   6.0  17.1  3
2016 341  6   6.3  18.1 10
2016 341  7   7.7  18.4 10
2016 341  8   8.4  19.0 10
2016 341  9   8.0  18.7 20
2016 341 10   8.2  18.9 20
2016 341 11   8.4  20.3 20
2016 341 12   9.8  13.2 33
2016 341 13   9.4  15.5 33
2016 341 14   8.1  16.7 33
2016 341 15   8.3   9.5 20
2016 341 16   5.7  12.3 20
2016 341 17   6.7  11.5 20
2016 341 18   9.6   7.5 13
2016 341 19   9.1   7.4 13
2016 341 20   8.8   7.5 13
2016 341 21   7.4   8.4 23
2016 341 22   6.3   8.5 23
2016 341 23   5.5   8.7 23
2016 342  0   6.1   9.0  0
2016 342  1   6.0   8.9  0
2016 342  2   6.0   9.3  0
2016 342  3   6.6   9.3 17
2016 342  4   6.7   8.4 17
2016 342  5   6.6   8.6 17
2016 342  6   6.4   8.7 30
2016 342  7   6.4   8.4 30
2016 342  8   6.4   8.3 30
2016 342  9   6.1   9.2 20
2016 342 10   6.0   9.8 20
2016 342 11   6.0  10.5 20
2016 342 12   5.0  13.1 17
2016 342 13   6.1  14.6 17
2016 342 14   9.3  19.5 17
2016 342 15   9.8  25.3 27
2016 342 16   9.9  27.1 27
2016 342 17   9.8  26.7 27
2016 342 18   8.0  35.7 30
2016 342 19   7.8  50.0 30
2016 342 20  14.8  15.8 30
2016 342 21  17.1   7.8 27
2016 342 22   9.8  10.1 27
2016 342 23  10.2   8.2 27
2016 343  0   8.2  10.7 33
2016 343  1   8.1  16.6 33
2016 343  2   9.7  19.5 33
2016 343  3   8.0  24.8 40
2016 343  4   9.2  22.2 40
2016 343  5   8.3  15.3 40
2016 343  6  10.9   8.3 27
2016 343  7  11.8   8.7 27
2016 343  8  11.6   8.3 27
2016 343  9   8.5   6.6 27
2016 343 10   9.2   5.6 27
2016 343 11   8.5   4.8 27
2016 343 12   8.9   3.6 27
2016 343 13   8.0   4.7 27
2016 343 14   8.7   5.1 27
2016 343 15   9.5   5.2 40
2016 343 16   5.9   3.1 40
2016 343 17   6.3   3.0 40
2016 343 18   6.3   2.9 43
2016 343 19   5.4   3.6 43
2016 343 20   5.9   3.4 43
2016 343 21   5.4   3.0 40
2016 343 22   5.7   2.6 40
2016 343 23   5.5   2.7 40
2016 344  0   6.0   3.1 40
2016 344  1   6.3   3.0 40
2016 344  2   6.6   3.1 40
2016 344  3   7.1   2.9 20
2016 344  4   7.7   2.9 20
2016 344  5   6.8   3.7 20
2016 344  6   6.6   4.5 33
2016 344  7   6.3   4.6 33
2016 344  8   8.0   3.9 33
2016 344  9   7.9   4.2 37
2016 344 10   7.7   5.7 37
2016 344 11   8.6   5.4 37
2016 344 12   9.6   5.1 30
2016 344 13  10.1   5.6 30
2016 344 14  10.6   5.7 30
2016 344 15  12.1   5.2 37
2016 344 16  11.3   5.4 37
2016 344 17   9.0   4.8 37
2016 344 18   6.1   3.4 47
2016 344 19   6.0   3.4 47
2016 344 20   6.0   3.4 47
2016 344 21   6.2   3.1 47
2016 344 22   6.7   2.9 47
2016 344 23   6.3   3.0 47
2016 345  0   6.0   2.9 40
2016 345  1   5.4   2.7 40
2016 345  2   5.2   2.8 40
2016 345  3   4.7   2.9 33
2016 345  4   5.2   2.7 33
2016 345  5   4.7   3.0 33
2016 345  6   4.8   3.3 23
2016 345  7   4.7   3.1 23
2016 345  8   4.9   2.6 23
2016 345  9   4.9   2.7 33
2016 345 10   4.8   2.8 33
2016 345 11   4.8   2.7 33
2016 345 12   4.7   2.5 27
2016 345 13   5.0   2.6 27
2016 345 14   5.5   2.7 27
2016 345 15   5.4   2.4 27
2016 345 16   5.8   2.6 27
2016 345 17   6.0   2.5 27
2016 345 18   4.9   2.6 30
2016 345 19   4.3   2.8 30
2016 345 20   4.3   2.6 30
2016 345 21   4.2   2.2 27
2016 345 22   4.6   2.1 27
2016 345 23   4.5   2.3 27
2016 346  0   3.8   2.6 33
2016 346  1   3.8   2.7 33
2016 346  2   3.7   2.8 33
2016 346  3   4.1   2.8 43
2016 346  4   3.9   2.7 43
2016 346  5   4.1   2.9 43
2016 346  6   4.4   3.0 20
2016 346  7   4.0   3.1 20
2016 346  8   3.9   3.5 20
2016 346  9   3.9   3.3 30
2016 346 10   4.1   3.4 30
2016 346 11   4.2   3.1 30
2016 346 12   4.1   3.2 23
2016 346 13   4.4   3.3 23
2016 346 14   4.5   3.7 23
2016 346 15   4.4   3.7 27
2016 346 16   3.8   3.6 27
2016 346 17   4.3   4.0 27
2016 346 18   4.7   4.6 30
2016 346 19   5.1   3.8 30
2016 346 20   4.8   3.6 30
2016 346 21   4.0   4.2 17
2016 346 22   4.4   4.3 17
2016 346 23   5.3   4.4 17
2016 347  0   7.4   4.8 20
2016 347  1   5.9   3.7 20
2016 347  2   5.5   3.4 20
2016 347  3   4.9   3.3 23
2016 347  4   5.5   3.3 23
2016 347  5   5.9   3.2 23
2016 347  6   5.9   3.4 13
2016 347  7   6.0   3.7 13
2016 347  8   5.4   3.9 13
2016 347  9   5.5   4.0  3
2016 347 10   5.8   4.4  3
2016 347 11   5.6   4.4  3
2016 347 12   5.5   4.2  3
2016 347 13   5.9   3.2  3
2016 347 14   6.2   2.7  3
2016 347 15   6.1   3.6 17
2016 347 16   6.3   4.2 17
2016 347 17   6.0   5.0 17
2016 347 18   5.2   5.5  7
2016 347 19   5.9   5.0  7
2016 347 20   5.3   4.0  7
2016 347 21   5.5   4.0 13
2016 347 22   5.2   3.7 13
2016 347 23   5.0   3.3 13
2016 348  0   4.1   3.5 13
2016 348  1   3.9   3.5 13
2016 348  2   4.1   3.5 13
2016 348  3   4.5   3.2  7
2016 348  4   4.6   3.0  7
2016 348  5   3.9   2.9  7
2016 348  6   3.2   2.7  3
2016 348  7   4.1   2.0  3
2016 348  8   4.5   2.0  3
2016 348  9   4.8   1.4 10
2016 348 10   4.8   1.6 10
2016 348 11   4.7   2.0 10
2016 348 12   4.3   2.6 10
2016 348 13   4.2   2.8 10
2016 348 14   3.7   2.6 10
2016 348 15   5.4   3.1  7
2016 348 16   4.7   2.2  7
2016 348 17   4.4   2.2  7
2016 348 18   4.6   2.3  3
2016 348 19   4.5   2.5  3
2016 348 20   4.3   2.5  3
2016 348 21   4.2   2.2 17
2016 348 22   3.2   2.5 17
2016 348 23   3.4   2.2 17
2016 349  0   3.1   2.3 13
2016 349  1   3.0   2.1 13
2016 349  2   3.0   2.1 13
2016 349  3   3.0   2.0  7
2016 349  4   3.1   2.2  7
2016 349  5   3.1   2.5  7
2016 349  6   3.2   2.6  7
2016 349  7   3.1   2.6  7
2016 349  8   3.1   2.9  7
2016 349  9   3.1   2.8 13
2016 349 10   3.6   2.7 13
2016 349 11   4.0   2.6 13
2016 349 12   4.0   2.9  7
2016 349 13   3.8   2.7  7
2016 349 14   3.7   3.5  7
2016 349 15   4.1   3.6  3
2016 349 16   4.5   4.5  3
2016 349 17   3.7   4.4  3
2016 349 18   4.4   4.0 13
2016 349 19   4.2   3.8 13
2016 349 20   4.1   3.5 13
2016 349 21   3.5   4.3  7
2016 349 22   3.5   3.9  7
2016 349 23   3.4   4.0  7
2016 350  0   3.0   4.0  0
2016 350  1   3.7   2.9  0
2016 350  2   4.2   2.1  0
2016 350  3   3.8   2.5  0
2016 350  4   3.8   2.7  0
2016 350  5   4.1   3.4  0
2016 350  6   3.8   4.1  3
2016 350  7   3.9   4.0  3
2016 350  8   3.3   4.2  3
2016 350  9   2.8   4.2  7
2016 350 10   1.9   4.3  7
2016 350 11   2.7   4.1  7
2016 350 12   2.7   3.9  3
2016 350 13   3.3   3.8  3
2016 350 14   3.3   3.8  3
2016 350 15   2.9   3.6  3
2016 350 16   3.0   3.6  3
2016 350 17   3.1   3.6  3
2016 350 18   2.7   4.3 10
2016 350 19   2.9   5.2 10
2016 350 20   3.1   5.3 10
2016 350 21   3.5   5.0  7
2016 350 22   3.4   4.8  7
2016 350 23   3.3   4.5  7
2016 351  0   2.6   4.7  7
2016 351  1   3.7   4.9  7
2016 351  2   3.6   5.0  7
2016 351  3   4.3   4.0  3
2016 351  4   3.8   4.0  3
2016 351  5   3.8   4.1  3
2016 351  6   3.4   4.5  0
2016 351  7   3.7   4.3  0
2016 351  8   3.8   4.3  0
2016 351  9   3.7   4.3  0
2016 351 10   3.4   4.5  0
2016 351 11   3.0   4.8  0
2016 351 12   2.9   4.8  0
2016 351 13   2.6   5.1  0
2016 351 14   2.9   5.1  0
2016 351 15   3.0   5.4  0
2016 351 16   3.0   5.9  0
2016 351 17   3.2   6.3  0
2016 351 18   3.0   6.3  3
2016 351 19   2.7   6.4  3
2016 351 20   3.0   6.4  3
2016 351 21   3.4   6.3 10
2016 351 22   3.5   6.6 10
2016 351 23   3.3   7.4 10
2016 352  0   3.5   7.6  0
2016 352  1   3.5   7.4  0
2016 352  2   3.4   7.0  0
2016 352  3   3.0   7.0  0
2016 352  4   3.2   7.1  0
2016 352  5   3.1   8.3  0
2016 352  6   2.6  10.6  3
2016 352  7   1.5  11.7  3
2016 352  8   2.6   9.2  3
2016 352  9   3.2   7.8  3
2016 352 10   2.4  13.0  3
2016 352 11   4.5  12.3  3
2016 352 12   4.5  13.2 10
2016 352 13   4.1  16.3 10
2016 352 14   3.7  16.6 10
2016 352 15   5.0  16.4 17
2016 352 16   6.6  11.4 17
2016 352 17   4.5   9.2 17
2016 352 18   5.6   9.3 23
2016 352 19   7.2   9.4 23
2016 352 20   4.9  18.9 23
2016 352 21   6.6  21.8 33
2016 352 22   7.4  21.2 33
2016 352 23  10.6  16.9 33
2016 353  0   9.1  12.6 30
2016 353  1   7.5   9.7 30
2016 353  2   5.9  10.0 30
2016 353  3   5.9   8.7 27
2016 353  4   6.3   8.0 27
2016 353  5   6.1   8.7 27
2016 353  6   6.1   8.3 23
2016 353  7   5.8   7.6 23
2016 353  8   4.8   7.6 23
2016 353  9   4.5   7.4 13
2016 353 10   4.5   7.2 13
2016 353 11   4.1   7.0 13
2016 353 12   4.3   6.7 17
2016 353 13   3.9   6.7 17
2016 353 14   3.8   6.6 17
2016 353 15   4.5   6.3 17
2016 353 16   4.9   7.2 17
2016 353 17   5.0   6.7 17
2016 353 18   5.5   6.9 13
2016 353 19   5.5   7.5 13
2016 353 20   6.1   6.5 13
2016 353 21   6.9   7.4 10
2016 353 22   6.3   7.2 10
2016 353 23   6.8   9.8 10
2016 354  0   7.0  10.9 10
2016 354  1   6.9   9.9 10
2016 354  2   7.2  12.2 10
2016 354  3   6.2  11.2 17
2016 354  4   5.7  10.0 17
2016 354  5   5.4   8.2 17
2016 354  6   4.5   8.1 13
2016 354  7   4.7   6.5 13
2016 354  8   5.2   4.7 13
2016 354  9   5.0   4.2 10
2016 354 10   4.8   4.3 10
2016 354 11   4.8   4.7 10
2016 354 12   4.9   4.4  7
2016 354 13   4.5   4.8  7
2016 354 14   4.0   5.3  7
2016 354 15   4.0   6.4 13
2016 354 16   4.3   7.9 13
2016 354 17   3.6   8.7 13
2016 354 18   3.8   9.2 20
2016 354 19   3.9  10.2 20
2016 354 20   4.1  12.6 20
2016 354 21   4.4  11.0  7
2016 354 22   5.6   9.8  7
2016 354 23   5.2   8.5  7
2016 355  0   4.7   8.6 10
2016 355  1   3.5   8.9 10
2016 355  2   4.2   8.1 10
2016 355  3   4.6   8.7 10
2016 355  4   4.5   7.3 10
2016 355  5   4.6   7.3 10
2016 355  6   5.7  10.2 10
2016 355  7   6.6   8.8 10
2016 355  8   5.8   8.9 10
2016 355  9   5.9   9.2 13
2016 355 10   6.0   8.6 13
2016 355 11   5.9   8.8 13
2016 355 12   5.2   9.1 10
2016 355 13   6.2   8.4 10
2016 355 14   6.1   9.7 10
2016 355 15   6.5   9.6 20
2016 355 16   5.7   8.0 20
2016 355 17   6.2   6.7 20
2016 355 18   7.1   7.5  7
2016 355 19   9.1   6.8  7
2016 355 20   8.7   8.3  7
2016 355 21   7.7  11.5 27
2016 355 22   6.9  11.6 27
2016 355 23   6.7  14.2 27
2016 356  0   7.2  12.5 20
2016 356  1   8.4   9.8 20
2016 356  2   8.7   7.7 20
2016 356  3   9.5   8.8 20
2016 356  4   9.9  11.0 20
2016 356  5  11.7  11.2 20
2016 356  6  12.8   6.1 13
2016 356  7  10.6   6.7 13
2016 356  8  12.7   7.1 13
2016 356  9  11.8   7.1 30
2016 356 10  11.5   6.6 30
2016 356 11  11.4   5.4 30
2016 356 12   9.1   4.9 33
2016 356 13   8.2   5.7 33
2016 356 14   9.6   5.6 33
2016 356 15  11.0   6.4 60
2016 356 16  11.9   7.1 60
2016 356 17  12.4   6.4 60
2016 356 18  11.7   7.6 40
2016 356 19   9.7   4.1 40
2016 356 20   9.7   6.4 40
2016 356 21   9.2   6.2 40
2016 356 22   8.5   6.7 40
2016 356 23   9.1   6.8 40
2016 357  0   7.1   5.3 47
2016 357  1   7.3   4.1 47
2016 357  2   7.5   3.7 47
2016 357  3   7.3   3.8 43
2016 357  4   7.4   3.6 43
2016 357  5   7.1   3.5 43
2016 357  6   6.2   3.8 33
2016 357  7   6.1   4.0 33
2016 357  8   6.0   3.9 33
2016 357  9   5.8   3.7 30
2016 357 10   5.7   3.4 30
2016 357 11   5.7   3.5 30
2016 357 12   5.9   3.0 30
2016 357 13   6.4   3.2 30
2016 357 14   6.7   3.0 30
2016 357 15   6.8   3.3 27
2016 357 16   6.7   3.4 27
2016 357 17   6.4   3.2 27
2016 357 18   5.4   3.5 40
2016 357 19   5.8   3.4 40
2016 357 20   5.7   3.3 40
2016 357 21   5.9   3.1 30
2016 357 22   5.6   3.4 30
2016 357 23   5.5   3.1 30
2016 358  0   5.0   2.7 30
2016 358  1   5.3   2.6 30
2016 358  2   5.3   2.8 30
2016 358  3   5.2   2.9 40
2016 358  4   4.9   2.9 40
2016 358  5   5.0   2.7 40
2016 358  6   4.6   2.6 27
2016 358  7   4.3   2.5 27
2016 358  8   4.5   2.5 27
2016 358  9   5.0   2.6 33
2016 358 10   4.9   2.5 33
2016 358 11   4.9   2.3 33
2016 358 12   5.3   2.3 30
2016 358 13   5.5   2.2 30
2016 358 14   5.2   2.2 30
2016 358 15   4.6   2.2 33
2016 358 16   4.5   2.1 33
2016 358 17   4.9   2.0 33
2016 358 18   5.1   2.1 40
2016 358 19   5.2   2.1 40
2016 358 20   5.3   2.0 40
2016 358 21   5.2   1.9 37
2016 358 22   4.9   1.7 37
2016 358 23   5.0   1.5 37
2016 359  0   5.3   1.6 30
2016 359  1   5.7   1.8 30
2016 359  2   5.4   1.7 30
2016 359  3   4.6   1.9 27
2016 359  4   4.4   2.4 27
2016 359  5   4.2   2.3 27
2016 359  6   3.4   2.7 27
2016 359  7   3.8   3.0 27
2016 359  8   4.8   2.9 27
2016 359  9   5.5   2.3 20
2016 359 10   6.0   2.5 20
2016 359 11   5.8   2.7 20
2016 359 12   6.2   2.8 30
2016 359 13   6.2   2.7 30
2016 359 14   6.5   3.1 30
2016 359 15   6.6   3.5 33
2016 359 16   5.8   3.5 33
2016 359 17   5.7   3.6 33
2016 359 18   5.7   3.1 23
2016 359 19   6.1   3.2 23
2016 359 20   5.8   3.4 23
2016 359 21   6.1   3.2 20
2016 359 22   6.1   3.9 20
2016 359 23   6.5   3.7 20
2016 360  0   7.0   3.9 33
2016 360  1   6.3   4.7 33
2016 360  2   7.3   4.6 33
2016 360  3   7.0   4.6 33
2016 360  4   6.6   5.1 33
2016 360  5   4.9   4.0 33
2016 360  6   5.1   3.6 20
2016 360  7   5.1   3.7 20
2016 360  8   5.8   3.0 20
2016 360  9   5.3   3.6 37
2016 360 10   5.6   3.2 37
2016 360 11   5.8   3.2 37
2016 360 12   5.3   3.2 40
2016 360 13   4.6   3.5 40
2016 360 14   5.2   3.5 40
2016 360 15   4.9   3.4 40
2016 360 16   5.4   3.4 40
2016 360 17   5.3   3.1 40
2016 360 18   5.3   2.7 40
2016 360 19   4.9   2.8 40
2016 360 20   4.9   2.9 40
2016 360 21   5.0   2.8 27
2016 360 22   4.2   2.7 27
2016 360 23   4.2   2.6 27
2016 361  0   4.3   2.7 47
2016 361  1   4.7   2.9 47
2016 361  2   4.7   2.9 47
2016 361  3   5.0   3.1 33
2016 361  4   4.9   3.4 33
2016 361  5   4.7   3.6 33
2016 361  6   5.3   3.5 33
2016 361  7   4.7   3.3 33
2016 361  8   4.5   3.2 33
2016 361  9   4.6   2.8 30
2016 361 10   5.1   2.1 30
2016 361 11   4.7   2.4 30
2016 361 12   4.7   2.5 37
2016 361 13   4.5   2.5 37
2016 361 14   5.1   2.6 37
2016 361 15   5.1   2.6 37
2016 361 16   4.7   2.5 37
2016 361 17   4.1   2.8 37
2016 361 18   4.1   2.7 27
2016 361 19   4.2   2.6 27
2016 361 20   3.8   2.3 27
2016 361 21   4.1   2.4 33
2016 361 22   4.4   2.7 33
2016 361 23   4.7   2.6 33
2016 362  0   4.7   2.5 37
2016 362  1   3.9   2.8 37
2016 362  2   3.7   2.5 37
2016 362  3   3.5   2.3 33
2016 362  4   3.3   1.9 33
2016 362  5   3.5   2.0 33
2016 362  6   3.7   1.9 20
2016 362  7   3.9   1.8 20
2016 362  8   3.7   1.9 20
2016 362  9   4.0   1.9 20
2016 362 10   4.2   1.9 20
2016 362 11   4.2   2.2 20
2016 362 12   4.2   2.7 23
2016 362 13   3.8   2.7 23
2016 362 14   3.6   2.7 23
2016 362 15   4.4   2.9 13
2016 362 16   3.9   2.8 13
2016 362 17   4.1   3.3 13
2016 362 18   4.1   3.3 20
2016 362 19   3.4   3.6 20
2016 362 20   3.2   4.0 20
2016 362 21   3.3   3.4 27
2016 362 22   3.2   2.7 27
2016 362 23   2.9   2.2 27
2016 363  0   2.5   2.0 17
2016 363  1   2.3   2.5 17
2016 363  2   2.7   2.3 17
2016 363  3   2.6   2.2 20
2016 363  4   2.9   2.5 20
2016 363  5   2.8   2.6 20
2016 363  6   2.5   2.6  3
2016 363  7   2.5   2.7  3
2016 363  8   2.8   2.6  3
2016 363  9   2.6   2.6  7
2016 363 10   2.7   2.8  7
2016 363 11   2.9   2.7  7
2016 363 12   3.3   2.5  7
2016 363 13   3.4   2.7  7
2016 363 14   3.0   3.2  7
2016 363 15   3.1   3.5 20
2016 363 16   3.1   4.0 20
2016 363 17   3.3   4.1 20
2016 363 18   3.6   4.1 13
2016 363 19   3.5   3.9 13
2016 363 20   3.3   4.1 13
2016 363 21   3.2   4.8 13
2016 363 22   3.0   4.9 13
2016 363 23   3.6   5.8 13
2016 364  0   3.8   5.9 20
2016 364  1   2.9   5.5 20
2016 364  2   2.9   5.6 20
2016 364  3   3.4   5.6 10
2016 364  4   2.3   6.1 10
2016 364  5   3.4   5.8 10
2016 364  6   3.5   5.6  3
2016 364  7   3.8   5.6  3
2016 364  8   3.8   5.6  3
2016 364  9   3.6   5.6 10
2016 364 10   4.2   4.3 10
2016 364 11   5.1   3.4 10
2016 364 12   5.4   2.9 13
2016 364 13   5.1   3.3 13
2016 364 14   5.1   3.9 13
2016 364 15   4.9   4.0 20
2016 364 16   5.0   4.1 20
2016 364 17   4.8   4.8 20
2016 364 18   4.4   5.2  3
2016 364 19   4.1   5.7  3
2016 364 20   3.7   6.3  3
2016 364 21   3.6   6.5  3
2016 364 22   3.7   6.6  3
2016 364 23   3.6   6.6  3
2016 365  0   3.6   7.1  0
2016 365  1   3.5   7.5  0
2016 365  2   3.8   7.7  0
2016 365  3   3.5   8.3 13
2016 365  4   3.9   7.6 13
2016 365  5   4.0   7.9 13
2016 365  6   4.4   7.6  3
2016 365  7   3.9   8.3  3
2016 365  8   3.5   9.0  3
2016 365  9   3.6   9.3  3
2016 365 10   3.6   9.4  3
2016 365 11   3.5   9.2  3
2016 365 12   3.7   8.6  7
2016 365 13   3.9   8.7  7
2016 365 14   3.8   8.6  7
2016 365 15   4.3   8.7  7
2016 365 16   4.3   8.2  7
2016 365 17   4.1   8.2  7
2016 365 18   4.0   7.4  3
2016 365 19   3.8   7.6  3
2016 365 20   3.9   8.2  3
2016 365 21   3.9   8.6  7
2016 365 22   4.0   9.6  7
2016 365 23   3.8  10.4  7
2016 366  0   4.5   9.5  7
2016 366  1   5.0  11.6  7
2016 366  2   5.6  12.3  7
2016 366  3   5.9  13.9 23
2016 366  4   5.8  14.6 23
2016 366  5   5.9  17.5 23
2016 366  6   7.0  20.7 20
2016 366  7   6.7  26.1 20
2016 366  8   6.0  29.3 20
2016 366  9   6.9  27.5 27
2016 366 10   9.8  33.9 27
2016 366 11   5.4  57.8 27
2016 366 12  12.5  23.2 33
2016 366 13  13.6   8.5 33
2016 366 14  13.1   9.4 33
2016 366 15  15.2   9.9 33
2016 366 16  16.0  10.1 33
2016 366 17  18.3  11.1 33
2016 366 18  16.8  13.0 33
2016 366 19  13.2  15.3 33
2016 366 20   8.1   7.6 33
2016 366 21   7.5   7.9 27
2016 366 22   7.7   8.9 27
2016 366 23   7.5   8.1 27
2017   1  0   7.1   7.1 33
2017   1  1   6.5   6.8 33
2017   1  2   5.8   6.3 33
2017   1  3   6.2   5.0 37
2017   1  4   6.7   5.9 37
2017   1  5   5.6   5.0 37
2017   1  6   5.0   4.4 27
2017   1  7   4.5   4.7 27
2017   1  8   5.1   5.1 27
2017   1  9   3.4   5.9 23
2017   1 10   4.0   5.7 23
2017   1 11   4.9   5.7 23
2017   1 12   4.2   6.0 23
2017   1 13   3.7   6.0 23
2017   1 14   4.7   5.3 23
2017   1 15   4.6   5.6 30
2017   1 16   4.1   5.6 30
2017   1 17   3.7   5.6 30
2017   1 18   3.4   5.0 20
2017   1 19   3.4   5.3 20
2017   1 20   3.1   5.2 20
2017   1 21   3.5   5.2 17
2017   1 22   3.9   5.3 17
2017   1 23   4.0   5.1 17
2017   2  0   3.1   5.0 17
2017   2  1   2.2   4.6 17
2017   2  2   2.3   4.0 17
2017   2  3   3.1   4.3 23
2017   2  4   3.1   4.8 23
2017   2  5   3.2   5.5 23
2017   2  6   3.5   5.8 20
2017   2  7   3.6   5.7 20
2017   2  8   3.4   5.9 20
2017   2  9   3.3   5.6 17
2017   2 10   3.5   5.4 17
2017   2 11   4.3   5.9 17
2017   2 12   4.7   6.5 13
2017   2 13   5.4   5.7 13
2017   2 14   4.7   7.2 13
2017   2 15   4.4   7.1 20
2017   2 16   4.8   6.3 20
2017   2 17   5.1   6.2 20
2017   2 18   5.1   7.2  3
2017   2 19   5.5   7.1  3
2017   2 20   6.9   6.6  3
2017   2 21   7.0   8.4  7
2017   2 22   7.4   6.3  7
2017   2 23   6.6   8.1  7
2017   3  0   6.4   8.3  3
2017   3  1   6.5   7.7  3
2017   3  2   6.2   8.3  3
2017   3  3   5.5   9.6 17
2017   3  4   5.6  12.1 17
2017   3  5   5.7  16.5 17
2017   3  6   7.3  22.6 20
2017   3  7   5.6  28.4 20
2017   3  8   9.2  20.6 20
2017   3  9  10.5  13.8 37
2017   3 10   6.7  13.9 37
2017   3 11   5.2  12.4 37
2017   3 12   6.2  10.7 27
2017   3 13   8.3   9.4 27
2017   3 14   8.2   8.3 27
2017   3 15   7.8   6.6 30
2017   3 16   7.2   5.5 30
2017   3 17   7.6   5.4 30
2017   3 18   7.4   6.3 27
2017   3 19   8.2   6.5 27
2017   3 20   9.0   6.0 27
2017   3 21   8.5   6.2 27
2017   3 22   8.1   7.0 27
2017   3 23   7.7   7.7 27
2017   4  0   7.5   9.5 10
2017   4  1   7.3  10.8 10
2017   4  2   7.3  12.1 10
2017   4  3   7.4  13.9 17
2017   4  4   7.0  23.2 17
2017   4  5  11.3  29.6 17
2017   4  6  13.9  15.7 13
2017   4  7  11.9   9.0 13
2017   4  8  11.8   5.9 13
2017   4  9   9.7   7.2 20
2017   4 10   9.9   6.5 20
2017   4 11   9.9   5.5 20
2017   4 12  10.4   5.6 23
2017   4 13  11.5   5.6 23
2017   4 14  10.1   7.1 23
2017   4 15   8.7   7.5 23
2017   4 16   7.8   6.4 23
2017   4 17   7.0   7.4 23
2017   4 18   6.5   6.9 37
2017   4 19   5.9   6.9 37
2017   4 20   7.4   6.2 37
2017   4 21   8.4   5.3 33
2017   4 22   8.7   5.7 33
2017   4 23   8.9   5.3 33
2017   5  0   8.5   5.2 33
2017   5  1   8.9   5.8 33
2017   5  2   9.2   7.0 33
2017   5  3   9.7   7.6 33
2017   5  4   7.4  10.0 33
2017   5  5   6.0  10.4 33
2017   5  6   5.8   8.7 20
2017   5  7   6.4   6.6 20
2017   5  8   5.9   4.0 20
2017   5  9   6.9   3.9 20
2017   5 10   6.4   3.2 20
2017   5 11   5.8   4.4 20
2017   5 12   8.0   6.0 30
2017   5 13   7.2   6.5 30
2017   5 14   8.5   4.0 30
2017   5 15   9.8   5.6 37
2017   5 16   9.6   7.2 37
2017   5 17   9.7   7.4 37
2017   5 18   9.3   7.5 37
2017   5 19   9.4   5.5 37
2017   5 20   9.9   5.3 37
2017   5 21   9.5   5.0 40
2017   5 22   8.6   3.5 40
2017   5 23   5.2   2.1 40
2017   6  0   5.0   2.3 37
2017   6  1   4.3   2.6 37
2017   6  2   4.3   2.7 37
2017   6  3   4.4   2.7 37
2017   6  4   4.7   2.7 37
2017   6  5   4.6   2.5 37
2017   6  6   4.3   2.4 27
2017   6  7   4.6   2.5 27
2017   6  8   4.9   2.3 27
2017   6  9   5.1   2.3 23
2017   6 10   4.8   2.1 23
2017   6 11   4.5   1.9 23
2017   6 12   4.8   2.2 27
2017   6 13   5.0   2.2 27
2017   6 14   4.9   2.1 27
2017   6 15   4.9   2.0 27
2017   6 16   4.8   2.2 27
2017   6 17   4.7   2.5 27
2017   6 18   4.4   2.6 27
2017   6 19   3.9   2.8 27
2017   6 20   4.3   2.7 27
2017   6 21   4.7   2.6 30
2017   6 22   4.9   2.7 30
2017   6 23   4.9   2.7 30
2017   7  0   4.8   2.6 37
2017   7  1   4.5   2.5 37
2017   7  2   4.9   2.4 37
2017   7  3   4.7   2.2 30
2017   7  4   3.7   2.2 30
2017   7  5   4.1   2.1 30
2017   7  6   3.3   2.0 33
2017   7  7   3.4   2.0 33
2017   7  8   3.9   2.1 33
2017   7  9   4.4   1.9 27
2017   7 10   4.8   2.1 27
2017   7 11   5.0   2.2 27
2017   7 12   4.9   2.6 43
2017   7 13   4.4   2.7 43
2017   7 14   4.0   2.5 43
2017   7 15   4.2   2.6 40
2017   7 16   4.1   2.5 40
2017   7 17   4.0   2.5 40
2017   7 18   4.3   2.4 33
2017   7 19   4.3   2.3 33
2017   7 20   4.3   2.1 33
2017   7 21   4.7   2.2 30
2017   7 22   4.7   2.2 30
2017   7 23   4.4   2.3 30
2017   8  0   4.1   2.3 30
2017   8  1   4.7   2.6 30
2017   8  2   4.9   2.4 30
2017   8  3   4.1   2.7 27
2017   8  4   4.0   2.8 27
2017   8  5   3.9   2.6 27
2017   8  6   4.1   2.8 23
2017   8  7   5.1   2.5 23
2017   8  8   5.8   2.4 23
2017   8  9   4.9   2.7 33
2017   8 10   4.8   2.9 33
2017   8 11   4.7   2.9 33
2017   8 12   4.5   2.8 30
2017   8 13   4.3   2.6 30
2017   8 14   4.1   2.2 30
2017   8 15   4.4   2.1 27
2017   8 16   4.4   1.8 27
2017   8 17   4.4   2.0 27
2017   8 18   3.9   2.0 37
2017   8 19   3.8   1.9 37
2017   8 20   4.1   2.1 37
2017   8 21   4.2   2.0 40
2017   8 22   4.1   1.7 40
2017   8 23   4.1   1.4 40
2017   9  0   4.2   1.5 33
2017   9  1   4.2   1.9 33
2017   9  2   4.0   1.6 33
2017   9  3   4.4   1.8 23
2017   9  4   4.3   1.8 23
2017   9  5   4.5   1.9 23
2017   9  6   4.2   1.6 17
2017   9  7   4.2   1.4 17
2017   9  8   4.0   1.4 17
2017   9  9   4.1   1.4 20
2017   9 10   4.2   1.6 20
2017   9 11   4.4   1.6 20
2017   9 12   4.5   1.7 33
2017   9 13   5.1   1.9 33
2017   9 14   5.3   2.0 33
2017   9 15   5.3   2.1 33
2017   9 16   5.3   2.4 33
2017   9 17   4.8   2.6 33
2017   9 18   4.4   2.7 13
2017   9 19   4.3   2.5 13
2017   9 20   3.4   2.3 13
2017   9 21   3.9   2.0 23
2017   9 22   3.7   1.9 23
2017   9 23   3.5   1.6 23
2017  10  0   3.8   1.6 20
2017  10  1   4.0   1.7 20
2017  10  2   4.1   1.6 20
2017  10  3   3.6   2.1 20
2017  10  4   3.5   2.3 20
2017  10  5   3.4   2.7 20
2017  10  6   3.9   3.1 20
2017  10  7   4.0   3.6 20
2017  10  8   3.8   3.1 20
2017  10  9   3.6   2.7  7
2017  10 10   3.4   2.6  7
2017  10 11   3.3   2.3  7
2017  10 12   3.4   2.3 10
2017  10 13   2.8   2.2 10
2017  10 14   3.6   2.8 10
2017  10 15   4.5   3.3 37
2017  10 16   4.5   4.2 37
2017  10 17   5.3   3.8 37
2017  10 18   4.9   3.9 30
2017  10 19   3.7   4.6 30
2017  10 20   3.5   3.8 30
2017  10 21   2.8   3.7 27
2017  10 22   2.6   4.7 27
2017  10 23   3.6   4.9 27
2017  11  0   3.5   4.4 27
2017  11  1   3.0   4.6 27
2017  11  2   3.9   4.1 27
2017  11  3   4.3   3.6 20
2017  11  4   3.8   4.5 20
2017  11  5   4.0   4.4 20
2017  11  6   4.0   4.4 17
2017  11  7   4.8   3.8 17
2017  11  8   4.7   3.4 17
2017  11  9   4.0   3.1  3
2017  11 10   4.5   2.5  3
2017  11 11   4.1   3.0  3
2017  11 12   3.3   3.4 10
2017  11 13   3.3   3.5 10
2017  11 14   3.3   3.6 10
2017  11 15   3.2   3.8 23
2017  11 16   3.4   4.1 23
2017  11 17   3.3   4.5 23
2017  11 18   2.6   4.3 23
2017  11 19   2.7   4.4 23
2017  11 20   2.7   4.4 23
2017  11 21   2.2   4.7 20
2017  11 22   2.5   4.7 20
2017  11 23   2.5   4.7 20
2017  12  0   2.6   4.6 20
2017  12  1   2.5   4.8 20
2017  12  2   2.6   5.0 20
2017  12  3   3.5   4.4 23
2017  12  4   3.2   4.4 23
2017  12  5   2.7   4.9 23
2017  12  6   2.8   4.6  0
2017  12  7   2.5   4.6  0
2017  12  8   2.5   4.9  0
2017  12  9   2.6   5.6  3
2017  12 10   3.2   5.4  3
2017  12 11   2.2   5.8  3
2017  12 12   3.0   6.1  0
2017  12 13   3.6   6.4  0
2017  12 14   4.1   6.7  0
2017  12 15   3.8   6.8  0
2017  12 16   4.0   7.0  0
2017  12 17   3.9   7.7  0
2017  12 18   4.2   8.4 13
2017  12 19   4.5   8.4 13
2017  12 20   4.4   9.3 13
2017  12 21   4.0   9.3 17
2017  12 22   4.4   8.6 17
2017  12 23   4.5   8.9 17
2017  13  0   4.1  10.0 10
2017  13  1   4.0  11.4 10
2017  13  2   4.5  10.2 10
2017  13  3   3.4  10.4 10
2017  13  4   3.7  10.4 10
2017  13  5   4.0  10.2 10
2017  13  6   4.0   9.6  0
2017  13  7   3.9   9.8  0
2017  13  8   4.3  10.0  0
2017  13  9   5.4   9.6  3
2017  13 10   5.9   9.3  3
2017  13 11   5.9   9.5  3
2017  13 12   5.8  10.9  7
2017  13 13   5.1  12.3  7
2017  13 14   5.2  12.9  7
2017  13 15   5.5  13.2 17
2017  13 16   3.9  13.6 17
2017  13 17   3.9  13.0 17
2017  13 18   3.1  13.4 13
2017  13 19   3.2  14.3 13
2017  13 20   1.9  14.8 13
2017  13 21   1.7  14.2 10
2017  13 22   2.0  13.3 10
2017  13 23   2.7  11.2 10
2017  14  0   4.9   5.9 10
2017  14  1   4.1   6.7 10
2017  14  2   3.9   6.8 10
2017  14  3   3.8   6.1 17
2017  14  4   3.8   5.9 17
2017  14  5   3.9   6.1 17
2017  14  6   3.6   7.1 10
2017  14  7   4.1   5.7 10
2017  14  8   2.8   8.5 10
2017  14  9   1.6   9.5  3
2017  14 10   2.2   8.8  3
2017  14 11   2.1   8.7  3
2017  14 12   1.5   9.2  7
2017  14 13   1.5   9.3  7
2017  14 14   1.2   9.5  7
2017  14 15   1.3   9.4 10
2017  14 16   1.3   9.2 10
2017  14 17   1.6   8.9 10
2017  14 18   1.4   9.3  7
2017  14 19   1.3   9.6  7
2017  14 20   1.1  10.9  7
2017  14 21   1.3  11.3 10
2017  14 22   1.4  11.9 10
2017  14 23   2.7  10.9 10
2017  15  0   3.5  10.9 20
2017  15  1   3.4  12.4 20
2017  15  2   3.3  13.0 20
2017  15  3   3.3  11.4 10
2017  15  4   2.8  11.6 10
2017  15  5   3.1  11.3 10
2017  15  6   3.6  11.4 17
2017  15  7   3.0  11.7 17
2017  15  8   3.2  11.1 17
2017  15  9   3.5  10.9  7
2017  15 10   3.4  10.1  7
2017  15 11   4.1  10.1  7
2017  15 12   4.6  10.7 10
2017  15 13   4.5  10.9 10
2017  15 14   4.4  11.6 10
2017  15 15   4.9  11.4  7
2017  15 16   5.4  10.7  7
2017  15 17   3.5  12.0  7
2017  15 18   4.4  11.0 20
2017  15 19   3.7  11.3 20
2017  15 20   3.4  11.2 20
2017  15 21   3.6  11.3  3
2017  15 22   3.3  11.7  3
2017  15 23   3.4  12.3  3
2017  16  0   3.1  12.0  7
2017  16  1   3.3  12.0  7
2017  16  2   3.1  11.8  7
2017  16  3   3.5  12.0  3
2017  16  4   3.7  12.6  3
2017  16  5   3.4  13.2  3
2017  16  6   4.0  12.3  3
2017  16  7   3.8  12.8  3
2017  16  8   3.6  12.7  3
2017  16  9   3.1  12.1  0
2017  16 10   3.7  11.1  0
2017  16 11   3.5  10.9  0
2017  16 12   3.0  11.0  0
2017  16 13   3.2  10.6  0
2017  16 14   3.6  10.2  0
2017  16 15   3.5  10.7  0
2017  16 16   3.7  10.8  0
2017  16 17   3.7  11.4  0
2017  16 18   4.6  16.5  7
2017  16 19   4.8  18.1  7
2017  16 20   3.8  20.6  7
2017  16 21   3.3  21.9  3
2017  16 22   4.2  18.5  3
2017  16 23   4.1  13.4  3
2017  17  0   4.1  13.2  7
2017  17  1   2.9  14.4  7
2017  17  2   3.0  13.4  7
2017  17  3   3.9  12.2  0
2017  17  4   3.3  11.8  0
2017  17  5   2.9  11.2  0
2017  17  6   3.3  10.4  3
2017  17  7   2.9  10.8  3
2017  17  8   2.7  11.3  3
2017  17  9   2.5  11.7  3
2017  17 10   2.8  11.9  3
2017  17 11   3.0  13.9  3
2017  17 12   3.1  16.0 10
2017  17 13   3.5  18.0 10
2017  17 14   6.0  14.6 10
2017  17 15   4.7  17.0 20
2017  17 16   4.5  18.7 20
2017  17 17   4.8  18.0 20
2017  17 18   5.4  17.2  3
2017  17 19   4.5  18.1  3
2017  17 20   2.6  18.5  3
2017  17 21   2.5  19.3  3
2017  17 22   4.2  25.5  3
2017  17 23   4.5  32.0  3
2017  18  0   3.7  33.7  3
2017  18  1   5.9  36.1  3
2017  18  2   9.7  39.5  3
2017  18  3   8.8  46.7 27
2017  18  4  12.2  41.1 27
2017  18  5  14.2  20.9 27
2017  18  6  11.9  17.3 27
2017  18  7  15.5  11.2 27
2017  18  8  15.4   9.6 27
2017  18  9  15.9   8.8 27
2017  18 10  14.5   9.0 27
2017  18 11  13.8   8.2 27
2017  18 12  13.3   8.6 33
2017  18 13  12.4   7.1 33
2017  18 14   8.5   5.8 33
2017  18 15   8.2   4.6 33
2017  18 16   7.3   5.3 33
2017  18 17   7.4   5.3 33
2017  18 18   8.6   4.6 37
2017  18 19   7.6   4.5 37
2017  18 20   6.8   5.3 37
2017  18 21   7.7   5.0 33
2017  18 22   7.4   4.9 33
2017  18 23   7.7   4.9 33
2017  19  0   8.7   4.6 33
2017  19  1   7.1   4.4 33
2017  19  2   7.0   3.9 33
2017  19  3   6.8   3.8 27
2017  19  4   6.6   3.7 27
2017  19  5   5.6   4.1 27
2017  19  6   5.7   3.7 27
2017  19  7   5.5   3.6 27
2017  19  8   5.7   3.6 27
2017  19  9   5.3   3.8 27
2017  19 10   5.1   3.5 27
2017  19 11   4.4   3.6 27
2017  19 12   4.4   3.2 17
2017  19 13   4.8   2.9 17
2017  19 14   4.7   3.1 17
2017  19 15   4.9   3.3 20
2017  19 16   4.9   3.4 20
2017  19 17   4.9   3.2 20
2017  19 18   5.1   2.7 10
2017  19 19   5.3   2.4 10
2017  19 20   5.7   2.6 10
2017  19 21   5.5   2.6 17
2017  19 22   5.0   3.2 17
2017  19 23   4.3   3.3 17
2017  20  0   4.8   3.1 30
2017  20  1   4.9   3.1 30
2017  20  2   4.8   3.1 30
2017  20  3   4.3   3.2 33
2017  20  4   4.6   3.1 33
2017  20  5   4.6   3.2 33
2017  20  6   4.4   2.8 20
2017  20  7   4.2   2.6 20
2017  20  8   3.7   2.7 20
2017  20  9   3.6   2.6 13
2017  20 10   3.8   2.7 13
2017  20 11   3.5   2.6 13
2017  20 12   3.2   2.8 23
2017  20 13   3.4   2.7 23
2017  20 14   3.9   2.8 23
2017  20 15   4.6   2.4 10
2017  20 16   4.5   2.7 10
2017  20 17   5.0   3.1 10
2017  20 18   4.9   2.3 23
2017  20 19   3.6   3.1 23
2017  20 20   4.2   3.4 23
2017  20 21   4.1   3.6 27
2017  20 22   4.1   3.7 27
2017  20 23   4.6   3.6 27
2017  21  0   5.7   3.3 33
2017  21  1   5.9   3.5 33
2017  21  2   4.8   4.1 33
2017  21  3   4.9   4.7 13
2017  21  4   4.1   4.9 13
2017  21  5   3.6   4.7 13
2017  21  6   4.2   4.2 20
2017  21  7   4.1   3.9 20
2017  21  8   3.9   3.9 20
2017  21  9   4.0   3.7 17
2017  21 10   3.6   3.7 17
2017  21 11   3.6   3.6 17
2017  21 12   3.7   3.8 13
2017  21 13   3.7   4.0 13
2017  21 14   4.3   4.3 13
2017  21 15   4.7   4.4 17
2017  21 16   5.4   5.6 17
2017  21 17   5.1   5.7 17
2017  21 18   4.9   5.7 33
2017  21 19   4.9   5.7 33
2017  21 20   5.3   5.5 33
2017  21 21   5.9   5.0 33
2017  21 22   5.3   5.6 33
2017  21 23   5.8   4.8 33
2017  22  0   6.4   4.5 33
2017  22  1   7.3   3.8 33
2017  22  2   7.7   4.3 33
2017  22  3   7.4   4.0 27
2017  22  4   6.9   4.3 27
2017  22  5   6.1   4.5 27
2017  22  6   5.5   4.3 23
2017  22  7   5.1   4.3 23
2017  22  8   5.3   4.1 23
2017  22  9   5.6   3.8 20
2017  22 10   5.5   3.1 20
2017  22 11   5.3   2.7 20
2017  22 12   5.2   2.8 23
2017  22 13   4.8   2.7 23
2017  22 14   4.3   2.9 23
2017  22 15   4.7   3.0 17
2017  22 16   4.2   2.8 17
2017  22 17   4.0   2.6 17
2017  22 18   4.2   2.4 17
2017  22 19   4.1   2.3 17
2017  22 20   4.1   2.4 17
2017  22 21   3.9   2.4 17
2017  22 22   3.9   2.5 17
2017  22 23   3.9   2.4 17
2017  23  0   3.8   2.3  0
2017  23  1   3.9   2.5  0
2017  23  2   4.1   2.5  0
2017  23  3   3.9   2.7  0
2017  23  4   3.8   2.9  0
2017  23  5   3.5   2.7  0
2017  23  6   3.0   3.3  7
2017  23  7   3.6   3.1  7
2017  23  8   3.8   3.0  7
2017  23  9   3.6   3.2  7
2017  23 10   3.4   3.4  7
2017  23 11   3.8   2.9  7
2017  23 12   3.5   3.4  7
2017  23 13   3.6   3.5  7
2017  23 14   3.5   3.3  7
2017  23 15   3.4   3.6 20
2017  23 16   3.3   3.6 20
2017  23 17   3.4   4.0 20
2017  23 18   4.0   4.1 20
2017  23 19   4.5   4.7 20
2017  23 20   4.5   6.1 20
2017  23 21   5.3   6.8 20
2017  23 22   5.7   5.7 20
2017  23 23   5.2   5.7 20
2017  24  0   4.1   4.1 20
2017  24  1   3.6   3.4 20
2017  24  2   3.8   3.4 20
2017  24  3   3.7   3.1  7
2017  24  4   2.7   3.8  7
2017  24  5   1.5   4.2  7
2017  24  6   2.8   3.3  3
2017  24  7   2.4   3.2  3
2017  24  8   1.9   3.5  3
2017  24  9   2.7   3.1  3
2017  24 10   2.6   3.3  3
2017  24 11   2.1   3.3  3
2017  24 12   2.7   3.1  0
2017  24 13   2.8   2.8  0
2017  24 14   2.4   3.2  0
2017  24 15   2.6   3.6  0
2017  24 16   2.7   3.4  0
2017  24 17   2.7   4.2  0
2017  24 18   3.0   4.5  7
2017  24 19   2.4   4.4  7
2017  24 20   2.7   4.6  7
2017  24 21   2.9   5.2  7
2017  24 22   3.1   5.6  7
2017  24 23   3.6   7.2  7
2017  25  0   4.9  10.7 20
2017  25  1   6.3  11.9 20
2017  25  2   7.3   9.8 20
2017  25  3   7.0  11.0 30
2017  25  4   7.2   9.7 30
2017  25  5   7.3   8.9 30
2017  25  6   7.1   9.2 10
2017  25  7   7.2   9.0 10
2017  25  8   7.1   9.7 10
2017  25  9   6.5  10.1 17
2017  25 10   6.5   9.6 17
2017  25 11   6.3   9.6 17
2017  25 12   5.6   8.7  3
2017  25 13   5.6   8.6  3
2017  25 14   6.4   7.4  3
2017  25 15   6.7   7.0  0
2017  25 16   6.6   7.5  0
2017  25 17   6.7   7.8  0
2017  25 18   6.6   8.1  0
2017  25 19   6.9   9.1  0
2017  25 20   6.6   9.3  0
2017  25 21   5.6  10.4  7
2017  25 22   5.3  10.4  7
2017  25 23   3.9  10.2  7
2017  26  0   4.5  10.3  0
2017  26  1   5.2  10.0  0
2017  26  2   5.7   9.6  0
2017  26  3   5.2   9.6  0
2017  26  4   4.9   9.8  0
2017  26  5   4.9   9.4  0
2017  26  6   5.2   9.3 20
2017  26  7   5.6   7.3 20
2017  26  8   7.9  11.2 20
2017  26  9  10.6  17.1 20
2017  26 10   9.7  23.0 20
2017  26 11   9.6  21.2 20
2017  26 12  10.2  17.7 30
2017  26 13  10.5  14.4 30
2017  26 14  10.7  10.5 30
2017  26 15   6.0   8.7 37
2017  26 16   9.7   6.3 37
2017  26 17   8.9   7.4 37
2017  26 18   7.9   9.3 37
2017  26 19  10.9   6.3 37
2017  26 20  11.6   7.0 37
2017  26 21  13.3   9.1 27
2017  26 22  13.6   9.9 27
2017  26 23  13.0  10.9 27
2017  27  0  14.1  10.7 43
2017  27  1  13.5   7.6 43
2017  27  2  10.9   7.6 43
2017  27  3  10.6   7.1 43
2017  27  4  10.7   6.6 43
2017  27  5  10.4   6.6 43
2017  27  6   6.4   4.0 40
2017  27  7   6.1   4.3 40
2017  27  8   7.3   4.0 40
2017  27  9   5.7   2.9 37
2017  27 10   4.8   3.3 37
2017  27 11   4.7   3.2 37
2017  27 12   5.0   2.9 37
2017  27 13   5.0   3.3 37
2017  27 14   4.5   3.7 37
2017  27 15   3.2   3.9 33
2017  27 16   4.4   3.4 33
2017  27 17   4.3   3.7 33
2017  27 18   4.5   3.3 13
2017  27 19   4.6   3.3 13
2017  27 20   4.7   3.4 13
2017  27 21   4.5   3.7 17
2017  27 22   4.7   3.5 17
2017  27 23   5.0   3.4 17
2017  28  0   5.0   3.9 30
2017  28  1   5.1   5.1 30
2017  28  2   5.6   6.2 30
2017  28  3   5.5   6.8 30
2017  28  4   6.2   7.2 30
2017  28  5   5.3   6.8 30
2017  28  6   5.1   5.2 17
2017  28  7   4.1   5.0 17
2017  28  8   4.6   4.9 17
2017  28  9   5.4   4.7 10
2017  28 10   5.9   4.1 10
2017  28 11   6.3   4.0 10
2017  28 12   6.9   3.8  7
2017  28 13   6.7   4.0  7
2017  28 14   6.5   4.0  7
2017  28 15   6.8   3.8 10
2017  28 16   6.0   4.3 10
2017  28 17   5.3   5.0 10
2017  28 18   5.2   5.5 20
2017  28 19   5.7   4.9 20
2017  28 20   6.1   4.7 20
2017  28 21   6.6   4.2 33
2017  28 22   6.6   4.0 33
2017  28 23   6.4   4.4 33
2017  29  0   5.8   4.9 27
2017  29  1   6.1   4.7 27
2017  29  2   6.9   4.4 27
2017  29  3   5.8   5.1 23
2017  29  4   5.8   3.9 23
2017  29  5   5.8   3.6 23
2017  29  6   5.5   3.8 17
2017  29  7   5.7   3.4 17
2017  29  8   5.8   3.9 17
2017  29  9   5.8   4.1 13
2017  29 10   5.4   4.6 13
2017  29 11   5.1   5.0 13
2017  29 12   5.2   4.9 20
2017  29 13   5.0   4.8 20
2017  29 14   3.9   4.9 20
2017  29 15   3.4   4.5 17
2017  29 16   3.7   4.5 17
2017  29 17   3.7   4.8 17
2017  29 18   2.8   5.4 13
2017  29 19   3.4   5.5 13
2017  29 20   3.3   5.2 13
2017  29 21   3.2   5.7  3
2017  29 22   3.8   5.6  3
2017  29 23   4.3   5.9  3
2017  30  0   4.1   6.5  3
2017  30  1   4.5   6.7  3
2017  30  2   4.2   7.8  3
2017  30  3   3.7   9.6 10
2017  30  4   4.5  10.2 10
2017  30  5   5.1   7.3 10
2017  30  6   4.1  10.8 10
2017  30  7   4.2  11.9 10
2017  30  8   3.8  14.6 10
2017  30  9   3.0  16.8 10
2017  30 10   3.2  20.1 10
2017  30 11   2.3  22.8 10
2017  30 12   6.0  16.3 23
2017  30 13   6.4  10.4 23
2017  30 14   7.3   6.9 23
2017  30 15   8.9   3.6 20
2017  30 16   8.4   2.8 20
2017  30 17   8.1   3.4 20
2017  30 18   7.8   3.7 13
2017  30 19   7.9   4.0 13
2017  30 20   8.6   3.3 13
2017  30 21   6.9   7.2 27
2017  30 22   5.9   8.9 27
2017  30 23   6.3   9.3 27
2017  31  0   6.9   9.3 27
2017  31  1   7.5   9.5 27
2017  31  2  10.1   6.9 27
2017  31  3  12.3   6.5 30
2017  31  4  14.2   6.3 30
2017  31  5  12.9   8.7 30
2017  31  6  12.6   8.8 33
2017  31  7  12.6   8.9 33
2017  31  8   7.9   8.3 33
2017  31  9   8.9   7.8 33
2017  31 10  10.3   8.2 33
2017  31 11  12.4   8.1 33
2017  31 12  16.8   5.1 33
2017  31 13  14.8   6.4 33
2017  31 14  12.6   7.2 33
2017  31 15  12.8   7.1 43
2017  31 16   8.4   5.1 43
2017  31 17   6.4   3.9 43
2017  31 18   6.3   3.6 40
2017  31 19   6.0   3.6 40
2017  31 20   5.7   3.8 40
2017  31 21   6.1   3.4 47
2017  31 22   6.1   3.7 47
2017  31 23   5.8   3.2 47
