2016 122  0   8.9   9.5 23
2016 122  1   8.9   8.7 23
2016 122  2   6.9   8.5 23
2016 122  3   6.8   9.6 20
2016 122  4   7.1   8.5 20
2016 122  5   8.2   8.2 20
2016 122  6   8.0   7.8 20
2016 122  7   8.2   6.1 20
2016 122  8   8.1   7.7 20
2016 122  9   9.1   9.2 23
2016 122 10   7.4  11.6 23
2016 122 11   7.6  12.2 23
2016 122 12   7.8  13.7 30
2016 122 13   9.8  10.4 30
2016 122 14  10.6   9.3 30
2016 122 15  11.0   7.6 33
2016 122 16   9.1   7.8 33
2016 122 17   9.8   7.4 33
2016 122 18  10.4   6.0 40
2016 122 19   9.8   6.8 40
2016 122 20   9.3   7.3 40
2016 122 21   9.4   7.2 37
2016 122 22   8.6   8.4 37
2016 122 23   7.8   9.7 37
2016 123  0   8.0  10.2 50
2016 123  1   8.1  10.2 50
2016 123  2   8.3   9.2 50
2016 123  3   7.1   8.9 57
2016 123  4   7.7   8.2 57
2016 123  5   7.2   8.0 57
2016 123  6   6.7   7.6 17
2016 123  7   6.8   7.7 17
2016 123  8   6.7   8.0 17
2016 123  9   6.8   7.6 23
2016 123 10   6.5   8.0 23
2016 123 11   7.1   8.1 23
2016 123 12   7.1   8.5 27
2016 123 13   7.7   8.3 27
2016 123 14   7.6   7.7 27
2016 123 15   7.2   8.6 33
2016 123 16   7.8   9.4 33
2016 123 17   7.9   5.6 33
2016 123 18   9.5   4.3 47
2016 123 19   7.9   5.5 47
2016 123 20   8.6   4.3 47
2016 123 21   8.2   3.9 47
2016 123 22   6.8   3.9 47
2016 123 23   5.7   3.8 47
2016 124  0   5.3   3.1 33
2016 124  1   5.6   2.8 33
2016 124  2   6.3   2.5 33
2016 124  3   4.9   2.9 33
2016 124  4   4.6   3.0 33
2016 124  5   3.7   2.8 33
2016 124  6   3.5   2.9 23
2016 124  7   3.8   2.7 23
2016 124  8   3.8   2.8 23
2016 124  9   4.9   2.7 17
2016 124 10   5.0   2.4 17
2016 124 11   4.8   2.0 17
2016 124 12   4.5   2.1 13
2016 124 13   3.6   2.6 13
2016 124 14   4.8   2.5 13
2016 124 15   4.9   2.3 17
2016 124 16   4.9   2.3 17
2016 124 17   4.6   2.9 17
2016 124 18   4.7   2.6 17
2016 124 19   4.6   2.6 17
2016 124 20   4.2   2.9 17
2016 124 21   3.0   3.6 23
2016 124 22   3.8   3.8 23
2016 124 23   3.3   3.7 23
2016 125  0   3.5   3.5 17
2016 125  1   3.5   3.5 17
2016 125  2   4.4   3.5 17
2016 125  3   4.7   2.9 10
2016 125  4   4.2   3.1 10
2016 125  5   3.6   2.9 10
2016 125  6   3.2   2.9  0
2016 125  7   3.7   2.7  0
2016 125  8   3.9   2.7  0
2016 125  9   3.2   2.7 10
2016 125 10   3.0   2.2 10
2016 125 11   2.5   2.2 10
2016 125 12   2.7   2.0 10
2016 125 13   3.0   1.7 10
2016 125 14   3.2   1.6 10
2016 125 15   3.1   1.5 10
2016 125 16   3.1   1.7 10
2016 125 17   3.1   2.3 10
2016 125 18   3.1   2.7  3
2016 125 19   3.6   2.6  3
2016 125 20   3.6   2.7  3
2016 125 21   3.7   2.9  7
2016 125 22   3.7   3.1  7
2016 125 23   3.7   3.6  7
2016 126  0   3.9   4.1  0
2016 126  1   4.3   4.6  0
2016 126  2   4.7   5.0  0
2016 126  3   4.5   5.7 13
2016 126  4   4.6   5.8 13
2016 126  5   4.7   6.1 13
2016 126  6   4.9   6.4 17
2016 126  7   5.6   7.6 17
2016 126  8   5.6   7.2 17
2016 126  9   6.1   6.8 20
2016 126 10   5.5   7.3 20
2016 126 11   6.7   6.9 20
2016 126 12   6.0   6.8 20
2016 126 13   5.0   4.3 20
2016 126 14   4.6   4.0 20
2016 126 15   5.2   4.8 23
2016 126 16   5.6   4.0 23
2016 126 17   5.9   4.5 23
2016 126 18   6.8   5.3 10
2016 126 19   7.3   5.6 10
2016 126 20   7.3   5.0 10
2016 126 21   8.3   4.5 20
2016 126 22   9.1   4.3 20
2016 126 23   8.9 999.9 20
2016 127  0   8.9 999.9 23
2016 127  1   9.1 999.9 23
2016 127  2   9.1 999.9 23
2016 127  3   9.3 999.9 17
2016 127  4   9.0 999.9 17
2016 127  5  10.8 999.9 17
2016 127  6  10.3 999.9 17
2016 127  7   9.5 999.9 17
2016 127  8   9.2 999.9 17
2016 127  9  10.0 999.9 27
2016 127 10   8.5   7.8 27
2016 127 11   8.9   8.3 27
2016 127 12   9.0  10.2 30
2016 127 13   8.9  11.4 30
2016 127 14   9.6  11.4 30
2016 127 15   9.6  12.9 37
2016 127 16   9.7  13.2 37
2016 127 17  11.2  11.0 37
2016 127 18  10.1  18.4 43
2016 127 19   7.6  28.9 43
2016 127 20   9.0  19.0 43
2016 127 21   9.1   9.6 30
2016 127 22   9.9   5.6 30
2016 127 23   9.9   7.8 30
2016 128  0   8.3   6.0 37
2016 128  1   6.4   5.3 37
2016 128  2   6.5   5.5 37
2016 128  3   6.7   5.2 10
2016 128  4   6.0   4.6 10
2016 128  5   6.5   4.0 10
2016 128  6   6.1   5.0 13
2016 128  7   5.1   5.3 13
2016 128  8   4.1   5.5 13
2016 128  9   3.8   6.3 20
2016 128 10   3.5   6.8 20
2016 128 11   3.1   7.1 20
2016 128 12   5.6   6.0 17
2016 128 13   5.9   5.9 17
2016 128 14   5.1   4.2 17
2016 128 15   5.3   4.2 20
2016 128 16   5.4   4.1 20
2016 128 17   5.1   3.5 20
2016 128 18   5.2   4.5 10
2016 128 19   7.4   5.2 10
2016 128 20   7.2   6.5 10
2016 128 21   7.7   8.6 30
2016 128 22   8.4   8.7 30
2016 128 23   8.0  10.0 30
2016 129  0   8.8  11.9 57
2016 129  1  10.5  15.1 57
2016 129  2  13.8   9.7 57
2016 129  3  10.5  16.1 63
2016 129  4  14.0  12.5 63
2016 129  5  16.3  12.8 63
2016 129  6  15.6  19.6 60
2016 129  7  15.5  11.2 60
2016 129  8  14.1   7.1 60
2016 129  9  15.3   6.2 47
2016 129 10  14.4   6.8 47
2016 129 11  14.4   6.3 47
2016 129 12  12.9   7.7 53
2016 129 13  12.8   7.5 53
2016 129 14  11.5   7.8 53
2016 129 15  12.3   6.3 57
2016 129 16  11.9   7.5 57
2016 129 17   9.6   5.3 57
2016 129 18   8.7   5.0 57
2016 129 19   8.9   4.5 57
2016 129 20   8.9   4.5 57
2016 129 21   8.9   4.7 63
2016 129 22   8.4   4.5 63
2016 129 23   7.9   3.3 63
2016 130  0   7.6   3.0 63
2016 130  1   6.8   2.6 63
2016 130  2   6.7   2.6 63
2016 130  3   6.9   2.5 37
2016 130  4   6.8   2.7 37
2016 130  5   6.3   2.3 37
2016 130  6   5.9   2.3 27
2016 130  7   6.3   2.3 27
2016 130  8   6.4   2.3 27
2016 130  9   6.4   2.1 33
2016 130 10   5.5   2.2 33
2016 130 11   5.5   2.5 33
2016 130 12   5.6   2.6 37
2016 130 13   5.6   2.3 37
2016 130 14   5.7   2.3 37
2016 130 15   5.7   2.1 30
2016 130 16   6.2   2.0 30
2016 130 17   5.5   2.2 30
2016 130 18   5.7   2.1 40
2016 130 19   5.7   2.1 40
2016 130 20   5.5   1.9 40
2016 130 21   5.3   2.0 40
2016 130 22   5.1   1.9 40
2016 130 23   4.9   2.0 40
2016 131  0   4.9   2.0 30
2016 131  1   4.8   1.9 30
2016 131  2   4.7   1.9 30
2016 131  3   4.6   1.7 37
2016 131  4   4.4   1.7 37
2016 131  5   4.5   1.7 37
2016 131  6   4.3   1.6 30
2016 131  7   4.4   1.6 30
2016 131  8   3.9   2.0 30
2016 131  9   3.7   1.8 23
2016 131 10   3.7   1.5 23
2016 131 11   3.6   1.4 23
2016 131 12   3.9   2.1 33
2016 131 13   5.1   1.9 33
2016 131 14   4.9   1.9 33
2016 131 15   4.5   2.0 23
2016 131 16   4.4   2.0 23
2016 131 17   4.1   1.9 23
2016 131 18   4.1   1.5 20
2016 131 19   3.7   1.8 20
2016 131 20   3.6   1.6 20
2016 131 21   3.8   1.5 23
2016 131 22   3.0   1.5 23
2016 131 23   2.9   1.4 23
2016 132  0   2.9   1.4 27
2016 132  1   2.6   1.4 27
2016 132  2   3.1   1.3 27
2016 132  3   3.2   1.4 17
2016 132  4   3.2   1.1 17
2016 132  5   3.2   1.5 17
2016 132  6   3.5   1.1  3
2016 132  7   3.1   1.3  3
2016 132  8   3.5   1.2  3
2016 132  9   3.9   0.9  3
2016 132 10   4.2   0.9  3
2016 132 11   4.2   1.3  3
2016 132 12   4.2   1.5  3
2016 132 13   4.1   1.9  3
2016 132 14   4.4   1.1  3
2016 132 15   3.5   1.8 13
2016 132 16   2.5   2.5 13
2016 132 17   3.0   2.7 13
2016 132 18   3.0   2.6 13
2016 132 19   3.4   2.9 13
2016 132 20   3.6   3.2 13
2016 132 21   4.1   3.5 20
2016 132 22   4.4   2.5 20
2016 132 23   4.3   2.6 20
2016 133  0   3.6   2.4  7
2016 133  1   4.2   2.2  7
2016 133  2   4.6   2.3  7
2016 133  3   5.0   1.7 10
2016 133  4   4.8   2.2 10
2016 133  5   4.8   2.6 10
2016 133  6   4.6   3.0  7
2016 133  7   5.1   2.3  7
2016 133  8   5.2   2.4  7
2016 133  9   4.9   2.3 10
2016 133 10   4.8   2.6 10
2016 133 11   5.0   2.7 10
2016 133 12   5.0   2.2 10
2016 133 13   5.0   2.3 10
2016 133 14   5.0   2.5 10
2016 133 15   5.0   2.1  0
2016 133 16   5.2   2.2  0
2016 133 17   5.3   2.4  0
2016 133 18   5.4   1.7  7
2016 133 19   5.6   2.0  7
2016 133 20   5.6   1.7  7
2016 133 21   5.7   1.8 10
2016 133 22   5.6   1.5 10
2016 133 23   5.7   1.3 10
2016 134  0   5.4   1.7 10
2016 134  1   5.6   3.0 10
2016 134  2   5.5   3.2 10
2016 134  3   5.6   2.5  7
2016 134  4   6.1   1.3  7
2016 134  5   5.9   1.2  7
2016 134  6   6.1   1.3 17
2016 134  7   5.8   2.4 17
2016 134  8   5.6   6.2 17
2016 134  9   5.6   7.5 13
2016 134 10   6.3   7.5 13
2016 134 11   6.9   7.0 13
2016 134 12   6.8   7.5 20
2016 134 13   6.9   7.5 20
2016 134 14   6.8   6.3 20
2016 134 15   7.0   6.6 17
2016 134 16   6.8   5.8 17
2016 134 17   6.5   6.8 17
2016 134 18   6.7   6.7 23
2016 134 19   6.5   6.2 23
2016 134 20   6.3   6.1 23
2016 134 21   6.6   3.6 20
2016 134 22   7.2   3.1 20
2016 134 23   6.7   4.8 20
2016 135  0   6.7   5.8 23
2016 135  1   6.9   6.0 23
2016 135  2   6.8   6.8 23
2016 135  3   6.4   7.1 13
2016 135  4   6.1   7.0 13
2016 135  5   5.5   8.8 13
2016 135  6   5.3   9.7 20
2016 135  7   9.2  10.5 20
2016 135  8   9.7  14.9 20
2016 135  9   8.4  16.9 20
2016 135 10   7.2  18.1 20
2016 135 11   7.2  18.5 20
2016 135 12   5.9  18.4 20
2016 135 13   4.5  19.7 20
2016 135 14   3.2  19.9 20
2016 135 15   5.2  14.1 10
2016 135 16   6.5  11.7 10
2016 135 17   4.1  16.4 10
2016 135 18   4.9  16.0 27
2016 135 19   5.7  24.2 27
2016 135 20   9.5  17.9 27
2016 135 21   7.8  25.4 33
2016 135 22   7.2  41.0 33
2016 135 23  10.6  25.5 33
2016 136  0   8.8  17.7 30
2016 136  1  12.0  12.3 30
2016 136  2  13.0  11.5 30
2016 136  3  12.9  11.4 27
2016 136  4  12.4  10.0 27
2016 136  5  11.6   8.3 27
2016 136  6  11.1   7.8 20
2016 136  7  10.7   8.0 20
2016 136  8  10.4   8.3 20
2016 136  9  10.3   9.3 13
2016 136 10   9.8   8.7 13
2016 136 11   9.9   9.3 13
2016 136 12   9.8   9.4 33
2016 136 13   8.2   8.0 33
2016 136 14   9.3   7.9 33
2016 136 15   9.1   6.6 37
2016 136 16   8.7   6.9 37
2016 136 17   8.9   7.1 37
2016 136 18   8.5   6.9 37
2016 136 19   7.7   6.6 37
2016 136 20   7.4   6.8 37
2016 136 21   7.0   6.9 10
2016 136 22   7.4   7.1 10
2016 136 23   6.2   7.1 10
2016 137  0   4.5   6.8 23
2016 137  1   5.5   5.9 23
2016 137  2   6.8   4.3 23
2016 137  3   6.7   4.2 30
2016 137  4   6.2   4.3 30
2016 137  5   6.9   2.9 30
2016 137  6   6.4   4.4 27
2016 137  7   6.5   4.1 27
2016 137  8   7.2   4.3 27
2016 137  9   7.1   4.9 30
2016 137 10   7.3   5.3 30
2016 137 11   7.0   5.5 30
2016 137 12   7.2   5.3 33
2016 137 13   7.5   5.3 33
2016 137 14   7.7   5.7 33
2016 137 15   7.5   6.1 23
2016 137 16   7.3   6.4 23
2016 137 17   7.8   6.4 23
2016 137 18   7.3   5.8 23
2016 137 19   6.6   5.2 23
2016 137 20   6.2   5.4 23
2016 137 21   4.9   5.6 13
2016 137 22   5.8   5.5 13
2016 137 23   5.9   5.9 13
2016 138  0   5.8   5.8 23
2016 138  1   5.8   5.9 23
2016 138  2   6.1   6.1 23
2016 138  3   6.5   6.4 20
2016 138  4   6.7   5.6 20
2016 138  5   6.2   5.0 20
2016 138  6   6.2   5.4 33
2016 138  7   5.6   5.5 33
2016 138  8   6.2   5.2 33
2016 138  9   6.0   5.4 27
2016 138 10   5.9   5.1 27
2016 138 11   6.1   4.9 27
2016 138 12   5.5   4.9 30
2016 138 13   5.5   4.9 30
2016 138 14   5.2   4.5 30
2016 138 15   5.3   4.4 27
2016 138 16   5.4   4.2 27
2016 138 17   5.3   4.6 27
2016 138 18   5.4   4.6 27
2016 138 19   5.2   4.4 27
2016 138 20   5.4   4.6 27
2016 138 21   5.7   4.5 30
2016 138 22   5.7   4.3 30
2016 138 23   5.5   4.5 30
2016 139  0   5.4   4.4 17
2016 139  1   5.0   4.5 17
2016 139  2   5.6   4.5 17
2016 139  3   5.5   4.2 27
2016 139  4   5.6   4.0 27
2016 139  5   5.6   4.0 27
2016 139  6   5.8   3.9 17
2016 139  7   5.8   3.8 17
2016 139  8   5.7   4.0 17
2016 139  9   6.0   4.5 23
2016 139 10   7.7   5.6 23
2016 139 11   7.6   6.1 23
2016 139 12   7.6   5.3 23
2016 139 13   6.6   5.6 23
2016 139 14   5.6   6.1 23
2016 139 15   5.8   5.4 13
2016 139 16   4.9   5.8 13
2016 139 17   5.6   4.5 13
2016 139 18   5.5   4.2  7
2016 139 19   5.2   4.1  7
2016 139 20   5.2   4.2  7
2016 139 21   5.1   4.2 10
2016 139 22   5.1   4.3 10
2016 139 23   5.2   4.4 10
2016 140  0   5.0   4.8 13
2016 140  1   5.1   5.0 13
2016 140  2   4.9   4.9 13
2016 140  3   4.8   4.9  7
2016 140  4   5.0   4.9  7
2016 140  5   5.0   5.3  7
2016 140  6   5.0   5.7 23
2016 140  7   5.7   5.5 23
2016 140  8   5.2   6.1 23
2016 140  9   5.1   5.9 17
2016 140 10   5.4   6.0 17
2016 140 11   5.5   6.0 17
2016 140 12   5.1   6.4 23
2016 140 13   5.2   5.8 23
2016 140 14   5.4   5.5 23
2016 140 15   4.6   8.5 27
2016 140 16   4.4   8.7 27
2016 140 17   5.6   7.1 27
2016 140 18   5.2   6.9 20
2016 140 19   5.5   6.5 20
2016 140 20   6.1   5.5 20
2016 140 21   6.5   5.3  7
2016 140 22   6.8   6.1  7
2016 140 23   7.2   6.9  7
2016 141  0   6.7   9.0 23
2016 141  1   7.6   7.5 23
2016 141  2   7.9   6.4 23
2016 141  3   7.5   7.3 23
2016 141  4   8.4   8.5 23
2016 141  5   6.6  10.1 23
2016 141  6   6.2   6.9 13
2016 141  7   6.2   6.5 13
2016 141  8   5.7   7.0 13
2016 141  9   6.2   5.5 10
2016 141 10   5.7   4.7 10
2016 141 11   7.1   4.1 10
2016 141 12   7.0   5.1 10
2016 141 13   6.9   6.5 10
2016 141 14   7.4   4.7 10
2016 141 15   7.7   3.4  3
2016 141 16   7.4   3.8  3
2016 141 17   6.8   4.0  3
2016 141 18   7.6   4.8  7
2016 141 19   8.0   6.8  7
2016 141 20   8.4   7.4  7
2016 141 21   7.4   7.5 20
2016 141 22   8.6   8.5 20
2016 141 23   8.2   9.8 20
2016 142  0   7.6   9.6 23
2016 142  1   7.0  11.0 23
2016 142  2   5.7  12.4 23
2016 142  3   6.5  12.6 30
2016 142  4   7.4  12.0 30
2016 142  5   7.7  13.3 30
2016 142  6   8.6   9.4 47
2016 142  7   7.9   8.3 47
2016 142  8   8.9   7.9 47
2016 142  9   9.2   6.7 23
2016 142 10   9.2   5.6 23
2016 142 11   9.4   4.9 23
2016 142 12   8.5   5.0 27
2016 142 13   8.7   4.5 27
2016 142 14   8.1   6.0 27
2016 142 15   8.3   5.7 33
2016 142 16   8.2   5.3 33
2016 142 17   8.4   4.6 33
2016 142 18   8.1   4.0 30
2016 142 19   8.8   3.8 30
2016 142 20   9.6   3.1 30
2016 142 21  10.0   2.3 10
2016 142 22   9.5   2.1 10
2016 142 23   9.1   2.3 10
2016 143  0   7.9   2.6 17
2016 143  1   7.0   2.5 17
2016 143  2   6.0   2.1 17
2016 143  3   6.1   2.1 23
2016 143  4   5.9   1.7 23
2016 143  5   5.9   1.6 23
2016 143  6   5.8   1.6 20
2016 143  7   5.9   1.5 20
2016 143  8   5.8   1.2 20
2016 143  9   5.8   1.5 27
2016 143 10   5.3   1.5 27
2016 143 11   5.4   1.4 27
2016 143 12   5.4   1.2 23
2016 143 13   5.3   1.2 23
2016 143 14   5.1   1.5 23
2016 143 15   5.3   1.4 10
2016 143 16   5.7   1.4 10
2016 143 17   5.7   1.4 10
2016 143 18   5.4   1.5  7
2016 143 19   5.0   1.3  7
2016 143 20   4.9   1.3  7
2016 143 21   4.9   1.5  0
2016 143 22   4.7   1.6  0
2016 143 23   4.8   1.4  0
2016 144  0   4.5   1.5  3
2016 144  1   4.2   1.2  3
2016 144  2   4.2   1.7  3
2016 144  3   4.1   1.3 10
2016 144  4   4.1   1.8 10
2016 144  5   4.0   1.7 10
2016 144  6   3.5   2.3 13
2016 144  7   3.4   2.4 13
2016 144  8   3.3   2.4 13
2016 144  9   3.1   2.3 17
2016 144 10   3.5   2.1 17
2016 144 11   3.8   2.3 17
2016 144 12   3.8   1.7  7
2016 144 13   4.1   1.6  7
2016 144 14   4.1   1.5  7
2016 144 15   3.7   1.8  0
2016 144 16   3.1   1.9  0
2016 144 17   3.1   1.9  0
2016 144 18   3.7   1.4 10
2016 144 19   4.3   1.2 10
2016 144 20   4.1   2.2 10
2016 144 21   4.2   2.1  3
2016 144 22   5.2   1.5  3
2016 144 23   5.1   1.5  3
2016 145  0   4.9   1.4 13
2016 145  1   4.8   1.7 13
2016 145  2   4.7   2.2 13
2016 145  3   5.0   1.9 10
2016 145  4   5.0   3.0 10
2016 145  5   4.4   3.3 10
2016 145  6   5.4   2.9 10
2016 145  7   6.2   2.6 10
2016 145  8   6.3   3.0 10
2016 145  9   6.1   3.2 23
2016 145 10   5.9   3.5 23
2016 145 11   5.3   3.8 23
2016 145 12   5.3   3.5 13
2016 145 13   5.0   3.0 13
2016 145 14   5.1   2.7 13
2016 145 15   4.8   2.5  3
2016 145 16   4.5   2.3  3
2016 145 17   4.4   2.5  3
2016 145 18   4.0   2.7  7
2016 145 19   3.9   3.2  7
2016 145 20   3.8   2.8  7
2016 145 21   3.1   3.1  7
2016 145 22   4.0   3.1  7
2016 145 23   4.0   3.0  7
2016 146  0   4.1   3.1  3
2016 146  1   3.9   3.2  3
2016 146  2   4.0   3.2  3
2016 146  3   4.1   3.2 10
2016 146  4   4.1   3.4 10
2016 146  5   4.0   3.6 10
2016 146  6   3.6   3.5  3
2016 146  7   3.5   3.3  3
2016 146  8   3.6   3.4  3
2016 146  9   3.8   3.4 10
2016 146 10   3.5   3.5 10
2016 146 11   3.4   3.6 10
2016 146 12   3.0   4.0  7
2016 146 13   2.9   4.0  7
2016 146 14   3.1   3.6  7
2016 146 15   3.5   3.6  3
2016 146 16   3.7   3.7  3
2016 146 17   3.9   4.1  3
2016 146 18   4.1   4.6  3
2016 146 19   4.2   4.5  3
2016 146 20   4.6   3.9  3
2016 146 21   5.1   3.5  0
2016 146 22   5.2   3.4  0
2016 146 23   5.2   3.8  0
2016 147  0   4.9   3.5  0
2016 147  1   4.4   3.3  0
2016 147  2   4.1   5.0  0
2016 147  3   4.1   5.2  3
2016 147  4   4.3   5.1  3
2016 147  5   4.5   5.1  3
2016 147  6   4.5   5.1  3
2016 147  7   4.6   4.9  3
2016 147  8   4.4   5.4  3
2016 147  9   4.1   5.5  3
2016 147 10   4.3   5.1  3
2016 147 11   4.1   5.8  3
2016 147 12   4.1   6.5  3
2016 147 13   4.3   6.5  3
2016 147 14   3.9   6.8  3
2016 147 15   3.4   7.3  7
2016 147 16   2.8   7.5  7
2016 147 17   3.2   8.4  7
2016 147 18   3.2   9.6 13
2016 147 19   2.7  11.7 13
2016 147 20   2.8  14.2 13
2016 147 21   3.6  14.8 10
2016 147 22   3.8  17.0 10
2016 147 23   3.0  18.6 10
2016 148  0   3.5  19.2 23
2016 148  1   4.0  17.8 23
2016 148  2   6.8  12.3 23
2016 148  3   6.9  13.6 23
2016 148  4   7.4   8.8 23
2016 148  5   7.2   7.0 23
2016 148  6   7.5   7.0 10
2016 148  7   8.2   7.2 10
2016 148  8   7.5   7.3 10
2016 148  9   4.2   8.1 20
2016 148 10   4.8   8.5 20
2016 148 11   6.4   7.9 20
2016 148 12   7.9   8.3 20
2016 148 13   9.0   7.8 20
2016 148 14  10.5   6.9 20
2016 148 15  11.4   7.2 20
2016 148 16  11.8   6.9 20
2016 148 17  12.5   6.5 20
2016 148 18   8.9  10.6 30
2016 148 19   7.9  11.7 30
2016 148 20   9.7  10.7 30
2016 148 21   9.3  11.4 30
2016 148 22   9.0   9.3 30
2016 148 23   8.7   8.6 30
2016 149  0   8.6   8.1 30
2016 149  1   8.1   8.3 30
2016 149  2   8.6   7.4 30
2016 149  3   8.1   8.2 23
2016 149  4   7.7   8.1 23
2016 149  5   7.5   7.7 23
2016 149  6   6.8   7.9 40
2016 149  7   7.4   7.0 40
2016 149  8   7.4   6.0 40
2016 149  9   7.5   6.0 23
2016 149 10   7.7   5.8 23
2016 149 11   8.0   5.3 23
2016 149 12   7.8   5.2 20
2016 149 13   7.8   4.9 20
2016 149 14   7.7   4.6 20
2016 149 15   7.0   4.7 33
2016 149 16   6.6   4.6 33
2016 149 17   6.1   4.6 33
2016 149 18   5.7   4.5 27
2016 149 19   4.8   4.7 27
2016 149 20   5.1   4.3 27
2016 149 21   4.9   4.2 23
2016 149 22   5.7   3.9 23
2016 149 23   6.2   3.9 23
2016 150  0   5.9   3.5 17
2016 150  1   5.5   3.0 17
2016 150  2   5.4   4.1 17
2016 150  3   5.2   4.3 13
2016 150  4   6.1   4.0 13
2016 150  5   5.6   4.2 13
2016 150  6   5.4   4.2 13
2016 150  7   5.0   4.7 13
2016 150  8   6.0   4.2 13
2016 150  9   5.5   4.2 17
2016 150 10   5.2   4.6 17
2016 150 11   5.7   3.3 17
2016 150 12   5.9   3.4 10
2016 150 13   4.9   3.8 10
2016 150 14   4.1   4.9 10
2016 150 15   6.2   4.5 13
2016 150 16   7.1   3.2 13
2016 150 17   7.3   3.5 13
2016 150 18   7.4   4.1 17
2016 150 19   7.8   3.3 17
2016 150 20   7.6   3.5 17
2016 150 21   7.6   3.4 30
2016 150 22   7.7   3.6 30
2016 150 23   7.9   4.0 30
2016 151  0   7.9   3.9 40
2016 151  1   7.0   4.8 40
2016 151  2   6.3   5.1 40
2016 151  3   6.2   4.6 27
2016 151  4   5.9   4.3 27
2016 151  5   5.5   4.2 27
2016 151  6   5.4   4.2 27
2016 151  7   5.4   4.3 27
2016 151  8   5.1   4.4 27
2016 151  9   5.0   4.1 23
2016 151 10   5.7   3.7 23
2016 151 11   3.2   5.1 23
2016 151 12   3.9   4.8 10
2016 151 13   5.3   4.6 10
2016 151 14   4.3   5.4 10
2016 151 15   4.2   5.3 20
2016 151 16   3.9   5.5 20
2016 151 17   3.7   5.1 20
2016 151 18   4.5   4.8 13
2016 151 19   3.9   4.5 13
2016 151 20   3.9   3.9 13
2016 151 21   4.1   3.7 23
2016 151 22   3.9   3.7 23
2016 151 23   3.4   3.9 23
2016 152  0   4.3   3.5 17
2016 152  1   4.3   3.4 17
2016 152  2   4.1   3.6 17
2016 152  3   3.6   3.4 10
2016 152  4   4.5   3.4 10
2016 152  5   5.3   3.1 10
2016 152  6   5.9   3.7 23
2016 152  7   5.8   4.6 23
2016 152  8   5.4   4.9 23
2016 152  9   5.8   5.5 17
2016 152 10   5.4   6.3 17
2016 152 11   5.5   6.6 17
2016 152 12   6.1   6.1 13
2016 152 13   5.7   7.2 13
2016 152 14   5.7   7.7 13
2016 152 15   5.7   6.7 23
2016 152 16   5.7   6.0 23
2016 152 17   5.4   4.9 23
2016 152 18   5.8   4.9 33
2016 152 19   5.8   4.5 33
2016 152 20   6.2   4.7 33
2016 152 21   5.9   4.8 37
2016 152 22   5.6   4.7 37
2016 152 23   4.4   4.3 37
2016 153  0   4.8   3.7 17
2016 153  1   4.4   3.3 17
2016 153  2   4.2   3.3 17
2016 153  3   4.1   3.1 10
2016 153  4   3.7   3.2 10
2016 153  5   3.6   3.0 10
2016 153  6   3.9   3.2 10
2016 153  7   3.8   3.1 10
2016 153  8   3.8   3.5 10
2016 153  9   4.1   3.5  7
2016 153 10   3.9   3.4  7
2016 153 11   3.7   3.4  7
2016 153 12   3.5   3.7 13
2016 153 13   3.6   3.9 13
2016 153 14   3.6   3.8 13
2016 153 15   3.4   3.4 13
2016 153 16   2.9   3.4 13
2016 153 17   3.3   3.3 13
2016 153 18   3.3   3.4 20
2016 153 19   3.6   3.7 20
2016 153 20   3.8   3.1 20
2016 153 21   3.8   3.0 13
2016 153 22   3.9   3.0 13
2016 153 23   4.0   2.5 13
2016 154  0   4.1   2.9  3
2016 154  1   3.8   2.9  3
2016 154  2   3.5   3.0  3
2016 154  3   3.9   3.7 10
2016 154  4   3.8   3.7 10
2016 154  5   3.9   3.3 10
2016 154  6   4.0   2.9  3
2016 154  7   4.0   3.2  3
2016 154  8   3.8   3.0  3
2016 154  9   3.6   3.1  7
2016 154 10   3.7   2.7  7
2016 154 11   3.9   2.3  7
2016 154 12   4.0   2.5  7
2016 154 13   3.6   2.8  7
2016 154 14   3.7   3.0  7
2016 154 15   3.9   2.2  3
2016 154 16   4.1   2.6  3
2016 154 17   4.1   2.7  3
2016 154 18   4.0   2.6  3
2016 154 19   4.0   2.0  3
2016 154 20   3.9   3.2  3
2016 154 21   4.1   3.3  7
2016 154 22   3.9   4.6  7
2016 154 23   4.1   5.9  7
2016 155  0   4.0   5.8 10
2016 155  1   3.9   5.9 10
2016 155  2   3.9   6.1 10
2016 155  3   2.9   5.6  3
2016 155  4   2.9   4.7  3
2016 155  5   2.9   4.3  3
2016 155  6   2.7   4.9  3
2016 155  7   2.9   5.2  3
2016 155  8   3.3   5.4  3
2016 155  9   3.3   5.8  3
2016 155 10   3.5   5.4  3
2016 155 11   3.6   5.3  3
2016 155 12   3.5   5.5  0
2016 155 13   3.3   5.6  0
2016 155 14   3.7   5.1  0
2016 155 15   3.7   5.1  3
2016 155 16   4.3   3.2  3
2016 155 17   4.1   3.3  3
2016 155 18   3.8   3.9  3
2016 155 19   4.0   4.0  3
2016 155 20   4.1   4.6  3
2016 155 21   3.9   5.7  7
2016 155 22   3.6   6.0  7
2016 155 23   3.7   6.3  7
2016 156  0   3.9   6.4  7
2016 156  1   3.5   6.7  7
2016 156  2   3.5   6.7  7
2016 156  3   3.5   6.9  3
2016 156  4   3.4   7.0  3
2016 156  5   3.4   7.6  3
2016 156  6   3.8   7.3  3
2016 156  7   3.3   7.5  3
2016 156  8   3.4   7.4  3
2016 156  9   3.5   7.6  3
2016 156 10   3.6   7.7  3
2016 156 11   3.0   8.7  3
2016 156 12   3.7   8.6  3
2016 156 13   4.0   8.5  3
2016 156 14   4.2   8.3  3
2016 156 15   4.2   8.6  7
2016 156 16   4.3   9.0  7
2016 156 17   4.5   9.4  7
2016 156 18   4.2   9.9 13
2016 156 19   4.2  10.8 13
2016 156 20   4.7  11.2 13
2016 156 21   4.3  12.6 13
2016 156 22   4.5  13.3 13
2016 156 23   5.2  20.2 13
2016 157  0   5.7  27.5 13
2016 157  1   6.2  23.9 13
2016 157  2   6.0  24.1 13
2016 157  3   4.9  23.2 20
2016 157  4   6.6  26.3 20
2016 157  5   7.1  29.3 20
2016 157  6   5.0  36.8 20
2016 157  7   5.1  53.3 20
2016 157  8   9.8  56.4 20
2016 157  9  11.1  48.7 37
2016 157 10   6.8  35.3 37
2016 157 11   9.3  30.5 37
2016 157 12  12.7  30.5 53
2016 157 13  15.8  32.7 53
2016 157 14  15.8  24.4 53
2016 157 15  17.3  14.2 47
2016 157 16  15.2  15.5 47
2016 157 17  15.7  12.6 47
2016 157 18  12.6  12.9 53
2016 157 19  10.4  11.7 53
2016 157 20   9.9   9.3 53
2016 157 21  10.3   7.3 47
2016 157 22   7.6   7.5 47
2016 157 23   7.1   7.7 47
2016 158  0   7.5   7.5 43
2016 158  1   7.1   7.1 43
2016 158  2   7.3   6.5 43
2016 158  3   6.3   5.1 53
2016 158  4   7.2   5.4 53
2016 158  5   7.0   5.7 53
2016 158  6   7.6   5.7 37
2016 158  7   7.5   5.4 37
2016 158  8   7.3   5.3 37
2016 158  9   7.4   4.3 40
2016 158 10   6.7   4.4 40
2016 158 11   6.3   4.4 40
2016 158 12   6.4   3.7 37
2016 158 13   6.4   3.5 37
2016 158 14   6.3   3.4 37
2016 158 15   6.0   3.1 20
2016 158 16   4.9   3.4 20
2016 158 17   4.5   3.8 20
2016 158 18   5.5   4.2 30
2016 158 19   5.7   5.1 30
2016 158 20   4.5   5.2 30
2016 158 21   4.8   5.1 17
2016 158 22   4.4   4.6 17
2016 158 23   5.7   4.8 17
2016 159  0   4.9   5.1 17
2016 159  1   5.1   4.9 17
2016 159  2   4.8   5.0 17
2016 159  3   5.7   5.4 13
2016 159  4   5.5   5.3 13
2016 159  5   6.7   4.1 13
2016 159  6   5.9   4.0  7
2016 159  7   5.4   4.4  7
2016 159  8   4.7   4.9  7
2016 159  9   6.5   4.3 23
2016 159 10   6.7   4.4 23
2016 159 11   6.5   4.1 23
2016 159 12   6.2   4.0 20
2016 159 13   6.1   4.2 20
2016 159 14   6.2   3.9 20
2016 159 15   5.9   4.5 20
2016 159 16   5.6   4.5 20
2016 159 17   5.3   4.1 20
2016 159 18   5.0   4.2 30
2016 159 19   5.1   4.0 30
2016 159 20   5.5   4.0 30
2016 159 21   5.2   3.8 30
2016 159 22   5.2   3.8 30
2016 159 23   5.4   3.5 30
2016 160  0   4.9   3.3 20
2016 160  1   4.9   3.4 20
2016 160  2   5.3   2.9 20
2016 160  3   5.5   2.7 20
2016 160  4   5.8   2.5 20
2016 160  5   6.3   2.5 20
2016 160  6   6.3   2.9  7
2016 160  7   5.9   3.4  7
2016 160  8   6.0   4.2  7
2016 160  9   5.9   3.7 20
2016 160 10   5.1   4.8 20
2016 160 11   4.8   4.9 20
2016 160 12   5.3   4.5 17
2016 160 13   5.5   4.1 17
2016 160 14   5.8   3.8 17
2016 160 15   6.0   3.3 17
2016 160 16   5.7   3.7 17
2016 160 17   5.0   3.5 17
2016 160 18   4.5   3.3  3
2016 160 19   4.5   3.0  3
2016 160 20   4.1   3.1  3
2016 160 21   3.8   3.1  3
2016 160 22   3.5   2.9  3
2016 160 23   3.7   2.4  3
2016 161  0   3.5   2.6 20
2016 161  1   3.7   2.9 20
2016 161  2   3.5   2.7 20
2016 161  3   3.8   2.2  7
2016 161  4   3.4   2.4  7
2016 161  5   3.7   2.8  7
2016 161  6   3.4   3.0  3
2016 161  7   3.2   3.0  3
2016 161  8   2.9   3.3  3
2016 161  9   3.3   3.5  3
2016 161 10   3.5   3.4  3
2016 161 11   3.3   3.3  3
2016 161 12   3.5   3.1 10
2016 161 13   3.0   3.5 10
2016 161 14   2.9   3.4 10
2016 161 15   2.9   3.6  7
2016 161 16   3.2   3.2  7
2016 161 17   3.2   3.5  7
2016 161 18   3.1   3.9  7
2016 161 19   3.3   4.1  7
2016 161 20   3.3   4.3  7
2016 161 21   3.3   4.2  3
2016 161 22   3.3   4.3  3
2016 161 23   3.1   4.5  3
2016 162  0   3.5   4.1  3
2016 162  1   3.3   4.9  3
2016 162  2   3.7   5.2  3
2016 162  3   3.7   6.1 10
2016 162  4   3.6   5.8 10
2016 162  5   3.7   6.0 10
2016 162  6   3.8   6.1  3
2016 162  7   3.9   7.0  3
2016 162  8   3.9   8.1  3
2016 162  9   3.4  10.8  7
2016 162 10   3.4  13.9  7
2016 162 11   3.2  17.7  7
2016 162 12   4.0  19.9 13
2016 162 13   5.1  22.1 13
2016 162 14   8.5  16.6 13
2016 162 15   7.5  16.9 13
2016 162 16   8.1  16.0 13
2016 162 17   8.5  16.3 13
2016 162 18   8.4  17.4 33
2016 162 19   9.6  19.3 33
2016 162 20   9.4  21.5 33
2016 162 21  12.3  12.2 23
2016 162 22  11.7   9.8 23
2016 162 23  10.3   9.3 23
2016 163  0   9.5  10.3 30
2016 163  1   9.3  10.7 30
2016 163  2   8.1  10.5 30
2016 163  3   7.4   8.7 13
2016 163  4   7.8   8.0 13
2016 163  5   7.7   5.9 13
2016 163  6   7.4   5.7 17
2016 163  7   7.5   5.7 17
2016 163  8   8.1   3.2 17
2016 163  9   7.9   2.9 13
2016 163 10   8.1   3.1 13
2016 163 11   8.5   2.8 13
2016 163 12   8.1   3.7 20
2016 163 13   6.9   4.4 20
2016 163 14   7.3   4.7 20
2016 163 15   7.7   5.4 20
2016 163 16   8.7   2.8 20
2016 163 17   8.5   2.7 20
2016 163 18   7.6   4.5 20
2016 163 19   7.4   4.5 20
2016 163 20   7.7   5.3 20
2016 163 21   7.9   6.4 33
2016 163 22   8.2   7.5 33
2016 163 23   7.5   6.7 33
2016 164  0   6.5   6.7 13
2016 164  1   8.6   6.9 13
2016 164  2   9.3   5.9 13
2016 164  3   6.2   6.4 17
2016 164  4  10.4   6.7 17
2016 164  5   8.9   6.4 17
2016 164  6   8.4   6.9 23
2016 164  7   8.2   7.1 23
2016 164  8   9.4   6.3 23
2016 164  9   8.5   8.7 17
2016 164 10   8.9   8.8 17
2016 164 11   9.6   8.7 17
2016 164 12   9.8   9.2 27
2016 164 13  10.9   9.8 27
2016 164 14  10.3   9.9 27
2016 164 15  10.4  10.0 30
2016 164 16  10.4   9.1 30
2016 164 17  10.3   9.5 30
2016 164 18  10.7   8.6 37
2016 164 19  10.4   8.2 37
2016 164 20  10.6   8.5 37
2016 164 21  10.5   9.0 20
2016 164 22   9.8   8.9 20
2016 164 23  10.1   7.7 20
2016 165  0   8.9   6.4 27
2016 165  1   7.9   6.8 27
2016 165  2   7.7   7.1 27
2016 165  3   7.4   6.9 37
2016 165  4   7.1   6.4 37
2016 165  5   6.6   5.8 37
2016 165  6   6.4   5.7 13
2016 165  7   6.7   5.3 13
2016 165  8   6.6   4.5 13
2016 165  9   6.2   4.4 17
2016 165 10   6.1   4.2 17
2016 165 11   6.4   3.9 17
2016 165 12   6.3   4.0 20
2016 165 13   6.0   3.9 20
2016 165 14   5.9   3.7 20
2016 165 15   5.6   3.7 10
2016 165 16   5.0   3.8 10
2016 165 17   4.5   4.0 10
2016 165 18   4.4   3.8 17
2016 165 19   3.6   4.0 17
2016 165 20   4.2   3.7 17
2016 165 21   4.0   3.7  7
2016 165 22   4.0   3.9  7
2016 165 23   4.0   4.2  7
2016 166  0   4.2   4.4 27
2016 166  1   4.1   4.6 27
2016 166  2   4.1   4.0 27
2016 166  3   4.4   3.5 17
2016 166  4   4.0   4.3 17
2016 166  5   4.9   4.5 17
2016 166  6   5.3   4.9 13
2016 166  7   5.2   5.5 13
2016 166  8   4.5   6.7 13
2016 166  9   5.5   7.2 17
2016 166 10   6.4   5.8 17
2016 166 11   5.9   6.8 17
2016 166 12   7.4   7.4 20
2016 166 13   6.7   5.5 20
2016 166 14   6.8   4.8 20
2016 166 15   6.8   5.0 27
2016 166 16   8.0   7.7 27
2016 166 17   9.4  11.9 27
2016 166 18   8.8  16.7 63
2016 166 19  14.2  17.5 63
2016 166 20  13.3  12.5 63
2016 166 21  11.6   5.6 40
2016 166 22   9.0   5.4 40
2016 166 23   9.9   5.5 40
2016 167  0  10.5   4.8 43
2016 167  1   9.0   4.3 43
2016 167  2   7.4   3.2 43
2016 167  3   5.8   3.1 20
2016 167  4   6.1   2.9 20
2016 167  5   7.5   3.2 20
2016 167  6   7.6   3.1 23
2016 167  7   7.3   3.4 23
2016 167  8   7.8   3.7 23
2016 167  9   8.3   4.0 30
2016 167 10   8.1   5.1 30
2016 167 11   8.2   5.4 30
2016 167 12   7.9   7.0 27
2016 167 13   8.1   6.1 27
2016 167 14   8.0   7.0 27
2016 167 15   9.0   7.6 23
2016 167 16   8.5   6.9 23
2016 167 17  10.5   4.5 23
2016 167 18  10.6   4.6 10
2016 167 19   9.9   5.3 10
2016 167 20   9.4   4.8 10
2016 167 21   9.8   4.0  7
2016 167 22   9.5   3.8  7
2016 167 23   7.6   3.0  7
2016 168  0   5.9   3.2 17
2016 168  1   5.8   3.1 17
2016 168  2   6.1   2.7 17
2016 168  3   5.6   3.3 13
2016 168  4   5.7   3.2 13
2016 168  5   5.7   3.2 13
2016 168  6   5.6   2.9 13
2016 168  7   5.4   2.7 13
2016 168  8   6.1   3.2 13
2016 168  9   6.4   3.1 20
2016 168 10   5.8   3.1 20
2016 168 11   5.3   3.0 20
2016 168 12   5.0   3.1 23
2016 168 13   4.7   3.0 23
2016 168 14   4.8   2.8 23
2016 168 15   4.8   2.9 20
2016 168 16   5.0   2.7 20
2016 168 17   5.0   2.9 20
2016 168 18   5.0   3.0 13
2016 168 19   4.9   2.8 13
2016 168 20   4.9   3.0 13
2016 168 21   5.0   3.0 13
2016 168 22   5.1   3.1 13
2016 168 23   5.5   3.0 13
2016 169  0   5.7   2.6 13
2016 169  1   5.6   2.4 13
2016 169  2   5.8   1.9 13
2016 169  3   6.0   2.0 17
2016 169  4   6.1   2.1 17
2016 169  5   6.5   2.3 17
2016 169  6   6.4   1.9 17
2016 169  7   6.4   2.1 17
2016 169  8   6.2   2.2 17
2016 169  9   6.1   2.1 20
2016 169 10   5.8   2.0 20
2016 169 11   5.6   2.4 20
2016 169 12   5.6   2.5 27
2016 169 13   5.8   2.5 27
2016 169 14   5.8   2.6 27
2016 169 15   5.8   2.7 23
2016 169 16   6.2   2.9 23
2016 169 17   6.0   2.8 23
2016 169 18   5.6   2.9 23
2016 169 19   5.8   2.9 23
2016 169 20   5.9   3.0 23
2016 169 21   5.5   2.9  7
2016 169 22   5.5   3.0  7
2016 169 23   5.2   2.9  7
2016 170  0   5.2   3.0 17
2016 170  1   5.3   3.1 17
2016 170  2   5.3   3.3 17
2016 170  3   5.4   3.3 23
2016 170  4   5.2   3.1 23
2016 170  5   5.2   3.2 23
2016 170  6   5.1   3.2 23
2016 170  7   5.1   3.3 23
2016 170  8   5.0   3.1 23
2016 170  9   4.5   3.4 23
2016 170 10   4.3   3.4 23
2016 170 11   4.4   3.1 23
2016 170 12   4.7   2.8 23
2016 170 13   4.6   2.5 23
2016 170 14   4.1   2.6 23
2016 170 15   4.6   2.6 13
2016 170 16   4.7   2.6 13
2016 170 17   4.5   2.5 13
2016 170 18   4.2   2.6 17
2016 170 19   3.9   2.5 17
2016 170 20   3.3   2.5 17
2016 170 21   3.9   2.7 17
2016 170 22   4.0   2.6 17
2016 170 23   3.7   2.4 17
2016 171  0   3.5   2.4 17
2016 171  1   3.6   2.3 17
2016 171  2   3.6   2.2 17
2016 171  3   3.4   2.2 17
2016 171  4   3.3   2.2 17
2016 171  5   3.3   2.2 17
2016 171  6   3.2   2.3 20
2016 171  7   3.5   2.3 20
2016 171  8   3.5   2.2 20
2016 171  9   3.8   2.1  7
2016 171 10   4.0   2.3  7
2016 171 11   4.0   2.5  7
2016 171 12   4.2   2.6 10
2016 171 13   4.3   2.6 10
2016 171 14   3.9   2.9 10
2016 171 15   4.5   2.6 13
2016 171 16   4.7   2.7 13
2016 171 17   4.1   2.7 13
2016 171 18   3.9   2.6  7
2016 171 19   4.2   2.8  7
2016 171 20   4.1   2.9  7
2016 171 21   4.1   3.0  0
2016 171 22   4.3   3.0  0
2016 171 23   4.4   3.0  0
2016 172  0   4.4   3.1 10
2016 172  1   4.4   3.1 10
2016 172  2   4.5   2.9 10
2016 172  3   4.4   2.9 10
2016 172  4   4.0   3.5 10
2016 172  5   3.5   3.0 10
2016 172  6   3.7   3.4 13
2016 172  7   3.8   3.8 13
2016 172  8   3.4   3.6 13
2016 172  9   4.1   3.4  3
2016 172 10   4.3   3.4  3
2016 172 11   4.1   3.3  3
2016 172 12   4.2   3.2  7
2016 172 13   3.8   2.9  7
2016 172 14   3.5   2.8  7
2016 172 15   3.3   2.7  7
2016 172 16   3.2   2.6  7
2016 172 17   3.2   2.5  7
2016 172 18   3.0   2.5 10
2016 172 19   3.5   2.7 10
2016 172 20   3.7   2.9 10
2016 172 21   3.9   3.0 10
2016 172 22   4.0   3.0 10
2016 172 23   4.0   2.9 10
2016 173  0   4.1   2.9  7
2016 173  1   4.1   3.2  7
2016 173  2   3.8   3.0  7
2016 173  3   3.9   2.3  7
2016 173  4   3.6   2.7  7
2016 173  5   3.6   2.5  7
2016 173  6   3.1   3.0  3
2016 173  7   3.5   2.2  3
2016 173  8   3.9   1.4  3
2016 173  9   3.2   3.1  7
2016 173 10   2.9   3.6  7
2016 173 11   3.0   3.5  7
2016 173 12   2.7   3.5 10
2016 173 13   3.3   2.5 10
2016 173 14   2.9   3.4 10
2016 173 15   2.7   3.2  7
2016 173 16   2.6   3.2  7
2016 173 17   2.8   3.3  7
2016 173 18   2.8   3.5  7
2016 173 19   2.8   3.5  7
2016 173 20   2.7   3.7  7
2016 173 21   2.7   3.6  3
2016 173 22   2.8   3.6  3
2016 173 23   2.2   4.7  3
2016 174  0   2.1   4.9  7
2016 174  1   2.4   4.7  7
2016 174  2   2.8   4.5  7
2016 174  3   2.9   4.5 10
2016 174  4   3.0   5.4 10
2016 174  5   2.0   7.9 10
2016 174  6   2.7   7.9  7
2016 174  7   2.6   9.4  7
2016 174  8   2.7  10.6  7
2016 174  9   3.0  12.7 13
2016 174 10   4.4  11.5 13
2016 174 11   5.8  10.5 13
2016 174 12   5.5  11.9 17
2016 174 13   6.4  10.4 17
2016 174 14   6.7  12.3 17
2016 174 15   8.2  12.1 33
2016 174 16   9.1  13.7 33
2016 174 17   9.9  16.7 33
2016 174 18  10.4  21.5 47
2016 174 19  12.0  18.5 47
2016 174 20  12.0  26.8 47
2016 174 21  13.1   9.3 33
2016 174 22  11.4   8.9 33
2016 174 23  11.1   4.4 33
2016 175  0   7.8   5.6 17
2016 175  1   8.4   4.7 17
2016 175  2   6.7   6.2 17
2016 175  3   8.0   5.9 30
2016 175  4   8.0   8.4 30
2016 175  5   9.1   9.4 30
2016 175  6   9.0  10.4  7
2016 175  7   8.6  12.9  7
2016 175  8   8.6  13.3  7
2016 175  9   9.0  12.8  7
2016 175 10   8.9  13.0  7
2016 175 11   7.8  10.2  7
2016 175 12   9.1   8.4 10
2016 175 13   9.3   6.4 10
2016 175 14   8.7   5.1 10
2016 175 15   8.0   6.7 33
2016 175 16   9.0   7.5 33
2016 175 17   5.6   9.3 33
2016 175 18   5.0   9.8 27
2016 175 19   4.8   9.5 27
2016 175 20   6.7   7.1 27
2016 175 21   8.8   4.9 37
2016 175 22   7.4   6.8 37
2016 175 23   7.0   6.9 37
2016 176  0   7.6   5.9 33
2016 176  1   6.3   6.1 33
2016 176  2   6.1   6.7 33
2016 176  3   4.7   7.6 37
2016 176  4   5.3   8.4 37
2016 176  5   5.4   8.8 37
2016 176  6   5.3   8.2 30
2016 176  7   5.2   6.9 30
2016 176  8   5.2   5.3 30
2016 176  9   5.4   5.7 17
2016 176 10   6.5   4.9 17
2016 176 11   7.1   4.6 17
2016 176 12   7.1   4.2 23
2016 176 13   5.4   4.9 23
2016 176 14   5.5   4.5 23
2016 176 15   5.5   4.3 23
2016 176 16   6.2   4.2 23
2016 176 17   5.4   4.5 23
2016 176 18   4.6   3.9 17
2016 176 19   4.6   3.5 17
2016 176 20   3.4   3.1 17
2016 176 21   4.1   2.6 30
2016 176 22   4.6   2.0 30
2016 176 23   4.2   2.0 30
2016 177  0   4.4   2.3 27
2016 177  1   4.3   2.6 27
2016 177  2   4.2   2.1 27
2016 177  3   4.5   2.2 20
2016 177  4   4.4   2.1 20
2016 177  5   4.2   1.9 20
2016 177  6   4.2   2.0 17
2016 177  7   4.4   1.7 17
2016 177  8   4.6   1.4 17
2016 177  9   4.6   1.5  7
2016 177 10   4.5   1.5  7
2016 177 11   4.4   1.5  7
2016 177 12   4.5   1.5 10
2016 177 13   4.6   2.0 10
2016 177 14   5.0   2.0 10
2016 177 15   5.0   2.2 10
2016 177 16   5.1   2.9 10
2016 177 17   4.8   3.2 10
2016 177 18   4.3   3.8 20
2016 177 19   4.5   4.2 20
2016 177 20   4.4   4.1 20
2016 177 21   4.5   4.7 27
2016 177 22   4.8   5.0 27
2016 177 23   5.0   5.3 27
2016 178  0   5.9   6.0 17
2016 178  1   5.9   5.9 17
2016 178  2   5.8   6.3 17
2016 178  3   6.2   6.7 13
2016 178  4   6.5   7.6 13
2016 178  5   7.2   8.1 13
2016 178  6   6.8   8.2 17
2016 178  7   6.5   8.0 17
2016 178  8   6.9   6.7 17
2016 178  9   7.2   5.8 13
2016 178 10   6.7   4.7 13
2016 178 11   7.6   4.4 13
2016 178 12   7.4   4.6 20
2016 178 13   7.0   4.3 20
2016 178 14   7.3   4.0 20
2016 178 15   7.9   4.4 30
2016 178 16   7.9   5.4 30
2016 178 17   8.0   5.2 30
2016 178 18   8.6   5.7 30
2016 178 19   7.4   5.5 30
2016 178 20   7.0   5.5 30
2016 178 21   7.5   4.7 37
2016 178 22   6.8   4.7 37
2016 178 23   6.4   4.7 37
2016 179  0   5.8   5.1 30
2016 179  1   6.4   4.6 30
2016 179  2   5.5   4.0 30
2016 179  3   5.4   4.2 23
2016 179  4   5.4   4.0 23
2016 179  5   5.1   3.6 23
2016 179  6   5.1   3.5 27
2016 179  7   5.3   3.2 27
2016 179  8   5.3   3.2 27
2016 179  9   5.8   3.2 10
2016 179 10   5.7   3.2 10
2016 179 11   5.2   2.9 10
2016 179 12   5.1   2.8 10
2016 179 13   5.1   2.5 10
2016 179 14   4.7   2.7 10
2016 179 15   4.6   3.4 10
2016 179 16   4.3   3.6 10
2016 179 17   5.0   3.5 10
2016 179 18   4.8   4.1 13
2016 179 19   3.7   4.8 13
2016 179 20   4.0   4.8 13
2016 179 21   4.1   4.8 20
2016 179 22   3.5   5.1 20
2016 179 23   3.0   4.9 20
2016 180  0   3.5   4.1 23
2016 180  1   3.8   4.0 23
2016 180  2   4.3   4.1 23
2016 180  3   4.6   4.0 17
2016 180  4   4.2   3.7 17
2016 180  5   3.8   3.2 17
2016 180  6   4.4   2.9 13
2016 180  7   4.4   2.9 13
2016 180  8   4.0   3.0 13
2016 180  9   4.0   3.8 13
2016 180 10   4.1   4.5 13
2016 180 11   4.0   4.1 13
2016 180 12   3.9   4.4 20
2016 180 13   3.8   4.6 20
2016 180 14   3.6   4.7 20
2016 180 15   4.2   4.6 13
2016 180 16   4.1   4.6 13
2016 180 17   4.2   4.9 13
2016 180 18   3.5   5.3 10
2016 180 19   3.4   5.5 10
2016 180 20   3.9   5.3 10
2016 180 21   4.1   5.5  3
2016 180 22   4.1   5.5  3
2016 180 23   4.6   4.3  3
2016 181  0   4.4   4.2 17
2016 181  1   3.5   4.6 17
2016 181  2   2.9   4.8 17
2016 181  3   3.5   4.7 10
2016 181  4   4.1   4.5 10
2016 181  5   4.2   4.5 10
2016 181  6   4.4   4.4 10
2016 181  7   4.6   3.9 10
2016 181  8   4.8   4.1 10
2016 181  9   4.6   5.3  7
2016 181 10   4.0   7.0  7
2016 181 11   3.7   7.3  7
2016 181 12   3.4   7.4  7
2016 181 13   3.7   7.2  7
2016 181 14   3.7   6.9  7
2016 181 15   3.4   6.9 10
2016 181 16   3.5   7.0 10
2016 181 17   3.6   6.8 10
2016 181 18   3.6   6.4 17
2016 181 19   4.0   5.9 17
2016 181 20   3.2   6.4 17
2016 181 21   3.1   6.4  7
2016 181 22   3.2   6.3  7
2016 181 23   3.4   5.8  7
2016 182  0   3.3   5.5  3
2016 182  1   3.1   5.9  3
2016 182  2   3.0   6.0  3
2016 182  3   3.1   5.7  7
2016 182  4   3.2   6.0  7
2016 182  5   3.3   4.8  7
2016 182  6   3.5   6.4  3
2016 182  7   3.8   7.0  3
2016 182  8   3.9   7.3  3
2016 182  9   4.1   7.7  7
2016 182 10   4.4   8.4  7
2016 182 11   5.0   8.4  7
2016 182 12   5.9   8.5  3
2016 182 13   6.5   8.9  3
2016 182 14   7.0   9.4  3
2016 182 15   7.5  10.6 20
2016 182 16   8.1  11.1 20
2016 182 17   7.0  14.2 20
2016 182 18   6.6  18.2 30
2016 182 19   7.1  19.1 30
2016 182 20   7.6  15.9 30
2016 182 21   7.1  15.3 27
2016 182 22   5.8  16.0 27
2016 182 23   7.1  11.6 27
2016 183  0   7.2  12.1 33
2016 183  1   7.5  11.0 33
2016 183  2   6.9  10.4 33
2016 183  3   5.1  11.4 20
2016 183  4   7.3  11.3 20
2016 183  5   7.6  12.2 20
2016 183  6   6.0  10.6 23
2016 183  7   5.2  10.1 23
2016 183  8   5.1   9.7 23
2016 183  9   5.0   8.7 20
2016 183 10   5.4   8.1 20
2016 183 11   4.9   7.3 20
2016 183 12   4.3   7.0 13
2016 183 13   3.8   6.7 13
2016 183 14   3.8   6.2 13
2016 183 15   4.3   5.8  7
2016 183 16   3.9   5.4  7
2016 183 17   3.7   5.1  7
2016 183 18   4.2   5.0  0
2016 183 19   4.2   4.9  0
2016 183 20   4.2   4.8  0
2016 183 21   3.9   4.9  3
2016 183 22   3.7   4.3  3
2016 183 23   4.1   4.6  3
2016 184  0   4.2   3.7  7
2016 184  1   4.0   4.2  7
2016 184  2   4.1   4.8  7
2016 184  3   4.0   5.3 10
2016 184  4   4.3   5.2 10
2016 184  5   4.2   4.7 10
2016 184  6   3.9   4.8 10
2016 184  7   3.7   5.2 10
2016 184  8   3.6   5.2 10
2016 184  9   3.6   5.4  7
2016 184 10   3.6   7.6  7
2016 184 11   3.0  10.0  7
2016 184 12   2.7  10.6 13
2016 184 13   3.3  11.6 13
2016 184 14   3.7  12.9 13
2016 184 15   3.8  17.8 10
2016 184 16   4.5  19.6 10
2016 184 17   4.8  20.3 10
2016 184 18   4.2  27.0 27
2016 184 19   3.2  33.9 27
2016 184 20   6.6  43.9 27
2016 184 21   9.9  41.2 37
2016 184 22  10.7  41.8 37
2016 184 23  12.2  19.0 37
2016 185  0   9.5  12.5 27
2016 185  1   8.6  12.8 27
2016 185  2   8.8  11.3 27
2016 185  3   9.1  11.5 20
2016 185  4   8.9   9.8 20
2016 185  5   9.0   8.4 20
2016 185  6   7.8   7.0 13
2016 185  7   6.6   7.4 13
2016 185  8   7.4   7.5 13
2016 185  9   8.0   6.8 13
2016 185 10   8.0   5.5 13
2016 185 11   7.3   6.1 13
2016 185 12   6.6   6.8 10
2016 185 13   6.5   7.3 10
2016 185 14   6.7   7.2 10
2016 185 15   7.1   6.9 23
2016 185 16   7.3   6.5 23
2016 185 17   6.6   7.0 23
2016 185 18   6.9   7.2 20
2016 185 19   6.8   7.0 20
2016 185 20   6.9   7.0 20
2016 185 21   7.1   7.1 27
2016 185 22   6.9   6.9 27
2016 185 23   6.1   6.8 27
2016 186  0   5.9   5.9 17
2016 186  1   5.5   5.5 17
2016 186  2   5.2   5.2 17
2016 186  3   5.0   5.0 17
2016 186  4   4.6   4.9 17
2016 186  5   4.8   4.9 17
2016 186  6   4.6   4.6 20
2016 186  7   4.5   4.2 20
2016 186  8   4.5   4.1 20
2016 186  9   4.5   3.9 13
2016 186 10   4.4   3.8 13
2016 186 11   4.6   3.8 13
2016 186 12   4.7   3.6 10
2016 186 13   4.7   3.8 10
2016 186 14   4.6   3.6 10
2016 186 15   4.6   3.7  3
2016 186 16   4.7   3.8  3
2016 186 17   4.6   4.0  3
2016 186 18   4.5   4.3 17
2016 186 19   4.5   4.5 17
2016 186 20   4.7   4.6 17
2016 186 21   4.6   5.0 10
2016 186 22   4.6   5.2 10
2016 186 23   4.5   4.8 10
2016 187  0   4.4   4.6 10
2016 187  1   4.3   4.8 10
2016 187  2   4.3   4.5 10
2016 187  3   4.2   4.7 13
2016 187  4   4.1   4.7 13
2016 187  5   4.0   4.7 13
2016 187  6   4.0   4.8  7
2016 187  7   4.1   4.8  7
2016 187  8   3.7   5.1  7
2016 187  9   3.3   5.3  3
2016 187 10   3.7   4.4  3
2016 187 11   3.6   5.1  3
2016 187 12   4.0   5.3  3
2016 187 13   4.2   5.1  3
2016 187 14   4.2   5.0  3
2016 187 15   4.0   5.4  3
2016 187 16   4.4   4.9  3
2016 187 17   4.3   5.2  3
2016 187 18   4.4   5.5  7
2016 187 19   4.1   5.5  7
2016 187 20   3.9   5.8  7
2016 187 21   3.9   6.2  7
2016 187 22   4.0   6.4  7
2016 187 23   4.2   6.6  7
2016 188  0   4.2   7.0  0
2016 188  1   4.2   7.2  0
2016 188  2   4.0   7.8  0
2016 188  3   3.8   8.5  3
2016 188  4   3.7   9.1  3
2016 188  5   3.6   9.9  3
2016 188  6   3.8  10.1  3
2016 188  7   3.6  11.4  3
2016 188  8   4.0   9.9  3
2016 188  9   4.4   9.5  7
2016 188 10   4.6  10.4  7
2016 188 11   4.3  11.2  7
2016 188 12   4.8  11.1  7
2016 188 13   5.2  11.1  7
2016 188 14   5.2  12.2  7
2016 188 15   5.2  13.2 10
2016 188 16   4.8  14.0 10
2016 188 17   3.3  17.1 10
2016 188 18   2.4  20.2 13
2016 188 19   3.9  18.1 13
2016 188 20   4.5  18.6 13
2016 188 21   5.4  21.2 27
2016 188 22   7.5  32.4 27
2016 188 23   6.8  33.0 27
2016 189  0   7.5  38.7 27
2016 189  1   9.9  34.8 27
2016 189  2  12.7  13.9 27
2016 189  3  10.8  15.5 27
2016 189  4  10.7  16.5 27
2016 189  5  11.1  16.0 27
2016 189  6  10.7  16.1 27
2016 189  7   9.5  14.9 27
2016 189  8   9.4  13.7 27
2016 189  9  11.7  12.0 27
2016 189 10  12.4  12.9 27
2016 189 11  12.3  14.9 27
2016 189 12  12.6  14.8 33
2016 189 13  10.8  15.1 33
2016 189 14  13.2  10.0 33
2016 189 15  12.1  11.9 43
2016 189 16  11.8  11.3 43
2016 189 17  11.2  11.2 43
2016 189 18  10.7  11.8 47
2016 189 19  11.5  11.7 47
2016 189 20  11.4  12.1 47
2016 189 21  11.3  11.5 43
2016 189 22  12.5  10.5 43
2016 189 23  13.2   9.1 43
2016 190  0  12.4   9.3 33
2016 190  1  12.2   9.1 33
2016 190  2   9.3   9.7 33
2016 190  3   8.8   8.7 23
2016 190  4   8.3   6.9 23
2016 190  5   7.2   7.1 23
2016 190  6   8.3   6.9 33
2016 190  7   8.6   6.7 33
2016 190  8   7.6   6.3 33
2016 190  9   6.0   6.2 37
2016 190 10   6.4   6.0 37
2016 190 11   6.9   5.0 37
2016 190 12   7.5   4.2 40
2016 190 13   8.3   5.1 40
2016 190 14   8.4   5.5 40
2016 190 15   9.2   5.1 37
2016 190 16   8.2   5.1 37
2016 190 17   6.7   5.4 37
2016 190 18   7.2   4.8 40
2016 190 19   6.2   4.8 40
2016 190 20   7.1   4.5 40
2016 190 21   5.7   5.2 23
2016 190 22   6.7   4.8 23
2016 190 23   5.9   5.3 23
2016 191  0   7.5   5.2 33
2016 191  1   6.1   5.0 33
2016 191  2   5.3   5.2 33
2016 191  3   5.6   4.7 23
2016 191  4   5.6   4.9 23
2016 191  5   5.9   4.8 23
2016 191  6   6.2   5.0 33
2016 191  7   6.9   4.5 33
2016 191  8   7.1   4.6 33
2016 191  9   7.2   4.6 23
2016 191 10   7.0   4.7 23
2016 191 11   6.5   3.6 23
2016 191 12   6.4   3.8 30
2016 191 13   6.7   3.7 30
2016 191 14   6.6   3.5 30
2016 191 15   6.6   3.3 30
2016 191 16   6.6   2.8 30
2016 191 17   5.7   3.1 30
2016 191 18   5.6   3.1 23
2016 191 19   5.4   3.3 23
2016 191 20   5.6   3.5 23
2016 191 21   5.6   3.3 17
2016 191 22   5.5   3.0 17
2016 191 23   5.5   3.0 17
2016 192  0   5.2   3.2 23
2016 192  1   5.2   3.1 23
2016 192  2   5.4   2.8 23
2016 192  3   5.3   2.6 20
2016 192  4   5.7   2.8 20
2016 192  5   5.3   3.1 20
2016 192  6   4.9   3.1 20
2016 192  7   4.5   3.3 20
2016 192  8   4.7   3.2 20
2016 192  9   4.8   3.1 27
2016 192 10   4.8   3.0 27
2016 192 11   5.0   2.8 27
2016 192 12   5.3   2.7 27
2016 192 13   4.9   2.5 27
2016 192 14   5.0   2.5 27
2016 192 15   5.0   2.5 17
2016 192 16   4.8   2.6 17
2016 192 17   5.0   2.9 17
2016 192 18   4.9   2.8 23
2016 192 19   5.1   2.8 23
2016 192 20   5.2   3.0 23
2016 192 21   4.9   2.9 20
2016 192 22   4.9   3.1 20
2016 192 23   4.9   2.8 20
2016 193  0   5.1   3.1 23
2016 193  1   4.8   3.1 23
2016 193  2   4.6   2.9 23
2016 193  3   4.2   3.0 27
2016 193  4   4.4   2.7 27
2016 193  5   4.3   2.6 27
2016 193  6   4.3   2.4 13
2016 193  7   4.5   2.5 13
2016 193  8   4.5   2.7 13
2016 193  9   4.8   2.8 20
2016 193 10   4.9   2.8 20
2016 193 11   5.4   3.0 20
2016 193 12   6.0   3.2 27
2016 193 13   5.5   2.9 27
2016 193 14   4.8   3.5 27
2016 193 15   4.6   3.9 23
2016 193 16   4.4   4.3 23
2016 193 17   4.4   4.6 23
2016 193 18   4.6   4.7 27
2016 193 19   4.8   4.8 27
2016 193 20   5.2   4.6 27
2016 193 21   5.2   4.4 27
2016 193 22   6.1   3.2 27
2016 193 23   6.1   3.2 27
2016 194  0   6.7   3.1 30
2016 194  1   6.7   3.4 30
2016 194  2   6.4   3.9 30
2016 194  3   7.5   4.4 43
2016 194  4   8.1   5.0 43
2016 194  5   8.0   5.0 43
2016 194  6   8.4   5.5 43
2016 194  7   8.5   5.9 43
2016 194  8   8.6   5.0 43
2016 194  9   5.8   4.5 37
2016 194 10   5.3   3.5 37
2016 194 11   5.5   3.7 37
2016 194 12   7.4   2.9 23
2016 194 13   7.6   2.6 23
2016 194 14   7.2   3.8 23
2016 194 15   7.0   3.7 17
2016 194 16   5.1   3.8 17
2016 194 17   4.2   3.4 17
2016 194 18   5.5   2.6 27
2016 194 19   5.8   2.9 27
2016 194 20   5.6   2.9 27
2016 194 21   5.8   3.2 33
2016 194 22   5.8   3.0 33
2016 194 23   5.7   2.7 33
2016 195  0   5.2   2.7 30
2016 195  1   5.7   2.5 30
2016 195  2   5.7   2.6 30
2016 195  3   5.5   2.8 20
2016 195  4   5.3   2.9 20
2016 195  5   5.1   2.7 20
2016 195  6   4.7   2.5 13
2016 195  7   4.4   2.6 13
2016 195  8   4.8   2.0 13
2016 195  9   4.8   1.9 17
2016 195 10   4.5   2.2 17
2016 195 11   4.5   2.4 17
2016 195 12   4.6   2.0 17
2016 195 13   4.7   2.1 17
2016 195 14   4.6   2.9 17
2016 195 15   4.7   3.4 17
2016 195 16   5.0   3.5 17
2016 195 17   5.0   3.3 17
2016 195 18   4.2   4.0 13
2016 195 19   4.3   4.0 13
2016 195 20   4.1   3.9 13
2016 195 21   4.4   3.8 20
2016 195 22   4.6   3.9 20
2016 195 23   4.7   3.6 20
2016 196  0   5.4   3.4 17
2016 196  1   5.3   3.3 17
2016 196  2   5.7   3.1 17
2016 196  3   5.4   2.8 23
2016 196  4   5.4   3.5 23
2016 196  5   4.9   3.9 23
2016 196  6   5.5   4.2 40
2016 196  7   6.2   3.8 40
2016 196  8   6.5   4.2 40
2016 196  9   5.9   4.3 33
2016 196 10   5.3   4.4 33
2016 196 11   5.5   4.5 33
2016 196 12   6.0   4.7 17
2016 196 13   6.4   4.9 17
2016 196 14   6.1   4.8 17
2016 196 15   6.2   4.5 20
2016 196 16   6.6   4.3 20
2016 196 17   6.8   4.5 20
2016 196 18   6.9   4.4 17
2016 196 19   6.7   4.6 17
2016 196 20   7.0   4.0 17
2016 196 21   6.9   3.3 20
2016 196 22   5.3   3.0 20
2016 196 23   5.4   2.8 20
2016 197  0   6.3   2.8 23
2016 197  1   6.2   2.6 23
2016 197  2   6.1   2.6 23
2016 197  3   5.8   2.8 30
2016 197  4   6.0   2.9 30
2016 197  5   5.5   3.0 30
2016 197  6   5.4   2.8 27
2016 197  7   5.2   2.8 27
2016 197  8   5.0   2.5 27
2016 197  9   5.0   2.2 27
2016 197 10   5.3   2.0 27
2016 197 11   4.5   2.1 27
2016 197 12   4.2   2.6 17
2016 197 13   3.8   3.0 17
2016 197 14   3.4   3.0 17
2016 197 15   4.3   2.7 23
2016 197 16   4.2   2.7 23
2016 197 17   4.3   2.8 23
2016 197 18   4.2   3.0 17
2016 197 19   3.6   3.0 17
2016 197 20   3.4   2.7 17
2016 197 21   3.7   2.4 27
2016 197 22   3.5   2.5 27
2016 197 23   3.9   2.2 27
2016 198  0   3.7   2.3 27
2016 198  1   3.3   2.4 27
2016 198  2   3.4   2.1 27
2016 198  3   3.6   2.2 13
2016 198  4   3.2   2.3 13
2016 198  5   3.3   2.4 13
2016 198  6   2.9   2.7 13
2016 198  7   3.1   2.6 13
2016 198  8   3.2   3.0 13
2016 198  9   3.5   3.4 13
2016 198 10   3.7   3.3 13
2016 198 11   4.3   3.3 13
2016 198 12   4.7   3.5 30
2016 198 13   3.0   3.0 30
2016 198 14   3.1   3.1 30
2016 198 15   3.2   3.0 13
2016 198 16   3.3   2.9 13
2016 198 17   2.5   3.1 13
2016 198 18   2.6   2.6 17
2016 198 19   3.6   2.2 17
2016 198 20   3.3   2.4 17
2016 198 21   2.8   2.6 10
2016 198 22   2.9   2.7 10
2016 198 23   2.7   2.8 10
2016 199  0   3.1   2.3 13
2016 199  1   3.6   2.0 13
2016 199  2   3.0   2.3 13
2016 199  3   2.8   2.8 13
2016 199  4   2.8   2.9 13
2016 199  5   3.1   2.8 13
2016 199  6   3.6   2.8  7
2016 199  7   3.4   3.2  7
2016 199  8   3.5   3.6  7
2016 199  9   3.6   4.0 10
2016 199 10   3.8   3.9 10
2016 199 11   4.4   2.8 10
2016 199 12   4.5   3.1 13
2016 199 13   4.0   3.4 13
2016 199 14   4.3   3.4 13
2016 199 15   4.2   3.8 13
2016 199 16   4.2   4.3 13
2016 199 17   4.2   4.8 13
2016 199 18   4.0   5.5 13
2016 199 19   4.1   5.8 13
2016 199 20   4.1   5.3 13
2016 199 21   3.3   5.7 20
2016 199 22   3.3   4.7 20
2016 199 23   3.9   4.1 20
2016 200  0   4.7   3.5  7
2016 200  1   4.2   3.7  7
2016 200  2   3.9   3.9  7
2016 200  3   3.3   4.2  7
2016 200  4   3.5   4.6  7
2016 200  5   3.4   4.4  7
2016 200  6   3.4   3.7 10
2016 200  7   3.0   3.5 10
2016 200  8   2.4   3.1 10
2016 200  9   2.5   2.7  7
2016 200 10   2.7   2.4  7
2016 200 11   2.6   2.3  7
2016 200 12   2.6   2.4  3
2016 200 13   2.7   2.2  3
2016 200 14   2.3   2.7  3
2016 200 15   2.1   2.8  3
2016 200 16   2.0   3.0  3
2016 200 17   2.0   3.1  3
2016 200 18   2.1   2.8  3
2016 200 19   2.1   2.9  3
2016 200 20   2.3   3.1  3
2016 200 21   2.2   3.0 13
2016 200 22   2.2   3.1 13
2016 200 23   2.5   3.1 13
2016 201  0   2.7   3.1 10
2016 201  1   3.0   3.3 10
2016 201  2   3.0   3.4 10
2016 201  3   3.2   3.4  7
2016 201  4   3.4   3.8  7
2016 201  5   3.3   4.2  7
2016 201  6   3.3   3.6  3
2016 201  7   3.3   3.9  3
2016 201  8   3.6   3.3  3
2016 201  9   3.7   3.3  7
2016 201 10   3.9   3.4  7
2016 201 11   4.0   4.2  7
2016 201 12   3.9   6.1  7
2016 201 13   3.9   7.6  7
2016 201 14   3.8   7.6  7
2016 201 15   3.8   7.5  7
2016 201 16   3.3   7.3  7
2016 201 17   3.7   7.6  7
2016 201 18   4.1   7.8  3
2016 201 19   4.2   8.4  3
2016 201 20   4.2   8.9  3
2016 201 21   4.1   9.4 50
2016 201 22   4.1   9.7 50
2016 201 23   4.0  10.6 50
2016 202  0  15.1  41.0 50
2016 202  1  27.3  43.8 50
2016 202  2  23.0  25.1 50
2016 202  3  24.8  18.4 47
2016 202  4  25.9  14.3 47
2016 202  5  23.5  11.6 47
2016 202  6  19.3  11.4 37
2016 202  7  14.3  15.5 37
2016 202  8  14.9  11.8 37
2016 202  9  14.0  10.2 23
2016 202 10  13.7  10.2 23
2016 202 11  13.7  13.5 23
2016 202 12  11.8  18.9 23
2016 202 13  11.2  13.7 23
2016 202 14  11.7   9.6 23
2016 202 15  11.7   2.8 23
2016 202 16  12.4   2.8 23
2016 202 17  11.7   2.8 23
2016 202 18  11.7   1.7 27
2016 202 19  11.7   1.2 27
2016 202 20  11.4   1.3 27
2016 202 21  11.0   1.0 10
2016 202 22  10.2   0.8 10
2016 202 23   9.9   2.2 10
2016 203  0  10.2   1.5  7
2016 203  1  10.0   1.6  7
2016 203  2  10.1   1.8  7
2016 203  3  10.2   2.0  3
2016 203  4  10.5   2.4  3
2016 203  5  10.5   2.4  3
2016 203  6   9.9   1.7 10
2016 203  7   9.4   2.1 10
2016 203  8  10.0   1.7 10
2016 203  9  10.0   1.2 13
2016 203 10  10.1   1.0 13
2016 203 11  10.0   1.3 13
2016 203 12   9.9   1.5 13
2016 203 13   9.6   1.8 13
2016 203 14   9.2   2.9 13
2016 203 15   9.5   1.1 27
2016 203 16   9.4   1.0 27
2016 203 17   9.4   1.2 27
2016 203 18   9.3   1.3  7
2016 203 19   9.2   1.7  7
2016 203 20   9.2   1.4  7
2016 203 21   8.9   2.1 20
2016 203 22   9.3   1.2 20
2016 203 23   9.2   1.4 20
2016 204  0   9.3   1.3 13
2016 204  1   9.4   1.5 13
2016 204  2   9.3   1.3 13
2016 204  3   9.3   1.9 13
2016 204  4   9.7   1.5 13
2016 204  5   9.5   1.5 13
2016 204  6   9.4   1.4 13
2016 204  7   9.2   1.6 13
2016 204  8   9.3   1.6 13
2016 204  9   9.1   1.8 17
2016 204 10   9.0   1.8 17
2016 204 11   9.1   1.8 17
2016 204 12   8.8   1.9 23
2016 204 13   8.7   3.3 23
2016 204 14   8.1   3.5 23
2016 204 15   8.1   3.7 27
2016 204 16   6.6   5.2 27
2016 204 17   6.7   5.4 27
2016 204 18   8.5   3.0 23
2016 204 19   7.8   3.9 23
2016 204 20   7.0   4.6 23
2016 204 21   6.5   3.7 17
2016 204 22   7.1   3.6 17
2016 204 23   6.4   5.4 17
2016 205  0   6.0   6.4 20
2016 205  1   6.3   6.8 20
2016 205  2   5.2   5.6 20
2016 205  3   3.9   5.8 30
2016 205  4   4.6   4.8 30
2016 205  5   6.7   2.8 30
2016 205  6   7.1   1.7 30
2016 205  7   6.9   2.2 30
2016 205  8   6.5   2.6 30
2016 205  9   6.6   2.6 13
2016 205 10   6.7   3.3 13
2016 205 11   6.9   3.1 13
2016 205 12   7.0   3.1 10
2016 205 13   6.9   3.1 10
2016 205 14   6.9   3.1 10
2016 205 15   6.8   3.0  3
2016 205 16   6.8   2.9  3
2016 205 17   7.0   2.9  3
2016 205 18   7.2   3.1  7
2016 205 19   7.5   3.2  7
2016 205 20   7.6   3.3  7
2016 205 21   7.5   3.1 17
2016 205 22   7.5   3.2 17
2016 205 23   7.2   3.0 17
2016 206  0   7.0   2.9 17
2016 206  1   6.2   3.4 17
2016 206  2   6.9   3.1 17
2016 206  3   7.0   3.0  7
2016 206  4   6.8   2.8  7
2016 206  5   6.8   2.8  7
2016 206  6   6.5   3.4 10
2016 206  7   6.7   4.2 10
2016 206  8   6.2   7.5 10
2016 206  9   7.2   8.6 13
2016 206 10   8.1   7.1 13
2016 206 11   8.4   4.3 13
2016 206 12   6.3   9.4 17
2016 206 13   5.9   9.6 17
2016 206 14   6.0   9.9 17
2016 206 15   6.5   9.5 37
2016 206 16   9.7  12.6 37
2016 206 17   9.9  10.3 37
2016 206 18  11.3  12.0 47
2016 206 19  10.9  14.3 47
2016 206 20  10.9  13.7 47
2016 206 21  11.0  12.1 40
2016 206 22   9.7  15.6 40
2016 206 23  10.7  14.6 40
2016 207  0   9.8  14.5 40
2016 207  1   8.7  15.3 40
2016 207  2   7.1  18.8 40
2016 207  3   7.4   9.7 37
2016 207  4   7.1   8.6 37
2016 207  5   7.1   6.9 37
2016 207  6   7.1   5.7 30
2016 207  7   7.0   6.3 30
2016 207  8   6.9   6.6 30
2016 207  9   7.1   6.2 30
2016 207 10   7.1   4.6 30
2016 207 11   5.9   5.8 30
2016 207 12   5.1   5.4 37
2016 207 13   3.6   6.0 37
2016 207 14   2.8  10.0 37
2016 207 15   2.0  11.4 33
2016 207 16   1.7  11.4 33
2016 207 17   1.7  10.0 33
2016 207 18   3.3   7.9 27
2016 207 19   1.8   9.4 27
2016 207 20   2.4   8.6 27
2016 207 21   2.0   9.3 23
2016 207 22   3.0   7.6 23
2016 207 23   3.2   7.2 23
2016 208  0   2.8   8.6  7
2016 208  1   3.1   9.5  7
2016 208  2   2.6   9.6  7
2016 208  3   2.6   9.4 13
2016 208  4   2.3  10.1 13
2016 208  5   3.2  11.5 13
2016 208  6   3.7  11.8  7
2016 208  7   4.2  10.9  7
2016 208  8   4.3  10.0  7
2016 208  9   4.2   8.0  3
2016 208 10   3.6   7.1  3
2016 208 11   3.1   6.6  3
2016 208 12   3.5   5.8 10
2016 208 13   3.9   4.7 10
2016 208 14   3.4   6.1 10
2016 208 15   3.6   5.9 10
2016 208 16   3.3   6.3 10
2016 208 17   3.0   6.8 10
2016 208 18   3.3   7.1 10
2016 208 19   3.5   6.4 10
2016 208 20   3.0   6.9 10
2016 208 21   3.1   6.6 13
2016 208 22   2.9   6.5 13
2016 208 23   2.8   6.4 13
2016 209  0   2.8   6.3  7
2016 209  1   2.9   6.2  7
2016 209  2   3.0   6.5  7
2016 209  3   3.0   6.6  3
2016 209  4   3.1   7.0  3
2016 209  5   3.7   7.9  3
2016 209  6   3.8   8.2  0
2016 209  7   3.7   8.6  0
2016 209  8   3.6   8.6  0
2016 209  9   3.9   8.7  0
2016 209 10   4.2  10.0  0
2016 209 11   4.9   9.0  0
2016 209 12   5.1   9.3  3
2016 209 13   4.9  10.3  3
2016 209 14   4.8   9.5  3
2016 209 15   4.3  11.5  3
2016 209 16   4.0  13.3  3
2016 209 17   4.6  13.2  3
2016 209 18   5.0  12.8  7
2016 209 19   4.5  14.6  7
2016 209 20   3.9  14.7  7
2016 209 21   3.7  14.8 20
2016 209 22   3.4  14.8 20
2016 209 23   3.4  14.1 20
2016 210  0   3.6  14.5 23
2016 210  1   5.4  27.3 23
2016 210  2   4.6  34.5 23
2016 210  3   4.0  36.3 33
2016 210  4   6.7  34.7 33
2016 210  5   5.1  43.2 33
2016 210  6   5.3  47.6 30
2016 210  7   4.6  47.1 30
2016 210  8   6.6  26.6 30
2016 210  9   6.2   8.6 17
2016 210 10   7.4  18.8 17
2016 210 11   6.7  19.9 17
2016 210 12   6.2  18.4 20
2016 210 13   4.1  15.9 20
2016 210 14   7.9  16.4 20
2016 210 15   8.6  22.6 27
2016 210 16   8.4  27.2 27
2016 210 17  10.3  18.7 27
2016 210 18  11.9  10.1 40
2016 210 19  12.4  13.2 40
2016 210 20  11.6   8.3 40
2016 210 21  11.5   9.4 33
2016 210 22  11.3  11.4 33
2016 210 23  10.0  11.4 33
2016 211  0  11.3   9.6 33
2016 211  1  12.1   9.3 33
2016 211  2  14.5   7.4 33
2016 211  3  15.8   7.0 37
2016 211  4  16.4   6.7 37
2016 211  5  16.1   8.4 37
2016 211  6  12.5   9.0 30
2016 211  7   5.6   4.6 30
2016 211  8   5.4   3.9 30
2016 211  9   5.3   4.1 30
2016 211 10   4.4   4.1 30
2016 211 11   5.1   3.9 30
2016 211 12   4.8   4.0 23
2016 211 13   4.9   4.0 23
2016 211 14   4.4   4.2 23
2016 211 15   4.8   4.4 23
2016 211 16   4.8   4.4 23
2016 211 17   4.4   4.5 23
2016 211 18   4.4   4.8 27
2016 211 19   3.5   4.1 27
2016 211 20   3.4   3.4 27
2016 211 21   3.4   3.4 17
2016 211 22   3.1   3.4 17
2016 211 23   3.4   3.4 17
2016 212  0   3.4   3.4 30
2016 212  1   3.5   3.4 30
2016 212  2   3.2   3.3 30
2016 212  3   3.9   3.3 13
2016 212  4   4.0   3.1 13
2016 212  5   3.6   3.4 13
2016 212  6   3.0   3.7 10
2016 212  7   3.0   3.6 10
2016 212  8   3.8   3.5 10
2016 212  9   3.9   3.4 10
2016 212 10   3.7   3.3 10
2016 212 11   2.1   3.8 10
2016 212 12   2.5   3.5  7
2016 212 13   2.6   3.6  7
2016 212 14   1.8   3.8  7
2016 212 15   1.9   3.9  7
2016 212 16   2.8   3.8  7
2016 212 17   2.8   4.0  7
2016 212 18   3.2   4.1 10
2016 212 19   3.1   4.2 10
2016 212 20   2.5   3.8 10
2016 212 21   2.4   4.4 10
2016 212 22   2.6   4.6 10
2016 212 23   2.6   4.6 10
2016 213  0   4.1   4.9 17
2016 213  1   4.6   5.6 17
2016 213  2   4.2   5.1 17
2016 213  3   3.8   4.6  3
2016 213  4   3.5   4.6  3
2016 213  5   3.2   5.0  3
2016 213  6   3.6   4.6  3
2016 213  7   4.2   4.4  3
2016 213  8   4.1   4.5  3
2016 213  9   3.9   4.8 10
2016 213 10   3.8   4.8 10
2016 213 11   3.8   5.2 10
2016 213 12   3.9   5.1  3
2016 213 13   3.6   5.1  3
2016 213 14   3.4   4.8  3
2016 213 15   3.2   4.7 10
2016 213 16   3.5   4.6 10
2016 213 17   3.5   4.4 10
2016 213 18   3.6   4.1  7
2016 213 19   3.4   4.2  7
2016 213 20   2.6   4.6  7
2016 213 21   2.9   4.7  0
2016 213 22   3.3   4.8  0
2016 213 23   3.5   4.1  0
